#
# There is insufficient memory for the Java Runtime Environment to continue.
# Native memory allocation (malloc) failed to allocate 1550096 bytes for Chunk::new
# Possible reasons:
#   The system is out of physical RAM or swap space
#   The process is running with CompressedOops enabled, and the Java Heap may be blocking the growth of the native heap
# Possible solutions:
#   Reduce memory load on the system
#   Increase physical memory or swap space
#   Check if swap backing store is full
#   Decrease Java heap size (-Xmx/-Xms)
#   Decrease number of Java threads
#   Decrease Java thread stack sizes (-Xss)
#   Set larger code cache with -XX:ReservedCodeCacheSize=
#   JVM is running with Unscaled Compressed Oops mode in which the Java heap is
#     placed in the first 4GB address space. The Java Heap base address is the
#     maximum limit for the native heap growth. Please use -XX:HeapBaseMinAddress
#     to set the Java Heap base and to place the Java Heap above 4GB virtual address.
# This output file may be truncated or incomplete.
#
#  Out of Memory Error (arena.cpp:189), pid=11484, tid=6976
#
# JRE version: OpenJDK Runtime Environment (17.0.6) (build 17.0.6+0-b2043.56-10027231)
# Java VM: OpenJDK 64-Bit Server VM (17.0.6+0-b2043.56-10027231, mixed mode, tiered, compressed oops, compressed class ptrs, g1 gc, windows-amd64)
# No core dump will be written. Minidumps are not enabled by default on client versions of Windows
#

---------------  S U M M A R Y ------------

Command Line: org.jetbrains.kotlin.cli.jvm.K2JVMCompiler @C:\workspace\Notelass\app\build\20240107_1000082067179747618.compiler.options

Host: 11th Gen Intel(R) Core(TM) i5-1135G7 @ 2.40GHz, 8 cores, 7G,  Windows 11 , 64 bit Build 22621 (10.0.22621.2506)
Time: Sun Jan  7 15:32:51 2024  Windows 11 , 64 bit Build 22621 (10.0.22621.2506) elapsed time: 8.989725 seconds (0d 0h 0m 8s)

---------------  T H R E A D  ---------------

Current thread (0x0000021ea2a67350):  JavaThread "C2 CompilerThread2" daemon [_thread_in_native, id=6976, stack(0x000000a16f300000,0x000000a16f400000)]


Current CompileTask:
C2:   8989 11909       4       org.jetbrains.kotlin.load.kotlin.DescriptorBasedTypeSignatureMappingKt::mapType (895 bytes)

Stack: [0x000000a16f300000,0x000000a16f400000]
Native frames: (J=compiled Java code, j=interpreted, Vv=VM code, C=native code)
V  [jvm.dll+0x683c9a]
V  [jvm.dll+0x8427a4]
V  [jvm.dll+0x843f9e]
V  [jvm.dll+0x844603]
V  [jvm.dll+0x249b75]
V  [jvm.dll+0xabcac]
V  [jvm.dll+0xac27c]
V  [jvm.dll+0x368802]
V  [jvm.dll+0x332f31]
V  [jvm.dll+0x3323da]
V  [jvm.dll+0x21c201]
V  [jvm.dll+0x21b621]
V  [jvm.dll+0x1a4fdd]
V  [jvm.dll+0x22b098]
V  [jvm.dll+0x229159]
V  [jvm.dll+0x7f81ec]
V  [jvm.dll+0x7f274a]
V  [jvm.dll+0x682ad5]
C  [ucrtbase.dll+0x29363]
C  [KERNEL32.DLL+0x1257d]
C  [ntdll.dll+0x5aa58]


---------------  P R O C E S S  ---------------

Threads class SMR info:
_java_thread_list=0x0000021ea28ea1d0, length=14, elements={
0x0000021e86698f90, 0x0000021ea0c15270, 0x0000021ea0c15c20, 0x0000021ea0c53070,
0x0000021ea0c53930, 0x0000021ea0c56200, 0x0000021ea0c56bb0, 0x0000021ea0c57940,
0x0000021ea0c583e0, 0x0000021ea0c59cf0, 0x0000021ea0dbba60, 0x0000021ea0dcf010,
0x0000021ea0efe540, 0x0000021ea2a67350
}

Java Threads: ( => current thread )
  0x0000021e86698f90 JavaThread "main" [_thread_in_Java, id=4752, stack(0x000000a16d700000,0x000000a16d800000)]
  0x0000021ea0c15270 JavaThread "Reference Handler" daemon [_thread_blocked, id=21212, stack(0x000000a16de00000,0x000000a16df00000)]
  0x0000021ea0c15c20 JavaThread "Finalizer" daemon [_thread_blocked, id=16828, stack(0x000000a16df00000,0x000000a16e000000)]
  0x0000021ea0c53070 JavaThread "Signal Dispatcher" daemon [_thread_blocked, id=18980, stack(0x000000a16e000000,0x000000a16e100000)]
  0x0000021ea0c53930 JavaThread "Attach Listener" daemon [_thread_blocked, id=18344, stack(0x000000a16e100000,0x000000a16e200000)]
  0x0000021ea0c56200 JavaThread "Service Thread" daemon [_thread_blocked, id=21220, stack(0x000000a16e200000,0x000000a16e300000)]
  0x0000021ea0c56bb0 JavaThread "Monitor Deflation Thread" daemon [_thread_blocked, id=17884, stack(0x000000a16e300000,0x000000a16e400000)]
  0x0000021ea0c57940 JavaThread "C2 CompilerThread0" daemon [_thread_blocked, id=8084, stack(0x000000a16e400000,0x000000a16e500000)]
  0x0000021ea0c583e0 JavaThread "C1 CompilerThread0" daemon [_thread_in_vm, id=1488, stack(0x000000a16e500000,0x000000a16e600000)]
  0x0000021ea0c59cf0 JavaThread "Sweeper thread" daemon [_thread_blocked, id=20688, stack(0x000000a16e600000,0x000000a16e700000)]
  0x0000021ea0dbba60 JavaThread "Notification Thread" daemon [_thread_blocked, id=10256, stack(0x000000a16e700000,0x000000a16e800000)]
  0x0000021ea0dcf010 JavaThread "Common-Cleaner" daemon [_thread_blocked, id=19936, stack(0x000000a16e900000,0x000000a16ea00000)]
  0x0000021ea0efe540 JavaThread "C2 CompilerThread1" daemon [_thread_blocked, id=18088, stack(0x000000a16ea00000,0x000000a16eb00000)]
=>0x0000021ea2a67350 JavaThread "C2 CompilerThread2" daemon [_thread_in_native, id=6976, stack(0x000000a16f300000,0x000000a16f400000)]

Other Threads:
  0x0000021ea022c940 VMThread "VM Thread" [stack: 0x000000a16dd00000,0x000000a16de00000] [id=13620]
  0x0000021e86713370 WatcherThread [stack: 0x000000a16e800000,0x000000a16e900000] [id=21192]
  0x0000021e866f4320 GCTaskThread "GC Thread#0" [stack: 0x000000a16d800000,0x000000a16d900000] [id=13216]
  0x0000021ea12cca20 GCTaskThread "GC Thread#1" [stack: 0x000000a16eb00000,0x000000a16ec00000] [id=19000]
  0x0000021ea13863f0 GCTaskThread "GC Thread#2" [stack: 0x000000a16ec00000,0x000000a16ed00000] [id=21072]
  0x0000021ea13866a0 GCTaskThread "GC Thread#3" [stack: 0x000000a16ed00000,0x000000a16ee00000] [id=20940]
  0x0000021ea1338640 GCTaskThread "GC Thread#4" [stack: 0x000000a16ee00000,0x000000a16ef00000] [id=20752]
  0x0000021ea231dd40 GCTaskThread "GC Thread#5" [stack: 0x000000a16ef00000,0x000000a16f000000] [id=2884]
  0x0000021ea231ed60 GCTaskThread "GC Thread#6" [stack: 0x000000a16f000000,0x000000a16f100000] [id=18360]
  0x0000021ea231d7e0 GCTaskThread "GC Thread#7" [stack: 0x000000a16f100000,0x000000a16f200000] [id=3964]
  0x0000021e86704860 ConcurrentGCThread "G1 Main Marker" [stack: 0x000000a16d900000,0x000000a16da00000] [id=18024]
  0x0000021e86705270 ConcurrentGCThread "G1 Conc#0" [stack: 0x000000a16da00000,0x000000a16db00000] [id=21472]
  0x0000021ea231e2a0 ConcurrentGCThread "G1 Conc#1" [stack: 0x000000a16f200000,0x000000a16f300000] [id=9988]
  0x0000021e8675d730 ConcurrentGCThread "G1 Refine#0" [stack: 0x000000a16db00000,0x000000a16dc00000] [id=17440]
  0x0000021ea54c6db0 ConcurrentGCThread "G1 Refine#1" [stack: 0x000000a16f400000,0x000000a16f500000] [id=11952]
  0x0000021ea2c1d300 ConcurrentGCThread "G1 Refine#2" [stack: 0x000000a16f500000,0x000000a16f600000] [id=14152]
  0x0000021eaa1fdcf0 ConcurrentGCThread "G1 Refine#3" [stack: 0x000000a16f600000,0x000000a16f700000] [id=4912]
  0x0000021eaa1fdfd0 ConcurrentGCThread "G1 Refine#4" [stack: 0x000000a16f700000,0x000000a16f800000] [id=21148]
  0x0000021e8675e150 ConcurrentGCThread "G1 Service" [stack: 0x000000a16dc00000,0x000000a16dd00000] [id=13076]

Threads with active compile tasks:
C2 CompilerThread0     9007 12130       4       org.jetbrains.kotlin.resolve.InlineClassDescriptorResolver::isSynthesizedInlineClassMember (36 bytes)
C1 CompilerThread0     9007 12131       3       org.jetbrains.org.objectweb.asm.Type::getType (122 bytes)
C2 CompilerThread2     9007 11909       4       org.jetbrains.kotlin.load.kotlin.DescriptorBasedTypeSignatureMappingKt::mapType (895 bytes)

VM state: not at safepoint (normal execution)

VM Mutex/Monitor currently owned by a thread: None

Heap address: 0x0000000085000000, size: 1968 MB, Compressed Oops mode: 32-bit

CDS archive(s) not mapped
Compressed class space mapped at: 0x0000000100000000-0x0000000140000000, reserved size: 1073741824
Narrow klass base: 0x0000000000000000, Narrow klass shift: 3, Narrow klass range: 0x140000000

GC Precious Log:
 CPUs: 8 total, 8 available
 Memory: 7865M
 Large Page Support: Disabled
 NUMA Support: Disabled
 Compressed Oops: Enabled (32-bit)
 Heap Region Size: 1M
 Heap Min Capacity: 8M
 Heap Initial Capacity: 124M
 Heap Max Capacity: 1968M
 Pre-touch: Disabled
 Parallel Workers: 8
 Concurrent Workers: 2
 Concurrent Refinement Workers: 8
 Periodic GC: Disabled

Heap:
 garbage-first heap   total 212992K, used 111899K [0x0000000085000000, 0x0000000100000000)
  region size 1024K, 21 young (21504K), 10 survivors (10240K)
 Metaspace       used 74041K, committed 74368K, reserved 1122304K
  class space    used 8377K, committed 8512K, reserved 1048576K

Heap Regions: E=young(eden), S=young(survivor), O=old, HS=humongous(starts), HC=humongous(continues), CS=collection set, F=free, OA=open archive, CA=closed archive, TAMS=top-at-mark-start (previous, next)
|   0|0x0000000085000000, 0x0000000085100000, 0x0000000085100000|100%|HS|  |TAMS 0x0000000085100000, 0x0000000085000000| Complete 
|   1|0x0000000085100000, 0x0000000085200000, 0x0000000085200000|100%|HC|  |TAMS 0x0000000085200000, 0x0000000085100000| Complete 
|   2|0x0000000085200000, 0x0000000085300000, 0x0000000085300000|100%|HC|  |TAMS 0x0000000085300000, 0x0000000085200000| Complete 
|   3|0x0000000085300000, 0x0000000085400000, 0x0000000085400000|100%|HC|  |TAMS 0x0000000085400000, 0x0000000085300000| Complete 
|   4|0x0000000085400000, 0x0000000085500000, 0x0000000085500000|100%| O|  |TAMS 0x0000000085500000, 0x0000000085400000| Untracked 
|   5|0x0000000085500000, 0x0000000085600000, 0x0000000085600000|100%| O|  |TAMS 0x0000000085600000, 0x0000000085500000| Untracked 
|   6|0x0000000085600000, 0x0000000085700000, 0x0000000085700000|100%| O|  |TAMS 0x0000000085700000, 0x0000000085600000| Untracked 
|   7|0x0000000085700000, 0x0000000085800000, 0x0000000085800000|100%|HS|  |TAMS 0x0000000085800000, 0x0000000085700000| Complete 
|   8|0x0000000085800000, 0x0000000085900000, 0x0000000085900000|100%|HC|  |TAMS 0x0000000085900000, 0x0000000085800000| Complete 
|   9|0x0000000085900000, 0x0000000085a00000, 0x0000000085a00000|100%|HC|  |TAMS 0x0000000085a00000, 0x0000000085900000| Complete 
|  10|0x0000000085a00000, 0x0000000085b00000, 0x0000000085b00000|100%|HC|  |TAMS 0x0000000085b00000, 0x0000000085a00000| Complete 
|  11|0x0000000085b00000, 0x0000000085c00000, 0x0000000085c00000|100%| O|  |TAMS 0x0000000085c00000, 0x0000000085b00000| Untracked 
|  12|0x0000000085c00000, 0x0000000085d00000, 0x0000000085d00000|100%| O|  |TAMS 0x0000000085d00000, 0x0000000085c00000| Untracked 
|  13|0x0000000085d00000, 0x0000000085e00000, 0x0000000085e00000|100%| O|  |TAMS 0x0000000085e00000, 0x0000000085d00000| Untracked 
|  14|0x0000000085e00000, 0x0000000085f00000, 0x0000000085f00000|100%| O|  |TAMS 0x0000000085f00000, 0x0000000085e00000| Untracked 
|  15|0x0000000085f00000, 0x0000000086000000, 0x0000000086000000|100%| O|  |TAMS 0x0000000086000000, 0x0000000085f00000| Untracked 
|  16|0x0000000086000000, 0x0000000086100000, 0x0000000086100000|100%| O|  |TAMS 0x0000000086100000, 0x0000000086000000| Untracked 
|  17|0x0000000086100000, 0x0000000086200000, 0x0000000086200000|100%| O|  |TAMS 0x0000000086200000, 0x0000000086100000| Untracked 
|  18|0x0000000086200000, 0x0000000086300000, 0x0000000086300000|100%| O|  |TAMS 0x0000000086300000, 0x0000000086200000| Untracked 
|  19|0x0000000086300000, 0x0000000086400000, 0x0000000086400000|100%| O|  |TAMS 0x0000000086400000, 0x0000000086300000| Untracked 
|  20|0x0000000086400000, 0x0000000086500000, 0x0000000086500000|100%| O|  |TAMS 0x0000000086500000, 0x0000000086400000| Untracked 
|  21|0x0000000086500000, 0x0000000086600000, 0x0000000086600000|100%| O|  |TAMS 0x0000000086600000, 0x0000000086500000| Untracked 
|  22|0x0000000086600000, 0x0000000086700000, 0x0000000086700000|100%| O|  |TAMS 0x0000000086700000, 0x0000000086600000| Untracked 
|  23|0x0000000086700000, 0x0000000086800000, 0x0000000086800000|100%| O|  |TAMS 0x0000000086800000, 0x0000000086700000| Untracked 
|  24|0x0000000086800000, 0x0000000086900000, 0x0000000086900000|100%| O|  |TAMS 0x0000000086900000, 0x0000000086800000| Untracked 
|  25|0x0000000086900000, 0x0000000086a00000, 0x0000000086a00000|100%| O|  |TAMS 0x0000000086a00000, 0x0000000086900000| Untracked 
|  26|0x0000000086a00000, 0x0000000086b00000, 0x0000000086b00000|100%| O|  |TAMS 0x0000000086a00000, 0x0000000086a00000| Untracked 
|  27|0x0000000086b00000, 0x0000000086c00000, 0x0000000086c00000|100%| O|  |TAMS 0x0000000086b00000, 0x0000000086b00000| Untracked 
|  28|0x0000000086c00000, 0x0000000086d00000, 0x0000000086d00000|100%| O|  |TAMS 0x0000000086d00000, 0x0000000086c00000| Untracked 
|  29|0x0000000086d00000, 0x0000000086e00000, 0x0000000086e00000|100%| O|  |TAMS 0x0000000086e00000, 0x0000000086d00000| Untracked 
|  30|0x0000000086e00000, 0x0000000086f00000, 0x0000000086f00000|100%| O|  |TAMS 0x0000000086f00000, 0x0000000086e00000| Untracked 
|  31|0x0000000086f00000, 0x0000000087000000, 0x0000000087000000|100%| O|  |TAMS 0x0000000087000000, 0x0000000086f00000| Untracked 
|  32|0x0000000087000000, 0x0000000087100000, 0x0000000087100000|100%| O|  |TAMS 0x0000000087100000, 0x0000000087000000| Untracked 
|  33|0x0000000087100000, 0x0000000087200000, 0x0000000087200000|100%| O|  |TAMS 0x0000000087200000, 0x0000000087100000| Untracked 
|  34|0x0000000087200000, 0x0000000087300000, 0x0000000087300000|100%|HS|  |TAMS 0x0000000087300000, 0x0000000087200000| Complete 
|  35|0x0000000087300000, 0x0000000087400000, 0x0000000087400000|100%|HC|  |TAMS 0x0000000087400000, 0x0000000087300000| Complete 
|  36|0x0000000087400000, 0x0000000087500000, 0x0000000087500000|100%| O|  |TAMS 0x0000000087500000, 0x0000000087400000| Untracked 
|  37|0x0000000087500000, 0x0000000087600000, 0x0000000087600000|100%| O|  |TAMS 0x0000000087600000, 0x0000000087500000| Untracked 
|  38|0x0000000087600000, 0x0000000087700000, 0x0000000087700000|100%| O|  |TAMS 0x0000000087700000, 0x0000000087600000| Untracked 
|  39|0x0000000087700000, 0x0000000087800000, 0x0000000087800000|100%| O|  |TAMS 0x0000000087800000, 0x0000000087700000| Untracked 
|  40|0x0000000087800000, 0x0000000087900000, 0x0000000087900000|100%| O|  |TAMS 0x0000000087900000, 0x0000000087800000| Untracked 
|  41|0x0000000087900000, 0x0000000087a00000, 0x0000000087a00000|100%| O|  |TAMS 0x0000000087a00000, 0x0000000087900000| Untracked 
|  42|0x0000000087a00000, 0x0000000087b00000, 0x0000000087b00000|100%| O|  |TAMS 0x0000000087b00000, 0x0000000087a00000| Untracked 
|  43|0x0000000087b00000, 0x0000000087c00000, 0x0000000087c00000|100%| O|  |TAMS 0x0000000087c00000, 0x0000000087b00000| Untracked 
|  44|0x0000000087c00000, 0x0000000087d00000, 0x0000000087d00000|100%| O|  |TAMS 0x0000000087d00000, 0x0000000087c00000| Untracked 
|  45|0x0000000087d00000, 0x0000000087e00000, 0x0000000087e00000|100%| O|  |TAMS 0x0000000087e00000, 0x0000000087d00000| Untracked 
|  46|0x0000000087e00000, 0x0000000087f00000, 0x0000000087f00000|100%| O|  |TAMS 0x0000000087f00000, 0x0000000087e00000| Untracked 
|  47|0x0000000087f00000, 0x0000000088000000, 0x0000000088000000|100%| O|  |TAMS 0x0000000087fe2c00, 0x0000000087f00000| Untracked 
|  48|0x0000000088000000, 0x0000000088100000, 0x0000000088100000|100%| O|  |TAMS 0x0000000088000000, 0x0000000088000000| Untracked 
|  49|0x0000000088100000, 0x0000000088200000, 0x0000000088200000|100%| O|  |TAMS 0x0000000088100000, 0x0000000088100000| Untracked 
|  50|0x0000000088200000, 0x0000000088300000, 0x0000000088300000|100%|HS|  |TAMS 0x0000000088200000, 0x0000000088200000| Complete 
|  51|0x0000000088300000, 0x0000000088400000, 0x0000000088400000|100%|HC|  |TAMS 0x0000000088300000, 0x0000000088300000| Complete 
|  52|0x0000000088400000, 0x0000000088500000, 0x0000000088500000|100%| O|  |TAMS 0x0000000088400000, 0x0000000088400000| Untracked 
|  53|0x0000000088500000, 0x0000000088600000, 0x0000000088600000|100%| O|  |TAMS 0x0000000088500000, 0x0000000088500000| Untracked 
|  54|0x0000000088600000, 0x0000000088700000, 0x0000000088700000|100%| O|  |TAMS 0x0000000088600000, 0x0000000088600000| Untracked 
|  55|0x0000000088700000, 0x0000000088800000, 0x0000000088800000|100%| O|  |TAMS 0x0000000088700000, 0x0000000088700000| Untracked 
|  56|0x0000000088800000, 0x0000000088900000, 0x0000000088900000|100%| O|  |TAMS 0x0000000088800000, 0x0000000088800000| Untracked 
|  57|0x0000000088900000, 0x0000000088a00000, 0x0000000088a00000|100%| O|  |TAMS 0x0000000088900000, 0x0000000088900000| Untracked 
|  58|0x0000000088a00000, 0x0000000088b00000, 0x0000000088b00000|100%| O|  |TAMS 0x0000000088a00000, 0x0000000088a00000| Untracked 
|  59|0x0000000088b00000, 0x0000000088c00000, 0x0000000088c00000|100%| O|  |TAMS 0x0000000088b00000, 0x0000000088b00000| Untracked 
|  60|0x0000000088c00000, 0x0000000088d00000, 0x0000000088d00000|100%| O|  |TAMS 0x0000000088c00000, 0x0000000088c00000| Untracked 
|  61|0x0000000088d00000, 0x0000000088e00000, 0x0000000088e00000|100%| O|  |TAMS 0x0000000088d00000, 0x0000000088d00000| Untracked 
|  62|0x0000000088e00000, 0x0000000088f00000, 0x0000000088f00000|100%| O|  |TAMS 0x0000000088e00000, 0x0000000088e00000| Untracked 
|  63|0x0000000088f00000, 0x0000000089000000, 0x0000000089000000|100%| O|  |TAMS 0x0000000088f00000, 0x0000000088f00000| Untracked 
|  64|0x0000000089000000, 0x0000000089100000, 0x0000000089100000|100%| O|  |TAMS 0x0000000089000000, 0x0000000089000000| Untracked 
|  65|0x0000000089100000, 0x0000000089200000, 0x0000000089200000|100%| O|  |TAMS 0x0000000089100000, 0x0000000089100000| Untracked 
|  66|0x0000000089200000, 0x0000000089300000, 0x0000000089300000|100%| O|  |TAMS 0x0000000089200000, 0x0000000089200000| Untracked 
|  67|0x0000000089300000, 0x0000000089400000, 0x0000000089400000|100%| O|  |TAMS 0x0000000089300000, 0x0000000089300000| Untracked 
|  68|0x0000000089400000, 0x0000000089500000, 0x0000000089500000|100%| O|  |TAMS 0x0000000089400000, 0x0000000089400000| Untracked 
|  69|0x0000000089500000, 0x0000000089600000, 0x0000000089600000|100%| O|  |TAMS 0x0000000089500000, 0x0000000089500000| Untracked 
|  70|0x0000000089600000, 0x0000000089700000, 0x0000000089700000|100%| O|  |TAMS 0x0000000089600000, 0x0000000089600000| Untracked 
|  71|0x0000000089700000, 0x0000000089800000, 0x0000000089800000|100%| O|  |TAMS 0x0000000089700000, 0x0000000089700000| Untracked 
|  72|0x0000000089800000, 0x0000000089900000, 0x0000000089900000|100%| O|  |TAMS 0x0000000089800000, 0x0000000089800000| Untracked 
|  73|0x0000000089900000, 0x0000000089a00000, 0x0000000089a00000|100%| O|  |TAMS 0x0000000089900000, 0x0000000089900000| Untracked 
|  74|0x0000000089a00000, 0x0000000089b00000, 0x0000000089b00000|100%| O|  |TAMS 0x0000000089a00000, 0x0000000089a00000| Untracked 
|  75|0x0000000089b00000, 0x0000000089c00000, 0x0000000089c00000|100%| O|  |TAMS 0x0000000089b00000, 0x0000000089b00000| Untracked 
|  76|0x0000000089c00000, 0x0000000089d00000, 0x0000000089d00000|100%| O|  |TAMS 0x0000000089c00000, 0x0000000089c00000| Untracked 
|  77|0x0000000089d00000, 0x0000000089e00000, 0x0000000089e00000|100%| O|  |TAMS 0x0000000089d00000, 0x0000000089d00000| Untracked 
|  78|0x0000000089e00000, 0x0000000089f00000, 0x0000000089f00000|100%| O|  |TAMS 0x0000000089e00000, 0x0000000089e00000| Untracked 
|  79|0x0000000089f00000, 0x000000008a000000, 0x000000008a000000|100%| O|  |TAMS 0x0000000089f00000, 0x0000000089f00000| Untracked 
|  80|0x000000008a000000, 0x000000008a100000, 0x000000008a100000|100%| O|  |TAMS 0x000000008a000000, 0x000000008a000000| Untracked 
|  81|0x000000008a100000, 0x000000008a200000, 0x000000008a200000|100%| O|  |TAMS 0x000000008a100000, 0x000000008a100000| Untracked 
|  82|0x000000008a200000, 0x000000008a300000, 0x000000008a300000|100%| O|  |TAMS 0x000000008a200000, 0x000000008a200000| Untracked 
|  83|0x000000008a300000, 0x000000008a400000, 0x000000008a400000|100%| O|  |TAMS 0x000000008a300000, 0x000000008a300000| Untracked 
|  84|0x000000008a400000, 0x000000008a500000, 0x000000008a500000|100%| O|  |TAMS 0x000000008a400000, 0x000000008a400000| Untracked 
|  85|0x000000008a500000, 0x000000008a600000, 0x000000008a600000|100%| O|  |TAMS 0x000000008a500000, 0x000000008a500000| Untracked 
|  86|0x000000008a600000, 0x000000008a700000, 0x000000008a700000|100%| O|  |TAMS 0x000000008a600000, 0x000000008a600000| Untracked 
|  87|0x000000008a700000, 0x000000008a800000, 0x000000008a800000|100%| O|  |TAMS 0x000000008a700000, 0x000000008a700000| Untracked 
|  88|0x000000008a800000, 0x000000008a900000, 0x000000008a900000|100%| O|  |TAMS 0x000000008a800000, 0x000000008a800000| Untracked 
|  89|0x000000008a900000, 0x000000008a96f800, 0x000000008aa00000| 43%| O|  |TAMS 0x000000008a900000, 0x000000008a900000| Untracked 
|  90|0x000000008aa00000, 0x000000008aa00000, 0x000000008ab00000|  0%| F|  |TAMS 0x000000008aa00000, 0x000000008aa00000| Untracked 
|  91|0x000000008ab00000, 0x000000008ab00000, 0x000000008ac00000|  0%| F|  |TAMS 0x000000008ab00000, 0x000000008ab00000| Untracked 
|  92|0x000000008ac00000, 0x000000008ac00000, 0x000000008ad00000|  0%| F|  |TAMS 0x000000008ac00000, 0x000000008ac00000| Untracked 
|  93|0x000000008ad00000, 0x000000008ad00000, 0x000000008ae00000|  0%| F|  |TAMS 0x000000008ad00000, 0x000000008ad00000| Untracked 
|  94|0x000000008ae00000, 0x000000008ae00000, 0x000000008af00000|  0%| F|  |TAMS 0x000000008ae00000, 0x000000008ae00000| Untracked 
|  95|0x000000008af00000, 0x000000008af00000, 0x000000008b000000|  0%| F|  |TAMS 0x000000008af00000, 0x000000008af00000| Untracked 
|  96|0x000000008b000000, 0x000000008b000000, 0x000000008b100000|  0%| F|  |TAMS 0x000000008b000000, 0x000000008b000000| Untracked 
|  97|0x000000008b100000, 0x000000008b100000, 0x000000008b200000|  0%| F|  |TAMS 0x000000008b100000, 0x000000008b100000| Untracked 
|  98|0x000000008b200000, 0x000000008b200000, 0x000000008b300000|  0%| F|  |TAMS 0x000000008b200000, 0x000000008b200000| Untracked 
|  99|0x000000008b300000, 0x000000008b300000, 0x000000008b400000|  0%| F|  |TAMS 0x000000008b300000, 0x000000008b300000| Untracked 
| 100|0x000000008b400000, 0x000000008b400000, 0x000000008b500000|  0%| F|  |TAMS 0x000000008b400000, 0x000000008b400000| Untracked 
| 101|0x000000008b500000, 0x000000008b500000, 0x000000008b600000|  0%| F|  |TAMS 0x000000008b500000, 0x000000008b500000| Untracked 
| 102|0x000000008b600000, 0x000000008b600000, 0x000000008b700000|  0%| F|  |TAMS 0x000000008b600000, 0x000000008b600000| Untracked 
| 103|0x000000008b700000, 0x000000008b700000, 0x000000008b800000|  0%| F|  |TAMS 0x000000008b700000, 0x000000008b700000| Untracked 
| 104|0x000000008b800000, 0x000000008b800000, 0x000000008b900000|  0%| F|  |TAMS 0x000000008b800000, 0x000000008b800000| Untracked 
| 105|0x000000008b900000, 0x000000008b900000, 0x000000008ba00000|  0%| F|  |TAMS 0x000000008b900000, 0x000000008b900000| Untracked 
| 106|0x000000008ba00000, 0x000000008ba00000, 0x000000008bb00000|  0%| F|  |TAMS 0x000000008ba00000, 0x000000008ba00000| Untracked 
| 107|0x000000008bb00000, 0x000000008bb00000, 0x000000008bc00000|  0%| F|  |TAMS 0x000000008bb00000, 0x000000008bb00000| Untracked 
| 108|0x000000008bc00000, 0x000000008bc00000, 0x000000008bd00000|  0%| F|  |TAMS 0x000000008bc00000, 0x000000008bc00000| Untracked 
| 109|0x000000008bd00000, 0x000000008bd00000, 0x000000008be00000|  0%| F|  |TAMS 0x000000008bd00000, 0x000000008bd00000| Untracked 
| 110|0x000000008be00000, 0x000000008be00000, 0x000000008bf00000|  0%| F|  |TAMS 0x000000008be00000, 0x000000008be00000| Untracked 
| 111|0x000000008bf00000, 0x000000008bf00000, 0x000000008c000000|  0%| F|  |TAMS 0x000000008bf00000, 0x000000008bf00000| Untracked 
| 112|0x000000008c000000, 0x000000008c000000, 0x000000008c100000|  0%| F|  |TAMS 0x000000008c000000, 0x000000008c000000| Untracked 
| 113|0x000000008c100000, 0x000000008c100000, 0x000000008c200000|  0%| F|  |TAMS 0x000000008c100000, 0x000000008c100000| Untracked 
| 114|0x000000008c200000, 0x000000008c200000, 0x000000008c300000|  0%| F|  |TAMS 0x000000008c200000, 0x000000008c200000| Untracked 
| 115|0x000000008c300000, 0x000000008c300000, 0x000000008c400000|  0%| F|  |TAMS 0x000000008c300000, 0x000000008c300000| Untracked 
| 116|0x000000008c400000, 0x000000008c400000, 0x000000008c500000|  0%| F|  |TAMS 0x000000008c400000, 0x000000008c400000| Untracked 
| 117|0x000000008c500000, 0x000000008c500000, 0x000000008c600000|  0%| F|  |TAMS 0x000000008c500000, 0x000000008c500000| Untracked 
| 118|0x000000008c600000, 0x000000008c600000, 0x000000008c700000|  0%| F|  |TAMS 0x000000008c600000, 0x000000008c600000| Untracked 
| 119|0x000000008c700000, 0x000000008c700000, 0x000000008c800000|  0%| F|  |TAMS 0x000000008c700000, 0x000000008c700000| Untracked 
| 120|0x000000008c800000, 0x000000008c800000, 0x000000008c900000|  0%| F|  |TAMS 0x000000008c800000, 0x000000008c800000| Untracked 
| 121|0x000000008c900000, 0x000000008c900000, 0x000000008ca00000|  0%| F|  |TAMS 0x000000008c900000, 0x000000008c900000| Untracked 
| 122|0x000000008ca00000, 0x000000008ca00000, 0x000000008cb00000|  0%| F|  |TAMS 0x000000008ca00000, 0x000000008ca00000| Untracked 
| 123|0x000000008cb00000, 0x000000008cb00000, 0x000000008cc00000|  0%| F|  |TAMS 0x000000008cb00000, 0x000000008cb00000| Untracked 
| 124|0x000000008cc00000, 0x000000008cc00000, 0x000000008cd00000|  0%| F|  |TAMS 0x000000008cc00000, 0x000000008cc00000| Untracked 
| 125|0x000000008cd00000, 0x000000008cd00000, 0x000000008ce00000|  0%| F|  |TAMS 0x000000008cd00000, 0x000000008cd00000| Untracked 
| 126|0x000000008ce00000, 0x000000008ce00000, 0x000000008cf00000|  0%| F|  |TAMS 0x000000008ce00000, 0x000000008ce00000| Untracked 
| 127|0x000000008cf00000, 0x000000008cfd7620, 0x000000008d000000| 84%| S|CS|TAMS 0x000000008cf00000, 0x000000008cf00000| Complete 
| 128|0x000000008d000000, 0x000000008d100000, 0x000000008d100000|100%| S|CS|TAMS 0x000000008d000000, 0x000000008d000000| Complete 
| 129|0x000000008d100000, 0x000000008d200000, 0x000000008d200000|100%| S|CS|TAMS 0x000000008d100000, 0x000000008d100000| Complete 
| 130|0x000000008d200000, 0x000000008d300000, 0x000000008d300000|100%| S|CS|TAMS 0x000000008d200000, 0x000000008d200000| Complete 
| 131|0x000000008d300000, 0x000000008d400000, 0x000000008d400000|100%| S|CS|TAMS 0x000000008d300000, 0x000000008d300000| Complete 
| 132|0x000000008d400000, 0x000000008d400000, 0x000000008d500000|  0%| F|  |TAMS 0x000000008d400000, 0x000000008d400000| Untracked 
| 133|0x000000008d500000, 0x000000008d500000, 0x000000008d600000|  0%| F|  |TAMS 0x000000008d500000, 0x000000008d500000| Untracked 
| 134|0x000000008d600000, 0x000000008d600000, 0x000000008d700000|  0%| F|  |TAMS 0x000000008d600000, 0x000000008d600000| Untracked 
| 135|0x000000008d700000, 0x000000008d700000, 0x000000008d800000|  0%| F|  |TAMS 0x000000008d700000, 0x000000008d700000| Untracked 
| 136|0x000000008d800000, 0x000000008d900000, 0x000000008d900000|100%| S|CS|TAMS 0x000000008d800000, 0x000000008d800000| Complete 
| 137|0x000000008d900000, 0x000000008da00000, 0x000000008da00000|100%| S|CS|TAMS 0x000000008d900000, 0x000000008d900000| Complete 
| 138|0x000000008da00000, 0x000000008db00000, 0x000000008db00000|100%| S|CS|TAMS 0x000000008da00000, 0x000000008da00000| Complete 
| 139|0x000000008db00000, 0x000000008dc00000, 0x000000008dc00000|100%| S|CS|TAMS 0x000000008db00000, 0x000000008db00000| Complete 
| 140|0x000000008dc00000, 0x000000008dd00000, 0x000000008dd00000|100%| S|CS|TAMS 0x000000008dc00000, 0x000000008dc00000| Complete 
| 141|0x000000008dd00000, 0x000000008dd00000, 0x000000008de00000|  0%| F|  |TAMS 0x000000008dd00000, 0x000000008dd00000| Untracked 
| 142|0x000000008de00000, 0x000000008de00000, 0x000000008df00000|  0%| F|  |TAMS 0x000000008de00000, 0x000000008de00000| Untracked 
| 143|0x000000008df00000, 0x000000008df00000, 0x000000008e000000|  0%| F|  |TAMS 0x000000008df00000, 0x000000008df00000| Untracked 
| 144|0x000000008e000000, 0x000000008e000000, 0x000000008e100000|  0%| F|  |TAMS 0x000000008e000000, 0x000000008e000000| Untracked 
| 145|0x000000008e100000, 0x000000008e100000, 0x000000008e200000|  0%| F|  |TAMS 0x000000008e100000, 0x000000008e100000| Untracked 
| 146|0x000000008e200000, 0x000000008e200000, 0x000000008e300000|  0%| F|  |TAMS 0x000000008e200000, 0x000000008e200000| Untracked 
| 147|0x000000008e300000, 0x000000008e300000, 0x000000008e400000|  0%| F|  |TAMS 0x000000008e300000, 0x000000008e300000| Untracked 
| 148|0x000000008e400000, 0x000000008e400000, 0x000000008e500000|  0%| F|  |TAMS 0x000000008e400000, 0x000000008e400000| Untracked 
| 149|0x000000008e500000, 0x000000008e500000, 0x000000008e600000|  0%| F|  |TAMS 0x000000008e500000, 0x000000008e500000| Untracked 
| 150|0x000000008e600000, 0x000000008e600000, 0x000000008e700000|  0%| F|  |TAMS 0x000000008e600000, 0x000000008e600000| Untracked 
| 151|0x000000008e700000, 0x000000008e700000, 0x000000008e800000|  0%| F|  |TAMS 0x000000008e700000, 0x000000008e700000| Untracked 
| 152|0x000000008e800000, 0x000000008e800000, 0x000000008e900000|  0%| F|  |TAMS 0x000000008e800000, 0x000000008e800000| Untracked 
| 153|0x000000008e900000, 0x000000008e900000, 0x000000008ea00000|  0%| F|  |TAMS 0x000000008e900000, 0x000000008e900000| Untracked 
| 154|0x000000008ea00000, 0x000000008ea00000, 0x000000008eb00000|  0%| F|  |TAMS 0x000000008ea00000, 0x000000008ea00000| Untracked 
| 155|0x000000008eb00000, 0x000000008eb00000, 0x000000008ec00000|  0%| F|  |TAMS 0x000000008eb00000, 0x000000008eb00000| Untracked 
| 156|0x000000008ec00000, 0x000000008ec00000, 0x000000008ed00000|  0%| F|  |TAMS 0x000000008ec00000, 0x000000008ec00000| Untracked 
| 157|0x000000008ed00000, 0x000000008ed00000, 0x000000008ee00000|  0%| F|  |TAMS 0x000000008ed00000, 0x000000008ed00000| Untracked 
| 158|0x000000008ee00000, 0x000000008ee00000, 0x000000008ef00000|  0%| F|  |TAMS 0x000000008ee00000, 0x000000008ee00000| Untracked 
| 159|0x000000008ef00000, 0x000000008ef00000, 0x000000008f000000|  0%| F|  |TAMS 0x000000008ef00000, 0x000000008ef00000| Untracked 
| 160|0x000000008f000000, 0x000000008f000000, 0x000000008f100000|  0%| F|  |TAMS 0x000000008f000000, 0x000000008f000000| Untracked 
| 161|0x000000008f100000, 0x000000008f100000, 0x000000008f200000|  0%| F|  |TAMS 0x000000008f100000, 0x000000008f100000| Untracked 
| 162|0x000000008f200000, 0x000000008f200000, 0x000000008f300000|  0%| F|  |TAMS 0x000000008f200000, 0x000000008f200000| Untracked 
| 163|0x000000008f300000, 0x000000008f300000, 0x000000008f400000|  0%| F|  |TAMS 0x000000008f300000, 0x000000008f300000| Untracked 
| 164|0x000000008f400000, 0x000000008f400000, 0x000000008f500000|  0%| F|  |TAMS 0x000000008f400000, 0x000000008f400000| Untracked 
| 165|0x000000008f500000, 0x000000008f500000, 0x000000008f600000|  0%| F|  |TAMS 0x000000008f500000, 0x000000008f500000| Untracked 
| 166|0x000000008f600000, 0x000000008f600000, 0x000000008f700000|  0%| F|  |TAMS 0x000000008f600000, 0x000000008f600000| Untracked 
| 167|0x000000008f700000, 0x000000008f700000, 0x000000008f800000|  0%| F|  |TAMS 0x000000008f700000, 0x000000008f700000| Untracked 
| 168|0x000000008f800000, 0x000000008f800000, 0x000000008f900000|  0%| F|  |TAMS 0x000000008f800000, 0x000000008f800000| Untracked 
| 169|0x000000008f900000, 0x000000008f900000, 0x000000008fa00000|  0%| F|  |TAMS 0x000000008f900000, 0x000000008f900000| Untracked 
| 170|0x000000008fa00000, 0x000000008fa00000, 0x000000008fb00000|  0%| F|  |TAMS 0x000000008fa00000, 0x000000008fa00000| Untracked 
| 171|0x000000008fb00000, 0x000000008fb00000, 0x000000008fc00000|  0%| F|  |TAMS 0x000000008fb00000, 0x000000008fb00000| Untracked 
| 172|0x000000008fc00000, 0x000000008fc00000, 0x000000008fd00000|  0%| F|  |TAMS 0x000000008fc00000, 0x000000008fc00000| Untracked 
| 173|0x000000008fd00000, 0x000000008fd00000, 0x000000008fe00000|  0%| F|  |TAMS 0x000000008fd00000, 0x000000008fd00000| Untracked 
| 174|0x000000008fe00000, 0x000000008fe00000, 0x000000008ff00000|  0%| F|  |TAMS 0x000000008fe00000, 0x000000008fe00000| Untracked 
| 175|0x000000008ff00000, 0x000000008ff00000, 0x0000000090000000|  0%| F|  |TAMS 0x000000008ff00000, 0x000000008ff00000| Untracked 
| 176|0x0000000090000000, 0x0000000090000000, 0x0000000090100000|  0%| F|  |TAMS 0x0000000090000000, 0x0000000090000000| Untracked 
| 177|0x0000000090100000, 0x0000000090100000, 0x0000000090200000|  0%| F|  |TAMS 0x0000000090100000, 0x0000000090100000| Untracked 
| 178|0x0000000090200000, 0x0000000090200000, 0x0000000090300000|  0%| F|  |TAMS 0x0000000090200000, 0x0000000090200000| Untracked 
| 179|0x0000000090300000, 0x0000000090300000, 0x0000000090400000|  0%| F|  |TAMS 0x0000000090300000, 0x0000000090300000| Untracked 
| 180|0x0000000090400000, 0x0000000090400000, 0x0000000090500000|  0%| F|  |TAMS 0x0000000090400000, 0x0000000090400000| Untracked 
| 181|0x0000000090500000, 0x0000000090500000, 0x0000000090600000|  0%| F|  |TAMS 0x0000000090500000, 0x0000000090500000| Untracked 
| 182|0x0000000090600000, 0x0000000090600000, 0x0000000090700000|  0%| F|  |TAMS 0x0000000090600000, 0x0000000090600000| Untracked 
| 183|0x0000000090700000, 0x0000000090700000, 0x0000000090800000|  0%| F|  |TAMS 0x0000000090700000, 0x0000000090700000| Untracked 
| 184|0x0000000090800000, 0x0000000090800000, 0x0000000090900000|  0%| F|  |TAMS 0x0000000090800000, 0x0000000090800000| Untracked 
| 185|0x0000000090900000, 0x0000000090900000, 0x0000000090a00000|  0%| F|  |TAMS 0x0000000090900000, 0x0000000090900000| Untracked 
| 186|0x0000000090a00000, 0x0000000090a00000, 0x0000000090b00000|  0%| F|  |TAMS 0x0000000090a00000, 0x0000000090a00000| Untracked 
| 187|0x0000000090b00000, 0x0000000090b00000, 0x0000000090c00000|  0%| F|  |TAMS 0x0000000090b00000, 0x0000000090b00000| Untracked 
| 188|0x0000000090c00000, 0x0000000090c00000, 0x0000000090d00000|  0%| F|  |TAMS 0x0000000090c00000, 0x0000000090c00000| Untracked 
| 189|0x0000000090d00000, 0x0000000090d00000, 0x0000000090e00000|  0%| F|  |TAMS 0x0000000090d00000, 0x0000000090d00000| Untracked 
| 190|0x0000000090e00000, 0x0000000090e00000, 0x0000000090f00000|  0%| F|  |TAMS 0x0000000090e00000, 0x0000000090e00000| Untracked 
| 191|0x0000000090f00000, 0x0000000090f00000, 0x0000000091000000|  0%| F|  |TAMS 0x0000000090f00000, 0x0000000090f00000| Untracked 
| 192|0x0000000091000000, 0x0000000091000000, 0x0000000091100000|  0%| F|  |TAMS 0x0000000091000000, 0x0000000091000000| Untracked 
| 193|0x0000000091100000, 0x0000000091100000, 0x0000000091200000|  0%| F|  |TAMS 0x0000000091100000, 0x0000000091100000| Untracked 
| 194|0x0000000091200000, 0x0000000091200000, 0x0000000091300000|  0%| F|  |TAMS 0x0000000091200000, 0x0000000091200000| Untracked 
| 195|0x0000000091300000, 0x0000000091300000, 0x0000000091400000|  0%| F|  |TAMS 0x0000000091300000, 0x0000000091300000| Untracked 
| 196|0x0000000091400000, 0x0000000091400000, 0x0000000091500000|  0%| F|  |TAMS 0x0000000091400000, 0x0000000091400000| Untracked 
| 197|0x0000000091500000, 0x0000000091600000, 0x0000000091600000|100%| E|  |TAMS 0x0000000091500000, 0x0000000091500000| Complete 
| 198|0x0000000091600000, 0x0000000091700000, 0x0000000091700000|100%| E|CS|TAMS 0x0000000091600000, 0x0000000091600000| Complete 
| 199|0x0000000091700000, 0x0000000091800000, 0x0000000091800000|100%| E|CS|TAMS 0x0000000091700000, 0x0000000091700000| Complete 
| 200|0x0000000091800000, 0x0000000091900000, 0x0000000091900000|100%| E|CS|TAMS 0x0000000091800000, 0x0000000091800000| Complete 
| 201|0x0000000091900000, 0x0000000091a00000, 0x0000000091a00000|100%| E|CS|TAMS 0x0000000091900000, 0x0000000091900000| Complete 
| 202|0x0000000091a00000, 0x0000000091b00000, 0x0000000091b00000|100%| E|CS|TAMS 0x0000000091a00000, 0x0000000091a00000| Complete 
| 203|0x0000000091b00000, 0x0000000091c00000, 0x0000000091c00000|100%| E|CS|TAMS 0x0000000091b00000, 0x0000000091b00000| Complete 
| 204|0x0000000091c00000, 0x0000000091d00000, 0x0000000091d00000|100%| E|CS|TAMS 0x0000000091c00000, 0x0000000091c00000| Complete 
| 205|0x0000000091d00000, 0x0000000091e00000, 0x0000000091e00000|100%| E|CS|TAMS 0x0000000091d00000, 0x0000000091d00000| Complete 
| 206|0x0000000091e00000, 0x0000000091f00000, 0x0000000091f00000|100%| E|CS|TAMS 0x0000000091e00000, 0x0000000091e00000| Complete 
| 207|0x0000000091f00000, 0x0000000092000000, 0x0000000092000000|100%| E|CS|TAMS 0x0000000091f00000, 0x0000000091f00000| Complete 

Card table byte_map: [0x0000021e99290000,0x0000021e99670000] _byte_map_base: 0x0000021e98e68000

Marking Bits (Prev, Next): (CMBitMap*) 0x0000021e866f4930, (CMBitMap*) 0x0000021e866f4970
 Prev Bits: [0x0000021e99a50000, 0x0000021e9b910000)
 Next Bits: [0x0000021e9b910000, 0x0000021e9d7d0000)

Polling page: 0x0000021e85e60000

Metaspace:

Usage:
  Non-class:     64.15 MB used.
      Class:      8.18 MB used.
       Both:     72.33 MB used.

Virtual space:
  Non-class space:       72.00 MB reserved,      64.31 MB ( 89%) committed,  9 nodes.
      Class space:        1.00 GB reserved,       8.31 MB ( <1%) committed,  1 nodes.
             Both:        1.07 GB reserved,      72.62 MB (  7%) committed. 

Chunk freelists:
   Non-Class:  2.83 MB
       Class:  3.69 MB
        Both:  6.52 MB

MaxMetaspaceSize: unlimited
CompressedClassSpaceSize: 1.00 GB
Initial GC threshold: 21.00 MB
Current GC threshold: 84.94 MB
CDS: off
MetaspaceReclaimPolicy: balanced
 - commit_granule_bytes: 65536.
 - commit_granule_words: 8192.
 - virtual_space_node_default_size: 1048576.
 - enlarge_chunks_in_place: 1.
 - new_chunks_are_fully_committed: 0.
 - uncommit_free_chunks: 1.
 - use_allocation_guard: 0.
 - handle_deallocations: 1.


Internal statistics:

num_allocs_failed_limit: 6.
num_arena_births: 346.
num_arena_deaths: 0.
num_vsnodes_births: 10.
num_vsnodes_deaths: 0.
num_space_committed: 1160.
num_space_uncommitted: 0.
num_chunks_returned_to_freelist: 6.
num_chunks_taken_from_freelist: 2758.
num_chunk_merges: 6.
num_chunk_splits: 2133.
num_chunks_enlarged: 1813.
num_purges: 0.
num_inconsistent_stats: 0.

CodeHeap 'non-profiled nmethods': size=120000Kb used=6015Kb max_used=6015Kb free=113984Kb
 bounds [0x0000021e91630000, 0x0000021e91c10000, 0x0000021e98b60000]
CodeHeap 'profiled nmethods': size=120000Kb used=27921Kb max_used=27921Kb free=92078Kb
 bounds [0x0000021e89b60000, 0x0000021e8b6b0000, 0x0000021e91090000]
CodeHeap 'non-nmethods': size=5760Kb used=1353Kb max_used=1410Kb free=4406Kb
 bounds [0x0000021e91090000, 0x0000021e91300000, 0x0000021e91630000]
 total_blobs=11139 nmethods=10478 adapters=570
 compilation: enabled
              stopped_count=0, restarted_count=0
 full_count=0

Compilation events (20 events):
Event: 8.985 Thread 0x0000021ea0c583e0 12033       3       org.jetbrains.kotlin.resolve.descriptorUtil.DescriptorUtilsKt$$Lambda$342/0x00000001007846f8::<init> (10 bytes)
Event: 8.985 Thread 0x0000021ea0c583e0 nmethod 12033 0x0000021e8b648290 code [0x0000021e8b648420, 0x0000021e8b648598]
Event: 8.985 Thread 0x0000021ea0c583e0 12034       3       org.jetbrains.kotlin.resolve.descriptorUtil.DescriptorUtilsKt$firstOverridden$2::<init> (15 bytes)
Event: 8.986 Thread 0x0000021ea0c583e0 nmethod 12034 0x0000021e8b648690 code [0x0000021e8b648840, 0x0000021e8b648ab8]
Event: 8.986 Thread 0x0000021ea0c583e0 12035       3       org.jetbrains.kotlin.descriptors.impl.PropertyGetterDescriptorImpl::getOriginal (5 bytes)
Event: 8.986 Thread 0x0000021ea0efe540 12036       4       kotlin.jvm.internal.Ref$ObjectRef::<init> (5 bytes)
Event: 8.986 Thread 0x0000021ea0c583e0 nmethod 12035 0x0000021e8b648b90 code [0x0000021e8b648d40, 0x0000021e8b648f28]
Event: 8.986 Thread 0x0000021ea0efe540 nmethod 12036 0x0000021e91c0ac10 code [0x0000021e91c0ad80, 0x0000021e91c0adf8]
Event: 8.986 Thread 0x0000021ea0c583e0 12037       3       org.jetbrains.kotlin.resolve.calls.util.CallResolverUtilKt::isOrOverridesSynthesized (118 bytes)
Event: 8.986 Thread 0x0000021ea0c583e0 nmethod 12037 0x0000021e8b649010 code [0x0000021e8b649300, 0x0000021e8b64a388]
Event: 8.986 Thread 0x0000021ea0c583e0 12038       3       java.lang.invoke.SimpleMethodHandle::make (10 bytes)
Event: 8.987 Thread 0x0000021ea0c583e0 nmethod 12038 0x0000021e8b64a790 code [0x0000021e8b64a940, 0x0000021e8b64ab28]
Event: 8.987 Thread 0x0000021ea0c583e0 12039       3       java.lang.invoke.SimpleMethodHandle::<init> (7 bytes)
Event: 8.987 Thread 0x0000021ea0c583e0 nmethod 12039 0x0000021e8b64ac10 code [0x0000021e8b64adc0, 0x0000021e8b64af88]
Event: 8.987 Thread 0x0000021ea0c583e0 12040       3       java.lang.invoke.MethodHandleImpl$IntrinsicMethodHandle::<init> (25 bytes)
Event: 8.987 Thread 0x0000021ea0c583e0 nmethod 12040 0x0000021e8b64b090 code [0x0000021e8b64b260, 0x0000021e8b64b898]
Event: 8.987 Thread 0x0000021ea0c583e0 12041       3       org.jetbrains.kotlin.types.TypeUtils::createSubstitutedSupertype (51 bytes)
Event: 8.987 Thread 0x0000021ea0c583e0 nmethod 12041 0x0000021e8b64ba10 code [0x0000021e8b64bca0, 0x0000021e8b64c5d8]
Event: 8.987 Thread 0x0000021ea0c583e0 12042       1       org.jetbrains.kotlin.codegen.state.GenerationState::getMetadataVersion (5 bytes)
Event: 8.988 Thread 0x0000021ea0c583e0 nmethod 12042 0x0000021e91c0af10 code [0x0000021e91c0b0a0, 0x0000021e91c0b178]

GC Heap History (20 events):
Event: 3.013 GC heap before
{Heap before GC invocations=12 (full 0):
 garbage-first heap   total 97280K, used 60484K [0x0000000085000000, 0x0000000100000000)
  region size 1024K, 25 young (25600K), 2 survivors (2048K)
 Metaspace       used 49498K, committed 49728K, reserved 1097728K
  class space    used 5905K, committed 6016K, reserved 1048576K
}
Event: 3.024 GC heap after
{Heap after GC invocations=13 (full 0):
 garbage-first heap   total 97280K, used 44611K [0x0000000085000000, 0x0000000100000000)
  region size 1024K, 5 young (5120K), 5 survivors (5120K)
 Metaspace       used 49498K, committed 49728K, reserved 1097728K
  class space    used 5905K, committed 6016K, reserved 1048576K
}
Event: 3.330 GC heap before
{Heap before GC invocations=14 (full 0):
 garbage-first heap   total 97280K, used 68861K [0x0000000085000000, 0x0000000100000000)
  region size 1024K, 30 young (30720K), 5 survivors (5120K)
 Metaspace       used 51514K, committed 51840K, reserved 1097728K
  class space    used 6159K, committed 6272K, reserved 1048576K
}
Event: 3.339 GC heap after
{Heap after GC invocations=15 (full 0):
 garbage-first heap   total 97280K, used 48722K [0x0000000085000000, 0x0000000100000000)
  region size 1024K, 4 young (4096K), 4 survivors (4096K)
 Metaspace       used 51514K, committed 51840K, reserved 1097728K
  class space    used 6159K, committed 6272K, reserved 1048576K
}
Event: 3.354 GC heap before
{Heap before GC invocations=15 (full 0):
 garbage-first heap   total 97280K, used 49746K [0x0000000085000000, 0x0000000100000000)
  region size 1024K, 5 young (5120K), 4 survivors (4096K)
 Metaspace       used 51596K, committed 51904K, reserved 1097728K
  class space    used 6167K, committed 6272K, reserved 1048576K
}
Event: 3.360 GC heap after
{Heap after GC invocations=16 (full 0):
 garbage-first heap   total 97280K, used 48778K [0x0000000085000000, 0x0000000100000000)
  region size 1024K, 1 young (1024K), 1 survivors (1024K)
 Metaspace       used 51596K, committed 51904K, reserved 1097728K
  class space    used 6167K, committed 6272K, reserved 1048576K
}
Event: 3.408 GC heap before
{Heap before GC invocations=16 (full 0):
 garbage-first heap   total 97280K, used 54922K [0x0000000085000000, 0x0000000100000000)
  region size 1024K, 8 young (8192K), 1 survivors (1024K)
 Metaspace       used 51836K, committed 52096K, reserved 1097728K
  class space    used 6184K, committed 6272K, reserved 1048576K
}
Event: 3.411 GC heap after
{Heap after GC invocations=17 (full 0):
 garbage-first heap   total 97280K, used 49330K [0x0000000085000000, 0x0000000100000000)
  region size 1024K, 2 young (2048K), 2 survivors (2048K)
 Metaspace       used 51836K, committed 52096K, reserved 1097728K
  class space    used 6184K, committed 6272K, reserved 1048576K
}
Event: 3.555 GC heap before
{Heap before GC invocations=18 (full 0):
 garbage-first heap   total 106496K, used 73906K [0x0000000085000000, 0x0000000100000000)
  region size 1024K, 26 young (26624K), 2 survivors (2048K)
 Metaspace       used 52468K, committed 52736K, reserved 1097728K
  class space    used 6262K, committed 6400K, reserved 1048576K
}
Event: 3.558 GC heap after
{Heap after GC invocations=19 (full 0):
 garbage-first heap   total 106496K, used 50028K [0x0000000085000000, 0x0000000100000000)
  region size 1024K, 2 young (2048K), 2 survivors (2048K)
 Metaspace       used 52468K, committed 52736K, reserved 1097728K
  class space    used 6262K, committed 6400K, reserved 1048576K
}
Event: 3.615 GC heap before
{Heap before GC invocations=19 (full 0):
 garbage-first heap   total 106496K, used 53100K [0x0000000085000000, 0x0000000100000000)
  region size 1024K, 5 young (5120K), 2 survivors (2048K)
 Metaspace       used 52561K, committed 52800K, reserved 1097728K
  class space    used 6268K, committed 6400K, reserved 1048576K
}
Event: 3.621 GC heap after
{Heap after GC invocations=20 (full 0):
 garbage-first heap   total 212992K, used 49918K [0x0000000085000000, 0x0000000100000000)
  region size 1024K, 1 young (1024K), 1 survivors (1024K)
 Metaspace       used 52561K, committed 52800K, reserved 1097728K
  class space    used 6268K, committed 6400K, reserved 1048576K
}
Event: 4.474 GC heap before
{Heap before GC invocations=20 (full 0):
 garbage-first heap   total 212992K, used 146174K [0x0000000085000000, 0x0000000100000000)
  region size 1024K, 93 young (95232K), 1 survivors (1024K)
 Metaspace       used 56643K, committed 56960K, reserved 1105920K
  class space    used 6664K, committed 6848K, reserved 1048576K
}
Event: 4.492 GC heap after
{Heap after GC invocations=21 (full 0):
 garbage-first heap   total 212992K, used 67147K [0x0000000085000000, 0x0000000100000000)
  region size 1024K, 12 young (12288K), 12 survivors (12288K)
 Metaspace       used 56643K, committed 56960K, reserved 1105920K
  class space    used 6664K, committed 6848K, reserved 1048576K
}
Event: 5.700 GC heap before
{Heap before GC invocations=21 (full 0):
 garbage-first heap   total 212992K, used 144971K [0x0000000085000000, 0x0000000100000000)
  region size 1024K, 88 young (90112K), 12 survivors (12288K)
 Metaspace       used 62484K, committed 62784K, reserved 1105920K
  class space    used 7346K, committed 7488K, reserved 1048576K
}
Event: 5.722 GC heap after
{Heap after GC invocations=22 (full 0):
 garbage-first heap   total 212992K, used 78757K [0x0000000085000000, 0x0000000100000000)
  region size 1024K, 11 young (11264K), 11 survivors (11264K)
 Metaspace       used 62484K, committed 62784K, reserved 1105920K
  class space    used 7346K, committed 7488K, reserved 1048576K
}
Event: 7.156 GC heap before
{Heap before GC invocations=22 (full 0):
 garbage-first heap   total 212992K, used 152485K [0x0000000085000000, 0x0000000100000000)
  region size 1024K, 83 young (84992K), 11 survivors (11264K)
 Metaspace       used 66023K, committed 66368K, reserved 1114112K
  class space    used 7630K, committed 7808K, reserved 1048576K
}
Event: 7.176 GC heap after
{Heap after GC invocations=23 (full 0):
 garbage-first heap   total 212992K, used 91136K [0x0000000085000000, 0x0000000100000000)
  region size 1024K, 11 young (11264K), 11 survivors (11264K)
 Metaspace       used 66023K, committed 66368K, reserved 1114112K
  class space    used 7630K, committed 7808K, reserved 1048576K
}
Event: 8.749 GC heap before
{Heap before GC invocations=23 (full 0):
 garbage-first heap   total 212992K, used 158720K [0x0000000085000000, 0x0000000100000000)
  region size 1024K, 78 young (79872K), 11 survivors (11264K)
 Metaspace       used 72746K, committed 73152K, reserved 1122304K
  class space    used 8274K, committed 8448K, reserved 1048576K
}
Event: 8.763 GC heap after
{Heap after GC invocations=24 (full 0):
 garbage-first heap   total 212992K, used 101659K [0x0000000085000000, 0x0000000100000000)
  region size 1024K, 10 young (10240K), 10 survivors (10240K)
 Metaspace       used 72746K, committed 73152K, reserved 1122304K
  class space    used 8274K, committed 8448K, reserved 1048576K
}

Dll operation events (2 events):
Event: 0.012 Loaded shared library C:\Program Files (x86)\android-studio-2022.3.1.17-windows\android-studio\jbr\bin\java.dll
Event: 0.697 Loaded shared library C:\Program Files (x86)\android-studio-2022.3.1.17-windows\android-studio\jbr\bin\verify.dll

Deoptimization events (20 events):
Event: 8.966 Thread 0x0000021e86698f90 Uncommon trap: trap_request=0xffffff45 fr.pc=0x0000021e917a4ff4 relative=0x0000000000000074
Event: 8.966 Thread 0x0000021e86698f90 Uncommon trap: reason=unstable_if action=reinterpret pc=0x0000021e917a4ff4 method=org.jetbrains.kotlin.descriptors.impl.FunctionDescriptorImpl.performOverriddenLazyCalculationIfNeeded()V @ 6 c2
Event: 8.966 Thread 0x0000021e86698f90 DEOPT PACKING pc=0x0000021e917a4ff4 sp=0x000000a16d7fcd30
Event: 8.966 Thread 0x0000021e86698f90 DEOPT UNPACKING pc=0x0000021e910ea1a3 sp=0x000000a16d7fcc68 mode 2
Event: 8.976 Thread 0x0000021e86698f90 Uncommon trap: trap_request=0x00000076 fr.pc=0x0000021e917f00f0 relative=0x00000000000005b0
Event: 8.976 Thread 0x0000021e86698f90 Uncommon trap: reason=unloaded action=reinterpret pc=0x0000021e917f00f0 method=java.util.jar.JarFile.getManifestFromReference()Ljava/util/jar/Manifest; @ 69 c2
Event: 8.976 Thread 0x0000021e86698f90 DEOPT PACKING pc=0x0000021e917f00f0 sp=0x000000a16d7fd9f0
Event: 8.976 Thread 0x0000021e86698f90 DEOPT UNPACKING pc=0x0000021e910ea1a3 sp=0x000000a16d7fd938 mode 2
Event: 8.978 Thread 0x0000021e86698f90 Uncommon trap: trap_request=0xffffff45 fr.pc=0x0000021e918f1b60 relative=0x0000000000000140
Event: 8.978 Thread 0x0000021e86698f90 Uncommon trap: reason=unstable_if action=reinterpret pc=0x0000021e918f1b60 method=java.util.ArrayList.fastRemove([Ljava/lang/Object;I)V @ 19 c2
Event: 8.978 Thread 0x0000021e86698f90 DEOPT PACKING pc=0x0000021e918f1b60 sp=0x000000a16d7fd040
Event: 8.978 Thread 0x0000021e86698f90 DEOPT UNPACKING pc=0x0000021e910ea1a3 sp=0x000000a16d7fcf80 mode 2
Event: 8.982 Thread 0x0000021e86698f90 Uncommon trap: trap_request=0xffffff45 fr.pc=0x0000021e919ddb18 relative=0x0000000000000438
Event: 8.982 Thread 0x0000021e86698f90 Uncommon trap: reason=unstable_if action=reinterpret pc=0x0000021e919ddb18 method=org.jetbrains.kotlin.resolve.DelegatingBindingTrace.selfGet(Lorg/jetbrains/kotlin/util/slicedMap/ReadOnlySlice;Ljava/lang/Object;)Ljava/lang/Object; @ 20 c2
Event: 8.982 Thread 0x0000021e86698f90 DEOPT PACKING pc=0x0000021e919ddb18 sp=0x000000a16d7fdd70
Event: 8.982 Thread 0x0000021e86698f90 DEOPT UNPACKING pc=0x0000021e910ea1a3 sp=0x000000a16d7fdc68 mode 2
Event: 8.982 Thread 0x0000021e86698f90 Uncommon trap: trap_request=0xffffff45 fr.pc=0x0000021e919e1138 relative=0x0000000000000378
Event: 8.982 Thread 0x0000021e86698f90 Uncommon trap: reason=unstable_if action=reinterpret pc=0x0000021e919e1138 method=org.jetbrains.kotlin.resolve.DelegatingBindingTrace.selfGet(Lorg/jetbrains/kotlin/util/slicedMap/ReadOnlySlice;Ljava/lang/Object;)Ljava/lang/Object; @ 20 c2
Event: 8.982 Thread 0x0000021e86698f90 DEOPT PACKING pc=0x0000021e919e1138 sp=0x000000a16d7fdc70
Event: 8.982 Thread 0x0000021e86698f90 DEOPT UNPACKING pc=0x0000021e910ea1a3 sp=0x000000a16d7fdc10 mode 2

Classes unloaded (0 events):
No events

Classes redefined (0 events):
No events

Internal exceptions (20 events):
Event: 5.762 Thread 0x0000021e86698f90 Exception <a 'java/lang/NoSuchMethodError'{0x0000000091e4e158}: 'java.lang.Object java.lang.invoke.Invokers$Holder.linkToTargetMethod(java.lang.Object, java.lang.Object, java.lang.Object, int, java.lang.Object)'> (0x0000000091e4e158) 
thrown [s\src\hotspot\share\interpreter\linkResolver.cpp, line 771]
Event: 5.817 Thread 0x0000021e86698f90 Exception <a 'java/lang/NoSuchMethodError'{0x0000000091bea3b8}: 'java.lang.Object java.lang.invoke.DirectMethodHandle$Holder.invokeStaticInit(java.lang.Object, java.lang.Object, java.lang.Object)'> (0x0000000091bea3b8) 
thrown [s\src\hotspot\share\interpreter\linkResolver.cpp, line 771]
Event: 6.092 Thread 0x0000021e86698f90 Exception <a 'java/lang/NoSuchMethodError'{0x0000000090b4af70}: 'int java.lang.invoke.DirectMethodHandle$Holder.invokeInterface(java.lang.Object, java.lang.Object)'> (0x0000000090b4af70) 
thrown [s\src\hotspot\share\interpreter\linkResolver.cpp, line 771]
Event: 6.101 Thread 0x0000021e86698f90 Exception <a 'java/lang/NoSuchMethodError'{0x0000000090b824c8}: 'java.lang.Object java.lang.invoke.DirectMethodHandle$Holder.newInvokeSpecial(java.lang.Object, int, java.lang.Object)'> (0x0000000090b824c8) 
thrown [s\src\hotspot\share\interpreter\linkResolver.cpp, line 771]
Event: 6.103 Thread 0x0000021e86698f90 Implicit null exception at 0x0000021e9167ec0c to 0x0000021e9167ee18
Event: 6.121 Thread 0x0000021e86698f90 Exception <a 'java/lang/NoSuchMethodError'{0x0000000090bf2be8}: 'java.lang.Object java.lang.invoke.DirectMethodHandle$Holder.invokeStatic(java.lang.Object, int, java.lang.Object)'> (0x0000000090bf2be8) 
thrown [s\src\hotspot\share\interpreter\linkResolver.cpp, line 771]
Event: 6.213 Thread 0x0000021e86698f90 Implicit null exception at 0x0000021e9164b472 to 0x0000021e9164bab4
Event: 6.224 Thread 0x0000021e86698f90 Exception <a 'java/lang/NoSuchMethodError'{0x0000000090894760}: 'java.lang.Object java.lang.invoke.DirectMethodHandle$Holder.invokeInterface(java.lang.Object, java.lang.Object, java.lang.Object)'> (0x0000000090894760) 
thrown [s\src\hotspot\share\interpreter\linkResolver.cpp, line 771]
Event: 6.224 Thread 0x0000021e86698f90 Exception <a 'java/lang/IncompatibleClassChangeError'{0x00000000908980d0}: Found class java.lang.Object, but interface was expected> (0x00000000908980d0) 
thrown [s\src\hotspot\share\interpreter\linkResolver.cpp, line 838]
Event: 6.232 Thread 0x0000021e86698f90 Implicit null exception at 0x0000021e9164c4f2 to 0x0000021e9164cb4c
Event: 7.127 Thread 0x0000021e86698f90 Exception <a 'java/lang/NoSuchMethodError'{0x000000008db85320}: 'java.lang.Object java.lang.invoke.DirectMethodHandle$Holder.newInvokeSpecial(java.lang.Object, java.lang.Object, java.lang.Object, java.lang.Object, java.lang.Object, java.lang.Object, java.lang.Object, java.lang.Object)'> (0x000000008db85320) 
thrown [s\src\hotspot\share\interpreter\linkResolver.cpp, line 771]
Event: 7.127 Thread 0x0000021e86698f90 Exception <a 'java/lang/NoSuchMethodError'{0x000000008db8a938}: 'java.lang.Object java.lang.invoke.DirectMethodHandle$Holder.invokeSpecial(java.lang.Object, java.lang.Object, java.lang.Object, java.lang.Object, java.lang.Object, java.lang.Object, java.lang.Object, java.lang.Object, java.lang.Object)'> (0x000000008db8a938) 
thrown [s\src\hotspot\share\interpreter\linkResolver.cpp, line 771]
Event: 7.127 Thread 0x0000021e86698f90 Exception <a 'java/lang/NoSuchMethodError'{0x000000008db8f868}: 'java.lang.Object java.lang.invoke.Invokers$Holder.linkToTargetMethod(java.lang.Object, java.lang.Object, java.lang.Object, java.lang.Object, java.lang.Object, java.lang.Object, java.lang.Object, java.lang.Object)'> (0x000000008db8f868) 
thrown [s\src\hotspot\share\interpreter\linkResolver.cpp, line 771]
Event: 7.302 Thread 0x0000021e86698f90 Exception <a 'java/lang/NoSuchMethodError'{0x00000000914ae330}: 'int java.lang.invoke.DirectMethodHandle$Holder.invokeVirtual(java.lang.Object, java.lang.Object, java.lang.Object)'> (0x00000000914ae330) 
thrown [s\src\hotspot\share\interpreter\linkResolver.cpp, line 771]
Event: 7.328 Thread 0x0000021e86698f90 Exception <a 'java/lang/NoSuchMethodError'{0x0000000091391e58}: 'void java.lang.invoke.DirectMethodHandle$Holder.invokeSpecial(java.lang.Object, java.lang.Object, int, java.lang.Object)'> (0x0000000091391e58) 
thrown [s\src\hotspot\share\interpreter\linkResolver.cpp, line 771]
Event: 7.384 Thread 0x0000021e86698f90 Exception <a 'java/lang/NoSuchMethodError'{0x000000009100a9d8}: 'void java.lang.invoke.DirectMethodHandle$Holder.invokeInterface(java.lang.Object, java.lang.Object)'> (0x000000009100a9d8) 
thrown [s\src\hotspot\share\interpreter\linkResolver.cpp, line 771]
Event: 7.429 Thread 0x0000021e86698f90 Exception <a 'java/lang/IncompatibleClassChangeError'{0x0000000090f6a080}: Found class java.lang.Object, but interface was expected> (0x0000000090f6a080) 
thrown [s\src\hotspot\share\interpreter\linkResolver.cpp, line 838]
Event: 7.953 Thread 0x0000021e86698f90 Exception <a 'java/lang/NoSuchMethodError'{0x00000000902544d8}: 'java.lang.Object java.lang.invoke.DirectMethodHandle$Holder.newInvokeSpecial(java.lang.Object, java.lang.Object, java.lang.Object, java.lang.Object, java.lang.Object, java.lang.Object, java.lang.Object)'> (0x00000000902544d8) 
thrown [s\src\hotspot\share\interpreter\linkResolver.cpp, line 771]
Event: 7.953 Thread 0x0000021e86698f90 Exception <a 'java/lang/NoSuchMethodError'{0x00000000902595e0}: 'java.lang.Object java.lang.invoke.Invokers$Holder.linkToTargetMethod(java.lang.Object, java.lang.Object, java.lang.Object, java.lang.Object, java.lang.Object, java.lang.Object, java.lang.Object)'> (0x00000000902595e0) 
thrown [s\src\hotspot\share\interpreter\linkResolver.cpp, line 771]
Event: 8.507 Thread 0x0000021e86698f90 Implicit null exception at 0x0000021e91b9bac7 to 0x0000021e91b9bd34

VM Operations (20 events):
Event: 8.532 Executing VM operation: HandshakeAllThreads
Event: 8.532 Executing VM operation: HandshakeAllThreads done
Event: 8.584 Executing VM operation: HandshakeAllThreads
Event: 8.584 Executing VM operation: HandshakeAllThreads done
Event: 8.604 Executing VM operation: HandshakeAllThreads
Event: 8.604 Executing VM operation: HandshakeAllThreads done
Event: 8.613 Executing VM operation: HandshakeAllThreads
Event: 8.613 Executing VM operation: HandshakeAllThreads done
Event: 8.658 Executing VM operation: ICBufferFull
Event: 8.658 Executing VM operation: ICBufferFull done
Event: 8.749 Executing VM operation: G1CollectForAllocation
Event: 8.763 Executing VM operation: G1CollectForAllocation done
Event: 8.791 Executing VM operation: HandshakeAllThreads
Event: 8.791 Executing VM operation: HandshakeAllThreads done
Event: 8.874 Executing VM operation: ICBufferFull
Event: 8.874 Executing VM operation: ICBufferFull done
Event: 8.931 Executing VM operation: ICBufferFull
Event: 8.931 Executing VM operation: ICBufferFull done
Event: 8.985 Executing VM operation: ICBufferFull
Event: 8.985 Executing VM operation: ICBufferFull done

Events (20 events):
Event: 8.063 Thread 0x0000021ea0c59cf0 flushing nmethod 0x0000021e8a30af10
Event: 8.063 Thread 0x0000021ea0c59cf0 flushing nmethod 0x0000021e8a371290
Event: 8.064 Thread 0x0000021ea0c59cf0 flushing nmethod 0x0000021e8a451d10
Event: 8.064 Thread 0x0000021ea0c59cf0 flushing nmethod 0x0000021e8a584b10
Event: 8.064 Thread 0x0000021ea0c59cf0 flushing nmethod 0x0000021e8a588910
Event: 8.065 Thread 0x0000021ea0c59cf0 flushing nmethod 0x0000021e8a5c4d10
Event: 8.065 Thread 0x0000021ea0c59cf0 flushing nmethod 0x0000021e8a5c6610
Event: 8.065 Thread 0x0000021ea0c59cf0 flushing nmethod 0x0000021e8a5d1890
Event: 8.065 Thread 0x0000021ea0c59cf0 flushing nmethod 0x0000021e8a5eb210
Event: 8.065 Thread 0x0000021ea0c59cf0 flushing nmethod 0x0000021e8a5ebc90
Event: 8.065 Thread 0x0000021ea0c59cf0 flushing nmethod 0x0000021e8a5ec610
Event: 8.065 Thread 0x0000021ea0c59cf0 flushing nmethod 0x0000021e8a5ff790
Event: 8.065 Thread 0x0000021ea0c59cf0 flushing nmethod 0x0000021e8a66ce10
Event: 8.067 Thread 0x0000021ea0c59cf0 flushing nmethod 0x0000021e8a9e7210
Event: 8.068 Thread 0x0000021ea0c59cf0 flushing nmethod 0x0000021e8ac0a390
Event: 8.069 Thread 0x0000021ea0c59cf0 flushing nmethod 0x0000021e8ac93d10
Event: 8.976 loading class java/util/jar/JarVerifier
Event: 8.976 loading class java/util/jar/JarVerifier done
Event: 8.976 loading class java/security/CodeSigner
Event: 8.976 loading class java/security/CodeSigner done


Dynamic libraries:
0x00007ff673620000 - 0x00007ff67362a000 	C:\Program Files (x86)\android-studio-2022.3.1.17-windows\android-studio\jbr\bin\java.exe
0x00007ffb00e50000 - 0x00007ffb01067000 	C:\WINDOWS\SYSTEM32\ntdll.dll
0x00007ffaff0b0000 - 0x00007ffaff174000 	C:\WINDOWS\System32\KERNEL32.DLL
0x00007ffafe5b0000 - 0x00007ffafe956000 	C:\WINDOWS\System32\KERNELBASE.dll
0x00007ffafea80000 - 0x00007ffafeb91000 	C:\WINDOWS\System32\ucrtbase.dll
0x00007ffa81170000 - 0x00007ffa81187000 	C:\Program Files (x86)\android-studio-2022.3.1.17-windows\android-studio\jbr\bin\jli.dll
0x00007ffaf0810000 - 0x00007ffaf082b000 	C:\Program Files (x86)\android-studio-2022.3.1.17-windows\android-studio\jbr\bin\VCRUNTIME140.dll
0x00007ffb00c20000 - 0x00007ffb00dce000 	C:\WINDOWS\System32\USER32.dll
0x00007ffafe2d0000 - 0x00007ffafe2f6000 	C:\WINDOWS\System32\win32u.dll
0x00007ffaff4e0000 - 0x00007ffaff509000 	C:\WINDOWS\System32\GDI32.dll
0x00007ffafe960000 - 0x00007ffafea78000 	C:\WINDOWS\System32\gdi32full.dll
0x00007ffafe1c0000 - 0x00007ffafe25a000 	C:\WINDOWS\System32\msvcp_win.dll
0x00007ffaf2800000 - 0x00007ffaf2a93000 	C:\WINDOWS\WinSxS\amd64_microsoft.windows.common-controls_6595b64144ccf1df_6.0.22621.2506_none_270c5ae97388e100\COMCTL32.dll
0x00007ffaff9c0000 - 0x00007ffaffa67000 	C:\WINDOWS\System32\msvcrt.dll
0x00007ffb00dd0000 - 0x00007ffb00e01000 	C:\WINDOWS\System32\IMM32.DLL
0x00007ffaf0800000 - 0x00007ffaf080c000 	C:\Program Files (x86)\android-studio-2022.3.1.17-windows\android-studio\jbr\bin\vcruntime140_1.dll
0x00007ffae35a0000 - 0x00007ffae362d000 	C:\Program Files (x86)\android-studio-2022.3.1.17-windows\android-studio\jbr\bin\msvcp140.dll
0x00007ffa60520000 - 0x00007ffa6118e000 	C:\Program Files (x86)\android-studio-2022.3.1.17-windows\android-studio\jbr\bin\server\jvm.dll
0x00007ffaff5f0000 - 0x00007ffaff6a1000 	C:\WINDOWS\System32\ADVAPI32.dll
0x00007ffb007c0000 - 0x00007ffb00865000 	C:\WINDOWS\System32\sechost.dll
0x00007ffaff2b0000 - 0x00007ffaff3c7000 	C:\WINDOWS\System32\RPCRT4.dll
0x00007ffaf5500000 - 0x00007ffaf5534000 	C:\WINDOWS\SYSTEM32\WINMM.dll
0x00007ffadbf30000 - 0x00007ffadbf39000 	C:\WINDOWS\SYSTEM32\WSOCK32.dll
0x00007ffaf2b50000 - 0x00007ffaf2b5a000 	C:\WINDOWS\SYSTEM32\VERSION.dll
0x00007ffaff180000 - 0x00007ffaff1f1000 	C:\WINDOWS\System32\WS2_32.dll
0x00007ffafd2b0000 - 0x00007ffafd2c8000 	C:\WINDOWS\SYSTEM32\kernel.appcore.dll
0x00007ffaf62d0000 - 0x00007ffaf62da000 	C:\Program Files (x86)\android-studio-2022.3.1.17-windows\android-studio\jbr\bin\jimage.dll
0x00007ffafb710000 - 0x00007ffafb943000 	C:\WINDOWS\SYSTEM32\DBGHELP.DLL
0x00007ffb00870000 - 0x00007ffb00bf9000 	C:\WINDOWS\System32\combase.dll
0x00007ffb00470000 - 0x00007ffb00547000 	C:\WINDOWS\System32\OLEAUT32.dll
0x00007ffaf5890000 - 0x00007ffaf58c2000 	C:\WINDOWS\SYSTEM32\dbgcore.DLL
0x00007ffafe300000 - 0x00007ffafe37a000 	C:\WINDOWS\System32\bcryptPrimitives.dll
0x00007ffacadf0000 - 0x00007ffacae15000 	C:\Program Files (x86)\android-studio-2022.3.1.17-windows\android-studio\jbr\bin\java.dll
0x00007ffab0260000 - 0x00007ffab0278000 	C:\Program Files (x86)\android-studio-2022.3.1.17-windows\android-studio\jbr\bin\zip.dll
0x00007ffaffc10000 - 0x00007ffb0046a000 	C:\WINDOWS\System32\SHELL32.dll
0x00007ffafc0f0000 - 0x00007ffafc9e6000 	C:\WINDOWS\SYSTEM32\windows.storage.dll
0x00007ffafbfb0000 - 0x00007ffafc0ee000 	C:\WINDOWS\SYSTEM32\wintypes.dll
0x00007ffaff3e0000 - 0x00007ffaff4d3000 	C:\WINDOWS\System32\SHCORE.dll
0x00007ffaff510000 - 0x00007ffaff56e000 	C:\WINDOWS\System32\shlwapi.dll
0x00007ffafe0f0000 - 0x00007ffafe116000 	C:\WINDOWS\SYSTEM32\profapi.dll
0x00007ffaaff40000 - 0x00007ffaaff59000 	C:\Program Files (x86)\android-studio-2022.3.1.17-windows\android-studio\jbr\bin\net.dll
0x00007ffaf8220000 - 0x00007ffaf8357000 	C:\WINDOWS\SYSTEM32\WINHTTP.dll
0x00007ffafd730000 - 0x00007ffafd799000 	C:\WINDOWS\system32\mswsock.dll
0x00007ffaaff20000 - 0x00007ffaaff36000 	C:\Program Files (x86)\android-studio-2022.3.1.17-windows\android-studio\jbr\bin\nio.dll
0x00007ffacdf60000 - 0x00007ffacdf70000 	C:\Program Files (x86)\android-studio-2022.3.1.17-windows\android-studio\jbr\bin\verify.dll

dbghelp: loaded successfully - version: 4.0.5 - missing functions: none
symbol engine: initialized successfully - sym options: 0x614 - pdb path: .;C:\Program Files (x86)\android-studio-2022.3.1.17-windows\android-studio\jbr\bin;C:\WINDOWS\SYSTEM32;C:\WINDOWS\WinSxS\amd64_microsoft.windows.common-controls_6595b64144ccf1df_6.0.22621.2506_none_270c5ae97388e100;C:\Program Files (x86)\android-studio-2022.3.1.17-windows\android-studio\jbr\bin\server

VM Arguments:
java_command: org.jetbrains.kotlin.cli.jvm.K2JVMCompiler @C:\workspace\Notelass\app\build\20240107_1000082067179747618.compiler.options
java_class_path (initial): C:\Users\user\.gradle\caches\modules-2\files-2.1\org.jetbrains.kotlin\kotlin-compiler-embeddable\1.8.10\b0757fd774344d54ce93f5ad6c30ba1c1731c8ff\kotlin-compiler-embeddable-1.8.10.jar;C:\Users\user\.gradle\caches\modules-2\files-2.1\org.jetbrains.kotlin\kotlin-stdlib\1.8.10\6d5560a229477df9406943d5feda5618e98eb64c\kotlin-stdlib-1.8.10.jar;C:\Users\user\.gradle\caches\modules-2\files-2.1\org.jetbrains.kotlin\kotlin-script-runtime\1.8.10\b13ea9c7e46d589139e56086a878763290e20bd5\kotlin-script-runtime-1.8.10.jar;C:\Users\user\.gradle\caches\modules-2\files-2.1\org.jetbrains.kotlin\kotlin-reflect\1.6.10\1cbe9c92c12a94eea200d23c2bbaedaf3daf5132\kotlin-reflect-1.6.10.jar;C:\Users\user\.gradle\caches\modules-2\files-2.1\org.jetbrains.kotlin\kotlin-daemon-embeddable\1.8.10\ad8541d9bc1cf9e52c3204161247910c2cf601d4\kotlin-daemon-embeddable-1.8.10.jar;C:\Users\user\.gradle\caches\modules-2\files-2.1\org.jetbrains.intellij.deps\trove4j\1.0.20200330\3afb14d5f9ceb459d724e907a21145e8ff394f02\trove4j-1.0.20200330.jar;C:\Users\user\.gradle\caches\modules-2\files-2.1\net.java.dev.jna\jna\5.6.0\330f2244e9030119ab3030fc3fededc86713d9cc\jna-5.6.0.jar;C:\Users\user\.gradle\caches\modules-2\files-2.1\org.jetbrains.kotlin\kotlin-stdlib-common\1.8.10\a61b182458550492c12aee66157d7b524a63a5ec\kotlin-stdlib-common-1.8.10.jar;C:\Users\user\.gradle\caches\modules-2\files-2.1\org.jetbrains\annotations\13.0\919f0dfe192fb4e063e7dacadee7f8bb9a2672a9\annotations-13.0.jar
Launcher Type: SUN_STANDARD

[Global flags]
     intx CICompilerCount                          = 4                                         {product} {ergonomic}
     uint ConcGCThreads                            = 2                                         {product} {ergonomic}
     uint G1ConcRefinementThreads                  = 8                                         {product} {ergonomic}
   size_t G1HeapRegionSize                         = 1048576                                   {product} {ergonomic}
    uintx GCDrainStackTargetSize                   = 64                                        {product} {ergonomic}
   size_t InitialHeapSize                          = 130023424                                 {product} {ergonomic}
   size_t MarkStackSize                            = 4194304                                   {product} {ergonomic}
   size_t MaxHeapSize                              = 2063597568                                {product} {ergonomic}
   size_t MaxNewSize                               = 1237319680                                {product} {ergonomic}
   size_t MinHeapDeltaBytes                        = 1048576                                   {product} {ergonomic}
   size_t MinHeapSize                              = 8388608                                   {product} {ergonomic}
    uintx NonNMethodCodeHeapSize                   = 5839372                                {pd product} {ergonomic}
    uintx NonProfiledCodeHeapSize                  = 122909434                              {pd product} {ergonomic}
    uintx ProfiledCodeHeapSize                     = 122909434                              {pd product} {ergonomic}
    uintx ReservedCodeCacheSize                    = 251658240                              {pd product} {ergonomic}
     bool SegmentedCodeCache                       = true                                      {product} {ergonomic}
   size_t SoftMaxHeapSize                          = 2063597568                             {manageable} {ergonomic}
     bool UseCompressedClassPointers               = true                           {product lp64_product} {ergonomic}
     bool UseCompressedOops                        = true                           {product lp64_product} {ergonomic}
     bool UseG1GC                                  = true                                      {product} {ergonomic}
     bool UseLargePagesIndividualAllocation        = false                                  {pd product} {ergonomic}

Logging:
Log output configuration:
 #0: stdout all=warning uptime,level,tags
 #1: stderr all=off uptime,level,tags

Environment Variables:
PATH=C:\Program Files\Common Files\Oracle\Java\javapath;C:\WINDOWS\system32;C:\WINDOWS;C:\WINDOWS\System32\Wbem;C:\WINDOWS\System32\WindowsPowerShell\v1.0\;C:\WINDOWS\System32\OpenSSH\;C:\Program Files (x86)\Git\cmd;C:\Program Files\Java\jdk-18.0.2.1\bin;C:\Program Files\MATLAB\R2022a\bin;C:\Program Files\Java\openssl-0.9.8e_X64\bin;C:\Program Files\nodejs\;C:\ProgramData\chocolatey\bin;C:\Users\user\AppData\Local\Programs\Python\Python39\Scripts\;C:\Users\user\AppData\Local\Programs\Python\Python39\;C:\Users\user\AppData\Local\Microsoft\WindowsApps;C:\Users\user\AppData\Local\Programs\Microsoft VS Code\bin;C:\Program Files\JetBrains\PyCharm Community Edition 2021.2\bin;;C:\Users\user\flutter\bin;C:\Users\user\AppData\Roaming\npm;C:\Program Files\JetBrains\IntelliJ IDEA 2023.2.2\bin;;C:\Users\user\AppData\Local\afreeca
USERNAME=user
OS=Windows_NT
PROCESSOR_IDENTIFIER=Intel64 Family 6 Model 140 Stepping 1, GenuineIntel
TMP=C:\Users\user\AppData\Local\Temp
TEMP=C:\Users\user\AppData\Local\Temp


JNI global refs:
JNI global refs: 14, weak refs: 7

JNI global refs memory usage: 843, weak refs: 841


---------------  S Y S T E M  ---------------

OS:
 Windows 11 , 64 bit Build 22621 (10.0.22621.2506)
OS uptime: 0 days 1:07 hours

CPU: total 8 (initial active 8) (4 cores per cpu, 2 threads per core) family 6 model 140 stepping 1 microcode 0x9a, cx8, cmov, fxsr, ht, mmx, 3dnowpref, sse, sse2, sse3, ssse3, sse4.1, sse4.2, popcnt, lzcnt, tsc, tscinvbit, avx, avx2, aes, erms, clmul, bmi1, bmi2, adx, avx512f, avx512dq, avx512cd, avx512bw, avx512vl, sha, fma, vzeroupper, avx512_vpopcntdq, avx512_vpclmulqdq, avx512_vaes, avx512_vnni, clflush, clflushopt, clwb, avx512_vbmi2, avx512_vbmi

Memory: 4k page, system-wide physical 7865M (928M free)
TotalPageFile size 11817M (AvailPageFile size 4M)
current process WorkingSet (physical memory assigned to process): 438M, peak: 438M
current process commit charge ("private bytes"): 475M, peak: 476M

vm_info: OpenJDK 64-Bit Server VM (17.0.6+0-b2043.56-10027231) for windows-amd64 JRE (17.0.6+0-b2043.56-10027231), built on Apr 28 2023 00:43:19 by "androidbuild" with MS VC++ 16.10 / 16.11 (VS2019)

END.
