#
# There is insufficient memory for the Java Runtime Environment to continue.
# Native memory allocation (mmap) failed to map 122683392 bytes for G1 virtual space
# Possible reasons:
#   The system is out of physical RAM or swap space
#   The process is running with CompressedOops enabled, and the Java Heap may be blocking the growth of the native heap
# Possible solutions:
#   Reduce memory load on the system
#   Increase physical memory or swap space
#   Check if swap backing store is full
#   Decrease Java heap size (-Xmx/-Xms)
#   Decrease number of Java threads
#   Decrease Java thread stack sizes (-Xss)
#   Set larger code cache with -XX:ReservedCodeCacheSize=
#   JVM is running with Unscaled Compressed Oops mode in which the Java heap is
#     placed in the first 4GB address space. The Java Heap base address is the
#     maximum limit for the native heap growth. Please use -XX:HeapBaseMinAddress
#     to set the Java Heap base and to place the Java Heap above 4GB virtual address.
# This output file may be truncated or incomplete.
#
#  Out of Memory Error (os_windows.cpp:3769), pid=2440, tid=3600
#
# JRE version: OpenJDK Runtime Environment (17.0.6) (build 17.0.6+0-b2043.56-10027231)
# Java VM: OpenJDK 64-Bit Server VM (17.0.6+0-b2043.56-10027231, mixed mode, tiered, compressed oops, compressed class ptrs, g1 gc, windows-amd64)
# No core dump will be written. Minidumps are not enabled by default on client versions of Windows
#

---------------  S U M M A R Y ------------

Command Line: org.jetbrains.kotlin.cli.jvm.K2JVMCompiler @C:\workspace\Notelass\app\build\20240107_17809317239311605495.compiler.options

Host: 11th Gen Intel(R) Core(TM) i5-1135G7 @ 2.40GHz, 8 cores, 7G,  Windows 11 , 64 bit Build 22621 (10.0.22621.2506)
Time: Sun Jan  7 15:33:18 2024  Windows 11 , 64 bit Build 22621 (10.0.22621.2506) elapsed time: 5.072990 seconds (0d 0h 0m 5s)

---------------  T H R E A D  ---------------

Current thread (0x0000017af9614320):  VMThread "VM Thread" [stack: 0x0000006b3a200000,0x0000006b3a300000] [id=3600]

Stack: [0x0000006b3a200000,0x0000006b3a300000]
Native frames: (J=compiled Java code, j=interpreted, Vv=VM code, C=native code)
V  [jvm.dll+0x683c9a]
V  [jvm.dll+0x8427a4]
V  [jvm.dll+0x843f9e]
V  [jvm.dll+0x844603]
V  [jvm.dll+0x249b75]
V  [jvm.dll+0x680b69]
V  [jvm.dll+0x67505a]
V  [jvm.dll+0x309acb]
V  [jvm.dll+0x310f86]
V  [jvm.dll+0x3608ee]
V  [jvm.dll+0x360b1f]
V  [jvm.dll+0x2dfbf8]
V  [jvm.dll+0x2ddec4]
V  [jvm.dll+0x2dd4cc]
V  [jvm.dll+0x321f3b]
V  [jvm.dll+0x848ccb]
V  [jvm.dll+0x849a04]
V  [jvm.dll+0x849f1d]
V  [jvm.dll+0x84a2f4]
V  [jvm.dll+0x84a3c0]
V  [jvm.dll+0x7f274a]
V  [jvm.dll+0x682ad5]
C  [ucrtbase.dll+0x29363]
C  [KERNEL32.DLL+0x1257d]
C  [ntdll.dll+0x5aa58]

VM_Operation (0x0000006b39cfbb80): G1CollectForAllocation, mode: safepoint, requested by thread 0x0000017adfa8c340


---------------  P R O C E S S  ---------------

Threads class SMR info:
_java_thread_list=0x0000017afab06310, length=14, elements={
0x0000017adfa8c340, 0x0000017af95ff570, 0x0000017af95ffe30, 0x0000017afa03e860,
0x0000017afa03f120, 0x0000017afa05c4d0, 0x0000017afa05cd90, 0x0000017afa05d650,
0x0000017afa05e000, 0x0000017afa05f520, 0x0000017afa1c48e0, 0x0000017afa1c5d40,
0x0000017afa21c960, 0x0000017afa970770
}

Java Threads: ( => current thread )
  0x0000017adfa8c340 JavaThread "main" [_thread_blocked, id=7516, stack(0x0000006b39c00000,0x0000006b39d00000)]
  0x0000017af95ff570 JavaThread "Reference Handler" daemon [_thread_blocked, id=14008, stack(0x0000006b3a300000,0x0000006b3a400000)]
  0x0000017af95ffe30 JavaThread "Finalizer" daemon [_thread_blocked, id=2984, stack(0x0000006b3a400000,0x0000006b3a500000)]
  0x0000017afa03e860 JavaThread "Signal Dispatcher" daemon [_thread_blocked, id=8068, stack(0x0000006b3a500000,0x0000006b3a600000)]
  0x0000017afa03f120 JavaThread "Attach Listener" daemon [_thread_blocked, id=8176, stack(0x0000006b3a600000,0x0000006b3a700000)]
  0x0000017afa05c4d0 JavaThread "Service Thread" daemon [_thread_blocked, id=21384, stack(0x0000006b3a700000,0x0000006b3a800000)]
  0x0000017afa05cd90 JavaThread "Monitor Deflation Thread" daemon [_thread_blocked, id=19968, stack(0x0000006b3a800000,0x0000006b3a900000)]
  0x0000017afa05d650 JavaThread "C2 CompilerThread0" daemon [_thread_blocked, id=20260, stack(0x0000006b3a900000,0x0000006b3aa00000)]
  0x0000017afa05e000 JavaThread "C1 CompilerThread0" daemon [_thread_blocked, id=17768, stack(0x0000006b3aa00000,0x0000006b3ab00000)]
  0x0000017afa05f520 JavaThread "Sweeper thread" daemon [_thread_blocked, id=18836, stack(0x0000006b3ab00000,0x0000006b3ac00000)]
  0x0000017afa1c48e0 JavaThread "Notification Thread" daemon [_thread_blocked, id=9108, stack(0x0000006b3ac00000,0x0000006b3ad00000)]
  0x0000017afa1c5d40 JavaThread "Common-Cleaner" daemon [_thread_blocked, id=18200, stack(0x0000006b3ae00000,0x0000006b3af00000)]
  0x0000017afa21c960 JavaThread "C2 CompilerThread1" daemon [_thread_blocked, id=19096, stack(0x0000006b3af00000,0x0000006b3b000000)]
  0x0000017afa970770 JavaThread "C2 CompilerThread2" daemon [_thread_blocked, id=18720, stack(0x0000006b3b400000,0x0000006b3b500000)]

Other Threads:
=>0x0000017af9614320 VMThread "VM Thread" [stack: 0x0000006b3a200000,0x0000006b3a300000] [id=3600]
  0x0000017afa1c4db0 WatcherThread [stack: 0x0000006b3ad00000,0x0000006b3ae00000] [id=5752]
  0x0000017adfae5610 GCTaskThread "GC Thread#0" [stack: 0x0000006b39d00000,0x0000006b39e00000] [id=10336]
  0x0000017afa7a2db0 GCTaskThread "GC Thread#1" [stack: 0x0000006b3b000000,0x0000006b3b100000] [id=21360]
  0x0000017afa7cf610 GCTaskThread "GC Thread#2" [stack: 0x0000006b3b100000,0x0000006b3b200000] [id=17632]
  0x0000017afa7cf8c0 GCTaskThread "GC Thread#3" [stack: 0x0000006b3b200000,0x0000006b3b300000] [id=4872]
  0x0000017afa7cfb70 GCTaskThread "GC Thread#4" [stack: 0x0000006b3b300000,0x0000006b3b400000] [id=12764]
  0x0000017afbcb2bf0 GCTaskThread "GC Thread#5" [stack: 0x0000006b3b500000,0x0000006b3b600000] [id=17880]
  0x0000017afbcb36b0 GCTaskThread "GC Thread#6" [stack: 0x0000006b3b600000,0x0000006b3b700000] [id=5136]
  0x0000017afbcb2690 GCTaskThread "GC Thread#7" [stack: 0x0000006b3b700000,0x0000006b3b800000] [id=5572]
  0x0000017adfaf5a60 ConcurrentGCThread "G1 Main Marker" [stack: 0x0000006b39e00000,0x0000006b39f00000] [id=17688]
  0x0000017adfaf6b20 ConcurrentGCThread "G1 Conc#0" [stack: 0x0000006b39f00000,0x0000006b3a000000] [id=9128]
  0x0000017afbcb2ea0 ConcurrentGCThread "G1 Conc#1" [stack: 0x0000006b3b800000,0x0000006b3b900000] [id=9316]
  0x0000017adfb4dc30 ConcurrentGCThread "G1 Refine#0" [stack: 0x0000006b3a000000,0x0000006b3a100000] [id=10992]
  0x0000017afe2dc010 ConcurrentGCThread "G1 Refine#1" [stack: 0x0000006b3b900000,0x0000006b3ba00000] [id=16748]
  0x0000017adfb4e560 ConcurrentGCThread "G1 Service" [stack: 0x0000006b3a100000,0x0000006b3a200000] [id=8768]

Threads with active compile tasks:
C2 CompilerThread0     5091 6110       4       org.jetbrains.kotlin.parsing.KotlinExpressionParsing$Precedence::parseHigherPrecedence (30 bytes)
C1 CompilerThread0     5091 6786       2       org.jetbrains.kotlin.load.kotlin.header.ReadKotlinClassHeaderAnnotationVisitor::shouldHaveData (36 bytes)
C2 CompilerThread1     5091 6441       4       org.jetbrains.kotlin.com.intellij.lang.impl.PsiBuilderImpl::createLeaf (155 bytes)
C2 CompilerThread2     5091 6183       4       org.jetbrains.kotlin.parsing.KotlinExpressionParsing::parseBinaryExpression (70 bytes)

VM state: at safepoint (normal execution)

VM Mutex/Monitor currently owned by a thread:  ([mutex/lock_event])
[0x0000017adfa8b320] Threads_lock - owner thread: 0x0000017af9614320
[0x0000017adfa8b830] Heap_lock - owner thread: 0x0000017adfa8c340

Heap address: 0x0000000085000000, size: 1968 MB, Compressed Oops mode: 32-bit

CDS archive(s) not mapped
Compressed class space mapped at: 0x0000000100000000-0x0000000140000000, reserved size: 1073741824
Narrow klass base: 0x0000000000000000, Narrow klass shift: 3, Narrow klass range: 0x140000000

GC Precious Log:
 CPUs: 8 total, 8 available
 Memory: 7865M
 Large Page Support: Disabled
 NUMA Support: Disabled
 Compressed Oops: Enabled (32-bit)
 Heap Region Size: 1M
 Heap Min Capacity: 8M
 Heap Initial Capacity: 124M
 Heap Max Capacity: 1968M
 Pre-touch: Disabled
 Parallel Workers: 8
 Concurrent Workers: 2
 Concurrent Refinement Workers: 8
 Periodic GC: Disabled

Heap:
 garbage-first heap   total 126976K, used 59892K [0x0000000085000000, 0x0000000100000000)
  region size 1024K, 1 young (1024K), 1 survivors (1024K)
 Metaspace       used 59266K, committed 59584K, reserved 1105920K
  class space    used 6964K, committed 7104K, reserved 1048576K

Heap Regions: E=young(eden), S=young(survivor), O=old, HS=humongous(starts), HC=humongous(continues), CS=collection set, F=free, OA=open archive, CA=closed archive, TAMS=top-at-mark-start (previous, next)
|   0|0x0000000085000000, 0x0000000085100000, 0x0000000085100000|100%|HS|  |TAMS 0x0000000085100000, 0x0000000085000000| Complete 
|   1|0x0000000085100000, 0x0000000085200000, 0x0000000085200000|100%|HC|  |TAMS 0x0000000085200000, 0x0000000085100000| Complete 
|   2|0x0000000085200000, 0x0000000085300000, 0x0000000085300000|100%|HC|  |TAMS 0x0000000085300000, 0x0000000085200000| Complete 
|   3|0x0000000085300000, 0x0000000085400000, 0x0000000085400000|100%|HC|  |TAMS 0x0000000085400000, 0x0000000085300000| Complete 
|   4|0x0000000085400000, 0x0000000085500000, 0x0000000085500000|100%| O|  |TAMS 0x0000000085500000, 0x0000000085400000| Untracked 
|   5|0x0000000085500000, 0x0000000085600000, 0x0000000085600000|100%| O|  |TAMS 0x0000000085600000, 0x0000000085500000| Untracked 
|   6|0x0000000085600000, 0x00000000856eb200, 0x0000000085700000| 91%| O|  |TAMS 0x00000000856eb200, 0x0000000085600000| Untracked 
|   7|0x0000000085700000, 0x0000000085800000, 0x0000000085800000|100%|HS|  |TAMS 0x0000000085800000, 0x0000000085700000| Complete 
|   8|0x0000000085800000, 0x0000000085900000, 0x0000000085900000|100%|HC|  |TAMS 0x0000000085900000, 0x0000000085800000| Complete 
|   9|0x0000000085900000, 0x0000000085a00000, 0x0000000085a00000|100%|HC|  |TAMS 0x0000000085a00000, 0x0000000085900000| Complete 
|  10|0x0000000085a00000, 0x0000000085b00000, 0x0000000085b00000|100%|HC|  |TAMS 0x0000000085b00000, 0x0000000085a00000| Complete 
|  11|0x0000000085b00000, 0x0000000085c00000, 0x0000000085c00000|100%| O|  |TAMS 0x0000000085c00000, 0x0000000085b00000| Untracked 
|  12|0x0000000085c00000, 0x0000000085d00000, 0x0000000085d00000|100%| O|  |TAMS 0x0000000085d00000, 0x0000000085c00000| Untracked 
|  13|0x0000000085d00000, 0x0000000085e00000, 0x0000000085e00000|100%| O|  |TAMS 0x0000000085e00000, 0x0000000085d00000| Untracked 
|  14|0x0000000085e00000, 0x0000000085f00000, 0x0000000085f00000|100%| O|  |TAMS 0x0000000085f00000, 0x0000000085e00000| Untracked 
|  15|0x0000000085f00000, 0x0000000086000000, 0x0000000086000000|100%| O|  |TAMS 0x0000000086000000, 0x0000000085f00000| Untracked 
|  16|0x0000000086000000, 0x0000000086100000, 0x0000000086100000|100%| O|  |TAMS 0x0000000086100000, 0x0000000086000000| Untracked 
|  17|0x0000000086100000, 0x0000000086200000, 0x0000000086200000|100%| O|  |TAMS 0x0000000086200000, 0x0000000086100000| Untracked 
|  18|0x0000000086200000, 0x0000000086300000, 0x0000000086300000|100%| O|  |TAMS 0x0000000086300000, 0x0000000086200000| Untracked 
|  19|0x0000000086300000, 0x0000000086400000, 0x0000000086400000|100%| O|  |TAMS 0x0000000086400000, 0x0000000086300000| Untracked 
|  20|0x0000000086400000, 0x0000000086500000, 0x0000000086500000|100%| O|  |TAMS 0x0000000086500000, 0x0000000086400000| Untracked 
|  21|0x0000000086500000, 0x0000000086600000, 0x0000000086600000|100%| O|  |TAMS 0x0000000086600000, 0x0000000086500000| Untracked 
|  22|0x0000000086600000, 0x0000000086700000, 0x0000000086700000|100%| O|  |TAMS 0x0000000086700000, 0x0000000086600000| Untracked 
|  23|0x0000000086700000, 0x0000000086800000, 0x0000000086800000|100%| O|  |TAMS 0x0000000086800000, 0x0000000086700000| Untracked 
|  24|0x0000000086800000, 0x0000000086900000, 0x0000000086900000|100%| O|  |TAMS 0x0000000086900000, 0x0000000086800000| Untracked 
|  25|0x0000000086900000, 0x0000000086a00000, 0x0000000086a00000|100%| O|  |TAMS 0x0000000086a00000, 0x0000000086900000| Untracked 
|  26|0x0000000086a00000, 0x0000000086b00000, 0x0000000086b00000|100%| O|  |TAMS 0x0000000086b00000, 0x0000000086a00000| Untracked 
|  27|0x0000000086b00000, 0x0000000086c00000, 0x0000000086c00000|100%| O|  |TAMS 0x0000000086c00000, 0x0000000086b00000| Untracked 
|  28|0x0000000086c00000, 0x0000000086d00000, 0x0000000086d00000|100%| O|  |TAMS 0x0000000086d00000, 0x0000000086c00000| Untracked 
|  29|0x0000000086d00000, 0x0000000086e00000, 0x0000000086e00000|100%| O|  |TAMS 0x0000000086e00000, 0x0000000086d00000| Untracked 
|  30|0x0000000086e00000, 0x0000000086f00000, 0x0000000086f00000|100%| O|  |TAMS 0x0000000086f00000, 0x0000000086e00000| Untracked 
|  31|0x0000000086f00000, 0x0000000087000000, 0x0000000087000000|100%| O|  |TAMS 0x0000000087000000, 0x0000000086f00000| Untracked 
|  32|0x0000000087000000, 0x0000000087100000, 0x0000000087100000|100%| O|  |TAMS 0x0000000087100000, 0x0000000087000000| Untracked 
|  33|0x0000000087100000, 0x0000000087200000, 0x0000000087200000|100%| O|  |TAMS 0x0000000087200000, 0x0000000087100000| Untracked 
|  34|0x0000000087200000, 0x0000000087300000, 0x0000000087300000|100%| O|  |TAMS 0x0000000087300000, 0x0000000087200000| Untracked 
|  35|0x0000000087300000, 0x0000000087400000, 0x0000000087400000|100%| O|  |TAMS 0x0000000087400000, 0x0000000087300000| Untracked 
|  36|0x0000000087400000, 0x0000000087500000, 0x0000000087500000|100%| O|  |TAMS 0x0000000087500000, 0x0000000087400000| Untracked 
|  37|0x0000000087500000, 0x0000000087600000, 0x0000000087600000|100%| O|  |TAMS 0x0000000087600000, 0x0000000087500000| Untracked 
|  38|0x0000000087600000, 0x0000000087600000, 0x0000000087700000|  0%| F|  |TAMS 0x0000000087600000, 0x0000000087600000| Untracked 
|  39|0x0000000087700000, 0x0000000087800000, 0x0000000087800000|100%|HS|  |TAMS 0x0000000087800000, 0x0000000087700000| Complete 
|  40|0x0000000087800000, 0x0000000087900000, 0x0000000087900000|100%|HC|  |TAMS 0x0000000087900000, 0x0000000087800000| Complete 
|  41|0x0000000087900000, 0x0000000087a00000, 0x0000000087a00000|100%| O|  |TAMS 0x0000000087a00000, 0x0000000087900000| Untracked 
|  42|0x0000000087a00000, 0x0000000087b00000, 0x0000000087b00000|100%| O|  |TAMS 0x0000000087b00000, 0x0000000087a00000| Untracked 
|  43|0x0000000087b00000, 0x0000000087c00000, 0x0000000087c00000|100%| O|  |TAMS 0x0000000087b00000, 0x0000000087b00000| Untracked 
|  44|0x0000000087c00000, 0x0000000087d00000, 0x0000000087d00000|100%| O|  |TAMS 0x0000000087d00000, 0x0000000087c00000| Untracked 
|  45|0x0000000087d00000, 0x0000000087e00000, 0x0000000087e00000|100%| O|  |TAMS 0x0000000087e00000, 0x0000000087d00000| Untracked 
|  46|0x0000000087e00000, 0x0000000087f00000, 0x0000000087f00000|100%| O|  |TAMS 0x0000000087f00000, 0x0000000087e00000| Untracked 
|  47|0x0000000087f00000, 0x0000000088000000, 0x0000000088000000|100%| O|  |TAMS 0x0000000088000000, 0x0000000087f00000| Untracked 
|  48|0x0000000088000000, 0x0000000088100000, 0x0000000088100000|100%| O|  |TAMS 0x0000000088100000, 0x0000000088000000| Untracked 
|  49|0x0000000088100000, 0x0000000088200000, 0x0000000088200000|100%| O|  |TAMS 0x0000000088200000, 0x0000000088100000| Untracked 
|  50|0x0000000088200000, 0x0000000088300000, 0x0000000088300000|100%| O|  |TAMS 0x000000008828a600, 0x0000000088200000| Untracked 
|  51|0x0000000088300000, 0x0000000088400000, 0x0000000088400000|100%|HS|  |TAMS 0x0000000088300000, 0x0000000088300000| Complete 
|  52|0x0000000088400000, 0x0000000088500000, 0x0000000088500000|100%|HC|  |TAMS 0x0000000088400000, 0x0000000088400000| Complete 
|  53|0x0000000088500000, 0x0000000088600000, 0x0000000088600000|100%| O|  |TAMS 0x0000000088500000, 0x0000000088500000| Untracked 
|  54|0x0000000088600000, 0x0000000088700000, 0x0000000088700000|100%| O|  |TAMS 0x0000000088600000, 0x0000000088600000| Untracked 
|  55|0x0000000088700000, 0x0000000088800000, 0x0000000088800000|100%| O|  |TAMS 0x0000000088700000, 0x0000000088700000| Untracked 
|  56|0x0000000088800000, 0x0000000088900000, 0x0000000088900000|100%| O|  |TAMS 0x0000000088800000, 0x0000000088800000| Untracked 
|  57|0x0000000088900000, 0x0000000088a00000, 0x0000000088a00000|100%| O|  |TAMS 0x0000000088900000, 0x0000000088900000| Untracked 
|  58|0x0000000088a00000, 0x0000000088b00000, 0x0000000088b00000|100%| O|  |TAMS 0x0000000088a00000, 0x0000000088a00000| Untracked 
|  59|0x0000000088b00000, 0x0000000088b00000, 0x0000000088c00000|  0%| F|  |TAMS 0x0000000088b00000, 0x0000000088b00000| Untracked 
|  60|0x0000000088c00000, 0x0000000088c00000, 0x0000000088d00000|  0%| F|  |TAMS 0x0000000088c00000, 0x0000000088c00000| Untracked 
|  61|0x0000000088d00000, 0x0000000088d00000, 0x0000000088e00000|  0%| F|  |TAMS 0x0000000088d00000, 0x0000000088d00000| Untracked 
|  62|0x0000000088e00000, 0x0000000088e00000, 0x0000000088f00000|  0%| F|  |TAMS 0x0000000088e00000, 0x0000000088e00000| Untracked 
|  63|0x0000000088f00000, 0x0000000088f00000, 0x0000000089000000|  0%| F|  |TAMS 0x0000000088f00000, 0x0000000088f00000| Untracked 
|  64|0x0000000089000000, 0x0000000089000000, 0x0000000089100000|  0%| F|  |TAMS 0x0000000089000000, 0x0000000089000000| Untracked 
|  65|0x0000000089100000, 0x0000000089100000, 0x0000000089200000|  0%| F|  |TAMS 0x0000000089100000, 0x0000000089100000| Untracked 
|  66|0x0000000089200000, 0x0000000089200000, 0x0000000089300000|  0%| F|  |TAMS 0x0000000089200000, 0x0000000089200000| Untracked 
|  67|0x0000000089300000, 0x0000000089300000, 0x0000000089400000|  0%| F|  |TAMS 0x0000000089300000, 0x0000000089300000| Untracked 
|  68|0x0000000089400000, 0x0000000089400000, 0x0000000089500000|  0%| F|  |TAMS 0x0000000089400000, 0x0000000089400000| Untracked 
|  69|0x0000000089500000, 0x0000000089500000, 0x0000000089600000|  0%| F|  |TAMS 0x0000000089500000, 0x0000000089500000| Untracked 
|  70|0x0000000089600000, 0x0000000089600000, 0x0000000089700000|  0%| F|  |TAMS 0x0000000089600000, 0x0000000089600000| Untracked 
|  71|0x0000000089700000, 0x0000000089700000, 0x0000000089800000|  0%| F|  |TAMS 0x0000000089700000, 0x0000000089700000| Untracked 
|  72|0x0000000089800000, 0x0000000089800000, 0x0000000089900000|  0%| F|  |TAMS 0x0000000089800000, 0x0000000089800000| Untracked 
|  73|0x0000000089900000, 0x0000000089900000, 0x0000000089a00000|  0%| F|  |TAMS 0x0000000089900000, 0x0000000089900000| Untracked 
|  74|0x0000000089a00000, 0x0000000089a00000, 0x0000000089b00000|  0%| F|  |TAMS 0x0000000089a00000, 0x0000000089a00000| Untracked 
|  75|0x0000000089b00000, 0x0000000089b00000, 0x0000000089c00000|  0%| F|  |TAMS 0x0000000089b00000, 0x0000000089b00000| Untracked 
|  76|0x0000000089c00000, 0x0000000089c00000, 0x0000000089d00000|  0%| F|  |TAMS 0x0000000089c00000, 0x0000000089c00000| Untracked 
|  77|0x0000000089d00000, 0x0000000089d00000, 0x0000000089e00000|  0%| F|  |TAMS 0x0000000089d00000, 0x0000000089d00000| Untracked 
|  78|0x0000000089e00000, 0x0000000089e00000, 0x0000000089f00000|  0%| F|  |TAMS 0x0000000089e00000, 0x0000000089e00000| Untracked 
|  79|0x0000000089f00000, 0x0000000089f00000, 0x000000008a000000|  0%| F|  |TAMS 0x0000000089f00000, 0x0000000089f00000| Untracked 
|  80|0x000000008a000000, 0x000000008a000000, 0x000000008a100000|  0%| F|  |TAMS 0x000000008a000000, 0x000000008a000000| Untracked 
|  81|0x000000008a100000, 0x000000008a100000, 0x000000008a200000|  0%| F|  |TAMS 0x000000008a100000, 0x000000008a100000| Untracked 
|  82|0x000000008a200000, 0x000000008a200000, 0x000000008a300000|  0%| F|  |TAMS 0x000000008a200000, 0x000000008a200000| Untracked 
|  83|0x000000008a300000, 0x000000008a300000, 0x000000008a400000|  0%| F|  |TAMS 0x000000008a300000, 0x000000008a300000| Untracked 
|  84|0x000000008a400000, 0x000000008a400000, 0x000000008a500000|  0%| F|  |TAMS 0x000000008a400000, 0x000000008a400000| Untracked 
|  85|0x000000008a500000, 0x000000008a500000, 0x000000008a600000|  0%| F|  |TAMS 0x000000008a500000, 0x000000008a500000| Untracked 
|  86|0x000000008a600000, 0x000000008a600000, 0x000000008a700000|  0%| F|  |TAMS 0x000000008a600000, 0x000000008a600000| Untracked 
|  87|0x000000008a700000, 0x000000008a700000, 0x000000008a800000|  0%| F|  |TAMS 0x000000008a700000, 0x000000008a700000| Untracked 
|  88|0x000000008a800000, 0x000000008a800000, 0x000000008a900000|  0%| F|  |TAMS 0x000000008a800000, 0x000000008a800000| Untracked 
|  89|0x000000008a900000, 0x000000008a900000, 0x000000008aa00000|  0%| F|  |TAMS 0x000000008a900000, 0x000000008a900000| Untracked 
|  90|0x000000008aa00000, 0x000000008aa00000, 0x000000008ab00000|  0%| F|  |TAMS 0x000000008aa00000, 0x000000008aa00000| Untracked 
|  91|0x000000008ab00000, 0x000000008ab00000, 0x000000008ac00000|  0%| F|  |TAMS 0x000000008ab00000, 0x000000008ab00000| Untracked 
|  92|0x000000008ac00000, 0x000000008ac00000, 0x000000008ad00000|  0%| F|  |TAMS 0x000000008ac00000, 0x000000008ac00000| Untracked 
|  93|0x000000008ad00000, 0x000000008ad00000, 0x000000008ae00000|  0%| F|  |TAMS 0x000000008ad00000, 0x000000008ad00000| Untracked 
|  94|0x000000008ae00000, 0x000000008ae00000, 0x000000008af00000|  0%| F|  |TAMS 0x000000008ae00000, 0x000000008ae00000| Untracked 
|  95|0x000000008af00000, 0x000000008af00000, 0x000000008b000000|  0%| F|  |TAMS 0x000000008af00000, 0x000000008af00000| Untracked 
|  96|0x000000008b000000, 0x000000008b000000, 0x000000008b100000|  0%| F|  |TAMS 0x000000008b000000, 0x000000008b000000| Untracked 
|  97|0x000000008b100000, 0x000000008b100000, 0x000000008b200000|  0%| F|  |TAMS 0x000000008b100000, 0x000000008b100000| Untracked 
|  98|0x000000008b200000, 0x000000008b200000, 0x000000008b300000|  0%| F|  |TAMS 0x000000008b200000, 0x000000008b200000| Untracked 
|  99|0x000000008b300000, 0x000000008b300000, 0x000000008b400000|  0%| F|  |TAMS 0x000000008b300000, 0x000000008b300000| Untracked 
| 100|0x000000008b400000, 0x000000008b400000, 0x000000008b500000|  0%| F|  |TAMS 0x000000008b400000, 0x000000008b400000| Untracked 
| 101|0x000000008b500000, 0x000000008b500000, 0x000000008b600000|  0%| F|  |TAMS 0x000000008b500000, 0x000000008b500000| Untracked 
| 102|0x000000008b600000, 0x000000008b600000, 0x000000008b700000|  0%| F|  |TAMS 0x000000008b600000, 0x000000008b600000| Untracked 
| 103|0x000000008b700000, 0x000000008b700000, 0x000000008b800000|  0%| F|  |TAMS 0x000000008b700000, 0x000000008b700000| Untracked 
| 104|0x000000008b800000, 0x000000008b800000, 0x000000008b900000|  0%| F|  |TAMS 0x000000008b800000, 0x000000008b800000| Untracked 
| 105|0x000000008b900000, 0x000000008b900000, 0x000000008ba00000|  0%| F|  |TAMS 0x000000008b900000, 0x000000008b900000| Untracked 
| 106|0x000000008ba00000, 0x000000008ba00000, 0x000000008bb00000|  0%| F|  |TAMS 0x000000008ba00000, 0x000000008ba00000| Untracked 
| 107|0x000000008bb00000, 0x000000008bb00000, 0x000000008bc00000|  0%| F|  |TAMS 0x000000008bb00000, 0x000000008bb00000| Untracked 
| 108|0x000000008bc00000, 0x000000008bc00000, 0x000000008bd00000|  0%| F|  |TAMS 0x000000008bc00000, 0x000000008bc00000| Untracked 
| 109|0x000000008bd00000, 0x000000008bd00000, 0x000000008be00000|  0%| F|  |TAMS 0x000000008bd00000, 0x000000008bd00000| Untracked 
| 110|0x000000008be00000, 0x000000008be00000, 0x000000008bf00000|  0%| F|  |TAMS 0x000000008be00000, 0x000000008be00000| Untracked 
| 111|0x000000008bf00000, 0x000000008bf00000, 0x000000008c000000|  0%| F|  |TAMS 0x000000008bf00000, 0x000000008bf00000| Untracked 
| 112|0x000000008c000000, 0x000000008c000000, 0x000000008c100000|  0%| F|  |TAMS 0x000000008c000000, 0x000000008c000000| Untracked 
| 113|0x000000008c100000, 0x000000008c100000, 0x000000008c200000|  0%| F|  |TAMS 0x000000008c100000, 0x000000008c100000| Untracked 
| 114|0x000000008c200000, 0x000000008c200000, 0x000000008c300000|  0%| F|  |TAMS 0x000000008c200000, 0x000000008c200000| Untracked 
| 115|0x000000008c300000, 0x000000008c392140, 0x000000008c400000| 57%| S|CS|TAMS 0x000000008c300000, 0x000000008c300000| Complete 
| 116|0x000000008c400000, 0x000000008c400000, 0x000000008c500000|  0%| F|  |TAMS 0x000000008c400000, 0x000000008c400000| Untracked 
| 117|0x000000008c500000, 0x000000008c500000, 0x000000008c600000|  0%| F|  |TAMS 0x000000008c500000, 0x000000008c500000| Untracked 
| 118|0x000000008c600000, 0x000000008c600000, 0x000000008c700000|  0%| F|  |TAMS 0x000000008c600000, 0x000000008c600000| Untracked 
| 119|0x000000008c700000, 0x000000008c700000, 0x000000008c800000|  0%| F|  |TAMS 0x000000008c700000, 0x000000008c700000| Untracked 
| 120|0x000000008c800000, 0x000000008c800000, 0x000000008c900000|  0%| F|  |TAMS 0x000000008c800000, 0x000000008c800000| Untracked 
| 121|0x000000008c900000, 0x000000008c900000, 0x000000008ca00000|  0%| F|  |TAMS 0x000000008c900000, 0x000000008c900000| Untracked 
| 122|0x000000008ca00000, 0x000000008ca00000, 0x000000008cb00000|  0%| F|  |TAMS 0x000000008ca00000, 0x000000008ca00000| Untracked 
| 123|0x000000008cb00000, 0x000000008cb00000, 0x000000008cc00000|  0%| F|  |TAMS 0x000000008cb00000, 0x000000008cb00000| Untracked 

Card table byte_map: [0x0000017af2670000,0x0000017af2a50000] _byte_map_base: 0x0000017af2248000

Marking Bits (Prev, Next): (CMBitMap*) 0x0000017adfae5b70, (CMBitMap*) 0x0000017adfae5b30
 Prev Bits: [0x0000017af4cf0000, 0x0000017af6bb0000)
 Next Bits: [0x0000017af2e30000, 0x0000017af4cf0000)

Polling page: 0x0000017adf250000

Metaspace:

Usage:
  Non-class:     51.08 MB used.
      Class:      6.80 MB used.
       Both:     57.88 MB used.

Virtual space:
  Non-class space:       56.00 MB reserved,      51.25 MB ( 92%) committed,  7 nodes.
      Class space:        1.00 GB reserved,       6.94 MB ( <1%) committed,  1 nodes.
             Both:        1.05 GB reserved,      58.19 MB (  5%) committed. 

Chunk freelists:
   Non-Class:  3.89 MB
       Class:  1.01 MB
        Both:  4.90 MB

MaxMetaspaceSize: unlimited
CompressedClassSpaceSize: 1.00 GB
Initial GC threshold: 21.00 MB
Current GC threshold: 96.25 MB
CDS: off
MetaspaceReclaimPolicy: balanced
 - commit_granule_bytes: 65536.
 - commit_granule_words: 8192.
 - virtual_space_node_default_size: 1048576.
 - enlarge_chunks_in_place: 1.
 - new_chunks_are_fully_committed: 0.
 - uncommit_free_chunks: 1.
 - use_allocation_guard: 0.
 - handle_deallocations: 1.


Internal statistics:

num_allocs_failed_limit: 9.
num_arena_births: 276.
num_arena_deaths: 0.
num_vsnodes_births: 8.
num_vsnodes_deaths: 0.
num_space_committed: 929.
num_space_uncommitted: 0.
num_chunks_returned_to_freelist: 9.
num_chunks_taken_from_freelist: 2091.
num_chunk_merges: 9.
num_chunk_splits: 1654.
num_chunks_enlarged: 1417.
num_purges: 0.
num_inconsistent_stats: 0.

CodeHeap 'non-profiled nmethods': size=120000Kb used=3256Kb max_used=3256Kb free=116743Kb
 bounds [0x0000017aeaa20000, 0x0000017aead50000, 0x0000017af1f50000]
CodeHeap 'profiled nmethods': size=120000Kb used=12537Kb max_used=12537Kb free=107462Kb
 bounds [0x0000017ae2f50000, 0x0000017ae3b90000, 0x0000017aea480000]
CodeHeap 'non-nmethods': size=5760Kb used=1365Kb max_used=1366Kb free=4394Kb
 bounds [0x0000017aea480000, 0x0000017aea6f0000, 0x0000017aeaa20000]
 total_blobs=6460 nmethods=5838 adapters=532
 compilation: enabled
              stopped_count=0, restarted_count=0
 full_count=0

Compilation events (20 events):
Event: 5.053 Thread 0x0000017afa05e000 nmethod 6776 0x0000017aead4d290 code [0x0000017aead4d420, 0x0000017aead4d4f8]
Event: 5.053 Thread 0x0000017afa05e000 6777       1       org.jetbrains.kotlin.resolve.calls.model.MutableResolvedCallAtom::getContextReceiversArguments (5 bytes)
Event: 5.053 Thread 0x0000017afa05e000 nmethod 6777 0x0000017aead4d590 code [0x0000017aead4d720, 0x0000017aead4d7f8]
Event: 5.053 Thread 0x0000017afa05e000 6778       1       org.jetbrains.kotlin.resolve.calls.tower.NewAbstractResolvedCall::updateValueArguments (6 bytes)
Event: 5.054 Thread 0x0000017afa05e000 nmethod 6778 0x0000017aead4d890 code [0x0000017aead4da20, 0x0000017aead4db38]
Event: 5.055 Thread 0x0000017afa05e000 6779       2       org.jetbrains.kotlin.name.FqName::shortNameOrSpecial (17 bytes)
Event: 5.055 Thread 0x0000017afa05e000 nmethod 6779 0x0000017ae3b8d210 code [0x0000017ae3b8d3c0, 0x0000017ae3b8d5a8]
Event: 5.055 Thread 0x0000017afa05e000 6780       2       org.jetbrains.kotlin.name.FqNameUnsafe::shortNameOrSpecial (34 bytes)
Event: 5.055 Thread 0x0000017afa05e000 nmethod 6780 0x0000017ae3b8d710 code [0x0000017ae3b8d8c0, 0x0000017ae3b8da78]
Event: 5.055 Thread 0x0000017afa05e000 6781       1       org.jetbrains.kotlin.load.java.lazy.descriptors.LazyJavaPackageFragment::getMemberScope (5 bytes)
Event: 5.055 Thread 0x0000017afa05e000 nmethod 6781 0x0000017aead4db90 code [0x0000017aead4dd20, 0x0000017aead4ddf8]
Event: 5.055 Thread 0x0000017afa05e000 6782       2       org.jetbrains.kotlin.load.kotlin.JvmPackagePartProviderBase::findPackageParts (260 bytes)
Event: 5.057 Thread 0x0000017afa05e000 nmethod 6782 0x0000017ae3b8db90 code [0x0000017ae3b8dfc0, 0x0000017ae3b8f068]
Event: 5.059 Thread 0x0000017afa05e000 6783       1       org.jetbrains.kotlin.load.java.lazy.LazyJavaPackageFragmentProvider::access$getC$p (5 bytes)
Event: 5.059 Thread 0x0000017afa05e000 nmethod 6783 0x0000017aead4de90 code [0x0000017aead4e020, 0x0000017aead4e0d8]
Event: 5.060 Thread 0x0000017afa05e000 6784       2       org.jetbrains.kotlin.com.intellij.util.CachedValueBase::getRawData (11 bytes)
Event: 5.060 Thread 0x0000017afa05e000 nmethod 6784 0x0000017ae3b8fc10 code [0x0000017ae3b8fdc0, 0x0000017ae3b8ff48]
Event: 5.061 Thread 0x0000017afa05e000 6785       2       org.jetbrains.kotlin.load.kotlin.header.ReadKotlinClassHeaderAnnotationVisitor$KotlinMetadataArgumentVisitor::visitEnd (1 bytes)
Event: 5.061 Thread 0x0000017afa05e000 nmethod 6785 0x0000017ae3048490 code [0x0000017ae3048620, 0x0000017ae3048718]
Event: 5.061 Thread 0x0000017afa05e000 6786       2       org.jetbrains.kotlin.load.kotlin.header.ReadKotlinClassHeaderAnnotationVisitor::shouldHaveData (36 bytes)

GC Heap History (20 events):
Event: 2.716 GC heap after
{Heap after GC invocations=16 (full 0):
 garbage-first heap   total 65536K, used 34801K [0x0000000085000000, 0x0000000100000000)
  region size 1024K, 3 young (3072K), 3 survivors (3072K)
 Metaspace       used 46954K, committed 47232K, reserved 1097728K
  class space    used 5633K, committed 5760K, reserved 1048576K
}
Event: 3.046 GC heap before
{Heap before GC invocations=16 (full 0):
 garbage-first heap   total 65536K, used 49137K [0x0000000085000000, 0x0000000100000000)
  region size 1024K, 18 young (18432K), 3 survivors (3072K)
 Metaspace       used 48399K, committed 48704K, reserved 1097728K
  class space    used 5822K, committed 5952K, reserved 1048576K
}
Event: 3.055 GC heap after
{Heap after GC invocations=17 (full 0):
 garbage-first heap   total 65536K, used 39103K [0x0000000085000000, 0x0000000100000000)
  region size 1024K, 3 young (3072K), 3 survivors (3072K)
 Metaspace       used 48399K, committed 48704K, reserved 1097728K
  class space    used 5822K, committed 5952K, reserved 1048576K
}
Event: 3.187 GC heap before
{Heap before GC invocations=18 (full 0):
 garbage-first heap   total 70656K, used 45247K [0x0000000085000000, 0x0000000100000000)
  region size 1024K, 11 young (11264K), 3 survivors (3072K)
 Metaspace       used 49645K, committed 49984K, reserved 1097728K
  class space    used 5966K, committed 6144K, reserved 1048576K
}
Event: 3.192 GC heap after
{Heap after GC invocations=19 (full 0):
 garbage-first heap   total 70656K, used 40583K [0x0000000085000000, 0x0000000100000000)
  region size 1024K, 1 young (1024K), 1 survivors (1024K)
 Metaspace       used 49645K, committed 49984K, reserved 1097728K
  class space    used 5966K, committed 6144K, reserved 1048576K
}
Event: 3.431 GC heap before
{Heap before GC invocations=20 (full 0):
 garbage-first heap   total 75776K, used 57991K [0x0000000085000000, 0x0000000100000000)
  region size 1024K, 15 young (15360K), 1 survivors (1024K)
 Metaspace       used 51892K, committed 52224K, reserved 1097728K
  class space    used 6216K, committed 6400K, reserved 1048576K
}
Event: 3.436 GC heap after
{Heap after GC invocations=21 (full 0):
 garbage-first heap   total 75776K, used 45613K [0x0000000085000000, 0x0000000100000000)
  region size 1024K, 2 young (2048K), 2 survivors (2048K)
 Metaspace       used 51892K, committed 52224K, reserved 1097728K
  class space    used 6216K, committed 6400K, reserved 1048576K
}
Event: 3.441 GC heap before
{Heap before GC invocations=21 (full 0):
 garbage-first heap   total 75776K, used 46637K [0x0000000085000000, 0x0000000100000000)
  region size 1024K, 3 young (3072K), 2 survivors (2048K)
 Metaspace       used 51901K, committed 52224K, reserved 1097728K
  class space    used 6216K, committed 6400K, reserved 1048576K
}
Event: 3.448 GC heap after
{Heap after GC invocations=22 (full 0):
 garbage-first heap   total 95232K, used 45932K [0x0000000085000000, 0x0000000100000000)
  region size 1024K, 1 young (1024K), 1 survivors (1024K)
 Metaspace       used 51901K, committed 52224K, reserved 1097728K
  class space    used 6216K, committed 6400K, reserved 1048576K
}
Event: 3.612 GC heap before
{Heap before GC invocations=22 (full 0):
 garbage-first heap   total 95232K, used 68460K [0x0000000085000000, 0x0000000100000000)
  region size 1024K, 24 young (24576K), 1 survivors (1024K)
 Metaspace       used 52243K, committed 52544K, reserved 1097728K
  class space    used 6229K, committed 6400K, reserved 1048576K
}
Event: 3.616 GC heap after
{Heap after GC invocations=23 (full 0):
 garbage-first heap   total 95232K, used 47134K [0x0000000085000000, 0x0000000100000000)
  region size 1024K, 2 young (2048K), 2 survivors (2048K)
 Metaspace       used 52243K, committed 52544K, reserved 1097728K
  class space    used 6229K, committed 6400K, reserved 1048576K
}
Event: 4.039 GC heap before
{Heap before GC invocations=24 (full 0):
 garbage-first heap   total 95232K, used 70686K [0x0000000085000000, 0x0000000100000000)
  region size 1024K, 26 young (26624K), 2 survivors (2048K)
 Metaspace       used 55314K, committed 55616K, reserved 1105920K
  class space    used 6550K, committed 6720K, reserved 1048576K
}
Event: 4.048 GC heap after
{Heap after GC invocations=25 (full 0):
 garbage-first heap   total 95232K, used 51005K [0x0000000085000000, 0x0000000100000000)
  region size 1024K, 4 young (4096K), 4 survivors (4096K)
 Metaspace       used 55314K, committed 55616K, reserved 1105920K
  class space    used 6550K, committed 6720K, reserved 1048576K
}
Event: 4.069 GC heap before
{Heap before GC invocations=25 (full 0):
 garbage-first heap   total 95232K, used 52029K [0x0000000085000000, 0x0000000100000000)
  region size 1024K, 5 young (5120K), 4 survivors (4096K)
 Metaspace       used 55340K, committed 55680K, reserved 1105920K
  class space    used 6551K, committed 6720K, reserved 1048576K
}
Event: 4.075 GC heap after
{Heap after GC invocations=26 (full 0):
 garbage-first heap   total 95232K, used 51284K [0x0000000085000000, 0x0000000100000000)
  region size 1024K, 1 young (1024K), 1 survivors (1024K)
 Metaspace       used 55340K, committed 55680K, reserved 1105920K
  class space    used 6551K, committed 6720K, reserved 1048576K
}
Event: 4.479 GC heap before
{Heap before GC invocations=26 (full 0):
 garbage-first heap   total 95232K, used 71764K [0x0000000085000000, 0x0000000100000000)
  region size 1024K, 22 young (22528K), 1 survivors (1024K)
 Metaspace       used 58832K, committed 59136K, reserved 1105920K
  class space    used 6952K, committed 7104K, reserved 1048576K
}
Event: 4.489 GC heap after
{Heap after GC invocations=27 (full 0):
 garbage-first heap   total 95232K, used 54188K [0x0000000085000000, 0x0000000100000000)
  region size 1024K, 3 young (3072K), 3 survivors (3072K)
 Metaspace       used 58832K, committed 59136K, reserved 1105920K
  class space    used 6952K, committed 7104K, reserved 1048576K
}
Event: 5.031 GC heap before
{Heap before GC invocations=28 (full 0):
 garbage-first heap   total 95232K, used 75692K [0x0000000085000000, 0x0000000100000000)
  region size 1024K, 23 young (23552K), 3 survivors (3072K)
 Metaspace       used 59249K, committed 59584K, reserved 1105920K
  class space    used 6964K, committed 7104K, reserved 1048576K
}
Event: 5.041 GC heap after
{Heap after GC invocations=29 (full 0):
 garbage-first heap   total 95232K, used 59716K [0x0000000085000000, 0x0000000100000000)
  region size 1024K, 3 young (3072K), 3 survivors (3072K)
 Metaspace       used 59249K, committed 59584K, reserved 1105920K
  class space    used 6964K, committed 7104K, reserved 1048576K
}
Event: 5.061 GC heap before
{Heap before GC invocations=29 (full 0):
 garbage-first heap   total 95232K, used 60740K [0x0000000085000000, 0x0000000100000000)
  region size 1024K, 4 young (4096K), 3 survivors (3072K)
 Metaspace       used 59266K, committed 59584K, reserved 1105920K
  class space    used 6964K, committed 7104K, reserved 1048576K
}

Dll operation events (2 events):
Event: 0.010 Loaded shared library C:\Program Files (x86)\android-studio-2022.3.1.17-windows\android-studio\jbr\bin\java.dll
Event: 0.756 Loaded shared library C:\Program Files (x86)\android-studio-2022.3.1.17-windows\android-studio\jbr\bin\verify.dll

Deoptimization events (20 events):
Event: 4.584 Thread 0x0000017adfa8c340 Uncommon trap: trap_request=0xffffffde fr.pc=0x0000017aeab8a638 relative=0x0000000000000c38
Event: 4.584 Thread 0x0000017adfa8c340 Uncommon trap: reason=class_check action=maybe_recompile pc=0x0000017aeab8a638 method=org.jetbrains.kotlin.com.intellij.psi.impl.source.CharTableImpl$StringHashToCharSequencesMap.getSubSequenceWithHashCode(ILjava/lang/CharSequence;II)Ljava/lang/CharSequen
Event: 4.584 Thread 0x0000017adfa8c340 DEOPT PACKING pc=0x0000017aeab8a638 sp=0x0000006b39cfd2e0
Event: 4.584 Thread 0x0000017adfa8c340 DEOPT UNPACKING pc=0x0000017aea4da1a3 sp=0x0000006b39cfd200 mode 2
Event: 4.601 Thread 0x0000017adfa8c340 Uncommon trap: trap_request=0xffffffde fr.pc=0x0000017aeacf5d44 relative=0x00000000000032a4
Event: 4.601 Thread 0x0000017adfa8c340 Uncommon trap: reason=class_check action=maybe_recompile pc=0x0000017aeacf5d44 method=org.jetbrains.org.objectweb.asm.ClassReader.readMethod(Lorg/jetbrains/org/objectweb/asm/ClassVisitor;Lorg/jetbrains/org/objectweb/asm/Context;I)I @ 663 c2
Event: 4.601 Thread 0x0000017adfa8c340 DEOPT PACKING pc=0x0000017aeacf5d44 sp=0x0000006b39cfc640
Event: 4.601 Thread 0x0000017adfa8c340 DEOPT UNPACKING pc=0x0000017aea4da1a3 sp=0x0000006b39cfc5b8 mode 2
Event: 4.620 Thread 0x0000017adfa8c340 Uncommon trap: trap_request=0xffffffde fr.pc=0x0000017aeacf5d44 relative=0x00000000000032a4
Event: 4.620 Thread 0x0000017adfa8c340 Uncommon trap: reason=class_check action=maybe_recompile pc=0x0000017aeacf5d44 method=org.jetbrains.org.objectweb.asm.ClassReader.readMethod(Lorg/jetbrains/org/objectweb/asm/ClassVisitor;Lorg/jetbrains/org/objectweb/asm/Context;I)I @ 663 c2
Event: 4.620 Thread 0x0000017adfa8c340 DEOPT PACKING pc=0x0000017aeacf5d44 sp=0x0000006b39cfc640
Event: 4.620 Thread 0x0000017adfa8c340 DEOPT UNPACKING pc=0x0000017aea4da1a3 sp=0x0000006b39cfc5b8 mode 2
Event: 4.802 Thread 0x0000017adfa8c340 Uncommon trap: trap_request=0xffffff45 fr.pc=0x0000017aeab2353c relative=0x000000000000111c
Event: 4.802 Thread 0x0000017adfa8c340 Uncommon trap: reason=unstable_if action=reinterpret pc=0x0000017aeab2353c method=org.jetbrains.kotlin.serialization.deserialization.descriptors.DeserializedPackageMemberScope.hasClass(Lorg/jetbrains/kotlin/name/Name;)Z @ 99 c2
Event: 4.802 Thread 0x0000017adfa8c340 DEOPT PACKING pc=0x0000017aeab2353c sp=0x0000006b39cfce50
Event: 4.802 Thread 0x0000017adfa8c340 DEOPT UNPACKING pc=0x0000017aea4da1a3 sp=0x0000006b39cfcda0 mode 2
Event: 4.870 Thread 0x0000017adfa8c340 Uncommon trap: trap_request=0xffffff45 fr.pc=0x0000017aeaa4160c relative=0x000000000000018c
Event: 4.870 Thread 0x0000017adfa8c340 Uncommon trap: reason=unstable_if action=reinterpret pc=0x0000017aeaa4160c method=java.lang.String.equals(Ljava/lang/Object;)Z @ 33 c2
Event: 4.870 Thread 0x0000017adfa8c340 DEOPT PACKING pc=0x0000017aeaa4160c sp=0x0000006b39cfda90
Event: 4.870 Thread 0x0000017adfa8c340 DEOPT UNPACKING pc=0x0000017aea4da1a3 sp=0x0000006b39cfda20 mode 2

Classes unloaded (0 events):
No events

Classes redefined (0 events):
No events

Internal exceptions (20 events):
Event: 0.963 Thread 0x0000017adfa8c340 Exception <a 'java/lang/NoSuchMethodError'{0x0000000086f41ad8}: 'int java.lang.invoke.DirectMethodHandle$Holder.invokeStaticInit(java.lang.Object, java.lang.Object)'> (0x0000000086f41ad8) 
thrown [s\src\hotspot\share\interpreter\linkResolver.cpp, line 771]
Event: 0.973 Thread 0x0000017adfa8c340 Exception <a 'java/lang/NoSuchMethodError'{0x0000000086e19ce8}: 'void java.lang.invoke.DirectMethodHandle$Holder.invokeSpecial(java.lang.Object, java.lang.Object, java.lang.Object)'> (0x0000000086e19ce8) 
thrown [s\src\hotspot\share\interpreter\linkResolver.cpp, line 771]
Event: 1.152 Thread 0x0000017adfa8c340 Exception <a 'java/lang/NoSuchMethodError'{0x00000000863d2ad0}: 'void java.lang.invoke.DirectMethodHandle$Holder.invokeStatic(java.lang.Object, java.lang.Object, java.lang.Object, java.lang.Object)'> (0x00000000863d2ad0) 
thrown [s\src\hotspot\share\interpreter\linkResolver.cpp, line 771]
Event: 1.206 Thread 0x0000017adfa8c340 Exception <a 'java/lang/NoSuchMethodError'{0x000000008c37b4d0}: 'void java.lang.invoke.DirectMethodHandle$Holder.invokeStaticInit(java.lang.Object, java.lang.Object)'> (0x000000008c37b4d0) 
thrown [s\src\hotspot\share\interpreter\linkResolver.cpp, line 771]
Event: 1.328 Thread 0x0000017adfa8c340 Exception <a 'java/lang/NoSuchMethodError'{0x0000000086c92018}: 'void java.lang.invoke.DirectMethodHandle$Holder.invokeVirtual(java.lang.Object, java.lang.Object)'> (0x0000000086c92018) 
thrown [s\src\hotspot\share\interpreter\linkResolver.cpp, line 771]
Event: 1.333 Thread 0x0000017adfa8c340 Exception <a 'java/lang/NoSuchMethodError'{0x0000000086ce5a38}: 'int java.lang.invoke.DirectMethodHandle$Holder.invokeVirtual(java.lang.Object, java.lang.Object)'> (0x0000000086ce5a38) 
thrown [s\src\hotspot\share\interpreter\linkResolver.cpp, line 771]
Event: 1.344 Thread 0x0000017adfa8c340 Exception <a 'java/lang/NoSuchMethodError'{0x0000000086b88570}: 'java.lang.Object java.lang.invoke.Invokers$Holder.invokeExact_MT(java.lang.Object, java.lang.Object, java.lang.Object, java.lang.Object, java.lang.Object, java.lang.Object)'> (0x0000000086b88570) 
thrown [s\src\hotspot\share\interpreter\linkResolver.cpp, line 771]
Event: 2.034 Thread 0x0000017adfa8c340 Exception <a 'java/lang/NoSuchMethodError'{0x0000000087652d88}: 'java.lang.Object java.lang.invoke.DirectMethodHandle$Holder.invokeVirtual(java.lang.Object, java.lang.Object, java.lang.Object)'> (0x0000000087652d88) 
thrown [s\src\hotspot\share\interpreter\linkResolver.cpp, line 771]
Event: 2.486 Thread 0x0000017adfa8c340 Exception <a 'java/lang/NoSuchMethodError'{0x00000000885032a0}: 'java.lang.Object java.lang.invoke.DirectMethodHandle$Holder.newInvokeSpecial(java.lang.Object, java.lang.Object, int)'> (0x00000000885032a0) 
thrown [s\src\hotspot\share\interpreter\linkResolver.cpp, line 771]
Event: 2.879 Thread 0x0000017adfa8c340 Implicit null exception at 0x0000017aeabeb3d0 to 0x0000017aeabf21c4
Event: 2.879 Thread 0x0000017adfa8c340 Implicit null exception at 0x0000017aeabc184c to 0x0000017aeabc1928
Event: 2.915 Thread 0x0000017adfa8c340 Exception <a 'java/lang/NoSuchMethodError'{0x000000008841f410}: 'java.lang.Object java.lang.invoke.DirectMethodHandle$Holder.newInvokeSpecial(java.lang.Object, java.lang.Object, java.lang.Object, int)'> (0x000000008841f410) 
thrown [s\src\hotspot\share\interpreter\linkResolver.cpp, line 771]
Event: 2.916 Thread 0x0000017adfa8c340 Exception <a 'java/lang/NoSuchMethodError'{0x0000000088423a98}: 'java.lang.Object java.lang.invoke.DirectMethodHandle$Holder.invokeSpecial(java.lang.Object, java.lang.Object, java.lang.Object, java.lang.Object, int)'> (0x0000000088423a98) 
thrown [s\src\hotspot\share\interpreter\linkResolver.cpp, line 771]
Event: 2.916 Thread 0x0000017adfa8c340 Exception <a 'java/lang/NoSuchMethodError'{0x0000000088427908}: 'java.lang.Object java.lang.invoke.Invokers$Holder.linkToTargetMethod(java.lang.Object, java.lang.Object, int, java.lang.Object)'> (0x0000000088427908) 
thrown [s\src\hotspot\share\interpreter\linkResolver.cpp, line 771]
Event: 3.276 Thread 0x0000017adfa8c340 Exception <a 'java/lang/NoSuchMethodError'{0x000000008c1f1680}: 'java.lang.Object java.lang.invoke.DirectMethodHandle$Holder.invokeInterface(java.lang.Object, java.lang.Object)'> (0x000000008c1f1680) 
thrown [s\src\hotspot\share\interpreter\linkResolver.cpp, line 771]
Event: 4.115 Thread 0x0000017adfa8c340 Exception <a 'java/lang/NoSuchMethodError'{0x000000008c1ef490}: 'java.lang.Object java.lang.invoke.DirectMethodHandle$Holder.newInvokeSpecial(java.lang.Object, java.lang.Object, java.lang.Object, java.lang.Object, java.lang.Object, java.lang.Object)'> (0x000000008c1ef490) 
thrown [s\src\hotspot\share\interpreter\linkResolver.cpp, line 771]
Event: 4.173 Thread 0x0000017adfa8c340 Implicit null exception at 0x0000017aeac8fd4a to 0x0000017aeac901b8
Event: 4.255 Thread 0x0000017adfa8c340 Implicit null exception at 0x0000017aeaaf5107 to 0x0000017aeaaf5300
Event: 4.336 Thread 0x0000017adfa8c340 Implicit null exception at 0x0000017aead151d3 to 0x0000017aead1538c
Event: 4.494 Thread 0x0000017adfa8c340 Implicit null exception at 0x0000017aeaa6fc0c to 0x0000017aeaa6fe18

VM Operations (20 events):
Event: 4.075 Executing VM operation: G1CollectForAllocation done
Event: 4.175 Executing VM operation: HandshakeAllThreads
Event: 4.175 Executing VM operation: HandshakeAllThreads done
Event: 4.235 Executing VM operation: HandshakeAllThreads
Event: 4.235 Executing VM operation: HandshakeAllThreads done
Event: 4.339 Executing VM operation: ICBufferFull
Event: 4.339 Executing VM operation: ICBufferFull done
Event: 4.373 Executing VM operation: HandshakeAllThreads
Event: 4.373 Executing VM operation: HandshakeAllThreads done
Event: 4.479 Executing VM operation: G1CollectForAllocation
Event: 4.489 Executing VM operation: G1CollectForAllocation done
Event: 4.542 Executing VM operation: G1Concurrent
Event: 4.548 Executing VM operation: G1Concurrent done
Event: 4.572 Executing VM operation: G1Concurrent
Event: 4.572 Executing VM operation: G1Concurrent done
Event: 4.975 Executing VM operation: ICBufferFull
Event: 4.976 Executing VM operation: ICBufferFull done
Event: 5.031 Executing VM operation: G1CollectForAllocation
Event: 5.041 Executing VM operation: G1CollectForAllocation done
Event: 5.061 Executing VM operation: G1CollectForAllocation

Events (20 events):
Event: 4.061 Thread 0x0000017afa05f520 flushing nmethod 0x0000017ae37f8690
Event: 4.061 Thread 0x0000017afa05f520 flushing nmethod 0x0000017ae380f390
Event: 4.061 Thread 0x0000017afa05f520 flushing nmethod 0x0000017ae3819910
Event: 4.061 Thread 0x0000017afa05f520 flushing nmethod 0x0000017ae381ce90
Event: 4.061 Thread 0x0000017afa05f520 flushing nmethod 0x0000017ae381f890
Event: 4.061 Thread 0x0000017afa05f520 flushing nmethod 0x0000017ae3821410
Event: 4.061 Thread 0x0000017afa05f520 flushing nmethod 0x0000017ae3835190
Event: 4.061 Thread 0x0000017afa05f520 flushing nmethod 0x0000017ae383dc10
Event: 4.061 Thread 0x0000017afa05f520 flushing nmethod 0x0000017ae3852890
Event: 4.061 Thread 0x0000017afa05f520 flushing nmethod 0x0000017ae385fc10
Event: 4.061 Thread 0x0000017afa05f520 flushing nmethod 0x0000017ae386d790
Event: 4.061 Thread 0x0000017afa05f520 flushing nmethod 0x0000017ae3873110
Event: 4.061 Thread 0x0000017afa05f520 flushing nmethod 0x0000017ae3887c90
Event: 4.061 Thread 0x0000017afa05f520 flushing nmethod 0x0000017ae38b3f10
Event: 4.061 Thread 0x0000017afa05f520 flushing nmethod 0x0000017ae38c1310
Event: 4.061 Thread 0x0000017afa05f520 flushing nmethod 0x0000017ae38cae90
Event: 4.061 Thread 0x0000017afa05f520 flushing nmethod 0x0000017ae38f3f10
Event: 4.061 Thread 0x0000017afa05f520 flushing nmethod 0x0000017ae3916910
Event: 4.062 Thread 0x0000017afa05f520 flushing nmethod 0x0000017ae39d8490
Event: 4.062 Thread 0x0000017afa05f520 flushing nmethod 0x0000017ae39fd890


Dynamic libraries:
0x00007ff673620000 - 0x00007ff67362a000 	C:\Program Files (x86)\android-studio-2022.3.1.17-windows\android-studio\jbr\bin\java.exe
0x00007ffb00e50000 - 0x00007ffb01067000 	C:\WINDOWS\SYSTEM32\ntdll.dll
0x00007ffaff0b0000 - 0x00007ffaff174000 	C:\WINDOWS\System32\KERNEL32.DLL
0x00007ffafe5b0000 - 0x00007ffafe956000 	C:\WINDOWS\System32\KERNELBASE.dll
0x00007ffafea80000 - 0x00007ffafeb91000 	C:\WINDOWS\System32\ucrtbase.dll
0x00007ffa81170000 - 0x00007ffa81187000 	C:\Program Files (x86)\android-studio-2022.3.1.17-windows\android-studio\jbr\bin\jli.dll
0x00007ffaf0810000 - 0x00007ffaf082b000 	C:\Program Files (x86)\android-studio-2022.3.1.17-windows\android-studio\jbr\bin\VCRUNTIME140.dll
0x00007ffb00c20000 - 0x00007ffb00dce000 	C:\WINDOWS\System32\USER32.dll
0x00007ffafe2d0000 - 0x00007ffafe2f6000 	C:\WINDOWS\System32\win32u.dll
0x00007ffaff4e0000 - 0x00007ffaff509000 	C:\WINDOWS\System32\GDI32.dll
0x00007ffaf2800000 - 0x00007ffaf2a93000 	C:\WINDOWS\WinSxS\amd64_microsoft.windows.common-controls_6595b64144ccf1df_6.0.22621.2506_none_270c5ae97388e100\COMCTL32.dll
0x00007ffafe960000 - 0x00007ffafea78000 	C:\WINDOWS\System32\gdi32full.dll
0x00007ffaff9c0000 - 0x00007ffaffa67000 	C:\WINDOWS\System32\msvcrt.dll
0x00007ffafe1c0000 - 0x00007ffafe25a000 	C:\WINDOWS\System32\msvcp_win.dll
0x00007ffb00dd0000 - 0x00007ffb00e01000 	C:\WINDOWS\System32\IMM32.DLL
0x00007ffaf0800000 - 0x00007ffaf080c000 	C:\Program Files (x86)\android-studio-2022.3.1.17-windows\android-studio\jbr\bin\vcruntime140_1.dll
0x00007ffae35a0000 - 0x00007ffae362d000 	C:\Program Files (x86)\android-studio-2022.3.1.17-windows\android-studio\jbr\bin\msvcp140.dll
0x00007ffa60520000 - 0x00007ffa6118e000 	C:\Program Files (x86)\android-studio-2022.3.1.17-windows\android-studio\jbr\bin\server\jvm.dll
0x00007ffaff5f0000 - 0x00007ffaff6a1000 	C:\WINDOWS\System32\ADVAPI32.dll
0x00007ffb007c0000 - 0x00007ffb00865000 	C:\WINDOWS\System32\sechost.dll
0x00007ffaff2b0000 - 0x00007ffaff3c7000 	C:\WINDOWS\System32\RPCRT4.dll
0x00007ffaf2b50000 - 0x00007ffaf2b5a000 	C:\WINDOWS\SYSTEM32\VERSION.dll
0x00007ffaf5500000 - 0x00007ffaf5534000 	C:\WINDOWS\SYSTEM32\WINMM.dll
0x00007ffadbf30000 - 0x00007ffadbf39000 	C:\WINDOWS\SYSTEM32\WSOCK32.dll
0x00007ffaff180000 - 0x00007ffaff1f1000 	C:\WINDOWS\System32\WS2_32.dll
0x00007ffafd2b0000 - 0x00007ffafd2c8000 	C:\WINDOWS\SYSTEM32\kernel.appcore.dll
0x00007ffaf62d0000 - 0x00007ffaf62da000 	C:\Program Files (x86)\android-studio-2022.3.1.17-windows\android-studio\jbr\bin\jimage.dll
0x00007ffafb710000 - 0x00007ffafb943000 	C:\WINDOWS\SYSTEM32\DBGHELP.DLL
0x00007ffb00870000 - 0x00007ffb00bf9000 	C:\WINDOWS\System32\combase.dll
0x00007ffb00470000 - 0x00007ffb00547000 	C:\WINDOWS\System32\OLEAUT32.dll
0x00007ffaf5890000 - 0x00007ffaf58c2000 	C:\WINDOWS\SYSTEM32\dbgcore.DLL
0x00007ffafe300000 - 0x00007ffafe37a000 	C:\WINDOWS\System32\bcryptPrimitives.dll
0x00007ffacadf0000 - 0x00007ffacae15000 	C:\Program Files (x86)\android-studio-2022.3.1.17-windows\android-studio\jbr\bin\java.dll
0x00007ffab0260000 - 0x00007ffab0278000 	C:\Program Files (x86)\android-studio-2022.3.1.17-windows\android-studio\jbr\bin\zip.dll
0x00007ffaffc10000 - 0x00007ffb0046a000 	C:\WINDOWS\System32\SHELL32.dll
0x00007ffafc0f0000 - 0x00007ffafc9e6000 	C:\WINDOWS\SYSTEM32\windows.storage.dll
0x00007ffafbfb0000 - 0x00007ffafc0ee000 	C:\WINDOWS\SYSTEM32\wintypes.dll
0x00007ffaff3e0000 - 0x00007ffaff4d3000 	C:\WINDOWS\System32\SHCORE.dll
0x00007ffaff510000 - 0x00007ffaff56e000 	C:\WINDOWS\System32\shlwapi.dll
0x00007ffafe0f0000 - 0x00007ffafe116000 	C:\WINDOWS\SYSTEM32\profapi.dll
0x00007ffaaff40000 - 0x00007ffaaff59000 	C:\Program Files (x86)\android-studio-2022.3.1.17-windows\android-studio\jbr\bin\net.dll
0x00007ffaf8220000 - 0x00007ffaf8357000 	C:\WINDOWS\SYSTEM32\WINHTTP.dll
0x00007ffafd730000 - 0x00007ffafd799000 	C:\WINDOWS\system32\mswsock.dll
0x00007ffaaff20000 - 0x00007ffaaff36000 	C:\Program Files (x86)\android-studio-2022.3.1.17-windows\android-studio\jbr\bin\nio.dll
0x00007ffacdf60000 - 0x00007ffacdf70000 	C:\Program Files (x86)\android-studio-2022.3.1.17-windows\android-studio\jbr\bin\verify.dll

dbghelp: loaded successfully - version: 4.0.5 - missing functions: none
symbol engine: initialized successfully - sym options: 0x614 - pdb path: .;C:\Program Files (x86)\android-studio-2022.3.1.17-windows\android-studio\jbr\bin;C:\WINDOWS\SYSTEM32;C:\WINDOWS\WinSxS\amd64_microsoft.windows.common-controls_6595b64144ccf1df_6.0.22621.2506_none_270c5ae97388e100;C:\Program Files (x86)\android-studio-2022.3.1.17-windows\android-studio\jbr\bin\server

VM Arguments:
java_command: org.jetbrains.kotlin.cli.jvm.K2JVMCompiler @C:\workspace\Notelass\app\build\20240107_17809317239311605495.compiler.options
java_class_path (initial): C:\Users\user\.gradle\caches\modules-2\files-2.1\org.jetbrains.kotlin\kotlin-compiler-embeddable\1.8.10\b0757fd774344d54ce93f5ad6c30ba1c1731c8ff\kotlin-compiler-embeddable-1.8.10.jar;C:\Users\user\.gradle\caches\modules-2\files-2.1\org.jetbrains.kotlin\kotlin-stdlib\1.8.10\6d5560a229477df9406943d5feda5618e98eb64c\kotlin-stdlib-1.8.10.jar;C:\Users\user\.gradle\caches\modules-2\files-2.1\org.jetbrains.kotlin\kotlin-script-runtime\1.8.10\b13ea9c7e46d589139e56086a878763290e20bd5\kotlin-script-runtime-1.8.10.jar;C:\Users\user\.gradle\caches\modules-2\files-2.1\org.jetbrains.kotlin\kotlin-reflect\1.6.10\1cbe9c92c12a94eea200d23c2bbaedaf3daf5132\kotlin-reflect-1.6.10.jar;C:\Users\user\.gradle\caches\modules-2\files-2.1\org.jetbrains.kotlin\kotlin-daemon-embeddable\1.8.10\ad8541d9bc1cf9e52c3204161247910c2cf601d4\kotlin-daemon-embeddable-1.8.10.jar;C:\Users\user\.gradle\caches\modules-2\files-2.1\org.jetbrains.intellij.deps\trove4j\1.0.20200330\3afb14d5f9ceb459d724e907a21145e8ff394f02\trove4j-1.0.20200330.jar;C:\Users\user\.gradle\caches\modules-2\files-2.1\net.java.dev.jna\jna\5.6.0\330f2244e9030119ab3030fc3fededc86713d9cc\jna-5.6.0.jar;C:\Users\user\.gradle\caches\modules-2\files-2.1\org.jetbrains.kotlin\kotlin-stdlib-common\1.8.10\a61b182458550492c12aee66157d7b524a63a5ec\kotlin-stdlib-common-1.8.10.jar;C:\Users\user\.gradle\caches\modules-2\files-2.1\org.jetbrains\annotations\13.0\919f0dfe192fb4e063e7dacadee7f8bb9a2672a9\annotations-13.0.jar
Launcher Type: SUN_STANDARD

[Global flags]
     intx CICompilerCount                          = 4                                         {product} {ergonomic}
     uint ConcGCThreads                            = 2                                         {product} {ergonomic}
     uint G1ConcRefinementThreads                  = 8                                         {product} {ergonomic}
   size_t G1HeapRegionSize                         = 1048576                                   {product} {ergonomic}
    uintx GCDrainStackTargetSize                   = 64                                        {product} {ergonomic}
   size_t InitialHeapSize                          = 130023424                                 {product} {ergonomic}
   size_t MarkStackSize                            = 4194304                                   {product} {ergonomic}
   size_t MaxHeapSize                              = 2063597568                                {product} {ergonomic}
   size_t MaxNewSize                               = 1237319680                                {product} {ergonomic}
   size_t MinHeapDeltaBytes                        = 1048576                                   {product} {ergonomic}
   size_t MinHeapSize                              = 8388608                                   {product} {ergonomic}
    uintx NonNMethodCodeHeapSize                   = 5839372                                {pd product} {ergonomic}
    uintx NonProfiledCodeHeapSize                  = 122909434                              {pd product} {ergonomic}
    uintx ProfiledCodeHeapSize                     = 122909434                              {pd product} {ergonomic}
    uintx ReservedCodeCacheSize                    = 251658240                              {pd product} {ergonomic}
     bool SegmentedCodeCache                       = true                                      {product} {ergonomic}
   size_t SoftMaxHeapSize                          = 2063597568                             {manageable} {ergonomic}
     bool UseCompressedClassPointers               = true                           {product lp64_product} {ergonomic}
     bool UseCompressedOops                        = true                           {product lp64_product} {ergonomic}
     bool UseG1GC                                  = true                                      {product} {ergonomic}
     bool UseLargePagesIndividualAllocation        = false                                  {pd product} {ergonomic}

Logging:
Log output configuration:
 #0: stdout all=warning uptime,level,tags
 #1: stderr all=off uptime,level,tags

Environment Variables:
PATH=C:\Program Files\Common Files\Oracle\Java\javapath;C:\WINDOWS\system32;C:\WINDOWS;C:\WINDOWS\System32\Wbem;C:\WINDOWS\System32\WindowsPowerShell\v1.0\;C:\WINDOWS\System32\OpenSSH\;C:\Program Files (x86)\Git\cmd;C:\Program Files\Java\jdk-18.0.2.1\bin;C:\Program Files\MATLAB\R2022a\bin;C:\Program Files\Java\openssl-0.9.8e_X64\bin;C:\Program Files\nodejs\;C:\ProgramData\chocolatey\bin;C:\Users\user\AppData\Local\Programs\Python\Python39\Scripts\;C:\Users\user\AppData\Local\Programs\Python\Python39\;C:\Users\user\AppData\Local\Microsoft\WindowsApps;C:\Users\user\AppData\Local\Programs\Microsoft VS Code\bin;C:\Program Files\JetBrains\PyCharm Community Edition 2021.2\bin;;C:\Users\user\flutter\bin;C:\Users\user\AppData\Roaming\npm;C:\Program Files\JetBrains\IntelliJ IDEA 2023.2.2\bin;;C:\Users\user\AppData\Local\afreeca
USERNAME=user
OS=Windows_NT
PROCESSOR_IDENTIFIER=Intel64 Family 6 Model 140 Stepping 1, GenuineIntel
TMP=C:\Users\user\AppData\Local\Temp
TEMP=C:\Users\user\AppData\Local\Temp


JNI global refs:
JNI global refs: 14, weak refs: 17

JNI global refs memory usage: 843, weak refs: 841


---------------  S Y S T E M  ---------------

OS:
 Windows 11 , 64 bit Build 22621 (10.0.22621.2506)
OS uptime: 0 days 1:08 hours

CPU: total 8 (initial active 8) (4 cores per cpu, 2 threads per core) family 6 model 140 stepping 1 microcode 0x9a, cx8, cmov, fxsr, ht, mmx, 3dnowpref, sse, sse2, sse3, ssse3, sse4.1, sse4.2, popcnt, lzcnt, tsc, tscinvbit, avx, avx2, aes, erms, clmul, bmi1, bmi2, adx, avx512f, avx512dq, avx512cd, avx512bw, avx512vl, sha, fma, vzeroupper, avx512_vpopcntdq, avx512_vpclmulqdq, avx512_vaes, avx512_vnni, clflush, clflushopt, clwb, avx512_vbmi2, avx512_vbmi

Memory: 4k page, system-wide physical 7865M (1026M free)
TotalPageFile size 11817M (AvailPageFile size 94M)
current process WorkingSet (physical memory assigned to process): 281M, peak: 289M
current process commit charge ("private bytes"): 349M, peak: 466M

vm_info: OpenJDK 64-Bit Server VM (17.0.6+0-b2043.56-10027231) for windows-amd64 JRE (17.0.6+0-b2043.56-10027231), built on Apr 28 2023 00:43:19 by "androidbuild" with MS VC++ 16.10 / 16.11 (VS2019)

END.
