#
# There is insufficient memory for the Java Runtime Environment to continue.
# Native memory allocation (malloc) failed to allocate 1107408 bytes for Chunk::new
# Possible reasons:
#   The system is out of physical RAM or swap space
#   The process is running with CompressedOops enabled, and the Java Heap may be blocking the growth of the native heap
# Possible solutions:
#   Reduce memory load on the system
#   Increase physical memory or swap space
#   Check if swap backing store is full
#   Decrease Java heap size (-Xmx/-Xms)
#   Decrease number of Java threads
#   Decrease Java thread stack sizes (-Xss)
#   Set larger code cache with -XX:ReservedCodeCacheSize=
#   JVM is running with Unscaled Compressed Oops mode in which the Java heap is
#     placed in the first 4GB address space. The Java Heap base address is the
#     maximum limit for the native heap growth. Please use -XX:HeapBaseMinAddress
#     to set the Java Heap base and to place the Java Heap above 4GB virtual address.
# This output file may be truncated or incomplete.
#
#  Out of Memory Error (arena.cpp:189), pid=8268, tid=18744
#
# JRE version: OpenJDK Runtime Environment (17.0.6) (build 17.0.6+0-b2043.56-10027231)
# Java VM: OpenJDK 64-Bit Server VM (17.0.6+0-b2043.56-10027231, mixed mode, tiered, compressed oops, compressed class ptrs, g1 gc, windows-amd64)
# No core dump will be written. Minidumps are not enabled by default on client versions of Windows
#

---------------  S U M M A R Y ------------

Command Line: --add-opens=java.base/java.util=ALL-UNNAMED --add-opens=java.base/java.lang=ALL-UNNAMED --add-opens=java.base/java.lang.invoke=ALL-UNNAMED --add-opens=java.prefs/java.util.prefs=ALL-UNNAMED --add-opens=java.base/java.nio.charset=ALL-UNNAMED --add-opens=java.base/java.net=ALL-UNNAMED --add-opens=java.base/java.util.concurrent.atomic=ALL-UNNAMED -Xmx2048m -Dfile.encoding=UTF-8 -Duser.country=KR -Duser.language=ko -Duser.variant org.gradle.launcher.daemon.bootstrap.GradleDaemon 8.0

Host: 11th Gen Intel(R) Core(TM) i5-1135G7 @ 2.40GHz, 8 cores, 7G,  Windows 11 , 64 bit Build 22621 (10.0.22621.2428)
Time: Fri Nov  3 00:04:30 2023  Windows 11 , 64 bit Build 22621 (10.0.22621.2428) elapsed time: 260.790785 seconds (0d 0h 4m 20s)

---------------  T H R E A D  ---------------

Current thread (0x00000210fe61d400):  JavaThread "C2 CompilerThread1" daemon [_thread_in_native, id=18744, stack(0x0000007f31600000,0x0000007f31700000)]


Current CompileTask:
C2: 260791 17032   !   4       com.google.common.cache.LocalCache$Segment::lockedGetOrLoad (447 bytes)

Stack: [0x0000007f31600000,0x0000007f31700000]
Native frames: (J=compiled Java code, j=interpreted, Vv=VM code, C=native code)
V  [jvm.dll+0x683c9a]
V  [jvm.dll+0x8427a4]
V  [jvm.dll+0x843f9e]
V  [jvm.dll+0x844603]
V  [jvm.dll+0x249b75]
V  [jvm.dll+0xabcac]
V  [jvm.dll+0xac27c]
V  [jvm.dll+0x368857]
V  [jvm.dll+0x332f31]
V  [jvm.dll+0x3323da]
V  [jvm.dll+0x21c201]
V  [jvm.dll+0x21b621]
V  [jvm.dll+0x1a4fdd]
V  [jvm.dll+0x22b098]
V  [jvm.dll+0x229159]
V  [jvm.dll+0x7f81ec]
V  [jvm.dll+0x7f274a]
V  [jvm.dll+0x682ad5]
C  [ucrtbase.dll+0x29363]
C  [KERNEL32.DLL+0x1257d]
C  [ntdll.dll+0x5aa78]


---------------  P R O C E S S  ---------------

Threads class SMR info:
_java_thread_list=0x00000210fb0171a0, length=128, elements={
0x00000210e0249d20, 0x00000210fa08b680, 0x00000210fa08c230, 0x00000210fac47970,
0x00000210fac48520, 0x00000210fac1fcf0, 0x00000210fac206a0, 0x00000210fac60df0,
0x00000210fac616f0, 0x00000210fac620e0, 0x00000210fadf58e0, 0x00000210fae017b0,
0x00000210fd31a1a0, 0x00000210faecef70, 0x00000210fbe74aa0, 0x00000210fddd3220,
0x00000210fddd4a30, 0x00000210fddd2880, 0x00000210fddd1540, 0x00000210fddd23b0,
0x00000210fddd4090, 0x00000210fdd23d70, 0x00000210fdd22f00, 0x00000210fdd238a0,
0x00000210fdd24be0, 0x00000210fdd25a50, 0x00000210fdd250b0, 0x00000210828daa20,
0x00000210fbbf68b0, 0x00000210fbbf3d60, 0x00000210fbbef060, 0x0000021081494190,
0x0000021081496810, 0x0000021083100a90, 0x0000021085b627d0, 0x0000021085b64e50,
0x00000210fd5b6820, 0x00000210fb3493b0, 0x00000210fb348540, 0x00000210fb348070,
0x00000210fb348ee0, 0x0000021083101430, 0x00000210831035e0, 0x00000210831022a0,
0x00000210864bf170, 0x00000210864bf640, 0x00000210864bde30, 0x00000210864be7d0,
0x00000210864beca0, 0x00000210830c1ea0, 0x00000210830c2370, 0x00000210830c49f0,
0x00000210830c5860, 0x00000210830c2840, 0x00000210830c2d10, 0x0000021085b65320,
0x00000210830c31e0, 0x00000210830c36b0, 0x00000210830c3b80, 0x00000210830c4050,
0x00000210830c4520, 0x00000210830c4ec0, 0x00000210830c5390, 0x00000210815da3f0,
0x00000210815da8c0, 0x00000210815dc0d0, 0x00000210815dc5a0, 0x00000210815dbc00,
0x00000210815dcf40, 0x00000210815dca70, 0x00000210815dd8e0, 0x00000210815d9f20,
0x00000210815dd410, 0x00000210815dad90, 0x00000210815db260, 0x00000210815db730,
0x00000210fbd2c450, 0x00000210fbd2ead0, 0x00000210fbd2dc60, 0x00000210fbd2e600,
0x00000210fbd2c920, 0x00000210fbd2b5e0, 0x00000210fbd2e130, 0x00000210fbd2d2c0,
0x00000210fbd2bab0, 0x00000210fbd2cdf0, 0x00000210fbd2bf80, 0x00000210fbd2d790,
0x00000210fbd2efa0, 0x00000210830bc060, 0x00000210830bc530, 0x00000210830bca00,
0x00000210830ba850, 0x00000210830bb6c0, 0x00000210830bced0, 0x00000210830bd3a0,
0x00000210830bad20, 0x00000210830bd870, 0x00000210830b9eb0, 0x00000210830bbb90,
0x00000210830bb1f0, 0x00000210830ba380, 0x00000210fec61a30, 0x00000210fec62d70,
0x00000210fec61090, 0x00000210fec63240, 0x00000210fec623d0, 0x00000210fec628a0,
0x00000210fec5f880, 0x00000210fec5fd50, 0x00000210fec61f00, 0x00000210fec60220,
0x00000210fec60bc0, 0x00000210fec606f0, 0x00000210fec61560, 0x00000210fd825100,
0x00000210fd825f70, 0x00000210fd824290, 0x00000210fd824c30, 0x00000210fd823dc0,
0x00000210fd823420, 0x00000210fd8255d0, 0x00000210fd822f50, 0x00000210fd824760,
0x00000210fd825aa0, 0x00000210fd826440, 0x0000021083102770, 0x00000210fe61d400
}

Java Threads: ( => current thread )
  0x00000210e0249d20 JavaThread "main" [_thread_blocked, id=17344, stack(0x0000007f28e00000,0x0000007f28f00000)]
  0x00000210fa08b680 JavaThread "Reference Handler" daemon [_thread_blocked, id=19480, stack(0x0000007f29500000,0x0000007f29600000)]
  0x00000210fa08c230 JavaThread "Finalizer" daemon [_thread_blocked, id=13668, stack(0x0000007f29600000,0x0000007f29700000)]
  0x00000210fac47970 JavaThread "Signal Dispatcher" daemon [_thread_blocked, id=21956, stack(0x0000007f29700000,0x0000007f29800000)]
  0x00000210fac48520 JavaThread "Attach Listener" daemon [_thread_blocked, id=18764, stack(0x0000007f29800000,0x0000007f29900000)]
  0x00000210fac1fcf0 JavaThread "Service Thread" daemon [_thread_blocked, id=9096, stack(0x0000007f29900000,0x0000007f29a00000)]
  0x00000210fac206a0 JavaThread "Monitor Deflation Thread" daemon [_thread_blocked, id=4168, stack(0x0000007f29a00000,0x0000007f29b00000)]
  0x00000210fac60df0 JavaThread "C2 CompilerThread0" daemon [_thread_in_native, id=16260, stack(0x0000007f29b00000,0x0000007f29c00000)]
  0x00000210fac616f0 JavaThread "C1 CompilerThread0" daemon [_thread_blocked, id=9148, stack(0x0000007f29c00000,0x0000007f29d00000)]
  0x00000210fac620e0 JavaThread "Sweeper thread" daemon [_thread_blocked, id=10776, stack(0x0000007f29d00000,0x0000007f29e00000)]
  0x00000210fadf58e0 JavaThread "Common-Cleaner" daemon [_thread_blocked, id=12784, stack(0x0000007f29e00000,0x0000007f29f00000)]
  0x00000210fae017b0 JavaThread "Notification Thread" daemon [_thread_blocked, id=6456, stack(0x0000007f29f00000,0x0000007f2a000000)]
  0x00000210fd31a1a0 JavaThread "Daemon health stats" [_thread_blocked, id=9164, stack(0x0000007f2a700000,0x0000007f2a800000)]
  0x00000210faecef70 JavaThread "Incoming local TCP Connector on port 53302" [_thread_in_native, id=6540, stack(0x0000007f2a100000,0x0000007f2a200000)]
  0x00000210fbe74aa0 JavaThread "Daemon periodic checks" [_thread_blocked, id=21480, stack(0x0000007f2a600000,0x0000007f2a700000)]
  0x00000210fddd3220 JavaThread "Cache worker for journal cache (C:\Users\user\.gradle\caches\journal-1)" [_thread_blocked, id=13796, stack(0x0000007f2b300000,0x0000007f2b400000)]
  0x00000210fddd4a30 JavaThread "File lock request listener" [_thread_in_native, id=18688, stack(0x0000007f2b400000,0x0000007f2b500000)]
  0x00000210fddd2880 JavaThread "Cache worker for file hash cache (C:\Users\user\.gradle\caches\8.0\fileHashes)" [_thread_blocked, id=3320, stack(0x0000007f2b500000,0x0000007f2b600000)]
  0x00000210fddd1540 JavaThread "File watcher server" daemon [_thread_in_native, id=5600, stack(0x0000007f2b800000,0x0000007f2b900000)]
  0x00000210fddd23b0 JavaThread "File watcher consumer" daemon [_thread_blocked, id=18180, stack(0x0000007f2b900000,0x0000007f2ba00000)]
  0x00000210fddd4090 JavaThread "Cache worker for file content cache (C:\Users\user\.gradle\caches\8.0\fileContent)" [_thread_blocked, id=22192, stack(0x0000007f2bc00000,0x0000007f2bd00000)]
  0x00000210fdd23d70 JavaThread "Cache worker for execution history cache (C:\Users\user\.gradle\caches\8.0\executionHistory)" [_thread_blocked, id=21496, stack(0x0000007f2bf00000,0x0000007f2c000000)]
  0x00000210fdd22f00 JavaThread "jar transforms" [_thread_blocked, id=12108, stack(0x0000007f2c000000,0x0000007f2c100000)]
  0x00000210fdd238a0 JavaThread "jar transforms Thread 2" [_thread_blocked, id=3736, stack(0x0000007f2c100000,0x0000007f2c200000)]
  0x00000210fdd24be0 JavaThread "Cache worker for kotlin-dsl (C:\Users\user\.gradle\caches\8.0\kotlin-dsl)" [_thread_blocked, id=11564, stack(0x0000007f2c200000,0x0000007f2c300000)]
  0x00000210fdd25a50 JavaThread "jar transforms Thread 3" [_thread_blocked, id=10032, stack(0x0000007f2c300000,0x0000007f2c400000)]
  0x00000210fdd250b0 JavaThread "jar transforms Thread 4" [_thread_blocked, id=15012, stack(0x0000007f2c400000,0x0000007f2c500000)]
  0x00000210828daa20 JavaThread "jar transforms Thread 5" [_thread_blocked, id=11080, stack(0x0000007f2c700000,0x0000007f2c800000)]
  0x00000210fbbf68b0 JavaThread "jar transforms Thread 6" [_thread_blocked, id=19584, stack(0x0000007f31900000,0x0000007f31a00000)]
  0x00000210fbbf3d60 JavaThread "jar transforms Thread 7" [_thread_blocked, id=21548, stack(0x0000007f31a00000,0x0000007f31b00000)]
  0x00000210fbbef060 JavaThread "jar transforms Thread 8" [_thread_blocked, id=3732, stack(0x0000007f31b00000,0x0000007f31c00000)]
  0x0000021081494190 JavaThread "Memory manager" [_thread_blocked, id=7040, stack(0x0000007f31d00000,0x0000007f31e00000)]
  0x0000021081496810 JavaThread "pool-3-thread-1" [_thread_blocked, id=7112, stack(0x0000007f31e00000,0x0000007f31f00000)]
  0x0000021083100a90 JavaThread "Daemon Thread 2" [_thread_blocked, id=13044, stack(0x0000007f28b00000,0x0000007f28c00000)]
  0x0000021085b627d0 JavaThread "Handler for socket connection from /127.0.0.1:53302 to /127.0.0.1:53426" [_thread_in_native, id=20280, stack(0x0000007f28c00000,0x0000007f28d00000)]
  0x0000021085b64e50 JavaThread "Cancel handler" [_thread_blocked, id=17256, stack(0x0000007f28d00000,0x0000007f28e00000)]
  0x00000210fd5b6820 JavaThread "Daemon worker Thread 2" [_thread_in_Java, id=19568, stack(0x0000007f2a800000,0x0000007f2a900000)]
  0x00000210fb3493b0 JavaThread "Asynchronous log dispatcher for DefaultDaemonConnection: socket connection from /127.0.0.1:53302 to /127.0.0.1:53426" [_thread_blocked, id=20056, stack(0x0000007f2a900000,0x0000007f2aa00000)]
  0x00000210fb348540 JavaThread "Stdin handler" [_thread_blocked, id=16024, stack(0x0000007f2aa00000,0x0000007f2ab00000)]
  0x00000210fb348070 JavaThread "Daemon client event forwarder" [_thread_blocked, id=14576, stack(0x0000007f2ab00000,0x0000007f2ac00000)]
  0x00000210fb348ee0 JavaThread "Cache worker for checksums cache (C:\workspace\Notelass\.gradle\8.0\checksums)" [_thread_blocked, id=18796, stack(0x0000007f2ad00000,0x0000007f2ae00000)]
  0x0000021083101430 JavaThread "Cache worker for cache directory md-rule (C:\Users\user\.gradle\caches\8.0\md-rule)" [_thread_blocked, id=18256, stack(0x0000007f2ae00000,0x0000007f2af00000)]
  0x00000210831035e0 JavaThread "Cache worker for file hash cache (C:\workspace\Notelass\.gradle\8.0\fileHashes)" [_thread_blocked, id=13452, stack(0x0000007f2b600000,0x0000007f2b700000)]
  0x00000210831022a0 JavaThread "Cache worker for cache directory md-supplier (C:\Users\user\.gradle\caches\8.0\md-supplier)" [_thread_blocked, id=8228, stack(0x0000007f2b700000,0x0000007f2b800000)]
  0x00000210864bf170 JavaThread "Cache worker for dependencies-accessors (C:\workspace\Notelass\.gradle\8.0\dependencies-accessors)" [_thread_blocked, id=18528, stack(0x0000007f2ba00000,0x0000007f2bb00000)]
  0x00000210864bf640 JavaThread "Cache worker for Build Output Cleanup Cache (C:\workspace\Notelass\.gradle\buildOutputCleanup)" [_thread_blocked, id=22316, stack(0x0000007f2bb00000,0x0000007f2bc00000)]
  0x00000210864bde30 JavaThread "Unconstrained build operations" [_thread_blocked, id=22444, stack(0x0000007f2bd00000,0x0000007f2be00000)]
  0x00000210864be7d0 JavaThread "Unconstrained build operations Thread 2" [_thread_blocked, id=22412, stack(0x0000007f2be00000,0x0000007f2bf00000)]
  0x00000210864beca0 JavaThread "Unconstrained build operations Thread 3" [_thread_blocked, id=21768, stack(0x0000007f2c500000,0x0000007f2c600000)]
  0x00000210830c1ea0 JavaThread "Unconstrained build operations Thread 4" [_thread_blocked, id=10516, stack(0x0000007f2c600000,0x0000007f2c700000)]
  0x00000210830c2370 JavaThread "Unconstrained build operations Thread 5" [_thread_blocked, id=1544, stack(0x0000007f2ca00000,0x0000007f2cb00000)]
  0x00000210830c49f0 JavaThread "Unconstrained build operations Thread 6" [_thread_blocked, id=15220, stack(0x0000007f2cb00000,0x0000007f2cc00000)]
  0x00000210830c5860 JavaThread "Unconstrained build operations Thread 7" [_thread_blocked, id=4848, stack(0x0000007f2cc00000,0x0000007f2cd00000)]
  0x00000210830c2840 JavaThread "Unconstrained build operations Thread 8" [_thread_blocked, id=19728, stack(0x0000007f2cd00000,0x0000007f2ce00000)]
  0x00000210830c2d10 JavaThread "Unconstrained build operations Thread 9" [_thread_blocked, id=17528, stack(0x0000007f2ce00000,0x0000007f2cf00000)]
  0x0000021085b65320 JavaThread "Unconstrained build operations Thread 10" [_thread_blocked, id=16376, stack(0x0000007f2cf00000,0x0000007f2d000000)]
  0x00000210830c31e0 JavaThread "Unconstrained build operations Thread 11" [_thread_blocked, id=3832, stack(0x0000007f2d000000,0x0000007f2d100000)]
  0x00000210830c36b0 JavaThread "Unconstrained build operations Thread 12" [_thread_blocked, id=12772, stack(0x0000007f2d100000,0x0000007f2d200000)]
  0x00000210830c3b80 JavaThread "Unconstrained build operations Thread 13" [_thread_blocked, id=12420, stack(0x0000007f2d200000,0x0000007f2d300000)]
  0x00000210830c4050 JavaThread "Unconstrained build operations Thread 14" [_thread_blocked, id=13804, stack(0x0000007f2d300000,0x0000007f2d400000)]
  0x00000210830c4520 JavaThread "Unconstrained build operations Thread 15" [_thread_blocked, id=4108, stack(0x0000007f2d400000,0x0000007f2d500000)]
  0x00000210830c4ec0 JavaThread "Unconstrained build operations Thread 16" [_thread_blocked, id=9068, stack(0x0000007f2d500000,0x0000007f2d600000)]
  0x00000210830c5390 JavaThread "Unconstrained build operations Thread 17" [_thread_blocked, id=2788, stack(0x0000007f2d600000,0x0000007f2d700000)]
  0x00000210815da3f0 JavaThread "Unconstrained build operations Thread 18" [_thread_blocked, id=17532, stack(0x0000007f2d700000,0x0000007f2d800000)]
  0x00000210815da8c0 JavaThread "Unconstrained build operations Thread 19" [_thread_blocked, id=10700, stack(0x0000007f2d800000,0x0000007f2d900000)]
  0x00000210815dc0d0 JavaThread "Unconstrained build operations Thread 20" [_thread_blocked, id=13068, stack(0x0000007f2d900000,0x0000007f2da00000)]
  0x00000210815dc5a0 JavaThread "Unconstrained build operations Thread 21" [_thread_blocked, id=14216, stack(0x0000007f2da00000,0x0000007f2db00000)]
  0x00000210815dbc00 JavaThread "Unconstrained build operations Thread 22" [_thread_blocked, id=5512, stack(0x0000007f2db00000,0x0000007f2dc00000)]
  0x00000210815dcf40 JavaThread "Unconstrained build operations Thread 23" [_thread_blocked, id=4844, stack(0x0000007f2dc00000,0x0000007f2dd00000)]
  0x00000210815dca70 JavaThread "Unconstrained build operations Thread 24" [_thread_blocked, id=19076, stack(0x0000007f2dd00000,0x0000007f2de00000)]
  0x00000210815dd8e0 JavaThread "Unconstrained build operations Thread 25" [_thread_blocked, id=6612, stack(0x0000007f2de00000,0x0000007f2df00000)]
  0x00000210815d9f20 JavaThread "Unconstrained build operations Thread 26" [_thread_blocked, id=14260, stack(0x0000007f2df00000,0x0000007f2e000000)]
  0x00000210815dd410 JavaThread "Unconstrained build operations Thread 27" [_thread_blocked, id=11604, stack(0x0000007f2e000000,0x0000007f2e100000)]
  0x00000210815dad90 JavaThread "Unconstrained build operations Thread 28" [_thread_blocked, id=21020, stack(0x0000007f2e100000,0x0000007f2e200000)]
  0x00000210815db260 JavaThread "Unconstrained build operations Thread 29" [_thread_blocked, id=14148, stack(0x0000007f2e200000,0x0000007f2e300000)]
  0x00000210815db730 JavaThread "Unconstrained build operations Thread 30" [_thread_blocked, id=10244, stack(0x0000007f2e300000,0x0000007f2e400000)]
  0x00000210fbd2c450 JavaThread "Unconstrained build operations Thread 31" [_thread_blocked, id=18868, stack(0x0000007f2e400000,0x0000007f2e500000)]
  0x00000210fbd2ead0 JavaThread "Unconstrained build operations Thread 32" [_thread_blocked, id=5540, stack(0x0000007f2e500000,0x0000007f2e600000)]
  0x00000210fbd2dc60 JavaThread "Unconstrained build operations Thread 33" [_thread_blocked, id=18428, stack(0x0000007f2e600000,0x0000007f2e700000)]
  0x00000210fbd2e600 JavaThread "Unconstrained build operations Thread 34" [_thread_blocked, id=19092, stack(0x0000007f2e700000,0x0000007f2e800000)]
  0x00000210fbd2c920 JavaThread "Unconstrained build operations Thread 35" [_thread_blocked, id=18532, stack(0x0000007f2e800000,0x0000007f2e900000)]
  0x00000210fbd2b5e0 JavaThread "Unconstrained build operations Thread 36" [_thread_blocked, id=5500, stack(0x0000007f2e900000,0x0000007f2ea00000)]
  0x00000210fbd2e130 JavaThread "Unconstrained build operations Thread 37" [_thread_blocked, id=9232, stack(0x0000007f2ea00000,0x0000007f2eb00000)]
  0x00000210fbd2d2c0 JavaThread "Unconstrained build operations Thread 38" [_thread_blocked, id=21800, stack(0x0000007f2eb00000,0x0000007f2ec00000)]
  0x00000210fbd2bab0 JavaThread "Unconstrained build operations Thread 39" [_thread_blocked, id=17428, stack(0x0000007f2ec00000,0x0000007f2ed00000)]
  0x00000210fbd2cdf0 JavaThread "Unconstrained build operations Thread 40" [_thread_blocked, id=18416, stack(0x0000007f2ed00000,0x0000007f2ee00000)]
  0x00000210fbd2bf80 JavaThread "Unconstrained build operations Thread 41" [_thread_blocked, id=18408, stack(0x0000007f2ee00000,0x0000007f2ef00000)]
  0x00000210fbd2d790 JavaThread "Unconstrained build operations Thread 42" [_thread_blocked, id=19044, stack(0x0000007f2ef00000,0x0000007f2f000000)]
  0x00000210fbd2efa0 JavaThread "Unconstrained build operations Thread 43" [_thread_blocked, id=11468, stack(0x0000007f2f000000,0x0000007f2f100000)]
  0x00000210830bc060 JavaThread "Unconstrained build operations Thread 44" [_thread_blocked, id=15744, stack(0x0000007f2f100000,0x0000007f2f200000)]
  0x00000210830bc530 JavaThread "Unconstrained build operations Thread 45" [_thread_blocked, id=9928, stack(0x0000007f2f200000,0x0000007f2f300000)]
  0x00000210830bca00 JavaThread "Unconstrained build operations Thread 46" [_thread_blocked, id=3628, stack(0x0000007f2f300000,0x0000007f2f400000)]
  0x00000210830ba850 JavaThread "Unconstrained build operations Thread 47" [_thread_blocked, id=19788, stack(0x0000007f2f400000,0x0000007f2f500000)]
  0x00000210830bb6c0 JavaThread "Unconstrained build operations Thread 48" [_thread_blocked, id=4940, stack(0x0000007f2f500000,0x0000007f2f600000)]
  0x00000210830bced0 JavaThread "Unconstrained build operations Thread 49" [_thread_blocked, id=20384, stack(0x0000007f2f600000,0x0000007f2f700000)]
  0x00000210830bd3a0 JavaThread "Unconstrained build operations Thread 50" [_thread_blocked, id=3856, stack(0x0000007f2f700000,0x0000007f2f800000)]
  0x00000210830bad20 JavaThread "Unconstrained build operations Thread 51" [_thread_blocked, id=3488, stack(0x0000007f2f800000,0x0000007f2f900000)]
  0x00000210830bd870 JavaThread "Unconstrained build operations Thread 52" [_thread_blocked, id=18624, stack(0x0000007f2f900000,0x0000007f2fa00000)]
  0x00000210830b9eb0 JavaThread "Unconstrained build operations Thread 53" [_thread_blocked, id=14716, stack(0x0000007f2fa00000,0x0000007f2fb00000)]
  0x00000210830bbb90 JavaThread "Unconstrained build operations Thread 54" [_thread_blocked, id=9708, stack(0x0000007f2fb00000,0x0000007f2fc00000)]
  0x00000210830bb1f0 JavaThread "Unconstrained build operations Thread 55" [_thread_blocked, id=15508, stack(0x0000007f2fc00000,0x0000007f2fd00000)]
  0x00000210830ba380 JavaThread "Unconstrained build operations Thread 56" [_thread_blocked, id=19964, stack(0x0000007f2fd00000,0x0000007f2fe00000)]
  0x00000210fec61a30 JavaThread "Unconstrained build operations Thread 57" [_thread_blocked, id=1744, stack(0x0000007f2fe00000,0x0000007f2ff00000)]
  0x00000210fec62d70 JavaThread "Unconstrained build operations Thread 58" [_thread_blocked, id=18196, stack(0x0000007f2ff00000,0x0000007f30000000)]
  0x00000210fec61090 JavaThread "Unconstrained build operations Thread 59" [_thread_blocked, id=22364, stack(0x0000007f30000000,0x0000007f30100000)]
  0x00000210fec63240 JavaThread "Unconstrained build operations Thread 60" [_thread_blocked, id=5000, stack(0x0000007f30100000,0x0000007f30200000)]
  0x00000210fec623d0 JavaThread "Unconstrained build operations Thread 61" [_thread_blocked, id=1616, stack(0x0000007f30200000,0x0000007f30300000)]
  0x00000210fec628a0 JavaThread "Unconstrained build operations Thread 62" [_thread_blocked, id=6552, stack(0x0000007f30300000,0x0000007f30400000)]
  0x00000210fec5f880 JavaThread "Unconstrained build operations Thread 63" [_thread_blocked, id=16356, stack(0x0000007f30400000,0x0000007f30500000)]
  0x00000210fec5fd50 JavaThread "Unconstrained build operations Thread 64" [_thread_blocked, id=12060, stack(0x0000007f30500000,0x0000007f30600000)]
  0x00000210fec61f00 JavaThread "Unconstrained build operations Thread 65" [_thread_blocked, id=14724, stack(0x0000007f30600000,0x0000007f30700000)]
  0x00000210fec60220 JavaThread "Unconstrained build operations Thread 66" [_thread_blocked, id=19900, stack(0x0000007f30700000,0x0000007f30800000)]
  0x00000210fec60bc0 JavaThread "Unconstrained build operations Thread 67" [_thread_blocked, id=12456, stack(0x0000007f30800000,0x0000007f30900000)]
  0x00000210fec606f0 JavaThread "Unconstrained build operations Thread 68" [_thread_blocked, id=15104, stack(0x0000007f30900000,0x0000007f30a00000)]
  0x00000210fec61560 JavaThread "Unconstrained build operations Thread 69" [_thread_blocked, id=3232, stack(0x0000007f30a00000,0x0000007f30b00000)]
  0x00000210fd825100 JavaThread "Unconstrained build operations Thread 70" [_thread_blocked, id=18724, stack(0x0000007f30b00000,0x0000007f30c00000)]
  0x00000210fd825f70 JavaThread "Unconstrained build operations Thread 71" [_thread_blocked, id=2836, stack(0x0000007f30c00000,0x0000007f30d00000)]
  0x00000210fd824290 JavaThread "Unconstrained build operations Thread 72" [_thread_blocked, id=18004, stack(0x0000007f30d00000,0x0000007f30e00000)]
  0x00000210fd824c30 JavaThread "Unconstrained build operations Thread 73" [_thread_blocked, id=9248, stack(0x0000007f30e00000,0x0000007f30f00000)]
  0x00000210fd823dc0 JavaThread "Unconstrained build operations Thread 74" [_thread_blocked, id=8976, stack(0x0000007f30f00000,0x0000007f31000000)]
  0x00000210fd823420 JavaThread "Unconstrained build operations Thread 75" [_thread_blocked, id=15064, stack(0x0000007f31000000,0x0000007f31100000)]
  0x00000210fd8255d0 JavaThread "Unconstrained build operations Thread 76" [_thread_blocked, id=3012, stack(0x0000007f31100000,0x0000007f31200000)]
  0x00000210fd822f50 JavaThread "Unconstrained build operations Thread 77" [_thread_blocked, id=9636, stack(0x0000007f31200000,0x0000007f31300000)]
  0x00000210fd824760 JavaThread "Unconstrained build operations Thread 78" [_thread_blocked, id=21592, stack(0x0000007f31300000,0x0000007f31400000)]
  0x00000210fd825aa0 JavaThread "Unconstrained build operations Thread 79" [_thread_blocked, id=1920, stack(0x0000007f31400000,0x0000007f31500000)]
  0x00000210fd826440 JavaThread "Unconstrained build operations Thread 80" [_thread_blocked, id=7828, stack(0x0000007f31500000,0x0000007f31600000)]
  0x0000021083102770 JavaThread "build event listener" [_thread_blocked, id=17196, stack(0x0000007f2ac00000,0x0000007f2ad00000)]
=>0x00000210fe61d400 JavaThread "C2 CompilerThread1" daemon [_thread_in_native, id=18744, stack(0x0000007f31600000,0x0000007f31700000)]

Other Threads:
  0x00000210fa0a5320 VMThread "VM Thread" [stack: 0x0000007f29400000,0x0000007f29500000] [id=13480]
  0x00000210fae02090 WatcherThread [stack: 0x0000007f2a000000,0x0000007f2a100000] [id=14928]
  0x00000210e02a4e80 GCTaskThread "GC Thread#0" [stack: 0x0000007f28f00000,0x0000007f29000000] [id=22348]
  0x00000210fb57c420 GCTaskThread "GC Thread#1" [stack: 0x0000007f2a200000,0x0000007f2a300000] [id=9596]
  0x00000210fb57c170 GCTaskThread "GC Thread#2" [stack: 0x0000007f2a300000,0x0000007f2a400000] [id=9048]
  0x00000210fb57cc30 GCTaskThread "GC Thread#3" [stack: 0x0000007f2a400000,0x0000007f2a500000] [id=3284]
  0x00000210fb57cee0 GCTaskThread "GC Thread#4" [stack: 0x0000007f2a500000,0x0000007f2a600000] [id=11808]
  0x00000210fb57b400 GCTaskThread "GC Thread#5" [stack: 0x0000007f2af00000,0x0000007f2b000000] [id=17940]
  0x00000210fb57b6b0 GCTaskThread "GC Thread#6" [stack: 0x0000007f2b000000,0x0000007f2b100000] [id=8900]
  0x00000210fb57b960 GCTaskThread "GC Thread#7" [stack: 0x0000007f2b100000,0x0000007f2b200000] [id=5992]
  0x00000210e02b6560 ConcurrentGCThread "G1 Main Marker" [stack: 0x0000007f29000000,0x0000007f29100000] [id=22296]
  0x00000210e02b6f70 ConcurrentGCThread "G1 Conc#0" [stack: 0x0000007f29100000,0x0000007f29200000] [id=11648]
  0x00000210fb57bec0 ConcurrentGCThread "G1 Conc#1" [stack: 0x0000007f2b200000,0x0000007f2b300000] [id=15056]
  0x00000210e030e8f0 ConcurrentGCThread "G1 Refine#0" [stack: 0x0000007f29200000,0x0000007f29300000] [id=20036]
  0x00000210fecefe60 ConcurrentGCThread "G1 Refine#1" [stack: 0x0000007f2c800000,0x0000007f2c900000] [id=17420]
  0x00000210f9ef4820 ConcurrentGCThread "G1 Service" [stack: 0x0000007f29300000,0x0000007f29400000] [id=4612]

Threads with active compile tasks:
C2 CompilerThread0   260854 17045       4       org.gradle.internal.service.DefaultServiceRegistry$ClassInspector$ClassDetails::collectTypes (63 bytes)
C1 CompilerThread0   260854 17139       3       org.gradle.internal.event.BroadcastDispatch$CompositeDispatch::add (109 bytes)
C2 CompilerThread1   260854 17032   !   4       com.google.common.cache.LocalCache$Segment::lockedGetOrLoad (447 bytes)

VM state: not at safepoint (normal execution)

VM Mutex/Monitor currently owned by a thread: None

Heap address: 0x0000000080000000, size: 2048 MB, Compressed Oops mode: 32-bit

CDS archive(s) not mapped
Compressed class space mapped at: 0x0000000100000000-0x0000000140000000, reserved size: 1073741824
Narrow klass base: 0x0000000000000000, Narrow klass shift: 3, Narrow klass range: 0x140000000

GC Precious Log:
 CPUs: 8 total, 8 available
 Memory: 7865M
 Large Page Support: Disabled
 NUMA Support: Disabled
 Compressed Oops: Enabled (32-bit)
 Heap Region Size: 1M
 Heap Min Capacity: 8M
 Heap Initial Capacity: 124M
 Heap Max Capacity: 2G
 Pre-touch: Disabled
 Parallel Workers: 8
 Concurrent Workers: 2
 Concurrent Refinement Workers: 8
 Periodic GC: Disabled

Heap:
 garbage-first heap   total 269312K, used 214528K [0x0000000080000000, 0x0000000100000000)
  region size 1024K, 73 young (74752K), 5 survivors (5120K)
 Metaspace       used 122322K, committed 123200K, reserved 1163264K
  class space    used 16154K, committed 16576K, reserved 1048576K

Heap Regions: E=young(eden), S=young(survivor), O=old, HS=humongous(starts), HC=humongous(continues), CS=collection set, F=free, OA=open archive, CA=closed archive, TAMS=top-at-mark-start (previous, next)
|   0|0x0000000080000000, 0x0000000080100000, 0x0000000080100000|100%|HS|  |TAMS 0x0000000080100000, 0x0000000080000000| Complete 
|   1|0x0000000080100000, 0x0000000080200000, 0x0000000080200000|100%|HC|  |TAMS 0x0000000080200000, 0x0000000080100000| Complete 
|   2|0x0000000080200000, 0x0000000080300000, 0x0000000080300000|100%|HC|  |TAMS 0x0000000080300000, 0x0000000080200000| Complete 
|   3|0x0000000080300000, 0x0000000080400000, 0x0000000080400000|100%|HC|  |TAMS 0x0000000080400000, 0x0000000080300000| Complete 
|   4|0x0000000080400000, 0x0000000080500000, 0x0000000080500000|100%| O|  |TAMS 0x0000000080500000, 0x0000000080400000| Untracked 
|   5|0x0000000080500000, 0x0000000080600000, 0x0000000080600000|100%| O|  |TAMS 0x0000000080600000, 0x0000000080500000| Untracked 
|   6|0x0000000080600000, 0x0000000080700000, 0x0000000080700000|100%| O|  |TAMS 0x0000000080700000, 0x0000000080600000| Untracked 
|   7|0x0000000080700000, 0x0000000080800000, 0x0000000080800000|100%| O|  |TAMS 0x0000000080800000, 0x0000000080700000| Untracked 
|   8|0x0000000080800000, 0x0000000080900000, 0x0000000080900000|100%| O|  |TAMS 0x0000000080900000, 0x0000000080800000| Untracked 
|   9|0x0000000080900000, 0x0000000080a00000, 0x0000000080a00000|100%| O|  |TAMS 0x0000000080a00000, 0x0000000080900000| Untracked 
|  10|0x0000000080a00000, 0x0000000080b00000, 0x0000000080b00000|100%| O|  |TAMS 0x0000000080b00000, 0x0000000080a00000| Untracked 
|  11|0x0000000080b00000, 0x0000000080c00000, 0x0000000080c00000|100%| O|  |TAMS 0x0000000080c00000, 0x0000000080b00000| Untracked 
|  12|0x0000000080c00000, 0x0000000080d00000, 0x0000000080d00000|100%| O|  |TAMS 0x0000000080d00000, 0x0000000080c00000| Untracked 
|  13|0x0000000080d00000, 0x0000000080e00000, 0x0000000080e00000|100%| O|  |TAMS 0x0000000080e00000, 0x0000000080d00000| Untracked 
|  14|0x0000000080e00000, 0x0000000080f00000, 0x0000000080f00000|100%| O|  |TAMS 0x0000000080f00000, 0x0000000080e00000| Untracked 
|  15|0x0000000080f00000, 0x0000000081000000, 0x0000000081000000|100%| O|  |TAMS 0x0000000081000000, 0x0000000080f00000| Untracked 
|  16|0x0000000081000000, 0x0000000081100000, 0x0000000081100000|100%| O|  |TAMS 0x0000000081100000, 0x0000000081000000| Untracked 
|  17|0x0000000081100000, 0x0000000081200000, 0x0000000081200000|100%| O|  |TAMS 0x0000000081200000, 0x0000000081100000| Untracked 
|  18|0x0000000081200000, 0x0000000081300000, 0x0000000081300000|100%| O|  |TAMS 0x0000000081300000, 0x0000000081200000| Untracked 
|  19|0x0000000081300000, 0x0000000081400000, 0x0000000081400000|100%| O|  |TAMS 0x0000000081400000, 0x0000000081300000| Untracked 
|  20|0x0000000081400000, 0x0000000081500000, 0x0000000081500000|100%| O|  |TAMS 0x0000000081500000, 0x0000000081400000| Untracked 
|  21|0x0000000081500000, 0x0000000081600000, 0x0000000081600000|100%| O|  |TAMS 0x0000000081600000, 0x0000000081500000| Untracked 
|  22|0x0000000081600000, 0x0000000081700000, 0x0000000081700000|100%| O|  |TAMS 0x0000000081700000, 0x0000000081600000| Untracked 
|  23|0x0000000081700000, 0x0000000081800000, 0x0000000081800000|100%| O|  |TAMS 0x0000000081800000, 0x0000000081700000| Untracked 
|  24|0x0000000081800000, 0x0000000081900000, 0x0000000081900000|100%| O|  |TAMS 0x0000000081900000, 0x0000000081800000| Untracked 
|  25|0x0000000081900000, 0x0000000081a00000, 0x0000000081a00000|100%| O|  |TAMS 0x0000000081a00000, 0x0000000081900000| Untracked 
|  26|0x0000000081a00000, 0x0000000081b00000, 0x0000000081b00000|100%| O|  |TAMS 0x0000000081b00000, 0x0000000081a00000| Untracked 
|  27|0x0000000081b00000, 0x0000000081c00000, 0x0000000081c00000|100%| O|  |TAMS 0x0000000081c00000, 0x0000000081b00000| Untracked 
|  28|0x0000000081c00000, 0x0000000081d00000, 0x0000000081d00000|100%| O|  |TAMS 0x0000000081d00000, 0x0000000081c00000| Untracked 
|  29|0x0000000081d00000, 0x0000000081e00000, 0x0000000081e00000|100%| O|  |TAMS 0x0000000081e00000, 0x0000000081d00000| Untracked 
|  30|0x0000000081e00000, 0x0000000081f00000, 0x0000000081f00000|100%| O|  |TAMS 0x0000000081f00000, 0x0000000081e00000| Untracked 
|  31|0x0000000081f00000, 0x0000000082000000, 0x0000000082000000|100%| O|  |TAMS 0x0000000082000000, 0x0000000081f00000| Untracked 
|  32|0x0000000082000000, 0x0000000082100000, 0x0000000082100000|100%| O|  |TAMS 0x0000000082100000, 0x0000000082000000| Untracked 
|  33|0x0000000082100000, 0x0000000082200000, 0x0000000082200000|100%| O|  |TAMS 0x0000000082200000, 0x0000000082100000| Untracked 
|  34|0x0000000082200000, 0x0000000082300000, 0x0000000082300000|100%| O|  |TAMS 0x0000000082300000, 0x0000000082200000| Untracked 
|  35|0x0000000082300000, 0x0000000082400000, 0x0000000082400000|100%| O|  |TAMS 0x0000000082400000, 0x0000000082300000| Untracked 
|  36|0x0000000082400000, 0x0000000082500000, 0x0000000082500000|100%| O|  |TAMS 0x0000000082500000, 0x0000000082400000| Untracked 
|  37|0x0000000082500000, 0x0000000082600000, 0x0000000082600000|100%| O|  |TAMS 0x0000000082600000, 0x0000000082500000| Untracked 
|  38|0x0000000082600000, 0x0000000082700000, 0x0000000082700000|100%| O|  |TAMS 0x0000000082600000, 0x0000000082600000| Untracked 
|  39|0x0000000082700000, 0x0000000082800000, 0x0000000082800000|100%| O|  |TAMS 0x0000000082800000, 0x0000000082700000| Untracked 
|  40|0x0000000082800000, 0x0000000082900000, 0x0000000082900000|100%| O|  |TAMS 0x0000000082800000, 0x0000000082800000| Untracked 
|  41|0x0000000082900000, 0x0000000082a00000, 0x0000000082a00000|100%| O|  |TAMS 0x0000000082a00000, 0x0000000082900000| Untracked 
|  42|0x0000000082a00000, 0x0000000082b00000, 0x0000000082b00000|100%| O|  |TAMS 0x0000000082b00000, 0x0000000082a00000| Untracked 
|  43|0x0000000082b00000, 0x0000000082c00000, 0x0000000082c00000|100%|HS|  |TAMS 0x0000000082c00000, 0x0000000082b00000| Complete 
|  44|0x0000000082c00000, 0x0000000082d00000, 0x0000000082d00000|100%|HS|  |TAMS 0x0000000082d00000, 0x0000000082c00000| Complete 
|  45|0x0000000082d00000, 0x0000000082e00000, 0x0000000082e00000|100%|HS|  |TAMS 0x0000000082e00000, 0x0000000082d00000| Complete 
|  46|0x0000000082e00000, 0x0000000082f00000, 0x0000000082f00000|100%|HS|  |TAMS 0x0000000082f00000, 0x0000000082e00000| Complete 
|  47|0x0000000082f00000, 0x0000000083000000, 0x0000000083000000|100%|HC|  |TAMS 0x0000000083000000, 0x0000000082f00000| Complete 
|  48|0x0000000083000000, 0x0000000083100000, 0x0000000083100000|100%|HS|  |TAMS 0x0000000083100000, 0x0000000083000000| Complete 
|  49|0x0000000083100000, 0x0000000083200000, 0x0000000083200000|100%|HC|  |TAMS 0x0000000083200000, 0x0000000083100000| Complete 
|  50|0x0000000083200000, 0x0000000083300000, 0x0000000083300000|100%|HC|  |TAMS 0x0000000083300000, 0x0000000083200000| Complete 
|  51|0x0000000083300000, 0x0000000083400000, 0x0000000083400000|100%|HC|  |TAMS 0x0000000083400000, 0x0000000083300000| Complete 
|  52|0x0000000083400000, 0x0000000083500000, 0x0000000083500000|100%| O|  |TAMS 0x0000000083500000, 0x0000000083400000| Untracked 
|  53|0x0000000083500000, 0x0000000083600000, 0x0000000083600000|100%| O|  |TAMS 0x0000000083600000, 0x0000000083500000| Untracked 
|  54|0x0000000083600000, 0x0000000083700000, 0x0000000083700000|100%| O|  |TAMS 0x0000000083700000, 0x0000000083600000| Untracked 
|  55|0x0000000083700000, 0x0000000083800000, 0x0000000083800000|100%| O|  |TAMS 0x0000000083800000, 0x0000000083700000| Untracked 
|  56|0x0000000083800000, 0x0000000083900000, 0x0000000083900000|100%| O|  |TAMS 0x0000000083900000, 0x0000000083800000| Untracked 
|  57|0x0000000083900000, 0x0000000083a00000, 0x0000000083a00000|100%| O|  |TAMS 0x0000000083a00000, 0x0000000083900000| Untracked 
|  58|0x0000000083a00000, 0x0000000083b00000, 0x0000000083b00000|100%| O|  |TAMS 0x0000000083b00000, 0x0000000083a00000| Untracked 
|  59|0x0000000083b00000, 0x0000000083c00000, 0x0000000083c00000|100%| O|  |TAMS 0x0000000083c00000, 0x0000000083b00000| Untracked 
|  60|0x0000000083c00000, 0x0000000083d00000, 0x0000000083d00000|100%| O|  |TAMS 0x0000000083d00000, 0x0000000083c00000| Untracked 
|  61|0x0000000083d00000, 0x0000000083e00000, 0x0000000083e00000|100%| O|  |TAMS 0x0000000083e00000, 0x0000000083d00000| Untracked 
|  62|0x0000000083e00000, 0x0000000083f00000, 0x0000000083f00000|100%| O|  |TAMS 0x0000000083f00000, 0x0000000083e00000| Untracked 
|  63|0x0000000083f00000, 0x0000000084000000, 0x0000000084000000|100%| O|  |TAMS 0x0000000084000000, 0x0000000083f00000| Untracked 
|  64|0x0000000084000000, 0x0000000084100000, 0x0000000084100000|100%| O|  |TAMS 0x0000000084100000, 0x0000000084000000| Untracked 
|  65|0x0000000084100000, 0x0000000084200000, 0x0000000084200000|100%| O|  |TAMS 0x0000000084200000, 0x0000000084100000| Untracked 
|  66|0x0000000084200000, 0x0000000084300000, 0x0000000084300000|100%| O|  |TAMS 0x0000000084200000, 0x0000000084200000| Untracked 
|  67|0x0000000084300000, 0x0000000084400000, 0x0000000084400000|100%| O|  |TAMS 0x0000000084400000, 0x0000000084300000| Untracked 
|  68|0x0000000084400000, 0x0000000084500000, 0x0000000084500000|100%| O|  |TAMS 0x0000000084500000, 0x0000000084400000| Untracked 
|  69|0x0000000084500000, 0x0000000084600000, 0x0000000084600000|100%| O|  |TAMS 0x0000000084600000, 0x0000000084500000| Untracked 
|  70|0x0000000084600000, 0x0000000084700000, 0x0000000084700000|100%| O|  |TAMS 0x0000000084700000, 0x0000000084600000| Untracked 
|  71|0x0000000084700000, 0x0000000084800000, 0x0000000084800000|100%| O|  |TAMS 0x0000000084800000, 0x0000000084700000| Untracked 
|  72|0x0000000084800000, 0x0000000084900000, 0x0000000084900000|100%| O|  |TAMS 0x0000000084900000, 0x0000000084800000| Untracked 
|  73|0x0000000084900000, 0x0000000084a00000, 0x0000000084a00000|100%| O|  |TAMS 0x0000000084a00000, 0x0000000084900000| Untracked 
|  74|0x0000000084a00000, 0x0000000084b00000, 0x0000000084b00000|100%| O|  |TAMS 0x0000000084a98a00, 0x0000000084a00000| Untracked 
|  75|0x0000000084b00000, 0x0000000084c00000, 0x0000000084c00000|100%| O|  |TAMS 0x0000000084b00000, 0x0000000084b00000| Untracked 
|  76|0x0000000084c00000, 0x0000000084d00000, 0x0000000084d00000|100%| O|  |TAMS 0x0000000084c00000, 0x0000000084c00000| Untracked 
|  77|0x0000000084d00000, 0x0000000084e00000, 0x0000000084e00000|100%| O|  |TAMS 0x0000000084d00000, 0x0000000084d00000| Untracked 
|  78|0x0000000084e00000, 0x0000000084f00000, 0x0000000084f00000|100%| O|  |TAMS 0x0000000084e00000, 0x0000000084e00000| Untracked 
|  79|0x0000000084f00000, 0x0000000085000000, 0x0000000085000000|100%| O|  |TAMS 0x0000000084f00000, 0x0000000084f00000| Untracked 
|  80|0x0000000085000000, 0x0000000085100000, 0x0000000085100000|100%| O|  |TAMS 0x0000000085000000, 0x0000000085000000| Untracked 
|  81|0x0000000085100000, 0x0000000085200000, 0x0000000085200000|100%| O|  |TAMS 0x0000000085100000, 0x0000000085100000| Untracked 
|  82|0x0000000085200000, 0x0000000085300000, 0x0000000085300000|100%| O|  |TAMS 0x0000000085200000, 0x0000000085200000| Untracked 
|  83|0x0000000085300000, 0x0000000085400000, 0x0000000085400000|100%| O|  |TAMS 0x0000000085300000, 0x0000000085300000| Untracked 
|  84|0x0000000085400000, 0x0000000085500000, 0x0000000085500000|100%| O|  |TAMS 0x0000000085400000, 0x0000000085400000| Untracked 
|  85|0x0000000085500000, 0x0000000085600000, 0x0000000085600000|100%| O|  |TAMS 0x0000000085500000, 0x0000000085500000| Untracked 
|  86|0x0000000085600000, 0x0000000085700000, 0x0000000085700000|100%| O|  |TAMS 0x0000000085600000, 0x0000000085600000| Untracked 
|  87|0x0000000085700000, 0x0000000085800000, 0x0000000085800000|100%| O|  |TAMS 0x0000000085700000, 0x0000000085700000| Untracked 
|  88|0x0000000085800000, 0x0000000085900000, 0x0000000085900000|100%| O|  |TAMS 0x0000000085800000, 0x0000000085800000| Untracked 
|  89|0x0000000085900000, 0x0000000085a00000, 0x0000000085a00000|100%| O|  |TAMS 0x0000000085900000, 0x0000000085900000| Untracked 
|  90|0x0000000085a00000, 0x0000000085b00000, 0x0000000085b00000|100%| O|  |TAMS 0x0000000085a00000, 0x0000000085a00000| Untracked 
|  91|0x0000000085b00000, 0x0000000085c00000, 0x0000000085c00000|100%| O|  |TAMS 0x0000000085b00000, 0x0000000085b00000| Untracked 
|  92|0x0000000085c00000, 0x0000000085d00000, 0x0000000085d00000|100%| O|  |TAMS 0x0000000085c00000, 0x0000000085c00000| Untracked 
|  93|0x0000000085d00000, 0x0000000085e00000, 0x0000000085e00000|100%| O|  |TAMS 0x0000000085d00000, 0x0000000085d00000| Untracked 
|  94|0x0000000085e00000, 0x0000000085f00000, 0x0000000085f00000|100%| O|  |TAMS 0x0000000085e00000, 0x0000000085e00000| Untracked 
|  95|0x0000000085f00000, 0x0000000086000000, 0x0000000086000000|100%| O|  |TAMS 0x0000000085f00000, 0x0000000085f00000| Untracked 
|  96|0x0000000086000000, 0x0000000086100000, 0x0000000086100000|100%| O|  |TAMS 0x0000000086000000, 0x0000000086000000| Untracked 
|  97|0x0000000086100000, 0x0000000086200000, 0x0000000086200000|100%| O|  |TAMS 0x0000000086100000, 0x0000000086100000| Untracked 
|  98|0x0000000086200000, 0x0000000086300000, 0x0000000086300000|100%| O|  |TAMS 0x0000000086200000, 0x0000000086200000| Untracked 
|  99|0x0000000086300000, 0x0000000086400000, 0x0000000086400000|100%| O|  |TAMS 0x0000000086300000, 0x0000000086300000| Untracked 
| 100|0x0000000086400000, 0x0000000086500000, 0x0000000086500000|100%| O|  |TAMS 0x0000000086400000, 0x0000000086400000| Untracked 
| 101|0x0000000086500000, 0x0000000086600000, 0x0000000086600000|100%| O|  |TAMS 0x0000000086500000, 0x0000000086500000| Untracked 
| 102|0x0000000086600000, 0x0000000086700000, 0x0000000086700000|100%| O|  |TAMS 0x0000000086600000, 0x0000000086600000| Untracked 
| 103|0x0000000086700000, 0x0000000086800000, 0x0000000086800000|100%| O|  |TAMS 0x0000000086700000, 0x0000000086700000| Untracked 
| 104|0x0000000086800000, 0x0000000086900000, 0x0000000086900000|100%| O|  |TAMS 0x0000000086800000, 0x0000000086800000| Untracked 
| 105|0x0000000086900000, 0x0000000086a00000, 0x0000000086a00000|100%| O|  |TAMS 0x0000000086900000, 0x0000000086900000| Untracked 
| 106|0x0000000086a00000, 0x0000000086b00000, 0x0000000086b00000|100%| O|  |TAMS 0x0000000086a00000, 0x0000000086a00000| Untracked 
| 107|0x0000000086b00000, 0x0000000086c00000, 0x0000000086c00000|100%| O|  |TAMS 0x0000000086b00000, 0x0000000086b00000| Untracked 
| 108|0x0000000086c00000, 0x0000000086d00000, 0x0000000086d00000|100%| O|  |TAMS 0x0000000086c00000, 0x0000000086c00000| Untracked 
| 109|0x0000000086d00000, 0x0000000086e00000, 0x0000000086e00000|100%| O|  |TAMS 0x0000000086d00000, 0x0000000086d00000| Untracked 
| 110|0x0000000086e00000, 0x0000000086f00000, 0x0000000086f00000|100%| O|  |TAMS 0x0000000086e00000, 0x0000000086e00000| Untracked 
| 111|0x0000000086f00000, 0x0000000087000000, 0x0000000087000000|100%| O|  |TAMS 0x0000000086f00000, 0x0000000086f00000| Untracked 
| 112|0x0000000087000000, 0x0000000087100000, 0x0000000087100000|100%| O|  |TAMS 0x0000000087000000, 0x0000000087000000| Untracked 
| 113|0x0000000087100000, 0x0000000087200000, 0x0000000087200000|100%| O|  |TAMS 0x0000000087100000, 0x0000000087100000| Untracked 
| 114|0x0000000087200000, 0x0000000087300000, 0x0000000087300000|100%| O|  |TAMS 0x0000000087200000, 0x0000000087200000| Untracked 
| 115|0x0000000087300000, 0x0000000087400000, 0x0000000087400000|100%| O|  |TAMS 0x0000000087300000, 0x0000000087300000| Untracked 
| 116|0x0000000087400000, 0x0000000087500000, 0x0000000087500000|100%| O|  |TAMS 0x0000000087400000, 0x0000000087400000| Untracked 
| 117|0x0000000087500000, 0x0000000087600000, 0x0000000087600000|100%| O|  |TAMS 0x0000000087500000, 0x0000000087500000| Untracked 
| 118|0x0000000087600000, 0x0000000087700000, 0x0000000087700000|100%| O|  |TAMS 0x0000000087600000, 0x0000000087600000| Untracked 
| 119|0x0000000087700000, 0x0000000087800000, 0x0000000087800000|100%| O|  |TAMS 0x0000000087700000, 0x0000000087700000| Untracked 
| 120|0x0000000087800000, 0x0000000087900000, 0x0000000087900000|100%| O|  |TAMS 0x0000000087800000, 0x0000000087800000| Untracked 
| 121|0x0000000087900000, 0x0000000087a00000, 0x0000000087a00000|100%| O|  |TAMS 0x0000000087900000, 0x0000000087900000| Untracked 
| 122|0x0000000087a00000, 0x0000000087b00000, 0x0000000087b00000|100%| O|  |TAMS 0x0000000087a00000, 0x0000000087a00000| Untracked 
| 123|0x0000000087b00000, 0x0000000087c00000, 0x0000000087c00000|100%| O|  |TAMS 0x0000000087b00000, 0x0000000087b00000| Untracked 
| 124|0x0000000087c00000, 0x0000000087d00000, 0x0000000087d00000|100%| O|  |TAMS 0x0000000087c00000, 0x0000000087c00000| Untracked 
| 125|0x0000000087d00000, 0x0000000087e00000, 0x0000000087e00000|100%| O|  |TAMS 0x0000000087d00000, 0x0000000087d00000| Untracked 
| 126|0x0000000087e00000, 0x0000000087f00000, 0x0000000087f00000|100%| O|  |TAMS 0x0000000087e00000, 0x0000000087e00000| Untracked 
| 127|0x0000000087f00000, 0x0000000088000000, 0x0000000088000000|100%| O|  |TAMS 0x0000000087f00000, 0x0000000087f00000| Untracked 
| 128|0x0000000088000000, 0x0000000088100000, 0x0000000088100000|100%| O|  |TAMS 0x0000000088000000, 0x0000000088000000| Untracked 
| 129|0x0000000088100000, 0x0000000088200000, 0x0000000088200000|100%| O|  |TAMS 0x0000000088100000, 0x0000000088100000| Untracked 
| 130|0x0000000088200000, 0x0000000088300000, 0x0000000088300000|100%| O|  |TAMS 0x0000000088200000, 0x0000000088200000| Untracked 
| 131|0x0000000088300000, 0x0000000088400000, 0x0000000088400000|100%| O|  |TAMS 0x0000000088300000, 0x0000000088300000| Untracked 
| 132|0x0000000088400000, 0x0000000088500000, 0x0000000088500000|100%| O|  |TAMS 0x0000000088400000, 0x0000000088400000| Untracked 
| 133|0x0000000088500000, 0x0000000088600000, 0x0000000088600000|100%| O|  |TAMS 0x0000000088500000, 0x0000000088500000| Untracked 
| 134|0x0000000088600000, 0x0000000088700000, 0x0000000088700000|100%| O|  |TAMS 0x0000000088600000, 0x0000000088600000| Untracked 
| 135|0x0000000088700000, 0x0000000088800000, 0x0000000088800000|100%| O|  |TAMS 0x0000000088700000, 0x0000000088700000| Untracked 
| 136|0x0000000088800000, 0x0000000088900000, 0x0000000088900000|100%| O|  |TAMS 0x0000000088800000, 0x0000000088800000| Untracked 
| 137|0x0000000088900000, 0x0000000088a00000, 0x0000000088a00000|100%| O|  |TAMS 0x0000000088900000, 0x0000000088900000| Untracked 
| 138|0x0000000088a00000, 0x0000000088b00000, 0x0000000088b00000|100%| O|  |TAMS 0x0000000088a00000, 0x0000000088a00000| Untracked 
| 139|0x0000000088b00000, 0x0000000088b78e00, 0x0000000088c00000| 47%| O|  |TAMS 0x0000000088b00000, 0x0000000088b00000| Untracked 
| 140|0x0000000088c00000, 0x0000000088c00000, 0x0000000088d00000|  0%| F|  |TAMS 0x0000000088c00000, 0x0000000088c00000| Untracked 
| 141|0x0000000088d00000, 0x0000000088d00000, 0x0000000088e00000|  0%| F|  |TAMS 0x0000000088d00000, 0x0000000088d00000| Untracked 
| 142|0x0000000088e00000, 0x0000000088e00000, 0x0000000088f00000|  0%| F|  |TAMS 0x0000000088e00000, 0x0000000088e00000| Untracked 
| 143|0x0000000088f00000, 0x0000000088f00000, 0x0000000089000000|  0%| F|  |TAMS 0x0000000088f00000, 0x0000000088f00000| Untracked 
| 144|0x0000000089000000, 0x0000000089000000, 0x0000000089100000|  0%| F|  |TAMS 0x0000000089000000, 0x0000000089000000| Untracked 
| 145|0x0000000089100000, 0x0000000089100000, 0x0000000089200000|  0%| F|  |TAMS 0x0000000089100000, 0x0000000089100000| Untracked 
| 146|0x0000000089200000, 0x0000000089200000, 0x0000000089300000|  0%| F|  |TAMS 0x0000000089200000, 0x0000000089200000| Untracked 
| 147|0x0000000089300000, 0x0000000089300000, 0x0000000089400000|  0%| F|  |TAMS 0x0000000089300000, 0x0000000089300000| Untracked 
| 148|0x0000000089400000, 0x0000000089400000, 0x0000000089500000|  0%| F|  |TAMS 0x0000000089400000, 0x0000000089400000| Untracked 
| 149|0x0000000089500000, 0x0000000089500000, 0x0000000089600000|  0%| F|  |TAMS 0x0000000089500000, 0x0000000089500000| Untracked 
| 150|0x0000000089600000, 0x0000000089600000, 0x0000000089700000|  0%| F|  |TAMS 0x0000000089600000, 0x0000000089600000| Untracked 
| 151|0x0000000089700000, 0x0000000089700000, 0x0000000089800000|  0%| F|  |TAMS 0x0000000089700000, 0x0000000089700000| Untracked 
| 152|0x0000000089800000, 0x0000000089800000, 0x0000000089900000|  0%| F|  |TAMS 0x0000000089800000, 0x0000000089800000| Untracked 
| 153|0x0000000089900000, 0x0000000089900000, 0x0000000089a00000|  0%| F|  |TAMS 0x0000000089900000, 0x0000000089900000| Untracked 
| 154|0x0000000089a00000, 0x0000000089a00000, 0x0000000089b00000|  0%| F|  |TAMS 0x0000000089a00000, 0x0000000089a00000| Untracked 
| 155|0x0000000089b00000, 0x0000000089b00000, 0x0000000089c00000|  0%| F|  |TAMS 0x0000000089b00000, 0x0000000089b00000| Untracked 
| 156|0x0000000089c00000, 0x0000000089c00000, 0x0000000089d00000|  0%| F|  |TAMS 0x0000000089c00000, 0x0000000089c00000| Untracked 
| 157|0x0000000089d00000, 0x0000000089d00000, 0x0000000089e00000|  0%| F|  |TAMS 0x0000000089d00000, 0x0000000089d00000| Untracked 
| 158|0x0000000089e00000, 0x0000000089e00000, 0x0000000089f00000|  0%| F|  |TAMS 0x0000000089e00000, 0x0000000089e00000| Untracked 
| 159|0x0000000089f00000, 0x0000000089f00000, 0x000000008a000000|  0%| F|  |TAMS 0x0000000089f00000, 0x0000000089f00000| Untracked 
| 160|0x000000008a000000, 0x000000008a000000, 0x000000008a100000|  0%| F|  |TAMS 0x000000008a000000, 0x000000008a000000| Untracked 
| 161|0x000000008a100000, 0x000000008a100000, 0x000000008a200000|  0%| F|  |TAMS 0x000000008a100000, 0x000000008a100000| Untracked 
| 162|0x000000008a200000, 0x000000008a200000, 0x000000008a300000|  0%| F|  |TAMS 0x000000008a200000, 0x000000008a200000| Untracked 
| 163|0x000000008a300000, 0x000000008a300000, 0x000000008a400000|  0%| F|  |TAMS 0x000000008a300000, 0x000000008a300000| Untracked 
| 164|0x000000008a400000, 0x000000008a400000, 0x000000008a500000|  0%| F|  |TAMS 0x000000008a400000, 0x000000008a400000| Untracked 
| 165|0x000000008a500000, 0x000000008a500000, 0x000000008a600000|  0%| F|  |TAMS 0x000000008a500000, 0x000000008a500000| Untracked 
| 166|0x000000008a600000, 0x000000008a600000, 0x000000008a700000|  0%| F|  |TAMS 0x000000008a600000, 0x000000008a600000| Untracked 
| 167|0x000000008a700000, 0x000000008a700000, 0x000000008a800000|  0%| F|  |TAMS 0x000000008a700000, 0x000000008a700000| Untracked 
| 168|0x000000008a800000, 0x000000008a800000, 0x000000008a900000|  0%| F|  |TAMS 0x000000008a800000, 0x000000008a800000| Untracked 
| 169|0x000000008a900000, 0x000000008a900000, 0x000000008aa00000|  0%| F|  |TAMS 0x000000008a900000, 0x000000008a900000| Untracked 
| 170|0x000000008aa00000, 0x000000008aa00000, 0x000000008ab00000|  0%| F|  |TAMS 0x000000008aa00000, 0x000000008aa00000| Untracked 
| 171|0x000000008ab00000, 0x000000008ab00000, 0x000000008ac00000|  0%| F|  |TAMS 0x000000008ab00000, 0x000000008ab00000| Untracked 
| 172|0x000000008ac00000, 0x000000008ac00000, 0x000000008ad00000|  0%| F|  |TAMS 0x000000008ac00000, 0x000000008ac00000| Untracked 
| 173|0x000000008ad00000, 0x000000008ad00000, 0x000000008ae00000|  0%| F|  |TAMS 0x000000008ad00000, 0x000000008ad00000| Untracked 
| 174|0x000000008ae00000, 0x000000008ae00000, 0x000000008af00000|  0%| F|  |TAMS 0x000000008ae00000, 0x000000008ae00000| Untracked 
| 175|0x000000008af00000, 0x000000008af00000, 0x000000008b000000|  0%| F|  |TAMS 0x000000008af00000, 0x000000008af00000| Untracked 
| 176|0x000000008b000000, 0x000000008b000000, 0x000000008b100000|  0%| F|  |TAMS 0x000000008b000000, 0x000000008b000000| Untracked 
| 177|0x000000008b100000, 0x000000008b100000, 0x000000008b200000|  0%| F|  |TAMS 0x000000008b100000, 0x000000008b100000| Untracked 
| 178|0x000000008b200000, 0x000000008b200000, 0x000000008b300000|  0%| F|  |TAMS 0x000000008b200000, 0x000000008b200000| Untracked 
| 179|0x000000008b300000, 0x000000008b307350, 0x000000008b400000|  2%| S|CS|TAMS 0x000000008b300000, 0x000000008b300000| Complete 
| 180|0x000000008b400000, 0x000000008b500000, 0x000000008b500000|100%| S|CS|TAMS 0x000000008b400000, 0x000000008b400000| Complete 
| 181|0x000000008b500000, 0x000000008b600000, 0x000000008b600000|100%| S|CS|TAMS 0x000000008b500000, 0x000000008b500000| Complete 
| 182|0x000000008b600000, 0x000000008b600000, 0x000000008b700000|  0%| F|  |TAMS 0x000000008b600000, 0x000000008b600000| Untracked 
| 183|0x000000008b700000, 0x000000008b700000, 0x000000008b800000|  0%| F|  |TAMS 0x000000008b700000, 0x000000008b700000| Untracked 
| 184|0x000000008b800000, 0x000000008b800000, 0x000000008b900000|  0%| F|  |TAMS 0x000000008b800000, 0x000000008b800000| Untracked 
| 185|0x000000008b900000, 0x000000008b900000, 0x000000008ba00000|  0%| F|  |TAMS 0x000000008b900000, 0x000000008b900000| Untracked 
| 186|0x000000008ba00000, 0x000000008bb00000, 0x000000008bb00000|100%| S|CS|TAMS 0x000000008ba00000, 0x000000008ba00000| Complete 
| 187|0x000000008bb00000, 0x000000008bc00000, 0x000000008bc00000|100%| S|CS|TAMS 0x000000008bb00000, 0x000000008bb00000| Complete 
| 188|0x000000008bc00000, 0x000000008bc00000, 0x000000008bd00000|  0%| F|  |TAMS 0x000000008bc00000, 0x000000008bc00000| Untracked 
| 189|0x000000008bd00000, 0x000000008bd00000, 0x000000008be00000|  0%| F|  |TAMS 0x000000008bd00000, 0x000000008bd00000| Untracked 
| 190|0x000000008be00000, 0x000000008be00000, 0x000000008bf00000|  0%| F|  |TAMS 0x000000008be00000, 0x000000008be00000| Untracked 
| 191|0x000000008bf00000, 0x000000008bf00000, 0x000000008c000000|  0%| F|  |TAMS 0x000000008bf00000, 0x000000008bf00000| Untracked 
| 192|0x000000008c000000, 0x000000008c000000, 0x000000008c100000|  0%| F|  |TAMS 0x000000008c000000, 0x000000008c000000| Untracked 
| 193|0x000000008c100000, 0x000000008c100000, 0x000000008c200000|  0%| F|  |TAMS 0x000000008c100000, 0x000000008c100000| Untracked 
| 194|0x000000008c200000, 0x000000008c21a3e0, 0x000000008c300000| 12%| E|  |TAMS 0x000000008c200000, 0x000000008c200000| Complete 
| 195|0x000000008c300000, 0x000000008c400000, 0x000000008c400000|100%| E|  |TAMS 0x000000008c300000, 0x000000008c300000| Complete 
| 196|0x000000008c400000, 0x000000008c500000, 0x000000008c500000|100%| E|CS|TAMS 0x000000008c400000, 0x000000008c400000| Complete 
| 197|0x000000008c500000, 0x000000008c600000, 0x000000008c600000|100%| E|CS|TAMS 0x000000008c500000, 0x000000008c500000| Complete 
| 198|0x000000008c600000, 0x000000008c700000, 0x000000008c700000|100%| E|CS|TAMS 0x000000008c600000, 0x000000008c600000| Complete 
| 199|0x000000008c700000, 0x000000008c800000, 0x000000008c800000|100%| E|CS|TAMS 0x000000008c700000, 0x000000008c700000| Complete 
| 200|0x000000008c800000, 0x000000008c900000, 0x000000008c900000|100%| E|CS|TAMS 0x000000008c800000, 0x000000008c800000| Complete 
| 201|0x000000008c900000, 0x000000008ca00000, 0x000000008ca00000|100%| E|CS|TAMS 0x000000008c900000, 0x000000008c900000| Complete 
| 202|0x000000008ca00000, 0x000000008cb00000, 0x000000008cb00000|100%| E|CS|TAMS 0x000000008ca00000, 0x000000008ca00000| Complete 
| 203|0x000000008cb00000, 0x000000008cc00000, 0x000000008cc00000|100%| E|CS|TAMS 0x000000008cb00000, 0x000000008cb00000| Complete 
| 204|0x000000008cc00000, 0x000000008cd00000, 0x000000008cd00000|100%| E|CS|TAMS 0x000000008cc00000, 0x000000008cc00000| Complete 
| 205|0x000000008cd00000, 0x000000008ce00000, 0x000000008ce00000|100%| E|CS|TAMS 0x000000008cd00000, 0x000000008cd00000| Complete 
| 206|0x000000008ce00000, 0x000000008cf00000, 0x000000008cf00000|100%| E|CS|TAMS 0x000000008ce00000, 0x000000008ce00000| Complete 
| 207|0x000000008cf00000, 0x000000008d000000, 0x000000008d000000|100%| E|CS|TAMS 0x000000008cf00000, 0x000000008cf00000| Complete 
| 208|0x000000008d000000, 0x000000008d100000, 0x000000008d100000|100%| E|CS|TAMS 0x000000008d000000, 0x000000008d000000| Complete 
| 209|0x000000008d100000, 0x000000008d200000, 0x000000008d200000|100%| E|CS|TAMS 0x000000008d100000, 0x000000008d100000| Complete 
| 210|0x000000008d200000, 0x000000008d300000, 0x000000008d300000|100%| E|CS|TAMS 0x000000008d200000, 0x000000008d200000| Complete 
| 211|0x000000008d300000, 0x000000008d400000, 0x000000008d400000|100%| E|CS|TAMS 0x000000008d300000, 0x000000008d300000| Complete 
| 212|0x000000008d400000, 0x000000008d500000, 0x000000008d500000|100%| E|CS|TAMS 0x000000008d400000, 0x000000008d400000| Complete 
| 213|0x000000008d500000, 0x000000008d600000, 0x000000008d600000|100%| E|CS|TAMS 0x000000008d500000, 0x000000008d500000| Complete 
| 214|0x000000008d600000, 0x000000008d700000, 0x000000008d700000|100%| E|CS|TAMS 0x000000008d600000, 0x000000008d600000| Complete 
| 215|0x000000008d700000, 0x000000008d800000, 0x000000008d800000|100%| E|CS|TAMS 0x000000008d700000, 0x000000008d700000| Complete 
| 216|0x000000008d800000, 0x000000008d900000, 0x000000008d900000|100%| E|CS|TAMS 0x000000008d800000, 0x000000008d800000| Complete 
| 217|0x000000008d900000, 0x000000008da00000, 0x000000008da00000|100%| E|CS|TAMS 0x000000008d900000, 0x000000008d900000| Complete 
| 218|0x000000008da00000, 0x000000008db00000, 0x000000008db00000|100%| E|CS|TAMS 0x000000008da00000, 0x000000008da00000| Complete 
| 219|0x000000008db00000, 0x000000008dc00000, 0x000000008dc00000|100%| E|CS|TAMS 0x000000008db00000, 0x000000008db00000| Complete 
| 220|0x000000008dc00000, 0x000000008dd00000, 0x000000008dd00000|100%| E|CS|TAMS 0x000000008dc00000, 0x000000008dc00000| Complete 
| 221|0x000000008dd00000, 0x000000008de00000, 0x000000008de00000|100%| E|CS|TAMS 0x000000008dd00000, 0x000000008dd00000| Complete 
| 222|0x000000008de00000, 0x000000008df00000, 0x000000008df00000|100%| E|CS|TAMS 0x000000008de00000, 0x000000008de00000| Complete 
| 223|0x000000008df00000, 0x000000008e000000, 0x000000008e000000|100%| E|CS|TAMS 0x000000008df00000, 0x000000008df00000| Complete 
| 224|0x000000008e000000, 0x000000008e100000, 0x000000008e100000|100%| E|CS|TAMS 0x000000008e000000, 0x000000008e000000| Complete 
| 225|0x000000008e100000, 0x000000008e200000, 0x000000008e200000|100%| E|CS|TAMS 0x000000008e100000, 0x000000008e100000| Complete 
| 226|0x000000008e200000, 0x000000008e300000, 0x000000008e300000|100%| E|CS|TAMS 0x000000008e200000, 0x000000008e200000| Complete 
| 227|0x000000008e300000, 0x000000008e400000, 0x000000008e400000|100%| E|CS|TAMS 0x000000008e300000, 0x000000008e300000| Complete 
| 228|0x000000008e400000, 0x000000008e500000, 0x000000008e500000|100%| E|CS|TAMS 0x000000008e400000, 0x000000008e400000| Complete 
| 229|0x000000008e500000, 0x000000008e600000, 0x000000008e600000|100%| E|CS|TAMS 0x000000008e500000, 0x000000008e500000| Complete 
| 230|0x000000008e600000, 0x000000008e700000, 0x000000008e700000|100%| E|CS|TAMS 0x000000008e600000, 0x000000008e600000| Complete 
| 231|0x000000008e700000, 0x000000008e800000, 0x000000008e800000|100%| E|CS|TAMS 0x000000008e700000, 0x000000008e700000| Complete 
| 232|0x000000008e800000, 0x000000008e900000, 0x000000008e900000|100%| E|CS|TAMS 0x000000008e800000, 0x000000008e800000| Complete 
| 233|0x000000008e900000, 0x000000008ea00000, 0x000000008ea00000|100%| E|CS|TAMS 0x000000008e900000, 0x000000008e900000| Complete 
| 234|0x000000008ea00000, 0x000000008eb00000, 0x000000008eb00000|100%| E|CS|TAMS 0x000000008ea00000, 0x000000008ea00000| Complete 
| 235|0x000000008eb00000, 0x000000008ec00000, 0x000000008ec00000|100%| E|CS|TAMS 0x000000008eb00000, 0x000000008eb00000| Complete 
| 236|0x000000008ec00000, 0x000000008ed00000, 0x000000008ed00000|100%| E|CS|TAMS 0x000000008ec00000, 0x000000008ec00000| Complete 
| 237|0x000000008ed00000, 0x000000008ee00000, 0x000000008ee00000|100%| E|CS|TAMS 0x000000008ed00000, 0x000000008ed00000| Complete 
| 238|0x000000008ee00000, 0x000000008ef00000, 0x000000008ef00000|100%| E|CS|TAMS 0x000000008ee00000, 0x000000008ee00000| Complete 
| 239|0x000000008ef00000, 0x000000008f000000, 0x000000008f000000|100%| E|CS|TAMS 0x000000008ef00000, 0x000000008ef00000| Complete 
| 240|0x000000008f000000, 0x000000008f100000, 0x000000008f100000|100%| E|CS|TAMS 0x000000008f000000, 0x000000008f000000| Complete 
| 241|0x000000008f100000, 0x000000008f200000, 0x000000008f200000|100%| E|CS|TAMS 0x000000008f100000, 0x000000008f100000| Complete 
| 242|0x000000008f200000, 0x000000008f300000, 0x000000008f300000|100%| E|CS|TAMS 0x000000008f200000, 0x000000008f200000| Complete 
| 243|0x000000008f300000, 0x000000008f400000, 0x000000008f400000|100%| E|CS|TAMS 0x000000008f300000, 0x000000008f300000| Complete 
| 244|0x000000008f400000, 0x000000008f500000, 0x000000008f500000|100%| E|CS|TAMS 0x000000008f400000, 0x000000008f400000| Complete 
| 245|0x000000008f500000, 0x000000008f600000, 0x000000008f600000|100%| E|CS|TAMS 0x000000008f500000, 0x000000008f500000| Complete 
| 246|0x000000008f600000, 0x000000008f700000, 0x000000008f700000|100%| E|CS|TAMS 0x000000008f600000, 0x000000008f600000| Complete 
| 247|0x000000008f700000, 0x000000008f800000, 0x000000008f800000|100%| E|CS|TAMS 0x000000008f700000, 0x000000008f700000| Complete 
| 248|0x000000008f800000, 0x000000008f900000, 0x000000008f900000|100%| E|CS|TAMS 0x000000008f800000, 0x000000008f800000| Complete 
| 249|0x000000008f900000, 0x000000008fa00000, 0x000000008fa00000|100%| E|CS|TAMS 0x000000008f900000, 0x000000008f900000| Complete 
| 250|0x000000008fa00000, 0x000000008fb00000, 0x000000008fb00000|100%| E|CS|TAMS 0x000000008fa00000, 0x000000008fa00000| Complete 
| 251|0x000000008fb00000, 0x000000008fc00000, 0x000000008fc00000|100%| E|CS|TAMS 0x000000008fb00000, 0x000000008fb00000| Complete 
| 252|0x000000008fc00000, 0x000000008fd00000, 0x000000008fd00000|100%| E|CS|TAMS 0x000000008fc00000, 0x000000008fc00000| Complete 
| 253|0x000000008fd00000, 0x000000008fe00000, 0x000000008fe00000|100%| E|CS|TAMS 0x000000008fd00000, 0x000000008fd00000| Complete 
| 254|0x000000008fe00000, 0x000000008ff00000, 0x000000008ff00000|100%| E|CS|TAMS 0x000000008fe00000, 0x000000008fe00000| Complete 
| 255|0x000000008ff00000, 0x0000000090000000, 0x0000000090000000|100%| E|CS|TAMS 0x000000008ff00000, 0x000000008ff00000| Complete 
| 256|0x0000000090000000, 0x0000000090100000, 0x0000000090100000|100%| E|CS|TAMS 0x0000000090000000, 0x0000000090000000| Complete 
| 257|0x0000000090100000, 0x0000000090200000, 0x0000000090200000|100%| E|CS|TAMS 0x0000000090100000, 0x0000000090100000| Complete 
| 258|0x0000000090200000, 0x0000000090300000, 0x0000000090300000|100%| E|CS|TAMS 0x0000000090200000, 0x0000000090200000| Complete 
| 259|0x0000000090300000, 0x0000000090400000, 0x0000000090400000|100%| E|CS|TAMS 0x0000000090300000, 0x0000000090300000| Complete 
| 260|0x0000000090400000, 0x0000000090500000, 0x0000000090500000|100%| E|CS|TAMS 0x0000000090400000, 0x0000000090400000| Complete 
| 261|0x0000000090500000, 0x0000000090600000, 0x0000000090600000|100%| E|CS|TAMS 0x0000000090500000, 0x0000000090500000| Complete 
| 262|0x0000000090600000, 0x0000000090700000, 0x0000000090700000|100%| E|CS|TAMS 0x0000000090600000, 0x0000000090600000| Complete 

Card table byte_map: [0x00000210f2e40000,0x00000210f3240000] _byte_map_base: 0x00000210f2a40000

Marking Bits (Prev, Next): (CMBitMap*) 0x00000210e02a5490, (CMBitMap*) 0x00000210e02a54d0
 Prev Bits: [0x00000210f3640000, 0x00000210f5640000)
 Next Bits: [0x00000210f5640000, 0x00000210f7640000)

Polling page: 0x00000210dfa10000

Metaspace:

Usage:
  Non-class:    103.69 MB used.
      Class:     15.78 MB used.
       Both:    119.47 MB used.

Virtual space:
  Non-class space:      112.00 MB reserved,     104.12 MB ( 93%) committed,  14 nodes.
      Class space:        1.00 GB reserved,      16.19 MB (  2%) committed,  1 nodes.
             Both:        1.11 GB reserved,     120.31 MB ( 11%) committed. 

Chunk freelists:
   Non-Class:  3.78 MB
       Class:  3.71 MB
        Both:  7.49 MB

MaxMetaspaceSize: unlimited
CompressedClassSpaceSize: 1.00 GB
Initial GC threshold: 21.00 MB
Current GC threshold: 157.31 MB
CDS: off
MetaspaceReclaimPolicy: balanced
 - commit_granule_bytes: 65536.
 - commit_granule_words: 8192.
 - virtual_space_node_default_size: 1048576.
 - enlarge_chunks_in_place: 1.
 - new_chunks_are_fully_committed: 0.
 - uncommit_free_chunks: 1.
 - use_allocation_guard: 0.
 - handle_deallocations: 1.


Internal statistics:

num_allocs_failed_limit: 9.
num_arena_births: 1384.
num_arena_deaths: 0.
num_vsnodes_births: 15.
num_vsnodes_deaths: 0.
num_space_committed: 1923.
num_space_uncommitted: 0.
num_chunks_returned_to_freelist: 9.
num_chunks_taken_from_freelist: 6055.
num_chunk_merges: 9.
num_chunk_splits: 3944.
num_chunks_enlarged: 2538.
num_purges: 0.
num_inconsistent_stats: 0.

CodeHeap 'non-profiled nmethods': size=120000Kb used=9992Kb max_used=9992Kb free=110007Kb
 bounds [0x00000210eb1e0000, 0x00000210ebbb0000, 0x00000210f2710000]
CodeHeap 'profiled nmethods': size=120000Kb used=28641Kb max_used=28641Kb free=91358Kb
 bounds [0x00000210e3710000, 0x00000210e5310000, 0x00000210eac40000]
CodeHeap 'non-nmethods': size=5760Kb used=2490Kb max_used=2546Kb free=3269Kb
 bounds [0x00000210eac40000, 0x00000210eaee0000, 0x00000210eb1e0000]
 total_blobs=15680 nmethods=14654 adapters=938
 compilation: enabled
              stopped_count=0, restarted_count=0
 full_count=0

Compilation events (20 events):
Event: 260.769 Thread 0x00000210fac616f0 17084       1       org.gradle.api.internal.project.DefaultProject::getName (5 bytes)
Event: 260.769 Thread 0x00000210fac616f0 nmethod 17084 0x00000210ebba0f90 code [0x00000210ebba1120, 0x00000210ebba11f8]
Event: 260.774 Thread 0x00000210fac616f0 17085       3       java.lang.CompoundEnumeration::next (58 bytes)
Event: 260.774 Thread 0x00000210fac616f0 nmethod 17085 0x00000210e52cff10 code [0x00000210e52d00c0, 0x00000210e52d0408]
Event: 260.774 Thread 0x00000210fac616f0 17086       3       com.sun.org.apache.xerces.internal.utils.XMLSecurityManager$NameMap::getOldName (18 bytes)
Event: 260.774 Thread 0x00000210fac616f0 nmethod 17086 0x00000210e52d0510 code [0x00000210e52d06c0, 0x00000210e52d0888]
Event: 260.777 Thread 0x00000210fac616f0 17087       3       org.gradle.model.internal.registry.ModelGraph::find (14 bytes)
Event: 260.777 Thread 0x00000210fac616f0 nmethod 17087 0x00000210e52d0990 code [0x00000210e52d0b40, 0x00000210e52d0de8]
Event: 260.778 Thread 0x00000210fac616f0 17088       3       com.android.build.gradle.internal.DependencyResolutionChecks$registerDependencyCheck$4::execute (9 bytes)
Event: 260.778 Thread 0x00000210fac616f0 nmethod 17088 0x00000210e52d0f10 code [0x00000210e52d10c0, 0x00000210e52d1308]
Event: 260.778 Thread 0x00000210fac616f0 17089       3       com.android.build.gradle.internal.DependencyResolutionChecks$registerDependencyCheck$4::execute (35 bytes)
Event: 260.779 Thread 0x00000210fac616f0 nmethod 17089 0x00000210e52d1410 code [0x00000210e52d1660, 0x00000210e52d22c8]
Event: 260.779 Thread 0x00000210fac616f0 17090       3       com.android.build.gradle.internal.DependencyResolutionChecks$registerDependencyCheck$4$1::<init> (26 bytes)
Event: 260.779 Thread 0x00000210fac616f0 nmethod 17090 0x00000210e52d2710 code [0x00000210e52d28c0, 0x00000210e52d2b38]
Event: 260.784 Thread 0x00000210fac616f0 17091       3       com.google.common.cache.LocalCache::expiresAfterWrite (15 bytes)
Event: 260.785 Thread 0x00000210fac616f0 nmethod 17091 0x00000210e52d2c10 code [0x00000210e52d2da0, 0x00000210e52d2f18]
Event: 260.785 Thread 0x00000210fac616f0 17092       3       org.gradle.api.plugins.BasePlugin$$Lambda$853/0x0000000100939440::<init> (15 bytes)
Event: 260.786 Thread 0x00000210fac616f0 nmethod 17092 0x00000210e52d2f90 code [0x00000210e52d3140, 0x00000210e52d3358]
Event: 260.786 Thread 0x00000210fac616f0 17093       3       org.gradle.api.internal.DelegatingDomainObjectSet::configureEach (11 bytes)
Event: 260.786 Thread 0x00000210fac616f0 nmethod 17093 0x00000210e52d3410 code [0x00000210e52d35c0, 0x00000210e52d3788]

GC Heap History (20 events):
Event: 15.817 GC heap before
{Heap before GC invocations=33 (full 0):
 garbage-first heap   total 176128K, used 139825K [0x0000000080000000, 0x0000000100000000)
  region size 1024K, 52 young (53248K), 1 survivors (1024K)
 Metaspace       used 102550K, committed 103232K, reserved 1138688K
  class space    used 13892K, committed 14208K, reserved 1048576K
}
Event: 15.825 GC heap after
{Heap after GC invocations=34 (full 0):
 garbage-first heap   total 176128K, used 94870K [0x0000000080000000, 0x0000000100000000)
  region size 1024K, 7 young (7168K), 7 survivors (7168K)
 Metaspace       used 102550K, committed 103232K, reserved 1138688K
  class space    used 13892K, committed 14208K, reserved 1048576K
}
Event: 16.245 GC heap before
{Heap before GC invocations=34 (full 0):
 garbage-first heap   total 176128K, used 139926K [0x0000000080000000, 0x0000000100000000)
  region size 1024K, 51 young (52224K), 7 survivors (7168K)
 Metaspace       used 105428K, committed 106112K, reserved 1146880K
  class space    used 14223K, committed 14528K, reserved 1048576K
}
Event: 16.258 GC heap after
{Heap after GC invocations=35 (full 0):
 garbage-first heap   total 269312K, used 102574K [0x0000000080000000, 0x0000000100000000)
  region size 1024K, 7 young (7168K), 7 survivors (7168K)
 Metaspace       used 105428K, committed 106112K, reserved 1146880K
  class space    used 14223K, committed 14528K, reserved 1048576K
}
Event: 17.427 GC heap before
{Heap before GC invocations=35 (full 0):
 garbage-first heap   total 269312K, used 208046K [0x0000000080000000, 0x0000000100000000)
  region size 1024K, 110 young (112640K), 7 survivors (7168K)
 Metaspace       used 106709K, committed 107392K, reserved 1146880K
  class space    used 14381K, committed 14720K, reserved 1048576K
}
Event: 17.446 GC heap after
{Heap after GC invocations=36 (full 0):
 garbage-first heap   total 269312K, used 112792K [0x0000000080000000, 0x0000000100000000)
  region size 1024K, 14 young (14336K), 14 survivors (14336K)
 Metaspace       used 106709K, committed 107392K, reserved 1146880K
  class space    used 14381K, committed 14720K, reserved 1048576K
}
Event: 19.424 GC heap before
{Heap before GC invocations=36 (full 0):
 garbage-first heap   total 269312K, used 203928K [0x0000000080000000, 0x0000000100000000)
  region size 1024K, 104 young (106496K), 14 survivors (14336K)
 Metaspace       used 107218K, committed 107904K, reserved 1146880K
  class space    used 14419K, committed 14720K, reserved 1048576K
}
Event: 19.446 GC heap after
{Heap after GC invocations=37 (full 0):
 garbage-first heap   total 269312K, used 118942K [0x0000000080000000, 0x0000000100000000)
  region size 1024K, 9 young (9216K), 9 survivors (9216K)
 Metaspace       used 107218K, committed 107904K, reserved 1146880K
  class space    used 14419K, committed 14720K, reserved 1048576K
}
Event: 21.111 GC heap before
{Heap before GC invocations=37 (full 0):
 garbage-first heap   total 269312K, used 209054K [0x0000000080000000, 0x0000000100000000)
  region size 1024K, 98 young (100352K), 9 survivors (9216K)
 Metaspace       used 110853K, committed 111552K, reserved 1146880K
  class space    used 14888K, committed 15232K, reserved 1048576K
}
Event: 21.126 GC heap after
{Heap after GC invocations=38 (full 0):
 garbage-first heap   total 269312K, used 125721K [0x0000000080000000, 0x0000000100000000)
  region size 1024K, 9 young (9216K), 9 survivors (9216K)
 Metaspace       used 110853K, committed 111552K, reserved 1146880K
  class space    used 14888K, committed 15232K, reserved 1048576K
}
Event: 21.608 GC heap before
{Heap before GC invocations=38 (full 0):
 garbage-first heap   total 269312K, used 212761K [0x0000000080000000, 0x0000000100000000)
  region size 1024K, 95 young (97280K), 9 survivors (9216K)
 Metaspace       used 110932K, committed 111616K, reserved 1146880K
  class space    used 14895K, committed 15232K, reserved 1048576K
}
Event: 21.621 GC heap after
{Heap after GC invocations=39 (full 0):
 garbage-first heap   total 269312K, used 129968K [0x0000000080000000, 0x0000000100000000)
  region size 1024K, 7 young (7168K), 7 survivors (7168K)
 Metaspace       used 110932K, committed 111616K, reserved 1146880K
  class space    used 14895K, committed 15232K, reserved 1048576K
}
Event: 22.316 GC heap before
{Heap before GC invocations=39 (full 0):
 garbage-first heap   total 269312K, used 215984K [0x0000000080000000, 0x0000000100000000)
  region size 1024K, 92 young (94208K), 7 survivors (7168K)
 Metaspace       used 111134K, committed 111872K, reserved 1146880K
  class space    used 14908K, committed 15296K, reserved 1048576K
}
Event: 22.329 GC heap after
{Heap after GC invocations=40 (full 0):
 garbage-first heap   total 269312K, used 134958K [0x0000000080000000, 0x0000000100000000)
  region size 1024K, 12 young (12288K), 12 survivors (12288K)
 Metaspace       used 111134K, committed 111872K, reserved 1146880K
  class space    used 14908K, committed 15296K, reserved 1048576K
}
Event: 24.370 GC heap before
{Heap before GC invocations=40 (full 0):
 garbage-first heap   total 269312K, used 216878K [0x0000000080000000, 0x0000000100000000)
  region size 1024K, 93 young (95232K), 12 survivors (12288K)
 Metaspace       used 112911K, committed 113664K, reserved 1155072K
  class space    used 15122K, committed 15488K, reserved 1048576K
}
Event: 24.385 GC heap after
{Heap after GC invocations=41 (full 0):
 garbage-first heap   total 269312K, used 140313K [0x0000000080000000, 0x0000000100000000)
  region size 1024K, 9 young (9216K), 9 survivors (9216K)
 Metaspace       used 112911K, committed 113664K, reserved 1155072K
  class space    used 15122K, committed 15488K, reserved 1048576K
}
Event: 26.690 GC heap before
{Heap before GC invocations=41 (full 0):
 garbage-first heap   total 269312K, used 218137K [0x0000000080000000, 0x0000000100000000)
  region size 1024K, 86 young (88064K), 9 survivors (9216K)
 Metaspace       used 113418K, committed 114176K, reserved 1155072K
  class space    used 15165K, committed 15552K, reserved 1048576K
}
Event: 26.700 GC heap after
{Heap after GC invocations=42 (full 0):
 garbage-first heap   total 269312K, used 143774K [0x0000000080000000, 0x0000000100000000)
  region size 1024K, 7 young (7168K), 7 survivors (7168K)
 Metaspace       used 113418K, committed 114176K, reserved 1155072K
  class space    used 15165K, committed 15552K, reserved 1048576K
}
Event: 33.696 GC heap before
{Heap before GC invocations=42 (full 0):
 garbage-first heap   total 269312K, used 219550K [0x0000000080000000, 0x0000000100000000)
  region size 1024K, 82 young (83968K), 7 survivors (7168K)
 Metaspace       used 117662K, committed 118464K, reserved 1155072K
  class space    used 15740K, committed 16128K, reserved 1048576K
}
Event: 33.708 GC heap after
{Heap after GC invocations=43 (full 0):
 garbage-first heap   total 269312K, used 146944K [0x0000000080000000, 0x0000000100000000)
  region size 1024K, 5 young (5120K), 5 survivors (5120K)
 Metaspace       used 117662K, committed 118464K, reserved 1155072K
  class space    used 15740K, committed 16128K, reserved 1048576K
}

Dll operation events (2 events):
Event: 0.013 Loaded shared library C:\Program Files (x86)\android-studio-2022.3.1.17-windows\android-studio\jbr\bin\java.dll
Event: 0.427 Loaded shared library C:\Program Files (x86)\android-studio-2022.3.1.17-windows\android-studio\jbr\bin\verify.dll

Deoptimization events (20 events):
Event: 259.179 Thread 0x00000210fd5b6820 Uncommon trap: trap_request=0xffffffde fr.pc=0x00000210eba32040 relative=0x0000000000002bc0
Event: 259.179 Thread 0x00000210fd5b6820 Uncommon trap: reason=class_check action=maybe_recompile pc=0x00000210eba32040 method=org.gradle.api.internal.attributes.DefaultCompatibilityRuleChain.execute(Lorg/gradle/api/internal/attributes/CompatibilityCheckResult;)V @ 25 c2
Event: 259.179 Thread 0x00000210fd5b6820 DEOPT PACKING pc=0x00000210eba32040 sp=0x0000007f2a8f7f40
Event: 259.179 Thread 0x00000210fd5b6820 DEOPT UNPACKING pc=0x00000210eac9a1a3 sp=0x0000007f2a8f7e80 mode 2
Event: 259.183 Thread 0x00000210fd5b6820 Uncommon trap: trap_request=0xffffffde fr.pc=0x00000210eba32040 relative=0x0000000000002bc0
Event: 259.183 Thread 0x00000210fd5b6820 Uncommon trap: reason=class_check action=maybe_recompile pc=0x00000210eba32040 method=org.gradle.api.internal.attributes.DefaultCompatibilityRuleChain.execute(Lorg/gradle/api/internal/attributes/CompatibilityCheckResult;)V @ 25 c2
Event: 259.183 Thread 0x00000210fd5b6820 DEOPT PACKING pc=0x00000210eba32040 sp=0x0000007f2a8f7f40
Event: 259.183 Thread 0x00000210fd5b6820 DEOPT UNPACKING pc=0x00000210eac9a1a3 sp=0x0000007f2a8f7e80 mode 2
Event: 260.694 Thread 0x00000210fd5b6820 Uncommon trap: trap_request=0xffffffde fr.pc=0x00000210eb9bc6dc relative=0x000000000000093c
Event: 260.694 Thread 0x00000210fd5b6820 Uncommon trap: reason=class_check action=maybe_recompile pc=0x00000210eb9bc6dc method=com.google.common.collect.ImmutableMap.copyOf(Ljava/util/Map;)Lcom/google/common/collect/ImmutableMap; @ 49 c2
Event: 260.694 Thread 0x00000210fd5b6820 DEOPT PACKING pc=0x00000210eb9bc6dc sp=0x0000007f2a8f6910
Event: 260.694 Thread 0x00000210fd5b6820 DEOPT UNPACKING pc=0x00000210eac9a1a3 sp=0x0000007f2a8f68e8 mode 2
Event: 260.694 Thread 0x00000210fd5b6820 Uncommon trap: trap_request=0xffffffde fr.pc=0x00000210eb9af130 relative=0x00000000000007d0
Event: 260.694 Thread 0x00000210fd5b6820 Uncommon trap: reason=class_check action=maybe_recompile pc=0x00000210eb9af130 method=com.google.common.collect.Iterables.castOrCopyToCollection(Ljava/lang/Iterable;)Ljava/util/Collection; @ 1 c2
Event: 260.694 Thread 0x00000210fd5b6820 DEOPT PACKING pc=0x00000210eb9af130 sp=0x0000007f2a8f68a0
Event: 260.694 Thread 0x00000210fd5b6820 DEOPT UNPACKING pc=0x00000210eac9a1a3 sp=0x0000007f2a8f67a0 mode 2
Event: 260.782 Thread 0x00000210fd5b6820 Uncommon trap: trap_request=0xffffff45 fr.pc=0x00000210eb9d9284 relative=0x0000000000000084
Event: 260.782 Thread 0x00000210fd5b6820 Uncommon trap: reason=unstable_if action=reinterpret pc=0x00000210eb9d9284 method=sun.nio.fs.WindowsFileAttributes.isRegularFile()Z @ 11 c2
Event: 260.782 Thread 0x00000210fd5b6820 DEOPT PACKING pc=0x00000210eb9d9284 sp=0x0000007f2a8f7120
Event: 260.782 Thread 0x00000210fd5b6820 DEOPT UNPACKING pc=0x00000210eac9a1a3 sp=0x0000007f2a8f70c0 mode 2

Classes unloaded (0 events):
No events

Classes redefined (0 events):
No events

Internal exceptions (20 events):
Event: 32.491 Thread 0x00000210864bde30 Exception <a 'sun/nio/fs/WindowsException'{0x000000008c9668c8}> (0x000000008c9668c8) 
thrown [s\src\hotspot\share\prims\jni.cpp, line 517]
Event: 33.594 Thread 0x00000210fddd1ee0 Exception <a 'java/lang/NoSuchMethodError'{0x000000008bffa650}: static Lorg/gradle/internal/build/event/types/DefaultTaskFailureResult;.<clinit>()V> (0x000000008bffa650) 
thrown [s\src\hotspot\share\prims\jni.cpp, line 1108]
Event: 33.596 Thread 0x00000210fddd1ee0 Exception <a 'java/lang/NoSuchMethodError'{0x000000008be187a0}: static Lorg/gradle/internal/build/event/types/DefaultFailure;.<clinit>()V> (0x000000008be187a0) 
thrown [s\src\hotspot\share\prims\jni.cpp, line 1108]
Event: 33.630 Thread 0x00000210fddd5500 Exception <a 'sun/nio/fs/WindowsException'{0x000000008bed1b18}> (0x000000008bed1b18) 
thrown [s\src\hotspot\share\prims\jni.cpp, line 517]
Event: 33.630 Thread 0x00000210fddd5500 Exception <a 'sun/nio/fs/WindowsException'{0x000000008bed1e58}> (0x000000008bed1e58) 
thrown [s\src\hotspot\share\prims\jni.cpp, line 517]
Event: 33.630 Thread 0x00000210fddd5500 Exception <a 'sun/nio/fs/WindowsException'{0x000000008bed3ca0}> (0x000000008bed3ca0) 
thrown [s\src\hotspot\share\prims\jni.cpp, line 517]
Event: 33.710 Thread 0x00000210864be7d0 Exception <a 'sun/nio/fs/WindowsException'{0x0000000090685c78}> (0x0000000090685c78) 
thrown [s\src\hotspot\share\prims\jni.cpp, line 517]
Event: 33.838 Thread 0x00000210fddd5500 Implicit null exception at 0x00000210eb8aec0f to 0x00000210eb8aec5c
Event: 33.937 Thread 0x00000210fddd5500 Implicit null exception at 0x00000210eb7d83fa to 0x00000210eb7d86bc
Event: 33.964 Thread 0x00000210fd85f500 Exception <a 'java/lang/NoSuchMethodError'{0x000000008f122660}: static Lorg/gradle/tooling/internal/provider/serialization/ClassLoaderDetails;.<clinit>()V> (0x000000008f122660) 
thrown [s\src\hotspot\share\prims\jni.cpp, line 1108]
Event: 33.965 Thread 0x00000210fd85f500 Exception <a 'java/lang/NoSuchMethodError'{0x000000008f1340d8}: static Lorg/gradle/tooling/internal/provider/serialization/WellKnownClassLoaderRegistry$KnownClassLoaderSpec;.<clinit>()V> (0x000000008f1340d8) 
thrown [s\src\hotspot\share\prims\jni.cpp, line 1108]
Event: 33.966 Thread 0x00000210fd85f500 Exception <a 'java/lang/NoSuchMethodError'{0x000000008f135750}: static Lorg/gradle/internal/classloader/ClassLoaderSpec;.<clinit>()V> (0x000000008f135750) 
thrown [s\src\hotspot\share\prims\jni.cpp, line 1108]
Event: 33.967 Thread 0x00000210fd85f500 Exception <a 'java/lang/NoSuchMethodError'{0x000000008f189ab8}: static Lorg/gradle/internal/classloader/ClassLoaderSpec;.<clinit>()V> (0x000000008f189ab8) 
thrown [s\src\hotspot\share\prims\jni.cpp, line 1108]
Event: 33.968 Thread 0x00000210fd85f500 Exception <a 'java/lang/NoSuchMethodError'{0x000000008f195600}: static Lorg/gradle/internal/classloader/VisitableURLClassLoader$Spec;.<clinit>()V> (0x000000008f195600) 
thrown [s\src\hotspot\share\prims\jni.cpp, line 1108]
Event: 33.970 Thread 0x00000210fd85f500 Exception <a 'java/lang/NoSuchMethodError'{0x000000008f1a7510}: static [Ljava/net/URL;.<clinit>()V> (0x000000008f1a7510) 
thrown [s\src\hotspot\share\prims\jni.cpp, line 1108]
Event: 33.972 Thread 0x00000210fd85f500 Exception <a 'java/lang/NoSuchMethodError'{0x000000008f1bb940}: static Lorg/gradle/internal/classloader/FilteringClassLoader$Spec;.<clinit>()V> (0x000000008f1bb940) 
thrown [s\src\hotspot\share\prims\jni.cpp, line 1108]
Event: 33.973 Thread 0x00000210fd85f500 Exception <a 'java/lang/NoSuchMethodError'{0x000000008f1c9d18}: static Lorg/gradle/internal/classloader/CachingClassLoader$Spec;.<clinit>()V> (0x000000008f1c9d18) 
thrown [s\src\hotspot\share\prims\jni.cpp, line 1108]
Event: 258.884 Thread 0x00000210fd5b6820 Implicit null exception at 0x00000210eb8816bf to 0x00000210eb8819dc
Event: 258.884 Thread 0x00000210fd5b6820 Implicit null exception at 0x00000210ebb1be08 to 0x00000210ebb2120c
Event: 260.781 Thread 0x00000210fd5b6820 Exception <a 'sun/nio/fs/WindowsException'{0x000000008c5134a0}> (0x000000008c5134a0) 
thrown [s\src\hotspot\share\prims\jni.cpp, line 517]

VM Operations (20 events):
Event: 102.585 Executing VM operation: Cleanup
Event: 102.585 Executing VM operation: Cleanup done
Event: 122.741 Executing VM operation: Cleanup
Event: 122.742 Executing VM operation: Cleanup done
Event: 125.772 Executing VM operation: Cleanup
Event: 125.772 Executing VM operation: Cleanup done
Event: 132.834 Executing VM operation: Cleanup
Event: 132.834 Executing VM operation: Cleanup done
Event: 155.021 Executing VM operation: Cleanup
Event: 155.021 Executing VM operation: Cleanup done
Event: 168.121 Executing VM operation: Cleanup
Event: 168.121 Executing VM operation: Cleanup done
Event: 252.844 Executing VM operation: Cleanup
Event: 252.845 Executing VM operation: Cleanup done
Event: 258.897 Executing VM operation: Cleanup
Event: 258.897 Executing VM operation: Cleanup done
Event: 259.710 Executing VM operation: ICBufferFull
Event: 259.710 Executing VM operation: ICBufferFull done
Event: 260.724 Executing VM operation: Cleanup
Event: 260.726 Executing VM operation: Cleanup done

Events (20 events):
Event: 259.784 Thread 0x00000210fec5fd50 Thread added: 0x00000210fec5fd50
Event: 259.785 Thread 0x00000210fec61f00 Thread added: 0x00000210fec61f00
Event: 259.787 Thread 0x00000210fec60220 Thread added: 0x00000210fec60220
Event: 259.788 Thread 0x00000210fec60bc0 Thread added: 0x00000210fec60bc0
Event: 259.788 Thread 0x00000210fec606f0 Thread added: 0x00000210fec606f0
Event: 259.788 Thread 0x00000210fec61560 Thread added: 0x00000210fec61560
Event: 259.788 Thread 0x00000210fd825100 Thread added: 0x00000210fd825100
Event: 259.789 Thread 0x00000210fd825f70 Thread added: 0x00000210fd825f70
Event: 259.790 Thread 0x00000210fd824290 Thread added: 0x00000210fd824290
Event: 259.790 Thread 0x00000210fd824c30 Thread added: 0x00000210fd824c30
Event: 259.790 Thread 0x00000210fd823dc0 Thread added: 0x00000210fd823dc0
Event: 259.790 Thread 0x00000210fd823420 Thread added: 0x00000210fd823420
Event: 259.790 Thread 0x00000210fd8255d0 Thread added: 0x00000210fd8255d0
Event: 259.791 Thread 0x00000210fd822f50 Thread added: 0x00000210fd822f50
Event: 259.791 Thread 0x00000210fd824760 Thread added: 0x00000210fd824760
Event: 259.791 Thread 0x00000210fd825aa0 Thread added: 0x00000210fd825aa0
Event: 259.791 Thread 0x00000210fd826440 Thread added: 0x00000210fd826440
Event: 260.282 Thread 0x0000021084f58210 Thread exited: 0x0000021084f58210
Event: 260.712 Thread 0x0000021083102770 Thread added: 0x0000021083102770
Event: 260.715 Thread 0x00000210fe61d400 Thread added: 0x00000210fe61d400


Dynamic libraries:
0x00007ff621710000 - 0x00007ff62171a000 	C:\Program Files (x86)\android-studio-2022.3.1.17-windows\android-studio\jbr\bin\java.exe
0x00007ffde6e10000 - 0x00007ffde7027000 	C:\WINDOWS\SYSTEM32\ntdll.dll
0x00007ffde6490000 - 0x00007ffde6554000 	C:\WINDOWS\System32\KERNEL32.DLL
0x00007ffde4320000 - 0x00007ffde46c6000 	C:\WINDOWS\System32\KERNELBASE.dll
0x00007ffde46d0000 - 0x00007ffde47e1000 	C:\WINDOWS\System32\ucrtbase.dll
0x00007ffdcfef0000 - 0x00007ffdcff07000 	C:\Program Files (x86)\android-studio-2022.3.1.17-windows\android-studio\jbr\bin\jli.dll
0x00007ffde4c80000 - 0x00007ffde4e2d000 	C:\WINDOWS\System32\USER32.dll
0x00007ffde4250000 - 0x00007ffde4276000 	C:\WINDOWS\System32\win32u.dll
0x00007ffde4b70000 - 0x00007ffde4b99000 	C:\WINDOWS\System32\GDI32.dll
0x00007ffde47f0000 - 0x00007ffde4908000 	C:\WINDOWS\System32\gdi32full.dll
0x00007ffde4280000 - 0x00007ffde431a000 	C:\WINDOWS\System32\msvcp_win.dll
0x00007ffdd97d0000 - 0x00007ffdd9a63000 	C:\WINDOWS\WinSxS\amd64_microsoft.windows.common-controls_6595b64144ccf1df_6.0.22621.2361_none_2712ced57382f843\COMCTL32.dll
0x00007ffde5870000 - 0x00007ffde5917000 	C:\WINDOWS\System32\msvcrt.dll
0x00007ffddf1b0000 - 0x00007ffddf1cb000 	C:\Program Files (x86)\android-studio-2022.3.1.17-windows\android-studio\jbr\bin\VCRUNTIME140.dll
0x00007ffde6820000 - 0x00007ffde6851000 	C:\WINDOWS\System32\IMM32.DLL
0x00007ffddf210000 - 0x00007ffddf21c000 	C:\Program Files (x86)\android-studio-2022.3.1.17-windows\android-studio\jbr\bin\vcruntime140_1.dll
0x00007ffdb84c0000 - 0x00007ffdb854d000 	C:\Program Files (x86)\android-studio-2022.3.1.17-windows\android-studio\jbr\bin\msvcp140.dll
0x00007ffd91130000 - 0x00007ffd91d9e000 	C:\Program Files (x86)\android-studio-2022.3.1.17-windows\android-studio\jbr\bin\server\jvm.dll
0x00007ffde68e0000 - 0x00007ffde6990000 	C:\WINDOWS\System32\ADVAPI32.dll
0x00007ffde4bd0000 - 0x00007ffde4c76000 	C:\WINDOWS\System32\sechost.dll
0x00007ffde5750000 - 0x00007ffde5867000 	C:\WINDOWS\System32\RPCRT4.dll
0x00007ffdd9a70000 - 0x00007ffdd9aa4000 	C:\WINDOWS\SYSTEM32\WINMM.dll
0x00007ffddac60000 - 0x00007ffddac6a000 	C:\WINDOWS\SYSTEM32\VERSION.dll
0x00007ffdbde90000 - 0x00007ffdbde99000 	C:\WINDOWS\SYSTEM32\WSOCK32.dll
0x00007ffde5920000 - 0x00007ffde5991000 	C:\WINDOWS\System32\WS2_32.dll
0x00007ffde3260000 - 0x00007ffde3278000 	C:\WINDOWS\SYSTEM32\kernel.appcore.dll
0x00007ffdd9b50000 - 0x00007ffdd9b5a000 	C:\Program Files (x86)\android-studio-2022.3.1.17-windows\android-studio\jbr\bin\jimage.dll
0x00007ffde1b80000 - 0x00007ffde1dae000 	C:\WINDOWS\SYSTEM32\DBGHELP.DLL
0x00007ffde53c0000 - 0x00007ffde574a000 	C:\WINDOWS\System32\combase.dll
0x00007ffde6990000 - 0x00007ffde6a67000 	C:\WINDOWS\System32\OLEAUT32.dll
0x00007ffdd9e90000 - 0x00007ffdd9ec2000 	C:\WINDOWS\SYSTEM32\dbgcore.DLL
0x00007ffde4980000 - 0x00007ffde49fa000 	C:\WINDOWS\System32\bcryptPrimitives.dll
0x00007ffdd7ad0000 - 0x00007ffdd7af5000 	C:\Program Files (x86)\android-studio-2022.3.1.17-windows\android-studio\jbr\bin\java.dll
0x00007ffdd9b30000 - 0x00007ffdd9b48000 	C:\Program Files (x86)\android-studio-2022.3.1.17-windows\android-studio\jbr\bin\zip.dll
0x00007ffde59a0000 - 0x00007ffde61f8000 	C:\WINDOWS\System32\SHELL32.dll
0x00007ffde20f0000 - 0x00007ffde29e2000 	C:\WINDOWS\SYSTEM32\windows.storage.dll
0x00007ffde1fb0000 - 0x00007ffde20ee000 	C:\WINDOWS\SYSTEM32\wintypes.dll
0x00007ffde6560000 - 0x00007ffde6653000 	C:\WINDOWS\System32\SHCORE.dll
0x00007ffde67c0000 - 0x00007ffde681e000 	C:\WINDOWS\System32\shlwapi.dll
0x00007ffde40c0000 - 0x00007ffde40e6000 	C:\WINDOWS\SYSTEM32\profapi.dll
0x00007ffdd7140000 - 0x00007ffdd7159000 	C:\Program Files (x86)\android-studio-2022.3.1.17-windows\android-studio\jbr\bin\net.dll
0x00007ffddc410000 - 0x00007ffddc547000 	C:\WINDOWS\SYSTEM32\WINHTTP.dll
0x00007ffde3740000 - 0x00007ffde37a9000 	C:\WINDOWS\system32\mswsock.dll
0x00007ffdd7120000 - 0x00007ffdd7136000 	C:\Program Files (x86)\android-studio-2022.3.1.17-windows\android-studio\jbr\bin\nio.dll
0x00007ffdd77b0000 - 0x00007ffdd77c0000 	C:\Program Files (x86)\android-studio-2022.3.1.17-windows\android-studio\jbr\bin\verify.dll
0x00007ffdcadd0000 - 0x00007ffdcadf7000 	C:\Users\user\.gradle\native\68d5fa5c4cc2d200863cafc0d521ce42e7d3e7ee720ec0a83991735586a16f82\windows-amd64\native-platform.dll
0x00007ffd96f90000 - 0x00007ffd970d4000 	C:\Users\user\.gradle\native\e376f236ea51e6404a007f0833ffe2c6e607c4080706a723a18a27aeea778392\windows-amd64\native-platform-file-events.dll
0x00007ffdd7090000 - 0x00007ffdd7099000 	C:\Program Files (x86)\android-studio-2022.3.1.17-windows\android-studio\jbr\bin\management.dll
0x00007ffdd7080000 - 0x00007ffdd708b000 	C:\Program Files (x86)\android-studio-2022.3.1.17-windows\android-studio\jbr\bin\management_ext.dll
0x00007ffde4bc0000 - 0x00007ffde4bc8000 	C:\WINDOWS\System32\PSAPI.DLL
0x00007ffde3990000 - 0x00007ffde39ab000 	C:\WINDOWS\SYSTEM32\CRYPTSP.dll
0x00007ffde3220000 - 0x00007ffde3255000 	C:\WINDOWS\system32\rsaenh.dll
0x00007ffde3830000 - 0x00007ffde385c000 	C:\WINDOWS\SYSTEM32\USERENV.dll
0x00007ffde3b50000 - 0x00007ffde3b78000 	C:\WINDOWS\SYSTEM32\bcrypt.dll
0x00007ffde39b0000 - 0x00007ffde39bc000 	C:\WINDOWS\SYSTEM32\CRYPTBASE.dll
0x00007ffde2d10000 - 0x00007ffde2d3d000 	C:\WINDOWS\SYSTEM32\IPHLPAPI.DLL
0x00007ffde53b0000 - 0x00007ffde53b9000 	C:\WINDOWS\System32\NSI.dll
0x00007ffdd96d0000 - 0x00007ffdd96e9000 	C:\WINDOWS\SYSTEM32\dhcpcsvc6.DLL
0x00007ffdd6a90000 - 0x00007ffdd6aaf000 	C:\WINDOWS\SYSTEM32\dhcpcsvc.DLL
0x00007ffde2d40000 - 0x00007ffde2e39000 	C:\WINDOWS\SYSTEM32\DNSAPI.dll
0x00007ffdd6d00000 - 0x00007ffdd6d08000 	C:\WINDOWS\system32\wshunix.dll
0x00007ffddd230000 - 0x00007ffddd23a000 	C:\Windows\System32\rasadhlp.dll
0x00007ffddac90000 - 0x00007ffddad14000 	C:\WINDOWS\System32\fwpuclnt.dll
0x00007ffdbcf90000 - 0x00007ffdbcfa7000 	C:\WINDOWS\system32\napinsp.dll
0x00007ffdbcf70000 - 0x00007ffdbcf8b000 	C:\WINDOWS\system32\pnrpnsp.dll
0x00007ffdbcf50000 - 0x00007ffdbcf61000 	C:\WINDOWS\System32\winrnr.dll
0x00007ffddb2e0000 - 0x00007ffddb2f5000 	C:\WINDOWS\system32\wshbth.dll
0x00007ffdbcb10000 - 0x00007ffdbcb31000 	C:\WINDOWS\system32\nlansp_c.dll
0x00007ffdc9c00000 - 0x00007ffdc9c1e000 	C:\Users\user\AppData\Local\Temp\native-platform10882536992308670256dir\native-platform.dll

dbghelp: loaded successfully - version: 4.0.5 - missing functions: none
symbol engine: initialized successfully - sym options: 0x614 - pdb path: .;C:\Program Files (x86)\android-studio-2022.3.1.17-windows\android-studio\jbr\bin;C:\WINDOWS\SYSTEM32;C:\WINDOWS\WinSxS\amd64_microsoft.windows.common-controls_6595b64144ccf1df_6.0.22621.2361_none_2712ced57382f843;C:\Program Files (x86)\android-studio-2022.3.1.17-windows\android-studio\jbr\bin\server;C:\Users\user\.gradle\native\68d5fa5c4cc2d200863cafc0d521ce42e7d3e7ee720ec0a83991735586a16f82\windows-amd64;C:\Users\user\.gradle\native\e376f236ea51e6404a007f0833ffe2c6e607c4080706a723a18a27aeea778392\windows-amd64;C:\Users\user\AppData\Local\Temp\native-platform10882536992308670256dir

VM Arguments:
jvm_args: --add-opens=java.base/java.util=ALL-UNNAMED --add-opens=java.base/java.lang=ALL-UNNAMED --add-opens=java.base/java.lang.invoke=ALL-UNNAMED --add-opens=java.prefs/java.util.prefs=ALL-UNNAMED --add-opens=java.base/java.nio.charset=ALL-UNNAMED --add-opens=java.base/java.net=ALL-UNNAMED --add-opens=java.base/java.util.concurrent.atomic=ALL-UNNAMED -Xmx2048m -Dfile.encoding=UTF-8 -Duser.country=KR -Duser.language=ko -Duser.variant 
java_command: org.gradle.launcher.daemon.bootstrap.GradleDaemon 8.0
java_class_path (initial): C:\Users\user\.gradle\wrapper\dists\gradle-8.0-bin\ca5e32bp14vu59qr306oxotwh\gradle-8.0\lib\gradle-launcher-8.0.jar
Launcher Type: SUN_STANDARD

[Global flags]
     intx CICompilerCount                          = 4                                         {product} {ergonomic}
     uint ConcGCThreads                            = 2                                         {product} {ergonomic}
     uint G1ConcRefinementThreads                  = 8                                         {product} {ergonomic}
   size_t G1HeapRegionSize                         = 1048576                                   {product} {ergonomic}
    uintx GCDrainStackTargetSize                   = 64                                        {product} {ergonomic}
   size_t InitialHeapSize                          = 130023424                                 {product} {ergonomic}
   size_t MarkStackSize                            = 4194304                                   {product} {ergonomic}
   size_t MaxHeapSize                              = 2147483648                                {product} {command line}
   size_t MaxNewSize                               = 1287651328                                {product} {ergonomic}
   size_t MinHeapDeltaBytes                        = 1048576                                   {product} {ergonomic}
   size_t MinHeapSize                              = 8388608                                   {product} {ergonomic}
    uintx NonNMethodCodeHeapSize                   = 5839372                                {pd product} {ergonomic}
    uintx NonProfiledCodeHeapSize                  = 122909434                              {pd product} {ergonomic}
    uintx ProfiledCodeHeapSize                     = 122909434                              {pd product} {ergonomic}
    uintx ReservedCodeCacheSize                    = 251658240                              {pd product} {ergonomic}
     bool SegmentedCodeCache                       = true                                      {product} {ergonomic}
   size_t SoftMaxHeapSize                          = 2147483648                             {manageable} {ergonomic}
     bool UseCompressedClassPointers               = true                           {product lp64_product} {ergonomic}
     bool UseCompressedOops                        = true                           {product lp64_product} {ergonomic}
     bool UseG1GC                                  = true                                      {product} {ergonomic}
     bool UseLargePagesIndividualAllocation        = false                                  {pd product} {ergonomic}

Logging:
Log output configuration:
 #0: stdout all=warning uptime,level,tags
 #1: stderr all=off uptime,level,tags

Environment Variables:
PATH=C:\Program Files\Common Files\Oracle\Java\javapath;C:\WINDOWS\system32;C:\WINDOWS;C:\WINDOWS\System32\Wbem;C:\WINDOWS\System32\WindowsPowerShell\v1.0\;C:\WINDOWS\System32\OpenSSH\;C:\Program Files (x86)\Git\cmd;C:\Program Files\Java\jdk-18.0.2.1\bin;C:\Program Files\MATLAB\R2022a\bin;C:\Program Files\Java\openssl-0.9.8e_X64\bin;C:\Program Files\nodejs\;C:\ProgramData\chocolatey\bin;C:\Users\user\AppData\Local\Programs\Python\Python39\Scripts\;C:\Users\user\AppData\Local\Programs\Python\Python39\;C:\Users\user\AppData\Local\Microsoft\WindowsApps;C:\Users\user\AppData\Local\Programs\Microsoft VS Code\bin;C:\Program Files\JetBrains\PyCharm Community Edition 2021.2\bin;;C:\Users\user\flutter\bin;C:\Users\user\AppData\Roaming\npm;C:\Program Files\JetBrains\IntelliJ IDEA 2023.2.2\bin;;C:\Users\user\AppData\Local\afreeca
USERNAME=user
OS=Windows_NT
PROCESSOR_IDENTIFIER=Intel64 Family 6 Model 140 Stepping 1, GenuineIntel
TMP=C:\Users\user\AppData\Local\Temp
TEMP=C:\Users\user\AppData\Local\Temp


JNI global refs:
JNI global refs: 29, weak refs: 5

JNI global refs memory usage: 843, weak refs: 841


---------------  S Y S T E M  ---------------

OS:
 Windows 11 , 64 bit Build 22621 (10.0.22621.2428)
OS uptime: 0 days 2:01 hours

CPU: total 8 (initial active 8) (4 cores per cpu, 2 threads per core) family 6 model 140 stepping 1 microcode 0x9a, cx8, cmov, fxsr, ht, mmx, 3dnowpref, sse, sse2, sse3, ssse3, sse4.1, sse4.2, popcnt, lzcnt, tsc, tscinvbit, avx, avx2, aes, erms, clmul, bmi1, bmi2, adx, avx512f, avx512dq, avx512cd, avx512bw, avx512vl, sha, fma, vzeroupper, avx512_vpopcntdq, avx512_vpclmulqdq, avx512_vaes, avx512_vnni, clflush, clflushopt, clwb, avx512_vbmi2, avx512_vbmi

Memory: 4k page, system-wide physical 7865M (408M free)
TotalPageFile size 13014M (AvailPageFile size 4M)
current process WorkingSet (physical memory assigned to process): 489M, peak: 524M
current process commit charge ("private bytes"): 616M, peak: 618M

vm_info: OpenJDK 64-Bit Server VM (17.0.6+0-b2043.56-10027231) for windows-amd64 JRE (17.0.6+0-b2043.56-10027231), built on Apr 28 2023 00:43:19 by "androidbuild" with MS VC++ 16.10 / 16.11 (VS2019)

END.
