#
# There is insufficient memory for the Java Runtime Environment to continue.
# Native memory allocation (malloc) failed to allocate 1372816 bytes for Chunk::new
# Possible reasons:
#   The system is out of physical RAM or swap space
#   The process is running with CompressedOops enabled, and the Java Heap may be blocking the growth of the native heap
# Possible solutions:
#   Reduce memory load on the system
#   Increase physical memory or swap space
#   Check if swap backing store is full
#   Decrease Java heap size (-Xmx/-Xms)
#   Decrease number of Java threads
#   Decrease Java thread stack sizes (-Xss)
#   Set larger code cache with -XX:ReservedCodeCacheSize=
#   JVM is running with Unscaled Compressed Oops mode in which the Java heap is
#     placed in the first 4GB address space. The Java Heap base address is the
#     maximum limit for the native heap growth. Please use -XX:HeapBaseMinAddress
#     to set the Java Heap base and to place the Java Heap above 4GB virtual address.
# This output file may be truncated or incomplete.
#
#  Out of Memory Error (arena.cpp:189), pid=15272, tid=12684
#
# JRE version: OpenJDK Runtime Environment (17.0.6) (build 17.0.6+0-b2043.56-10027231)
# Java VM: OpenJDK 64-Bit Server VM (17.0.6+0-b2043.56-10027231, mixed mode, tiered, compressed oops, compressed class ptrs, g1 gc, windows-amd64)
# No core dump will be written. Minidumps are not enabled by default on client versions of Windows
#

---------------  S U M M A R Y ------------

Command Line: --add-opens=java.base/java.util=ALL-UNNAMED --add-opens=java.base/java.lang=ALL-UNNAMED --add-opens=java.base/java.lang.invoke=ALL-UNNAMED --add-opens=java.prefs/java.util.prefs=ALL-UNNAMED --add-opens=java.base/java.nio.charset=ALL-UNNAMED --add-opens=java.base/java.net=ALL-UNNAMED --add-opens=java.base/java.util.concurrent.atomic=ALL-UNNAMED -Xmx2048m -Dfile.encoding=UTF-8 -Duser.country=KR -Duser.language=ko -Duser.variant org.gradle.launcher.daemon.bootstrap.GradleDaemon 8.0

Host: 11th Gen Intel(R) Core(TM) i5-1135G7 @ 2.40GHz, 8 cores, 7G,  Windows 11 , 64 bit Build 22621 (10.0.22621.2428)
Time: Sun Nov  5 22:31:49 2023  Windows 11 , 64 bit Build 22621 (10.0.22621.2428) elapsed time: 14.572246 seconds (0d 0h 0m 14s)

---------------  T H R E A D  ---------------

Current thread (0x0000022c3da078c0):  JavaThread "C2 CompilerThread1" daemon [_thread_in_native, id=12684, stack(0x0000003d7d800000,0x0000003d7d900000)]


Current CompileTask:
C2:  14572 10786       4       org.gradle.api.internal.artifacts.ModuleComponentSelectorSerializer::read (50 bytes)

Stack: [0x0000003d7d800000,0x0000003d7d900000]
Native frames: (J=compiled Java code, j=interpreted, Vv=VM code, C=native code)
V  [jvm.dll+0x683c9a]
V  [jvm.dll+0x8427a4]
V  [jvm.dll+0x843f9e]
V  [jvm.dll+0x844603]
V  [jvm.dll+0x249b75]
V  [jvm.dll+0xabcac]
V  [jvm.dll+0xac27c]
V  [jvm.dll+0x368802]
V  [jvm.dll+0x1bced2]
V  [jvm.dll+0x21c359]
V  [jvm.dll+0x21b621]
V  [jvm.dll+0x1a4fdd]
V  [jvm.dll+0x22b098]
V  [jvm.dll+0x229159]
V  [jvm.dll+0x7f81ec]
V  [jvm.dll+0x7f274a]
V  [jvm.dll+0x682ad5]
C  [ucrtbase.dll+0x29363]
C  [KERNEL32.DLL+0x1257d]
C  [ntdll.dll+0x5aa78]


---------------  P R O C E S S  ---------------

Threads class SMR info:
_java_thread_list=0x0000022c3fd144b0, length=139, elements={
0x0000022c1fed9020, 0x0000022c3a83a260, 0x0000022c3a83ad20, 0x0000022c3a877320,
0x0000022c3a877de0, 0x0000022c3a878890, 0x0000022c3a851780, 0x0000022c3a852f90,
0x0000022c3a854120, 0x0000022c3a854b10, 0x0000022c3aa0aba0, 0x0000022c3aa0b070,
0x0000022c3cd44380, 0x0000022c3aaf3240, 0x0000022c3da078c0, 0x0000022c3ccc4520,
0x0000022c3cf3e5a0, 0x0000022c3d20dc90, 0x0000022c3c022680, 0x0000022c3c022f60,
0x0000022c3d782c30, 0x0000022c3b3fadf0, 0x0000022c3b3f8c40, 0x0000022c3b3f7900,
0x0000022c3b3f8770, 0x0000022c3b3f7dd0, 0x0000022c3b3f82a0, 0x0000022c3b3f9110,
0x0000022c3b3f95e0, 0x0000022c3b3f9ab0, 0x0000022c3b3f9f80, 0x0000022c3b3fa450,
0x0000022c3b3fa920, 0x0000022c40b7d440, 0x0000022c40b7b760, 0x0000022c40b7f120,
0x0000022c40b7a8f0, 0x0000022c40b7e2b0, 0x0000022c40b7ff90, 0x0000022c40b7fac0,
0x0000022c40b790e0, 0x0000022c40b80460, 0x0000022c40b7e780, 0x0000022c40b7ec50,
0x0000022c40b79a80, 0x0000022c40b7adc0, 0x0000022c40b7a420, 0x0000022c40b7b290,
0x0000022c40b7c100, 0x0000022c40b7c5d0, 0x0000022c40b7caa0, 0x0000022c40b7cf70,
0x0000022c3ab97230, 0x0000022c3ab90d20, 0x0000022c3ab93d40, 0x0000022c3ab95a20,
0x0000022c3ab96d60, 0x0000022c3ab8f9e0, 0x0000022c3ab93870, 0x0000022c3ab94bb0,
0x0000022c3ab933a0, 0x0000022c3ab963c0, 0x0000022c3ab90850, 0x0000022c3ab8feb0,
0x0000022c3ab95080, 0x0000022c3ab90380, 0x0000022c3ab95550, 0x0000022c3ab911f0,
0x0000022c3ab92060, 0x0000022c3ab916c0, 0x0000022c3ab94210, 0x0000022c3ab95ef0,
0x0000022c3ab96890, 0x0000022c3ab91b90, 0x0000022c3ab92530, 0x0000022c3ab92a00,
0x0000022c3ab92ed0, 0x0000022c3ab946e0, 0x0000022c3b46b7d0, 0x0000022c3b471ce0,
0x0000022c3b46e7f0, 0x0000022c3b46cb10, 0x0000022c3b46cfe0, 0x0000022c3b46b300,
0x0000022c3b46f660, 0x0000022c3b4709a0, 0x0000022c3b46f190, 0x0000022c3b470e70,
0x0000022c3b46fb30, 0x0000022c3b470000, 0x0000022c3b46bca0, 0x0000022c3b471810,
0x0000022c3b46c640, 0x0000022c3b46c170, 0x0000022c3b46d4b0, 0x0000022c3b4721b0,
0x0000022c3b46ecc0, 0x0000022c3b46e320, 0x0000022c3b46d980, 0x0000022c3b4704d0,
0x0000022c3b471340, 0x0000022c3b46de50, 0x0000022c3b46a960, 0x0000022c3b46ae30,
0x0000022c41a9bf60, 0x0000022c41aa1fa0, 0x0000022c41a9c430, 0x0000022c41a9d770,
0x0000022c41aa1130, 0x0000022c41aa0c60, 0x0000022c41aa1600, 0x0000022c41a9f920,
0x0000022c41aa0790, 0x0000022c41a9cdd0, 0x0000022c41a9fdf0, 0x0000022c41a9c900,
0x0000022c41aa02c0, 0x0000022c41a9ef80, 0x0000022c41a9e110, 0x0000022c41a9ba90,
0x0000022c41a9d2a0, 0x0000022c41aa1ad0, 0x0000022c41a9b5c0, 0x0000022c41a9dc40,
0x0000022c41aa2470, 0x0000022c41a9eab0, 0x0000022c41a9f450, 0x0000022c3e057780,
0x0000022c4257a370, 0x0000022c425764e0, 0x0000022c42576e80, 0x0000022c42577350,
0x0000022c42577cf0, 0x0000022c425751a0, 0x0000022c425781c0, 0x0000022c42579ea0,
0x0000022c42579500, 0x0000022c42574330, 0x0000022c42577820
}

Java Threads: ( => current thread )
  0x0000022c1fed9020 JavaThread "main" [_thread_blocked, id=3724, stack(0x0000003d7c400000,0x0000003d7c500000)]
  0x0000022c3a83a260 JavaThread "Reference Handler" daemon [_thread_blocked, id=18396, stack(0x0000003d7cb00000,0x0000003d7cc00000)]
  0x0000022c3a83ad20 JavaThread "Finalizer" daemon [_thread_blocked, id=19928, stack(0x0000003d7cc00000,0x0000003d7cd00000)]
  0x0000022c3a877320 JavaThread "Signal Dispatcher" daemon [_thread_blocked, id=21592, stack(0x0000003d7cd00000,0x0000003d7ce00000)]
  0x0000022c3a877de0 JavaThread "Attach Listener" daemon [_thread_blocked, id=23228, stack(0x0000003d7ce00000,0x0000003d7cf00000)]
  0x0000022c3a878890 JavaThread "Service Thread" daemon [_thread_blocked, id=19808, stack(0x0000003d7cf00000,0x0000003d7d000000)]
  0x0000022c3a851780 JavaThread "Monitor Deflation Thread" daemon [_thread_blocked, id=19080, stack(0x0000003d7d000000,0x0000003d7d100000)]
  0x0000022c3a852f90 JavaThread "C2 CompilerThread0" daemon [_thread_in_native, id=21976, stack(0x0000003d7d100000,0x0000003d7d200000)]
  0x0000022c3a854120 JavaThread "C1 CompilerThread0" daemon [_thread_blocked, id=5848, stack(0x0000003d7d200000,0x0000003d7d300000)]
  0x0000022c3a854b10 JavaThread "Sweeper thread" daemon [_thread_blocked, id=23692, stack(0x0000003d7d300000,0x0000003d7d400000)]
  0x0000022c3aa0aba0 JavaThread "Common-Cleaner" daemon [_thread_blocked, id=15384, stack(0x0000003d7d400000,0x0000003d7d500000)]
  0x0000022c3aa0b070 JavaThread "Notification Thread" daemon [_thread_blocked, id=24672, stack(0x0000003d7d500000,0x0000003d7d600000)]
  0x0000022c3cd44380 JavaThread "Daemon health stats" [_thread_blocked, id=24780, stack(0x0000003d7dd00000,0x0000003d7de00000)]
  0x0000022c3aaf3240 JavaThread "Incoming local TCP Connector on port 59292" [_thread_in_native, id=21232, stack(0x0000003d7d700000,0x0000003d7d800000)]
=>0x0000022c3da078c0 JavaThread "C2 CompilerThread1" daemon [_thread_in_native, id=12684, stack(0x0000003d7d800000,0x0000003d7d900000)]
  0x0000022c3ccc4520 JavaThread "Daemon periodic checks" [_thread_blocked, id=20432, stack(0x0000003d7de00000,0x0000003d7df00000)]
  0x0000022c3cf3e5a0 JavaThread "Daemon" [_thread_blocked, id=2616, stack(0x0000003d7df00000,0x0000003d7e000000)]
  0x0000022c3d20dc90 JavaThread "Handler for socket connection from /127.0.0.1:59292 to /127.0.0.1:59293" [_thread_in_native, id=11296, stack(0x0000003d7e000000,0x0000003d7e100000)]
  0x0000022c3c022680 JavaThread "Cancel handler" [_thread_blocked, id=19152, stack(0x0000003d7e100000,0x0000003d7e200000)]
  0x0000022c3c022f60 JavaThread "Daemon worker" [_thread_blocked, id=24244, stack(0x0000003d7e200000,0x0000003d7e300000)]
  0x0000022c3d782c30 JavaThread "Asynchronous log dispatcher for DefaultDaemonConnection: socket connection from /127.0.0.1:59292 to /127.0.0.1:59293" [_thread_blocked, id=14176, stack(0x0000003d7e300000,0x0000003d7e400000)]
  0x0000022c3b3fadf0 JavaThread "Stdin handler" [_thread_blocked, id=3156, stack(0x0000003d7e400000,0x0000003d7e500000)]
  0x0000022c3b3f8c40 JavaThread "Daemon client event forwarder" [_thread_blocked, id=6424, stack(0x0000003d7e500000,0x0000003d7e600000)]
  0x0000022c3b3f7900 JavaThread "Cache worker for journal cache (C:\Users\user\.gradle\caches\journal-1)" [_thread_blocked, id=13688, stack(0x0000003d7ea00000,0x0000003d7eb00000)]
  0x0000022c3b3f8770 JavaThread "File lock request listener" [_thread_in_native, id=17984, stack(0x0000003d7eb00000,0x0000003d7ec00000)]
  0x0000022c3b3f7dd0 JavaThread "Cache worker for file hash cache (C:\Users\user\.gradle\caches\8.0\fileHashes)" [_thread_blocked, id=3640, stack(0x0000003d7ec00000,0x0000003d7ed00000)]
  0x0000022c3b3f82a0 JavaThread "File watcher server" daemon [_thread_in_native, id=21412, stack(0x0000003d7ee00000,0x0000003d7ef00000)]
  0x0000022c3b3f9110 JavaThread "File watcher consumer" daemon [_thread_blocked, id=8876, stack(0x0000003d7ef00000,0x0000003d7f000000)]
  0x0000022c3b3f95e0 JavaThread "Cache worker for checksums cache (C:\workspace\Notelass\.gradle\8.0\checksums)" [_thread_blocked, id=23216, stack(0x0000003d7f000000,0x0000003d7f100000)]
  0x0000022c3b3f9ab0 JavaThread "Cache worker for cache directory md-rule (C:\Users\user\.gradle\caches\8.0\md-rule)" [_thread_blocked, id=22052, stack(0x0000003d7f100000,0x0000003d7f200000)]
  0x0000022c3b3f9f80 JavaThread "Cache worker for file content cache (C:\Users\user\.gradle\caches\8.0\fileContent)" [_thread_blocked, id=22740, stack(0x0000003d7f200000,0x0000003d7f300000)]
  0x0000022c3b3fa450 JavaThread "Cache worker for file hash cache (C:\workspace\Notelass\.gradle\8.0\fileHashes)" [_thread_blocked, id=22480, stack(0x0000003d7f300000,0x0000003d7f400000)]
  0x0000022c3b3fa920 JavaThread "Cache worker for cache directory md-supplier (C:\Users\user\.gradle\caches\8.0\md-supplier)" [_thread_blocked, id=14992, stack(0x0000003d7f400000,0x0000003d7f500000)]
  0x0000022c40b7d440 JavaThread "Cache worker for execution history cache (C:\Users\user\.gradle\caches\8.0\executionHistory)" [_thread_blocked, id=22016, stack(0x0000003d7f500000,0x0000003d7f600000)]
  0x0000022c40b7b760 JavaThread "jar transforms" [_thread_blocked, id=12444, stack(0x0000003d7f600000,0x0000003d7f700000)]
  0x0000022c40b7f120 JavaThread "jar transforms Thread 2" [_thread_blocked, id=15620, stack(0x0000003d7f700000,0x0000003d7f800000)]
  0x0000022c40b7a8f0 JavaThread "Cache worker for kotlin-dsl (C:\Users\user\.gradle\caches\8.0\kotlin-dsl)" [_thread_blocked, id=25100, stack(0x0000003d7f800000,0x0000003d7f900000)]
  0x0000022c40b7e2b0 JavaThread "jar transforms Thread 3" [_thread_blocked, id=23540, stack(0x0000003d7f900000,0x0000003d7fa00000)]
  0x0000022c40b7ff90 JavaThread "jar transforms Thread 4" [_thread_blocked, id=24788, stack(0x0000003d7fa00000,0x0000003d7fb00000)]
  0x0000022c40b7fac0 JavaThread "Cache worker for dependencies-accessors (C:\workspace\Notelass\.gradle\8.0\dependencies-accessors)" [_thread_blocked, id=11680, stack(0x0000003d7fb00000,0x0000003d7fc00000)]
  0x0000022c40b790e0 JavaThread "Cache worker for Build Output Cleanup Cache (C:\workspace\Notelass\.gradle\buildOutputCleanup)" [_thread_blocked, id=5112, stack(0x0000003d7fc00000,0x0000003d7fd00000)]
  0x0000022c40b80460 JavaThread "jar transforms Thread 5" [_thread_blocked, id=17888, stack(0x0000003d7fd00000,0x0000003d7fe00000)]
  0x0000022c40b7e780 JavaThread "Unconstrained build operations" [_thread_blocked, id=9640, stack(0x0000003d7fe00000,0x0000003d7ff00000)]
  0x0000022c40b7ec50 JavaThread "Unconstrained build operations Thread 2" [_thread_blocked, id=25424, stack(0x0000003d7ff00000,0x0000003d80000000)]
  0x0000022c40b79a80 JavaThread "Unconstrained build operations Thread 3" [_thread_blocked, id=24856, stack(0x0000003d00000000,0x0000003d00100000)]
  0x0000022c40b7adc0 JavaThread "Unconstrained build operations Thread 4" [_thread_blocked, id=22616, stack(0x0000003d00100000,0x0000003d00200000)]
  0x0000022c40b7a420 JavaThread "Unconstrained build operations Thread 5" [_thread_blocked, id=20344, stack(0x0000003d00200000,0x0000003d00300000)]
  0x0000022c40b7b290 JavaThread "Unconstrained build operations Thread 6" [_thread_blocked, id=22424, stack(0x0000003d00300000,0x0000003d00400000)]
  0x0000022c40b7c100 JavaThread "Unconstrained build operations Thread 7" [_thread_blocked, id=25420, stack(0x0000003d00400000,0x0000003d00500000)]
  0x0000022c40b7c5d0 JavaThread "Unconstrained build operations Thread 8" [_thread_blocked, id=21104, stack(0x0000003d00500000,0x0000003d00600000)]
  0x0000022c40b7caa0 JavaThread "Unconstrained build operations Thread 9" [_thread_blocked, id=9572, stack(0x0000003d00600000,0x0000003d00700000)]
  0x0000022c40b7cf70 JavaThread "Unconstrained build operations Thread 10" [_thread_blocked, id=17724, stack(0x0000003d00700000,0x0000003d00800000)]
  0x0000022c3ab97230 JavaThread "Unconstrained build operations Thread 11" [_thread_blocked, id=23700, stack(0x0000003d00800000,0x0000003d00900000)]
  0x0000022c3ab90d20 JavaThread "Unconstrained build operations Thread 12" [_thread_blocked, id=22268, stack(0x0000003d00900000,0x0000003d00a00000)]
  0x0000022c3ab93d40 JavaThread "Unconstrained build operations Thread 13" [_thread_blocked, id=24336, stack(0x0000003d00a00000,0x0000003d00b00000)]
  0x0000022c3ab95a20 JavaThread "Unconstrained build operations Thread 14" [_thread_blocked, id=7960, stack(0x0000003d00b00000,0x0000003d00c00000)]
  0x0000022c3ab96d60 JavaThread "Unconstrained build operations Thread 15" [_thread_blocked, id=7916, stack(0x0000003d00c00000,0x0000003d00d00000)]
  0x0000022c3ab8f9e0 JavaThread "Unconstrained build operations Thread 16" [_thread_blocked, id=9624, stack(0x0000003d00d00000,0x0000003d00e00000)]
  0x0000022c3ab93870 JavaThread "Unconstrained build operations Thread 17" [_thread_blocked, id=10264, stack(0x0000003d00e00000,0x0000003d00f00000)]
  0x0000022c3ab94bb0 JavaThread "Unconstrained build operations Thread 18" [_thread_blocked, id=9040, stack(0x0000003d00f00000,0x0000003d01000000)]
  0x0000022c3ab933a0 JavaThread "Unconstrained build operations Thread 19" [_thread_blocked, id=5800, stack(0x0000003d01000000,0x0000003d01100000)]
  0x0000022c3ab963c0 JavaThread "Unconstrained build operations Thread 20" [_thread_blocked, id=21352, stack(0x0000003d01100000,0x0000003d01200000)]
  0x0000022c3ab90850 JavaThread "Unconstrained build operations Thread 21" [_thread_blocked, id=24760, stack(0x0000003d01200000,0x0000003d01300000)]
  0x0000022c3ab8feb0 JavaThread "Unconstrained build operations Thread 22" [_thread_blocked, id=11084, stack(0x0000003d01300000,0x0000003d01400000)]
  0x0000022c3ab95080 JavaThread "Unconstrained build operations Thread 23" [_thread_blocked, id=20284, stack(0x0000003d01400000,0x0000003d01500000)]
  0x0000022c3ab90380 JavaThread "Unconstrained build operations Thread 24" [_thread_blocked, id=9952, stack(0x0000003d01500000,0x0000003d01600000)]
  0x0000022c3ab95550 JavaThread "Unconstrained build operations Thread 25" [_thread_blocked, id=23632, stack(0x0000003d01600000,0x0000003d01700000)]
  0x0000022c3ab911f0 JavaThread "Unconstrained build operations Thread 26" [_thread_blocked, id=18708, stack(0x0000003d01700000,0x0000003d01800000)]
  0x0000022c3ab92060 JavaThread "Unconstrained build operations Thread 27" [_thread_blocked, id=5076, stack(0x0000003d01800000,0x0000003d01900000)]
  0x0000022c3ab916c0 JavaThread "Unconstrained build operations Thread 28" [_thread_blocked, id=18544, stack(0x0000003d01900000,0x0000003d01a00000)]
  0x0000022c3ab94210 JavaThread "Unconstrained build operations Thread 29" [_thread_blocked, id=23756, stack(0x0000003d01a00000,0x0000003d01b00000)]
  0x0000022c3ab95ef0 JavaThread "Unconstrained build operations Thread 30" [_thread_blocked, id=17512, stack(0x0000003d01b00000,0x0000003d01c00000)]
  0x0000022c3ab96890 JavaThread "Unconstrained build operations Thread 31" [_thread_blocked, id=10232, stack(0x0000003d01c00000,0x0000003d01d00000)]
  0x0000022c3ab91b90 JavaThread "Unconstrained build operations Thread 32" [_thread_blocked, id=16448, stack(0x0000003d01d00000,0x0000003d01e00000)]
  0x0000022c3ab92530 JavaThread "Unconstrained build operations Thread 33" [_thread_blocked, id=13952, stack(0x0000003d01e00000,0x0000003d01f00000)]
  0x0000022c3ab92a00 JavaThread "Unconstrained build operations Thread 34" [_thread_blocked, id=25144, stack(0x0000003d01f00000,0x0000003d02000000)]
  0x0000022c3ab92ed0 JavaThread "Unconstrained build operations Thread 35" [_thread_blocked, id=16760, stack(0x0000003d02000000,0x0000003d02100000)]
  0x0000022c3ab946e0 JavaThread "Unconstrained build operations Thread 36" [_thread_blocked, id=19140, stack(0x0000003d02100000,0x0000003d02200000)]
  0x0000022c3b46b7d0 JavaThread "Unconstrained build operations Thread 37" [_thread_blocked, id=13748, stack(0x0000003d02200000,0x0000003d02300000)]
  0x0000022c3b471ce0 JavaThread "Unconstrained build operations Thread 38" [_thread_blocked, id=18232, stack(0x0000003d02300000,0x0000003d02400000)]
  0x0000022c3b46e7f0 JavaThread "Unconstrained build operations Thread 39" [_thread_blocked, id=9208, stack(0x0000003d02400000,0x0000003d02500000)]
  0x0000022c3b46cb10 JavaThread "Unconstrained build operations Thread 40" [_thread_blocked, id=22512, stack(0x0000003d02500000,0x0000003d02600000)]
  0x0000022c3b46cfe0 JavaThread "Unconstrained build operations Thread 41" [_thread_blocked, id=23392, stack(0x0000003d02600000,0x0000003d02700000)]
  0x0000022c3b46b300 JavaThread "Unconstrained build operations Thread 42" [_thread_blocked, id=15316, stack(0x0000003d02700000,0x0000003d02800000)]
  0x0000022c3b46f660 JavaThread "Unconstrained build operations Thread 43" [_thread_blocked, id=12540, stack(0x0000003d02800000,0x0000003d02900000)]
  0x0000022c3b4709a0 JavaThread "Unconstrained build operations Thread 44" [_thread_blocked, id=2320, stack(0x0000003d02900000,0x0000003d02a00000)]
  0x0000022c3b46f190 JavaThread "Unconstrained build operations Thread 45" [_thread_blocked, id=16356, stack(0x0000003d02a00000,0x0000003d02b00000)]
  0x0000022c3b470e70 JavaThread "Unconstrained build operations Thread 46" [_thread_blocked, id=24748, stack(0x0000003d02b00000,0x0000003d02c00000)]
  0x0000022c3b46fb30 JavaThread "Unconstrained build operations Thread 47" [_thread_blocked, id=9520, stack(0x0000003d02c00000,0x0000003d02d00000)]
  0x0000022c3b470000 JavaThread "Unconstrained build operations Thread 48" [_thread_blocked, id=12176, stack(0x0000003d02d00000,0x0000003d02e00000)]
  0x0000022c3b46bca0 JavaThread "Unconstrained build operations Thread 49" [_thread_blocked, id=7668, stack(0x0000003d02e00000,0x0000003d02f00000)]
  0x0000022c3b471810 JavaThread "Unconstrained build operations Thread 50" [_thread_blocked, id=10052, stack(0x0000003d02f00000,0x0000003d03000000)]
  0x0000022c3b46c640 JavaThread "Unconstrained build operations Thread 51" [_thread_blocked, id=25128, stack(0x0000003d03000000,0x0000003d03100000)]
  0x0000022c3b46c170 JavaThread "Unconstrained build operations Thread 52" [_thread_blocked, id=19856, stack(0x0000003d03100000,0x0000003d03200000)]
  0x0000022c3b46d4b0 JavaThread "Unconstrained build operations Thread 53" [_thread_blocked, id=15920, stack(0x0000003d03200000,0x0000003d03300000)]
  0x0000022c3b4721b0 JavaThread "Unconstrained build operations Thread 54" [_thread_blocked, id=24716, stack(0x0000003d03300000,0x0000003d03400000)]
  0x0000022c3b46ecc0 JavaThread "Unconstrained build operations Thread 55" [_thread_blocked, id=21780, stack(0x0000003d03400000,0x0000003d03500000)]
  0x0000022c3b46e320 JavaThread "Unconstrained build operations Thread 56" [_thread_blocked, id=22624, stack(0x0000003d03500000,0x0000003d03600000)]
  0x0000022c3b46d980 JavaThread "Unconstrained build operations Thread 57" [_thread_blocked, id=9716, stack(0x0000003d03600000,0x0000003d03700000)]
  0x0000022c3b4704d0 JavaThread "Unconstrained build operations Thread 58" [_thread_blocked, id=11772, stack(0x0000003d03700000,0x0000003d03800000)]
  0x0000022c3b471340 JavaThread "Unconstrained build operations Thread 59" [_thread_blocked, id=25236, stack(0x0000003d03800000,0x0000003d03900000)]
  0x0000022c3b46de50 JavaThread "Unconstrained build operations Thread 60" [_thread_blocked, id=24328, stack(0x0000003d03900000,0x0000003d03a00000)]
  0x0000022c3b46a960 JavaThread "Unconstrained build operations Thread 61" [_thread_blocked, id=12336, stack(0x0000003d03a00000,0x0000003d03b00000)]
  0x0000022c3b46ae30 JavaThread "Unconstrained build operations Thread 62" [_thread_blocked, id=24804, stack(0x0000003d03b00000,0x0000003d03c00000)]
  0x0000022c41a9bf60 JavaThread "Unconstrained build operations Thread 63" [_thread_blocked, id=13216, stack(0x0000003d03c00000,0x0000003d03d00000)]
  0x0000022c41aa1fa0 JavaThread "Unconstrained build operations Thread 64" [_thread_blocked, id=848, stack(0x0000003d03d00000,0x0000003d03e00000)]
  0x0000022c41a9c430 JavaThread "Unconstrained build operations Thread 65" [_thread_blocked, id=12584, stack(0x0000003d03e00000,0x0000003d03f00000)]
  0x0000022c41a9d770 JavaThread "Unconstrained build operations Thread 66" [_thread_blocked, id=16828, stack(0x0000003d03f00000,0x0000003d04000000)]
  0x0000022c41aa1130 JavaThread "Unconstrained build operations Thread 67" [_thread_blocked, id=18884, stack(0x0000003d04000000,0x0000003d04100000)]
  0x0000022c41aa0c60 JavaThread "Unconstrained build operations Thread 68" [_thread_blocked, id=16188, stack(0x0000003d04100000,0x0000003d04200000)]
  0x0000022c41aa1600 JavaThread "Unconstrained build operations Thread 69" [_thread_blocked, id=3576, stack(0x0000003d04200000,0x0000003d04300000)]
  0x0000022c41a9f920 JavaThread "Unconstrained build operations Thread 70" [_thread_blocked, id=20592, stack(0x0000003d04300000,0x0000003d04400000)]
  0x0000022c41aa0790 JavaThread "Unconstrained build operations Thread 71" [_thread_blocked, id=18512, stack(0x0000003d04400000,0x0000003d04500000)]
  0x0000022c41a9cdd0 JavaThread "Unconstrained build operations Thread 72" [_thread_blocked, id=6332, stack(0x0000003d04500000,0x0000003d04600000)]
  0x0000022c41a9fdf0 JavaThread "Unconstrained build operations Thread 73" [_thread_blocked, id=20012, stack(0x0000003d04600000,0x0000003d04700000)]
  0x0000022c41a9c900 JavaThread "Unconstrained build operations Thread 74" [_thread_blocked, id=22656, stack(0x0000003d04700000,0x0000003d04800000)]
  0x0000022c41aa02c0 JavaThread "Unconstrained build operations Thread 75" [_thread_blocked, id=10124, stack(0x0000003d04800000,0x0000003d04900000)]
  0x0000022c41a9ef80 JavaThread "Unconstrained build operations Thread 76" [_thread_blocked, id=25240, stack(0x0000003d04900000,0x0000003d04a00000)]
  0x0000022c41a9e110 JavaThread "Unconstrained build operations Thread 77" [_thread_blocked, id=12652, stack(0x0000003d04a00000,0x0000003d04b00000)]
  0x0000022c41a9ba90 JavaThread "Unconstrained build operations Thread 78" [_thread_blocked, id=13060, stack(0x0000003d04b00000,0x0000003d04c00000)]
  0x0000022c41a9d2a0 JavaThread "Unconstrained build operations Thread 79" [_thread_blocked, id=21052, stack(0x0000003d04c00000,0x0000003d04d00000)]
  0x0000022c41aa1ad0 JavaThread "Unconstrained build operations Thread 80" [_thread_blocked, id=1660, stack(0x0000003d04d00000,0x0000003d04e00000)]
  0x0000022c41a9b5c0 JavaThread "jar transforms Thread 6" [_thread_blocked, id=23148, stack(0x0000003d04e00000,0x0000003d04f00000)]
  0x0000022c41a9dc40 JavaThread "jar transforms Thread 7" [_thread_blocked, id=16736, stack(0x0000003d04f00000,0x0000003d05000000)]
  0x0000022c41aa2470 JavaThread "jar transforms Thread 8" [_thread_blocked, id=20508, stack(0x0000003d05000000,0x0000003d05100000)]
  0x0000022c41a9eab0 JavaThread "build event listener" [_thread_blocked, id=7308, stack(0x0000003d05200000,0x0000003d05300000)]
  0x0000022c41a9f450 JavaThread "Memory manager" [_thread_blocked, id=14460, stack(0x0000003d05300000,0x0000003d05400000)]
  0x0000022c3e057780 JavaThread "C2 CompilerThread2" daemon [_thread_in_native, id=7832, stack(0x0000003d05400000,0x0000003d05500000)]
  0x0000022c4257a370 JavaThread "pool-3-thread-1" [_thread_blocked, id=14216, stack(0x0000003d05700000,0x0000003d05800000)]
  0x0000022c425764e0 JavaThread "build event listener" [_thread_blocked, id=4484, stack(0x0000003d05800000,0x0000003d05900000)]
  0x0000022c42576e80 JavaThread "included builds" [_thread_blocked, id=13020, stack(0x0000003d05900000,0x0000003d05a00000)]
  0x0000022c42577350 JavaThread "Execution worker" [_thread_blocked, id=19876, stack(0x0000003d05a00000,0x0000003d05b00000)]
  0x0000022c42577cf0 JavaThread "Execution worker Thread 2" [_thread_blocked, id=12604, stack(0x0000003d05b00000,0x0000003d05c00000)]
  0x0000022c425751a0 JavaThread "Execution worker Thread 3" [_thread_blocked, id=3616, stack(0x0000003d05c00000,0x0000003d05d00000)]
  0x0000022c425781c0 JavaThread "Execution worker Thread 4" [_thread_blocked, id=22036, stack(0x0000003d05d00000,0x0000003d05e00000)]
  0x0000022c42579ea0 JavaThread "Execution worker Thread 5" [_thread_blocked, id=6816, stack(0x0000003d05e00000,0x0000003d05f00000)]
  0x0000022c42579500 JavaThread "Execution worker Thread 6" [_thread_in_Java, id=1296, stack(0x0000003d05f00000,0x0000003d06000000)]
  0x0000022c42574330 JavaThread "Execution worker Thread 7" [_thread_blocked, id=17968, stack(0x0000003d06000000,0x0000003d06100000)]
  0x0000022c42577820 JavaThread "Cache worker for execution history cache (C:\workspace\Notelass\.gradle\8.0\executionHistory)" [_thread_blocked, id=17988, stack(0x0000003d06100000,0x0000003d06200000)]

Other Threads:
  0x0000022c39b29b50 VMThread "VM Thread" [stack: 0x0000003d7ca00000,0x0000003d7cb00000] [id=11120]
  0x0000022c3a9005a0 WatcherThread [stack: 0x0000003d7d600000,0x0000003d7d700000] [id=7992]
  0x0000022c1ff350b0 GCTaskThread "GC Thread#0" [stack: 0x0000003d7c500000,0x0000003d7c600000] [id=9948]
  0x0000022c3b47b120 GCTaskThread "GC Thread#1" [stack: 0x0000003d7d900000,0x0000003d7da00000] [id=11708]
  0x0000022c3af2a2d0 GCTaskThread "GC Thread#2" [stack: 0x0000003d7da00000,0x0000003d7db00000] [id=21296]
  0x0000022c3b19e530 GCTaskThread "GC Thread#3" [stack: 0x0000003d7db00000,0x0000003d7dc00000] [id=14528]
  0x0000022c3bc236e0 GCTaskThread "GC Thread#4" [stack: 0x0000003d7dc00000,0x0000003d7dd00000] [id=23156]
  0x0000022c3cf3ee80 GCTaskThread "GC Thread#5" [stack: 0x0000003d7e600000,0x0000003d7e700000] [id=24836]
  0x0000022c3c374360 GCTaskThread "GC Thread#6" [stack: 0x0000003d7e700000,0x0000003d7e800000] [id=13084]
  0x0000022c3bb5ebb0 GCTaskThread "GC Thread#7" [stack: 0x0000003d7e800000,0x0000003d7e900000] [id=4468]
  0x0000022c1ff45ff0 ConcurrentGCThread "G1 Main Marker" [stack: 0x0000003d7c600000,0x0000003d7c700000] [id=8392]
  0x0000022c1ff46a00 ConcurrentGCThread "G1 Conc#0" [stack: 0x0000003d7c700000,0x0000003d7c800000] [id=13728]
  0x0000022c3ce3b250 ConcurrentGCThread "G1 Conc#1" [stack: 0x0000003d7e900000,0x0000003d7ea00000] [id=10444]
  0x0000022c1ff9ebc0 ConcurrentGCThread "G1 Refine#0" [stack: 0x0000003d7c800000,0x0000003d7c900000] [id=10984]
  0x0000022c3e8ec390 ConcurrentGCThread "G1 Refine#1" [stack: 0x0000003d05100000,0x0000003d05200000] [id=17348]
  0x0000022c402d0920 ConcurrentGCThread "G1 Refine#2" [stack: 0x0000003d05500000,0x0000003d05600000] [id=25260]
  0x0000022c402d25e0 ConcurrentGCThread "G1 Refine#3" [stack: 0x0000003d05600000,0x0000003d05700000] [id=4176]
  0x0000022c3999a2f0 ConcurrentGCThread "G1 Service" [stack: 0x0000003d7c900000,0x0000003d7ca00000] [id=22772]

Threads with active compile tasks:
C2 CompilerThread0    14636 11021       4       org.gradle.internal.component.external.model.DefaultModuleComponentSelector::newSelector (90 bytes)
C1 CompilerThread0    14636 11086       3       org.gradle.api.internal.artifacts.ivyservice.resolveengine.graph.selectors.SelectorStateResolverResults::getResolved (183 bytes)
C2 CompilerThread1    14636 10786       4       org.gradle.api.internal.artifacts.ModuleComponentSelectorSerializer::read (50 bytes)
C2 CompilerThread2    14636 11022       4       org.gradle.api.internal.artifacts.dependencies.DefaultImmutableVersionConstraint::of (50 bytes)

VM state: not at safepoint (normal execution)

VM Mutex/Monitor currently owned by a thread:  ([mutex/lock_event])
[0x0000022c1fed2940] Compile_lock - owner thread: 0x0000000000000000

Heap address: 0x0000000080000000, size: 2048 MB, Compressed Oops mode: 32-bit

CDS archive(s) not mapped
Compressed class space mapped at: 0x0000000100000000-0x0000000140000000, reserved size: 1073741824
Narrow klass base: 0x0000000000000000, Narrow klass shift: 3, Narrow klass range: 0x140000000

GC Precious Log:
 CPUs: 8 total, 8 available
 Memory: 7865M
 Large Page Support: Disabled
 NUMA Support: Disabled
 Compressed Oops: Enabled (32-bit)
 Heap Region Size: 1M
 Heap Min Capacity: 8M
 Heap Initial Capacity: 124M
 Heap Max Capacity: 2G
 Pre-touch: Disabled
 Parallel Workers: 8
 Concurrent Workers: 2
 Concurrent Refinement Workers: 8
 Periodic GC: Disabled

Heap:
 garbage-first heap   total 261120K, used 164279K [0x0000000080000000, 0x0000000100000000)
  region size 1024K, 92 young (94208K), 16 survivors (16384K)
 Metaspace       used 99909K, committed 100608K, reserved 1138688K
  class space    used 13453K, committed 13760K, reserved 1048576K

Heap Regions: E=young(eden), S=young(survivor), O=old, HS=humongous(starts), HC=humongous(continues), CS=collection set, F=free, OA=open archive, CA=closed archive, TAMS=top-at-mark-start (previous, next)
|   0|0x0000000080000000, 0x0000000080100000, 0x0000000080100000|100%|HS|  |TAMS 0x0000000080100000, 0x0000000080000000| Complete 
|   1|0x0000000080100000, 0x0000000080200000, 0x0000000080200000|100%|HC|  |TAMS 0x0000000080200000, 0x0000000080100000| Complete 
|   2|0x0000000080200000, 0x0000000080300000, 0x0000000080300000|100%|HC|  |TAMS 0x0000000080300000, 0x0000000080200000| Complete 
|   3|0x0000000080300000, 0x0000000080400000, 0x0000000080400000|100%|HC|  |TAMS 0x0000000080400000, 0x0000000080300000| Complete 
|   4|0x0000000080400000, 0x0000000080500000, 0x0000000080500000|100%| O|  |TAMS 0x0000000080500000, 0x0000000080400000| Untracked 
|   5|0x0000000080500000, 0x0000000080600000, 0x0000000080600000|100%| O|  |TAMS 0x0000000080600000, 0x0000000080500000| Untracked 
|   6|0x0000000080600000, 0x0000000080700000, 0x0000000080700000|100%| O|  |TAMS 0x0000000080700000, 0x0000000080600000| Untracked 
|   7|0x0000000080700000, 0x0000000080800000, 0x0000000080800000|100%| O|  |TAMS 0x0000000080800000, 0x0000000080700000| Untracked 
|   8|0x0000000080800000, 0x0000000080900000, 0x0000000080900000|100%| O|  |TAMS 0x0000000080900000, 0x0000000080800000| Untracked 
|   9|0x0000000080900000, 0x0000000080a00000, 0x0000000080a00000|100%| O|  |TAMS 0x0000000080a00000, 0x0000000080900000| Untracked 
|  10|0x0000000080a00000, 0x0000000080b00000, 0x0000000080b00000|100%| O|  |TAMS 0x0000000080b00000, 0x0000000080a00000| Untracked 
|  11|0x0000000080b00000, 0x0000000080c00000, 0x0000000080c00000|100%| O|  |TAMS 0x0000000080c00000, 0x0000000080b00000| Untracked 
|  12|0x0000000080c00000, 0x0000000080d00000, 0x0000000080d00000|100%| O|  |TAMS 0x0000000080d00000, 0x0000000080c00000| Untracked 
|  13|0x0000000080d00000, 0x0000000080e00000, 0x0000000080e00000|100%| O|  |TAMS 0x0000000080e00000, 0x0000000080d00000| Untracked 
|  14|0x0000000080e00000, 0x0000000080f00000, 0x0000000080f00000|100%| O|  |TAMS 0x0000000080f00000, 0x0000000080e00000| Untracked 
|  15|0x0000000080f00000, 0x0000000081000000, 0x0000000081000000|100%| O|  |TAMS 0x0000000081000000, 0x0000000080f00000| Untracked 
|  16|0x0000000081000000, 0x0000000081100000, 0x0000000081100000|100%| O|  |TAMS 0x0000000081100000, 0x0000000081000000| Untracked 
|  17|0x0000000081100000, 0x0000000081200000, 0x0000000081200000|100%| O|  |TAMS 0x0000000081200000, 0x0000000081100000| Untracked 
|  18|0x0000000081200000, 0x0000000081300000, 0x0000000081300000|100%| O|  |TAMS 0x0000000081300000, 0x0000000081200000| Untracked 
|  19|0x0000000081300000, 0x0000000081400000, 0x0000000081400000|100%| O|  |TAMS 0x0000000081400000, 0x0000000081300000| Untracked 
|  20|0x0000000081400000, 0x0000000081500000, 0x0000000081500000|100%| O|  |TAMS 0x0000000081500000, 0x0000000081400000| Untracked 
|  21|0x0000000081500000, 0x0000000081600000, 0x0000000081600000|100%| O|  |TAMS 0x0000000081600000, 0x0000000081500000| Untracked 
|  22|0x0000000081600000, 0x0000000081700000, 0x0000000081700000|100%| O|  |TAMS 0x0000000081700000, 0x0000000081600000| Untracked 
|  23|0x0000000081700000, 0x0000000081800000, 0x0000000081800000|100%| O|  |TAMS 0x0000000081700000, 0x0000000081700000| Untracked 
|  24|0x0000000081800000, 0x0000000081900000, 0x0000000081900000|100%| O|  |TAMS 0x0000000081900000, 0x0000000081800000| Untracked 
|  25|0x0000000081900000, 0x0000000081a00000, 0x0000000081a00000|100%| O|  |TAMS 0x0000000081a00000, 0x0000000081900000| Untracked 
|  26|0x0000000081a00000, 0x0000000081b00000, 0x0000000081b00000|100%| O|  |TAMS 0x0000000081b00000, 0x0000000081a00000| Untracked 
|  27|0x0000000081b00000, 0x0000000081c00000, 0x0000000081c00000|100%| O|  |TAMS 0x0000000081c00000, 0x0000000081b00000| Untracked 
|  28|0x0000000081c00000, 0x0000000081d00000, 0x0000000081d00000|100%| O|  |TAMS 0x0000000081d00000, 0x0000000081c00000| Untracked 
|  29|0x0000000081d00000, 0x0000000081e00000, 0x0000000081e00000|100%| O|  |TAMS 0x0000000081d00000, 0x0000000081d00000| Untracked 
|  30|0x0000000081e00000, 0x0000000081f00000, 0x0000000081f00000|100%| O|  |TAMS 0x0000000081f00000, 0x0000000081e00000| Untracked 
|  31|0x0000000081f00000, 0x0000000082000000, 0x0000000082000000|100%| O|  |TAMS 0x0000000082000000, 0x0000000081f00000| Untracked 
|  32|0x0000000082000000, 0x0000000082100000, 0x0000000082100000|100%| O|  |TAMS 0x0000000082100000, 0x0000000082000000| Untracked 
|  33|0x0000000082100000, 0x0000000082200000, 0x0000000082200000|100%| O|  |TAMS 0x0000000082200000, 0x0000000082100000| Untracked 
|  34|0x0000000082200000, 0x0000000082300000, 0x0000000082300000|100%| O|  |TAMS 0x0000000082300000, 0x0000000082200000| Untracked 
|  35|0x0000000082300000, 0x0000000082400000, 0x0000000082400000|100%| O|  |TAMS 0x0000000082400000, 0x0000000082300000| Untracked 
|  36|0x0000000082400000, 0x0000000082500000, 0x0000000082500000|100%| O|  |TAMS 0x0000000082500000, 0x0000000082400000| Untracked 
|  37|0x0000000082500000, 0x0000000082600000, 0x0000000082600000|100%| O|  |TAMS 0x0000000082600000, 0x0000000082500000| Untracked 
|  38|0x0000000082600000, 0x0000000082700000, 0x0000000082700000|100%|HS|  |TAMS 0x0000000082700000, 0x0000000082600000| Complete 
|  39|0x0000000082700000, 0x0000000082800000, 0x0000000082800000|100%|HS|  |TAMS 0x0000000082800000, 0x0000000082700000| Complete 
|  40|0x0000000082800000, 0x0000000082900000, 0x0000000082900000|100%|HS|  |TAMS 0x0000000082900000, 0x0000000082800000| Complete 
|  41|0x0000000082900000, 0x0000000082a00000, 0x0000000082a00000|100%|HS|  |TAMS 0x0000000082a00000, 0x0000000082900000| Complete 
|  42|0x0000000082a00000, 0x0000000082b00000, 0x0000000082b00000|100%|HC|  |TAMS 0x0000000082b00000, 0x0000000082a00000| Complete 
|  43|0x0000000082b00000, 0x0000000082c00000, 0x0000000082c00000|100%|HS|  |TAMS 0x0000000082c00000, 0x0000000082b00000| Complete 
|  44|0x0000000082c00000, 0x0000000082d00000, 0x0000000082d00000|100%|HC|  |TAMS 0x0000000082d00000, 0x0000000082c00000| Complete 
|  45|0x0000000082d00000, 0x0000000082e00000, 0x0000000082e00000|100%|HC|  |TAMS 0x0000000082e00000, 0x0000000082d00000| Complete 
|  46|0x0000000082e00000, 0x0000000082f00000, 0x0000000082f00000|100%|HC|  |TAMS 0x0000000082f00000, 0x0000000082e00000| Complete 
|  47|0x0000000082f00000, 0x0000000083000000, 0x0000000083000000|100%| O|  |TAMS 0x0000000083000000, 0x0000000082f00000| Untracked 
|  48|0x0000000083000000, 0x0000000083100000, 0x0000000083100000|100%| O|  |TAMS 0x0000000083100000, 0x0000000083000000| Untracked 
|  49|0x0000000083100000, 0x0000000083200000, 0x0000000083200000|100%| O|  |TAMS 0x0000000083200000, 0x0000000083100000| Untracked 
|  50|0x0000000083200000, 0x0000000083300000, 0x0000000083300000|100%| O|  |TAMS 0x0000000083300000, 0x0000000083200000| Untracked 
|  51|0x0000000083300000, 0x0000000083400000, 0x0000000083400000|100%| O|  |TAMS 0x0000000083400000, 0x0000000083300000| Untracked 
|  52|0x0000000083400000, 0x0000000083500000, 0x0000000083500000|100%| O|  |TAMS 0x0000000083500000, 0x0000000083400000| Untracked 
|  53|0x0000000083500000, 0x0000000083600000, 0x0000000083600000|100%| O|  |TAMS 0x0000000083600000, 0x0000000083500000| Untracked 
|  54|0x0000000083600000, 0x0000000083700000, 0x0000000083700000|100%| O|  |TAMS 0x0000000083700000, 0x0000000083600000| Untracked 
|  55|0x0000000083700000, 0x0000000083800000, 0x0000000083800000|100%| O|  |TAMS 0x0000000083800000, 0x0000000083700000| Untracked 
|  56|0x0000000083800000, 0x0000000083900000, 0x0000000083900000|100%| O|  |TAMS 0x0000000083900000, 0x0000000083800000| Untracked 
|  57|0x0000000083900000, 0x0000000083a00000, 0x0000000083a00000|100%| O|  |TAMS 0x0000000083a00000, 0x0000000083900000| Untracked 
|  58|0x0000000083a00000, 0x0000000083b00000, 0x0000000083b00000|100%| O|  |TAMS 0x0000000083b00000, 0x0000000083a00000| Untracked 
|  59|0x0000000083b00000, 0x0000000083c00000, 0x0000000083c00000|100%| O|  |TAMS 0x0000000083ba4400, 0x0000000083b00000| Untracked 
|  60|0x0000000083c00000, 0x0000000083d00000, 0x0000000083d00000|100%| O|  |TAMS 0x0000000083c00000, 0x0000000083c00000| Untracked 
|  61|0x0000000083d00000, 0x0000000083e00000, 0x0000000083e00000|100%| O|  |TAMS 0x0000000083d00000, 0x0000000083d00000| Untracked 
|  62|0x0000000083e00000, 0x0000000083f00000, 0x0000000083f00000|100%| O|  |TAMS 0x0000000083e00000, 0x0000000083e00000| Untracked 
|  63|0x0000000083f00000, 0x0000000084000000, 0x0000000084000000|100%| O|  |TAMS 0x0000000083f00000, 0x0000000083f00000| Untracked 
|  64|0x0000000084000000, 0x0000000084100000, 0x0000000084100000|100%| O|  |TAMS 0x0000000084000000, 0x0000000084000000| Untracked 
|  65|0x0000000084100000, 0x0000000084200000, 0x0000000084200000|100%| O|  |TAMS 0x0000000084100000, 0x0000000084100000| Untracked 
|  66|0x0000000084200000, 0x0000000084300000, 0x0000000084300000|100%| O|  |TAMS 0x0000000084200000, 0x0000000084200000| Untracked 
|  67|0x0000000084300000, 0x000000008436de00, 0x0000000084400000| 42%| O|  |TAMS 0x0000000084300000, 0x0000000084300000| Untracked 
|  68|0x0000000084400000, 0x0000000084500000, 0x0000000084500000|100%|HS|  |TAMS 0x0000000084400000, 0x0000000084400000| Complete 
|  69|0x0000000084500000, 0x0000000084500000, 0x0000000084600000|  0%| F|  |TAMS 0x0000000084500000, 0x0000000084500000| Untracked 
|  70|0x0000000084600000, 0x0000000084600000, 0x0000000084700000|  0%| F|  |TAMS 0x0000000084600000, 0x0000000084600000| Untracked 
|  71|0x0000000084700000, 0x0000000084700000, 0x0000000084800000|  0%| F|  |TAMS 0x0000000084700000, 0x0000000084700000| Untracked 
|  72|0x0000000084800000, 0x0000000084800000, 0x0000000084900000|  0%| F|  |TAMS 0x0000000084800000, 0x0000000084800000| Untracked 
|  73|0x0000000084900000, 0x0000000084900000, 0x0000000084a00000|  0%| F|  |TAMS 0x0000000084900000, 0x0000000084900000| Untracked 
|  74|0x0000000084a00000, 0x0000000084a00000, 0x0000000084b00000|  0%| F|  |TAMS 0x0000000084a00000, 0x0000000084a00000| Untracked 
|  75|0x0000000084b00000, 0x0000000084b00000, 0x0000000084c00000|  0%| F|  |TAMS 0x0000000084b00000, 0x0000000084b00000| Untracked 
|  76|0x0000000084c00000, 0x0000000084c00000, 0x0000000084d00000|  0%| F|  |TAMS 0x0000000084c00000, 0x0000000084c00000| Untracked 
|  77|0x0000000084d00000, 0x0000000084d00000, 0x0000000084e00000|  0%| F|  |TAMS 0x0000000084d00000, 0x0000000084d00000| Untracked 
|  78|0x0000000084e00000, 0x0000000084e00000, 0x0000000084f00000|  0%| F|  |TAMS 0x0000000084e00000, 0x0000000084e00000| Untracked 
|  79|0x0000000084f00000, 0x0000000084f00000, 0x0000000085000000|  0%| F|  |TAMS 0x0000000084f00000, 0x0000000084f00000| Untracked 
|  80|0x0000000085000000, 0x0000000085000000, 0x0000000085100000|  0%| F|  |TAMS 0x0000000085000000, 0x0000000085000000| Untracked 
|  81|0x0000000085100000, 0x0000000085100000, 0x0000000085200000|  0%| F|  |TAMS 0x0000000085100000, 0x0000000085100000| Untracked 
|  82|0x0000000085200000, 0x0000000085200000, 0x0000000085300000|  0%| F|  |TAMS 0x0000000085200000, 0x0000000085200000| Untracked 
|  83|0x0000000085300000, 0x0000000085300000, 0x0000000085400000|  0%| F|  |TAMS 0x0000000085300000, 0x0000000085300000| Untracked 
|  84|0x0000000085400000, 0x0000000085400000, 0x0000000085500000|  0%| F|  |TAMS 0x0000000085400000, 0x0000000085400000| Untracked 
|  85|0x0000000085500000, 0x0000000085500000, 0x0000000085600000|  0%| F|  |TAMS 0x0000000085500000, 0x0000000085500000| Untracked 
|  86|0x0000000085600000, 0x0000000085600000, 0x0000000085700000|  0%| F|  |TAMS 0x0000000085600000, 0x0000000085600000| Untracked 
|  87|0x0000000085700000, 0x0000000085700000, 0x0000000085800000|  0%| F|  |TAMS 0x0000000085700000, 0x0000000085700000| Untracked 
|  88|0x0000000085800000, 0x0000000085800000, 0x0000000085900000|  0%| F|  |TAMS 0x0000000085800000, 0x0000000085800000| Untracked 
|  89|0x0000000085900000, 0x0000000085900000, 0x0000000085a00000|  0%| F|  |TAMS 0x0000000085900000, 0x0000000085900000| Untracked 
|  90|0x0000000085a00000, 0x0000000085a00000, 0x0000000085b00000|  0%| F|  |TAMS 0x0000000085a00000, 0x0000000085a00000| Untracked 
|  91|0x0000000085b00000, 0x0000000085b00000, 0x0000000085c00000|  0%| F|  |TAMS 0x0000000085b00000, 0x0000000085b00000| Untracked 
|  92|0x0000000085c00000, 0x0000000085c00000, 0x0000000085d00000|  0%| F|  |TAMS 0x0000000085c00000, 0x0000000085c00000| Untracked 
|  93|0x0000000085d00000, 0x0000000085d00000, 0x0000000085e00000|  0%| F|  |TAMS 0x0000000085d00000, 0x0000000085d00000| Untracked 
|  94|0x0000000085e00000, 0x0000000085e00000, 0x0000000085f00000|  0%| F|  |TAMS 0x0000000085e00000, 0x0000000085e00000| Untracked 
|  95|0x0000000085f00000, 0x0000000085f00000, 0x0000000086000000|  0%| F|  |TAMS 0x0000000085f00000, 0x0000000085f00000| Untracked 
|  96|0x0000000086000000, 0x0000000086000000, 0x0000000086100000|  0%| F|  |TAMS 0x0000000086000000, 0x0000000086000000| Untracked 
|  97|0x0000000086100000, 0x0000000086100000, 0x0000000086200000|  0%| F|  |TAMS 0x0000000086100000, 0x0000000086100000| Untracked 
|  98|0x0000000086200000, 0x0000000086200000, 0x0000000086300000|  0%| F|  |TAMS 0x0000000086200000, 0x0000000086200000| Untracked 
|  99|0x0000000086300000, 0x0000000086300000, 0x0000000086400000|  0%| F|  |TAMS 0x0000000086300000, 0x0000000086300000| Untracked 
| 100|0x0000000086400000, 0x0000000086400000, 0x0000000086500000|  0%| F|  |TAMS 0x0000000086400000, 0x0000000086400000| Untracked 
| 101|0x0000000086500000, 0x0000000086500000, 0x0000000086600000|  0%| F|  |TAMS 0x0000000086500000, 0x0000000086500000| Untracked 
| 102|0x0000000086600000, 0x0000000086600000, 0x0000000086700000|  0%| F|  |TAMS 0x0000000086600000, 0x0000000086600000| Untracked 
| 103|0x0000000086700000, 0x0000000086700000, 0x0000000086800000|  0%| F|  |TAMS 0x0000000086700000, 0x0000000086700000| Untracked 
| 104|0x0000000086800000, 0x0000000086800000, 0x0000000086900000|  0%| F|  |TAMS 0x0000000086800000, 0x0000000086800000| Untracked 
| 105|0x0000000086900000, 0x0000000086900000, 0x0000000086a00000|  0%| F|  |TAMS 0x0000000086900000, 0x0000000086900000| Untracked 
| 106|0x0000000086a00000, 0x0000000086a00000, 0x0000000086b00000|  0%| F|  |TAMS 0x0000000086a00000, 0x0000000086a00000| Untracked 
| 107|0x0000000086b00000, 0x0000000086b00000, 0x0000000086c00000|  0%| F|  |TAMS 0x0000000086b00000, 0x0000000086b00000| Untracked 
| 108|0x0000000086c00000, 0x0000000086c00000, 0x0000000086d00000|  0%| F|  |TAMS 0x0000000086c00000, 0x0000000086c00000| Untracked 
| 109|0x0000000086d00000, 0x0000000086d00000, 0x0000000086e00000|  0%| F|  |TAMS 0x0000000086d00000, 0x0000000086d00000| Untracked 
| 110|0x0000000086e00000, 0x0000000086e00000, 0x0000000086f00000|  0%| F|  |TAMS 0x0000000086e00000, 0x0000000086e00000| Untracked 
| 111|0x0000000086f00000, 0x0000000086f00000, 0x0000000087000000|  0%| F|  |TAMS 0x0000000086f00000, 0x0000000086f00000| Untracked 
| 112|0x0000000087000000, 0x0000000087000000, 0x0000000087100000|  0%| F|  |TAMS 0x0000000087000000, 0x0000000087000000| Untracked 
| 113|0x0000000087100000, 0x0000000087100000, 0x0000000087200000|  0%| F|  |TAMS 0x0000000087100000, 0x0000000087100000| Untracked 
| 114|0x0000000087200000, 0x0000000087200000, 0x0000000087300000|  0%| F|  |TAMS 0x0000000087200000, 0x0000000087200000| Untracked 
| 115|0x0000000087300000, 0x0000000087400000, 0x0000000087400000|100%| S|CS|TAMS 0x0000000087300000, 0x0000000087300000| Complete 
| 116|0x0000000087400000, 0x0000000087500000, 0x0000000087500000|100%| S|CS|TAMS 0x0000000087400000, 0x0000000087400000| Complete 
| 117|0x0000000087500000, 0x0000000087600000, 0x0000000087600000|100%| S|CS|TAMS 0x0000000087500000, 0x0000000087500000| Complete 
| 118|0x0000000087600000, 0x0000000087700000, 0x0000000087700000|100%| S|CS|TAMS 0x0000000087600000, 0x0000000087600000| Complete 
| 119|0x0000000087700000, 0x0000000087800000, 0x0000000087800000|100%| S|CS|TAMS 0x0000000087700000, 0x0000000087700000| Complete 
| 120|0x0000000087800000, 0x0000000087900000, 0x0000000087900000|100%| S|CS|TAMS 0x0000000087800000, 0x0000000087800000| Complete 
| 121|0x0000000087900000, 0x0000000087a00000, 0x0000000087a00000|100%| S|CS|TAMS 0x0000000087900000, 0x0000000087900000| Complete 
| 122|0x0000000087a00000, 0x0000000087b00000, 0x0000000087b00000|100%| S|CS|TAMS 0x0000000087a00000, 0x0000000087a00000| Complete 
| 123|0x0000000087b00000, 0x0000000087c00000, 0x0000000087c00000|100%| S|CS|TAMS 0x0000000087b00000, 0x0000000087b00000| Complete 
| 124|0x0000000087c00000, 0x0000000087d00000, 0x0000000087d00000|100%| S|CS|TAMS 0x0000000087c00000, 0x0000000087c00000| Complete 
| 125|0x0000000087d00000, 0x0000000087e00000, 0x0000000087e00000|100%| S|CS|TAMS 0x0000000087d00000, 0x0000000087d00000| Complete 
| 126|0x0000000087e00000, 0x0000000087f00000, 0x0000000087f00000|100%| S|CS|TAMS 0x0000000087e00000, 0x0000000087e00000| Complete 
| 127|0x0000000087f00000, 0x0000000088000000, 0x0000000088000000|100%| S|CS|TAMS 0x0000000087f00000, 0x0000000087f00000| Complete 
| 128|0x0000000088000000, 0x0000000088100000, 0x0000000088100000|100%| S|CS|TAMS 0x0000000088000000, 0x0000000088000000| Complete 
| 129|0x0000000088100000, 0x0000000088200000, 0x0000000088200000|100%| S|CS|TAMS 0x0000000088100000, 0x0000000088100000| Complete 
| 130|0x0000000088200000, 0x0000000088300000, 0x0000000088300000|100%| S|CS|TAMS 0x0000000088200000, 0x0000000088200000| Complete 
| 131|0x0000000088300000, 0x0000000088300000, 0x0000000088400000|  0%| F|  |TAMS 0x0000000088300000, 0x0000000088300000| Untracked 
| 132|0x0000000088400000, 0x0000000088400000, 0x0000000088500000|  0%| F|  |TAMS 0x0000000088400000, 0x0000000088400000| Untracked 
| 133|0x0000000088500000, 0x0000000088500000, 0x0000000088600000|  0%| F|  |TAMS 0x0000000088500000, 0x0000000088500000| Untracked 
| 134|0x0000000088600000, 0x0000000088600000, 0x0000000088700000|  0%| F|  |TAMS 0x0000000088600000, 0x0000000088600000| Untracked 
| 135|0x0000000088700000, 0x0000000088700000, 0x0000000088800000|  0%| F|  |TAMS 0x0000000088700000, 0x0000000088700000| Untracked 
| 136|0x0000000088800000, 0x0000000088800000, 0x0000000088900000|  0%| F|  |TAMS 0x0000000088800000, 0x0000000088800000| Untracked 
| 137|0x0000000088900000, 0x0000000088900000, 0x0000000088a00000|  0%| F|  |TAMS 0x0000000088900000, 0x0000000088900000| Untracked 
| 138|0x0000000088a00000, 0x0000000088a00000, 0x0000000088b00000|  0%| F|  |TAMS 0x0000000088a00000, 0x0000000088a00000| Untracked 
| 139|0x0000000088b00000, 0x0000000088b00000, 0x0000000088c00000|  0%| F|  |TAMS 0x0000000088b00000, 0x0000000088b00000| Untracked 
| 140|0x0000000088c00000, 0x0000000088c00000, 0x0000000088d00000|  0%| F|  |TAMS 0x0000000088c00000, 0x0000000088c00000| Untracked 
| 141|0x0000000088d00000, 0x0000000088d00000, 0x0000000088e00000|  0%| F|  |TAMS 0x0000000088d00000, 0x0000000088d00000| Untracked 
| 142|0x0000000088e00000, 0x0000000088e00000, 0x0000000088f00000|  0%| F|  |TAMS 0x0000000088e00000, 0x0000000088e00000| Untracked 
| 143|0x0000000088f00000, 0x0000000088f00000, 0x0000000089000000|  0%| F|  |TAMS 0x0000000088f00000, 0x0000000088f00000| Untracked 
| 144|0x0000000089000000, 0x0000000089000000, 0x0000000089100000|  0%| F|  |TAMS 0x0000000089000000, 0x0000000089000000| Untracked 
| 145|0x0000000089100000, 0x0000000089100000, 0x0000000089200000|  0%| F|  |TAMS 0x0000000089100000, 0x0000000089100000| Untracked 
| 146|0x0000000089200000, 0x0000000089200000, 0x0000000089300000|  0%| F|  |TAMS 0x0000000089200000, 0x0000000089200000| Untracked 
| 147|0x0000000089300000, 0x0000000089300000, 0x0000000089400000|  0%| F|  |TAMS 0x0000000089300000, 0x0000000089300000| Untracked 
| 148|0x0000000089400000, 0x0000000089400000, 0x0000000089500000|  0%| F|  |TAMS 0x0000000089400000, 0x0000000089400000| Untracked 
| 149|0x0000000089500000, 0x0000000089500000, 0x0000000089600000|  0%| F|  |TAMS 0x0000000089500000, 0x0000000089500000| Untracked 
| 150|0x0000000089600000, 0x0000000089600000, 0x0000000089700000|  0%| F|  |TAMS 0x0000000089600000, 0x0000000089600000| Untracked 
| 151|0x0000000089700000, 0x0000000089700000, 0x0000000089800000|  0%| F|  |TAMS 0x0000000089700000, 0x0000000089700000| Untracked 
| 152|0x0000000089800000, 0x0000000089800000, 0x0000000089900000|  0%| F|  |TAMS 0x0000000089800000, 0x0000000089800000| Untracked 
| 153|0x0000000089900000, 0x0000000089900000, 0x0000000089a00000|  0%| F|  |TAMS 0x0000000089900000, 0x0000000089900000| Untracked 
| 154|0x0000000089a00000, 0x0000000089a00000, 0x0000000089b00000|  0%| F|  |TAMS 0x0000000089a00000, 0x0000000089a00000| Untracked 
| 155|0x0000000089b00000, 0x0000000089b00000, 0x0000000089c00000|  0%| F|  |TAMS 0x0000000089b00000, 0x0000000089b00000| Untracked 
| 156|0x0000000089c00000, 0x0000000089c00000, 0x0000000089d00000|  0%| F|  |TAMS 0x0000000089c00000, 0x0000000089c00000| Untracked 
| 157|0x0000000089d00000, 0x0000000089d00000, 0x0000000089e00000|  0%| F|  |TAMS 0x0000000089d00000, 0x0000000089d00000| Untracked 
| 158|0x0000000089e00000, 0x0000000089e00000, 0x0000000089f00000|  0%| F|  |TAMS 0x0000000089e00000, 0x0000000089e00000| Untracked 
| 159|0x0000000089f00000, 0x0000000089f00000, 0x000000008a000000|  0%| F|  |TAMS 0x0000000089f00000, 0x0000000089f00000| Untracked 
| 160|0x000000008a000000, 0x000000008a000000, 0x000000008a100000|  0%| F|  |TAMS 0x000000008a000000, 0x000000008a000000| Untracked 
| 161|0x000000008a100000, 0x000000008a100000, 0x000000008a200000|  0%| F|  |TAMS 0x000000008a100000, 0x000000008a100000| Untracked 
| 162|0x000000008a200000, 0x000000008a200000, 0x000000008a300000|  0%| F|  |TAMS 0x000000008a200000, 0x000000008a200000| Untracked 
| 163|0x000000008a300000, 0x000000008a300000, 0x000000008a400000|  0%| F|  |TAMS 0x000000008a300000, 0x000000008a300000| Untracked 
| 164|0x000000008a400000, 0x000000008a400000, 0x000000008a500000|  0%| F|  |TAMS 0x000000008a400000, 0x000000008a400000| Untracked 
| 165|0x000000008a500000, 0x000000008a500000, 0x000000008a600000|  0%| F|  |TAMS 0x000000008a500000, 0x000000008a500000| Untracked 
| 166|0x000000008a600000, 0x000000008a600000, 0x000000008a700000|  0%| F|  |TAMS 0x000000008a600000, 0x000000008a600000| Untracked 
| 167|0x000000008a700000, 0x000000008a700000, 0x000000008a800000|  0%| F|  |TAMS 0x000000008a700000, 0x000000008a700000| Untracked 
| 168|0x000000008a800000, 0x000000008a800000, 0x000000008a900000|  0%| F|  |TAMS 0x000000008a800000, 0x000000008a800000| Untracked 
| 169|0x000000008a900000, 0x000000008a900000, 0x000000008aa00000|  0%| F|  |TAMS 0x000000008a900000, 0x000000008a900000| Untracked 
| 170|0x000000008aa00000, 0x000000008aa00000, 0x000000008ab00000|  0%| F|  |TAMS 0x000000008aa00000, 0x000000008aa00000| Untracked 
| 171|0x000000008ab00000, 0x000000008ab00000, 0x000000008ac00000|  0%| F|  |TAMS 0x000000008ab00000, 0x000000008ab00000| Untracked 
| 172|0x000000008ac00000, 0x000000008ac00000, 0x000000008ad00000|  0%| F|  |TAMS 0x000000008ac00000, 0x000000008ac00000| Untracked 
| 173|0x000000008ad00000, 0x000000008ad00000, 0x000000008ae00000|  0%| F|  |TAMS 0x000000008ad00000, 0x000000008ad00000| Untracked 
| 174|0x000000008ae00000, 0x000000008ae00000, 0x000000008af00000|  0%| F|  |TAMS 0x000000008ae00000, 0x000000008ae00000| Untracked 
| 175|0x000000008af00000, 0x000000008af00000, 0x000000008b000000|  0%| F|  |TAMS 0x000000008af00000, 0x000000008af00000| Untracked 
| 176|0x000000008b000000, 0x000000008b100000, 0x000000008b100000|100%| E|  |TAMS 0x000000008b000000, 0x000000008b000000| Complete 
| 177|0x000000008b100000, 0x000000008b200000, 0x000000008b200000|100%| E|CS|TAMS 0x000000008b100000, 0x000000008b100000| Complete 
| 178|0x000000008b200000, 0x000000008b300000, 0x000000008b300000|100%| E|CS|TAMS 0x000000008b200000, 0x000000008b200000| Complete 
| 179|0x000000008b300000, 0x000000008b400000, 0x000000008b400000|100%| E|CS|TAMS 0x000000008b300000, 0x000000008b300000| Complete 
| 180|0x000000008b400000, 0x000000008b500000, 0x000000008b500000|100%| E|CS|TAMS 0x000000008b400000, 0x000000008b400000| Complete 
| 181|0x000000008b500000, 0x000000008b600000, 0x000000008b600000|100%| E|CS|TAMS 0x000000008b500000, 0x000000008b500000| Complete 
| 182|0x000000008b600000, 0x000000008b700000, 0x000000008b700000|100%| E|CS|TAMS 0x000000008b600000, 0x000000008b600000| Complete 
| 183|0x000000008b700000, 0x000000008b800000, 0x000000008b800000|100%| E|CS|TAMS 0x000000008b700000, 0x000000008b700000| Complete 
| 184|0x000000008b800000, 0x000000008b900000, 0x000000008b900000|100%| E|CS|TAMS 0x000000008b800000, 0x000000008b800000| Complete 
| 185|0x000000008b900000, 0x000000008ba00000, 0x000000008ba00000|100%| E|CS|TAMS 0x000000008b900000, 0x000000008b900000| Complete 
| 186|0x000000008ba00000, 0x000000008bb00000, 0x000000008bb00000|100%| E|CS|TAMS 0x000000008ba00000, 0x000000008ba00000| Complete 
| 187|0x000000008bb00000, 0x000000008bc00000, 0x000000008bc00000|100%| E|CS|TAMS 0x000000008bb00000, 0x000000008bb00000| Complete 
| 188|0x000000008bc00000, 0x000000008bd00000, 0x000000008bd00000|100%| E|CS|TAMS 0x000000008bc00000, 0x000000008bc00000| Complete 
| 189|0x000000008bd00000, 0x000000008be00000, 0x000000008be00000|100%| E|CS|TAMS 0x000000008bd00000, 0x000000008bd00000| Complete 
| 190|0x000000008be00000, 0x000000008bf00000, 0x000000008bf00000|100%| E|CS|TAMS 0x000000008be00000, 0x000000008be00000| Complete 
| 191|0x000000008bf00000, 0x000000008c000000, 0x000000008c000000|100%| E|CS|TAMS 0x000000008bf00000, 0x000000008bf00000| Complete 
| 192|0x000000008c000000, 0x000000008c100000, 0x000000008c100000|100%| E|CS|TAMS 0x000000008c000000, 0x000000008c000000| Complete 
| 193|0x000000008c100000, 0x000000008c200000, 0x000000008c200000|100%| E|CS|TAMS 0x000000008c100000, 0x000000008c100000| Complete 
| 194|0x000000008c200000, 0x000000008c300000, 0x000000008c300000|100%| E|CS|TAMS 0x000000008c200000, 0x000000008c200000| Complete 
| 195|0x000000008c300000, 0x000000008c400000, 0x000000008c400000|100%| E|CS|TAMS 0x000000008c300000, 0x000000008c300000| Complete 
| 196|0x000000008c400000, 0x000000008c500000, 0x000000008c500000|100%| E|CS|TAMS 0x000000008c400000, 0x000000008c400000| Complete 
| 197|0x000000008c500000, 0x000000008c600000, 0x000000008c600000|100%| E|CS|TAMS 0x000000008c500000, 0x000000008c500000| Complete 
| 198|0x000000008c600000, 0x000000008c700000, 0x000000008c700000|100%| E|CS|TAMS 0x000000008c600000, 0x000000008c600000| Complete 
| 199|0x000000008c700000, 0x000000008c800000, 0x000000008c800000|100%| E|CS|TAMS 0x000000008c700000, 0x000000008c700000| Complete 
| 200|0x000000008c800000, 0x000000008c900000, 0x000000008c900000|100%| E|CS|TAMS 0x000000008c800000, 0x000000008c800000| Complete 
| 201|0x000000008c900000, 0x000000008ca00000, 0x000000008ca00000|100%| E|CS|TAMS 0x000000008c900000, 0x000000008c900000| Complete 
| 202|0x000000008ca00000, 0x000000008cb00000, 0x000000008cb00000|100%| E|CS|TAMS 0x000000008ca00000, 0x000000008ca00000| Complete 
| 203|0x000000008cb00000, 0x000000008cc00000, 0x000000008cc00000|100%| E|CS|TAMS 0x000000008cb00000, 0x000000008cb00000| Complete 
| 204|0x000000008cc00000, 0x000000008cd00000, 0x000000008cd00000|100%| E|CS|TAMS 0x000000008cc00000, 0x000000008cc00000| Complete 
| 205|0x000000008cd00000, 0x000000008ce00000, 0x000000008ce00000|100%| E|CS|TAMS 0x000000008cd00000, 0x000000008cd00000| Complete 
| 206|0x000000008ce00000, 0x000000008cf00000, 0x000000008cf00000|100%| E|CS|TAMS 0x000000008ce00000, 0x000000008ce00000| Complete 
| 207|0x000000008cf00000, 0x000000008d000000, 0x000000008d000000|100%| E|CS|TAMS 0x000000008cf00000, 0x000000008cf00000| Complete 
| 208|0x000000008d000000, 0x000000008d100000, 0x000000008d100000|100%| E|CS|TAMS 0x000000008d000000, 0x000000008d000000| Complete 
| 209|0x000000008d100000, 0x000000008d200000, 0x000000008d200000|100%| E|  |TAMS 0x000000008d100000, 0x000000008d100000| Complete 
| 210|0x000000008d200000, 0x000000008d300000, 0x000000008d300000|100%| E|CS|TAMS 0x000000008d200000, 0x000000008d200000| Complete 
| 211|0x000000008d300000, 0x000000008d400000, 0x000000008d400000|100%| E|CS|TAMS 0x000000008d300000, 0x000000008d300000| Complete 
| 212|0x000000008d400000, 0x000000008d500000, 0x000000008d500000|100%| E|CS|TAMS 0x000000008d400000, 0x000000008d400000| Complete 
| 213|0x000000008d500000, 0x000000008d600000, 0x000000008d600000|100%| E|CS|TAMS 0x000000008d500000, 0x000000008d500000| Complete 
| 214|0x000000008d600000, 0x000000008d700000, 0x000000008d700000|100%| E|CS|TAMS 0x000000008d600000, 0x000000008d600000| Complete 
| 215|0x000000008d700000, 0x000000008d800000, 0x000000008d800000|100%| E|CS|TAMS 0x000000008d700000, 0x000000008d700000| Complete 
| 216|0x000000008d800000, 0x000000008d900000, 0x000000008d900000|100%| E|CS|TAMS 0x000000008d800000, 0x000000008d800000| Complete 
| 217|0x000000008d900000, 0x000000008da00000, 0x000000008da00000|100%| E|CS|TAMS 0x000000008d900000, 0x000000008d900000| Complete 
| 218|0x000000008da00000, 0x000000008db00000, 0x000000008db00000|100%| E|CS|TAMS 0x000000008da00000, 0x000000008da00000| Complete 
| 219|0x000000008db00000, 0x000000008dc00000, 0x000000008dc00000|100%| E|CS|TAMS 0x000000008db00000, 0x000000008db00000| Complete 
| 220|0x000000008dc00000, 0x000000008dd00000, 0x000000008dd00000|100%| E|CS|TAMS 0x000000008dc00000, 0x000000008dc00000| Complete 
| 221|0x000000008dd00000, 0x000000008de00000, 0x000000008de00000|100%| E|CS|TAMS 0x000000008dd00000, 0x000000008dd00000| Complete 
| 222|0x000000008de00000, 0x000000008df00000, 0x000000008df00000|100%| E|CS|TAMS 0x000000008de00000, 0x000000008de00000| Complete 
| 223|0x000000008df00000, 0x000000008e000000, 0x000000008e000000|100%| E|CS|TAMS 0x000000008df00000, 0x000000008df00000| Complete 
| 224|0x000000008e000000, 0x000000008e100000, 0x000000008e100000|100%| E|CS|TAMS 0x000000008e000000, 0x000000008e000000| Complete 
| 225|0x000000008e100000, 0x000000008e200000, 0x000000008e200000|100%| E|CS|TAMS 0x000000008e100000, 0x000000008e100000| Complete 
| 226|0x000000008e200000, 0x000000008e300000, 0x000000008e300000|100%| E|CS|TAMS 0x000000008e200000, 0x000000008e200000| Complete 
| 227|0x000000008e300000, 0x000000008e400000, 0x000000008e400000|100%| E|CS|TAMS 0x000000008e300000, 0x000000008e300000| Complete 
| 228|0x000000008e400000, 0x000000008e500000, 0x000000008e500000|100%| E|CS|TAMS 0x000000008e400000, 0x000000008e400000| Complete 
| 229|0x000000008e500000, 0x000000008e600000, 0x000000008e600000|100%| E|CS|TAMS 0x000000008e500000, 0x000000008e500000| Complete 
| 230|0x000000008e600000, 0x000000008e700000, 0x000000008e700000|100%| E|CS|TAMS 0x000000008e600000, 0x000000008e600000| Complete 
| 231|0x000000008e700000, 0x000000008e800000, 0x000000008e800000|100%| E|CS|TAMS 0x000000008e700000, 0x000000008e700000| Complete 
| 232|0x000000008e800000, 0x000000008e900000, 0x000000008e900000|100%| E|CS|TAMS 0x000000008e800000, 0x000000008e800000| Complete 
| 233|0x000000008e900000, 0x000000008ea00000, 0x000000008ea00000|100%| E|CS|TAMS 0x000000008e900000, 0x000000008e900000| Complete 
| 234|0x000000008ea00000, 0x000000008eb00000, 0x000000008eb00000|100%| E|CS|TAMS 0x000000008ea00000, 0x000000008ea00000| Complete 
| 235|0x000000008eb00000, 0x000000008ec00000, 0x000000008ec00000|100%| E|CS|TAMS 0x000000008eb00000, 0x000000008eb00000| Complete 
| 236|0x000000008ec00000, 0x000000008ed00000, 0x000000008ed00000|100%| E|CS|TAMS 0x000000008ec00000, 0x000000008ec00000| Complete 
| 237|0x000000008ed00000, 0x000000008ee00000, 0x000000008ee00000|100%| E|CS|TAMS 0x000000008ed00000, 0x000000008ed00000| Complete 
| 238|0x000000008ee00000, 0x000000008ef00000, 0x000000008ef00000|100%| E|CS|TAMS 0x000000008ee00000, 0x000000008ee00000| Complete 
| 239|0x000000008ef00000, 0x000000008f000000, 0x000000008f000000|100%| E|CS|TAMS 0x000000008ef00000, 0x000000008ef00000| Complete 
| 240|0x000000008f000000, 0x000000008f100000, 0x000000008f100000|100%| E|CS|TAMS 0x000000008f000000, 0x000000008f000000| Complete 
| 241|0x000000008f100000, 0x000000008f200000, 0x000000008f200000|100%| E|CS|TAMS 0x000000008f100000, 0x000000008f100000| Complete 
| 242|0x000000008f200000, 0x000000008f300000, 0x000000008f300000|100%| E|CS|TAMS 0x000000008f200000, 0x000000008f200000| Complete 
| 243|0x000000008f300000, 0x000000008f400000, 0x000000008f400000|100%| E|CS|TAMS 0x000000008f300000, 0x000000008f300000| Complete 
| 244|0x000000008f400000, 0x000000008f500000, 0x000000008f500000|100%| E|CS|TAMS 0x000000008f400000, 0x000000008f400000| Complete 
| 245|0x000000008f500000, 0x000000008f600000, 0x000000008f600000|100%| E|CS|TAMS 0x000000008f500000, 0x000000008f500000| Complete 
| 246|0x000000008f600000, 0x000000008f700000, 0x000000008f700000|100%| E|CS|TAMS 0x000000008f600000, 0x000000008f600000| Complete 
| 247|0x000000008f700000, 0x000000008f800000, 0x000000008f800000|100%| E|CS|TAMS 0x000000008f700000, 0x000000008f700000| Complete 
| 248|0x000000008f800000, 0x000000008f900000, 0x000000008f900000|100%| E|CS|TAMS 0x000000008f800000, 0x000000008f800000| Complete 
| 249|0x000000008f900000, 0x000000008fa00000, 0x000000008fa00000|100%| E|CS|TAMS 0x000000008f900000, 0x000000008f900000| Complete 
| 250|0x000000008fa00000, 0x000000008fb00000, 0x000000008fb00000|100%| E|CS|TAMS 0x000000008fa00000, 0x000000008fa00000| Complete 
| 251|0x000000008fb00000, 0x000000008fc00000, 0x000000008fc00000|100%| E|CS|TAMS 0x000000008fb00000, 0x000000008fb00000| Complete 
| 252|0x000000008fc00000, 0x000000008fd00000, 0x000000008fd00000|100%| E|CS|TAMS 0x000000008fc00000, 0x000000008fc00000| Complete 
|2046|0x00000000ffe00000, 0x00000000fff00000, 0x00000000fff00000|100%| O|  |TAMS 0x00000000fff00000, 0x00000000ffe00000| Untracked 
|2047|0x00000000fff00000, 0x0000000100000000, 0x0000000100000000|100%| O|  |TAMS 0x0000000100000000, 0x00000000fff00000| Untracked 

Card table byte_map: [0x0000022c32ad0000,0x0000022c32ed0000] _byte_map_base: 0x0000022c326d0000

Marking Bits (Prev, Next): (CMBitMap*) 0x0000022c1ff356c0, (CMBitMap*) 0x0000022c1ff35700
 Prev Bits: [0x0000022c332d0000, 0x0000022c352d0000)
 Next Bits: [0x0000022c352d0000, 0x0000022c372d0000)

Polling page: 0x0000022c1dec0000

Metaspace:

Usage:
  Non-class:     84.44 MB used.
      Class:     13.14 MB used.
       Both:     97.58 MB used.

Virtual space:
  Non-class space:       88.00 MB reserved,      84.81 MB ( 96%) committed,  11 nodes.
      Class space:        1.00 GB reserved,      13.44 MB (  1%) committed,  1 nodes.
             Both:        1.09 GB reserved,      98.25 MB (  9%) committed. 

Chunk freelists:
   Non-Class:  2.41 MB
       Class:  2.51 MB
        Both:  4.93 MB

MaxMetaspaceSize: unlimited
CompressedClassSpaceSize: 1.00 GB
Initial GC threshold: 21.00 MB
Current GC threshold: 116.38 MB
CDS: off
MetaspaceReclaimPolicy: balanced
 - commit_granule_bytes: 65536.
 - commit_granule_words: 8192.
 - virtual_space_node_default_size: 1048576.
 - enlarge_chunks_in_place: 1.
 - new_chunks_are_fully_committed: 0.
 - uncommit_free_chunks: 1.
 - use_allocation_guard: 0.
 - handle_deallocations: 1.


Internal statistics:

num_allocs_failed_limit: 6.
num_arena_births: 1030.
num_arena_deaths: 0.
num_vsnodes_births: 12.
num_vsnodes_deaths: 0.
num_space_committed: 1571.
num_space_uncommitted: 0.
num_chunks_returned_to_freelist: 6.
num_chunks_taken_from_freelist: 4729.
num_chunk_merges: 6.
num_chunk_splits: 3161.
num_chunks_enlarged: 2130.
num_purges: 0.
num_inconsistent_stats: 0.

CodeHeap 'non-profiled nmethods': size=120000Kb used=6396Kb max_used=6396Kb free=113603Kb
 bounds [0x0000022c2ae70000, 0x0000022c2b4b0000, 0x0000022c323a0000]
CodeHeap 'profiled nmethods': size=120000Kb used=18388Kb max_used=18388Kb free=101612Kb
 bounds [0x0000022c233a0000, 0x0000022c245a0000, 0x0000022c2a8d0000]
CodeHeap 'non-nmethods': size=5760Kb used=2404Kb max_used=2475Kb free=3356Kb
 bounds [0x0000022c2a8d0000, 0x0000022c2ab50000, 0x0000022c2ae70000]
 total_blobs=10497 nmethods=9569 adapters=840
 compilation: enabled
              stopped_count=0, restarted_count=0
 full_count=0

Compilation events (20 events):
Event: 14.531 Thread 0x0000022c3a854120 nmethod 10995 0x0000022c2455c910 code [0x0000022c2455cb80, 0x0000022c2455d538]
Event: 14.531 Thread 0x0000022c3a854120 10996       3       org.gradle.api.internal.artifacts.dependencies.DefaultDependencyConstraint::equals (88 bytes)
Event: 14.532 Thread 0x0000022c3a852f90 11000       4       java.lang.ThreadLocal$ThreadLocalMap::remove (68 bytes)
Event: 14.532 Thread 0x0000022c3a854120 nmethod 10996 0x0000022c2455d790 code [0x0000022c2455d9c0, 0x0000022c2455e428]
Event: 14.532 Thread 0x0000022c3a854120 10998       3       org.gradle.api.internal.notations.DependencyStringNotationConverter::splitModuleFromExtension (77 bytes)
Event: 14.533 Thread 0x0000022c3a854120 nmethod 10998 0x0000022c2455e610 code [0x0000022c2455e920, 0x0000022c2455f918]
Event: 14.533 Thread 0x0000022c3a854120 10999       3       org.gradle.api.internal.notations.DependencyStringNotationConverter::maybeEnrichVersion (49 bytes)
Event: 14.534 Thread 0x0000022c3a854120 nmethod 10999 0x0000022c2455ff10 code [0x0000022c24560140, 0x0000022c24560c18]
Event: 14.534 Thread 0x0000022c3a854120 11001       3       com.android.build.gradle.internal.dependency.ConstraintHandler$alignWith$1$1$1::execute (55 bytes)
Event: 14.536 Thread 0x0000022c3a854120 nmethod 11001 0x0000022c24560f10 code [0x0000022c24561300, 0x0000022c24563368]
Event: 14.536 Thread 0x0000022c3a854120 11002       3       org.gradle.api.internal.artifacts.dependencies.DefaultDependencyConstraint::hashCode (29 bytes)
Event: 14.536 Thread 0x0000022c3a854120 nmethod 11002 0x0000022c24563f10 code [0x0000022c245640e0, 0x0000022c24564768]
Event: 14.536 Thread 0x0000022c3a854120 11003       3       org.gradle.api.internal.artifacts.dependencies.DefaultMutableVersionConstraint::hashCode (118 bytes)
Event: 14.537 Thread 0x0000022c3a854120 nmethod 11003 0x0000022c24564910 code [0x0000022c24564b20, 0x0000022c24564fd8]
Event: 14.537 Thread 0x0000022c3a854120 11005       3       org.gradle.api.internal.artifacts.dsl.dependencies.DefaultDependencyConstraintHandler::doAdd (66 bytes)
Event: 14.538 Thread 0x0000022c3a854120 nmethod 11005 0x0000022c24565190 code [0x0000022c24565460, 0x0000022c245667c8]
Event: 14.541 Thread 0x0000022c3e057780 nmethod 10997 0x0000022c2b49dd90 code [0x0000022c2b49df40, 0x0000022c2b49e648]
Event: 14.541 Thread 0x0000022c3e057780 11004       4       java.util.HashMap::keySet (25 bytes)
Event: 14.542 Thread 0x0000022c3a852f90 nmethod 11000 0x0000022c2b49ea90 code [0x0000022c2b49ec40, 0x0000022c2b49f288]
Event: 14.543 Thread 0x0000022c3e057780 nmethod 11004 0x0000022c2b49f690 code [0x0000022c2b49f820, 0x0000022c2b49f9d8]

GC Heap History (20 events):
Event: 6.472 GC heap before
{Heap before GC invocations=22 (full 0):
 garbage-first heap   total 124928K, used 62342K [0x0000000080000000, 0x0000000100000000)
  region size 1024K, 6 young (6144K), 2 survivors (2048K)
 Metaspace       used 62083K, committed 62592K, reserved 1105920K
  class space    used 8229K, committed 8448K, reserved 1048576K
}
Event: 6.475 GC heap after
{Heap after GC invocations=23 (full 0):
 garbage-first heap   total 124928K, used 57951K [0x0000000080000000, 0x0000000100000000)
  region size 1024K, 1 young (1024K), 1 survivors (1024K)
 Metaspace       used 62083K, committed 62592K, reserved 1105920K
  class space    used 8229K, committed 8448K, reserved 1048576K
}
Event: 6.695 GC heap before
{Heap before GC invocations=23 (full 0):
 garbage-first heap   total 124928K, used 71263K [0x0000000080000000, 0x0000000100000000)
  region size 1024K, 15 young (15360K), 1 survivors (1024K)
 Metaspace       used 65411K, committed 66048K, reserved 1105920K
  class space    used 8643K, committed 8960K, reserved 1048576K
}
Event: 6.698 GC heap after
{Heap after GC invocations=24 (full 0):
 garbage-first heap   total 124928K, used 59682K [0x0000000080000000, 0x0000000100000000)
  region size 1024K, 3 young (3072K), 3 survivors (3072K)
 Metaspace       used 65411K, committed 66048K, reserved 1105920K
  class space    used 8643K, committed 8960K, reserved 1048576K
}
Event: 7.010 GC heap before
{Heap before GC invocations=25 (full 0):
 garbage-first heap   total 130048K, used 97570K [0x0000000080000000, 0x0000000100000000)
  region size 1024K, 34 young (34816K), 3 survivors (3072K)
 Metaspace       used 67446K, committed 68032K, reserved 1114112K
  class space    used 8915K, committed 9216K, reserved 1048576K
}
Event: 7.014 GC heap after
{Heap after GC invocations=26 (full 0):
 garbage-first heap   total 130048K, used 62612K [0x0000000080000000, 0x0000000100000000)
  region size 1024K, 5 young (5120K), 5 survivors (5120K)
 Metaspace       used 67446K, committed 68032K, reserved 1114112K
  class space    used 8915K, committed 9216K, reserved 1048576K
}
Event: 7.027 GC heap before
{Heap before GC invocations=26 (full 0):
 garbage-first heap   total 130048K, used 63636K [0x0000000080000000, 0x0000000100000000)
  region size 1024K, 6 young (6144K), 5 survivors (5120K)
 Metaspace       used 67521K, committed 68096K, reserved 1114112K
  class space    used 8923K, committed 9216K, reserved 1048576K
}
Event: 7.031 GC heap after
{Heap after GC invocations=27 (full 0):
 garbage-first heap   total 130048K, used 62772K [0x0000000080000000, 0x0000000100000000)
  region size 1024K, 1 young (1024K), 1 survivors (1024K)
 Metaspace       used 67521K, committed 68096K, reserved 1114112K
  class space    used 8923K, committed 9216K, reserved 1048576K
}
Event: 7.658 GC heap before
{Heap before GC invocations=27 (full 0):
 garbage-first heap   total 130048K, used 96564K [0x0000000080000000, 0x0000000100000000)
  region size 1024K, 34 young (34816K), 1 survivors (1024K)
 Metaspace       used 70804K, committed 71360K, reserved 1114112K
  class space    used 9353K, committed 9600K, reserved 1048576K
}
Event: 7.663 GC heap after
{Heap after GC invocations=28 (full 0):
 garbage-first heap   total 130048K, used 64811K [0x0000000080000000, 0x0000000100000000)
  region size 1024K, 3 young (3072K), 3 survivors (3072K)
 Metaspace       used 70804K, committed 71360K, reserved 1114112K
  class space    used 9353K, committed 9600K, reserved 1048576K
}
Event: 8.440 GC heap before
{Heap before GC invocations=29 (full 0):
 garbage-first heap   total 130048K, used 98603K [0x0000000080000000, 0x0000000100000000)
  region size 1024K, 36 young (36864K), 3 survivors (3072K)
 Metaspace       used 75017K, committed 75584K, reserved 1114112K
  class space    used 9919K, committed 10176K, reserved 1048576K
}
Event: 8.445 GC heap after
{Heap after GC invocations=30 (full 0):
 garbage-first heap   total 130048K, used 66694K [0x0000000080000000, 0x0000000100000000)
  region size 1024K, 5 young (5120K), 5 survivors (5120K)
 Metaspace       used 75017K, committed 75584K, reserved 1114112K
  class space    used 9919K, committed 10176K, reserved 1048576K
}
Event: 8.457 GC heap before
{Heap before GC invocations=30 (full 0):
 garbage-first heap   total 130048K, used 67718K [0x0000000080000000, 0x0000000100000000)
  region size 1024K, 6 young (6144K), 5 survivors (5120K)
 Metaspace       used 75058K, committed 75648K, reserved 1114112K
  class space    used 9919K, committed 10176K, reserved 1048576K
}
Event: 8.461 GC heap after
{Heap after GC invocations=31 (full 0):
 garbage-first heap   total 130048K, used 66908K [0x0000000080000000, 0x0000000100000000)
  region size 1024K, 1 young (1024K), 1 survivors (1024K)
 Metaspace       used 75058K, committed 75648K, reserved 1114112K
  class space    used 9919K, committed 10176K, reserved 1048576K
}
Event: 8.780 GC heap before
{Heap before GC invocations=31 (full 0):
 garbage-first heap   total 130048K, used 101724K [0x0000000080000000, 0x0000000100000000)
  region size 1024K, 35 young (35840K), 1 survivors (1024K)
 Metaspace       used 76887K, committed 77440K, reserved 1122304K
  class space    used 10150K, committed 10432K, reserved 1048576K
}
Event: 8.785 GC heap after
{Heap after GC invocations=32 (full 0):
 garbage-first heap   total 261120K, used 71105K [0x0000000080000000, 0x0000000100000000)
  region size 1024K, 5 young (5120K), 5 survivors (5120K)
 Metaspace       used 76887K, committed 77440K, reserved 1122304K
  class space    used 10150K, committed 10432K, reserved 1048576K
}
Event: 10.847 GC heap before
{Heap before GC invocations=32 (full 0):
 garbage-first heap   total 261120K, used 174529K [0x0000000080000000, 0x0000000100000000)
  region size 1024K, 106 young (108544K), 5 survivors (5120K)
 Metaspace       used 87376K, committed 87936K, reserved 1130496K
  class space    used 11811K, committed 12096K, reserved 1048576K
}
Event: 10.862 GC heap after
{Heap after GC invocations=33 (full 0):
 garbage-first heap   total 261120K, used 76886K [0x0000000080000000, 0x0000000100000000)
  region size 1024K, 11 young (11264K), 11 survivors (11264K)
 Metaspace       used 87376K, committed 87936K, reserved 1130496K
  class space    used 11811K, committed 12096K, reserved 1048576K
}
Event: 12.868 GC heap before
{Heap before GC invocations=33 (full 0):
 garbage-first heap   total 261120K, used 190550K [0x0000000080000000, 0x0000000100000000)
  region size 1024K, 122 young (124928K), 11 survivors (11264K)
 Metaspace       used 96463K, committed 97152K, reserved 1138688K
  class space    used 13094K, committed 13440K, reserved 1048576K
}
Event: 12.889 GC heap after
{Heap after GC invocations=34 (full 0):
 garbage-first heap   total 261120K, used 87479K [0x0000000080000000, 0x0000000100000000)
  region size 1024K, 16 young (16384K), 16 survivors (16384K)
 Metaspace       used 96463K, committed 97152K, reserved 1138688K
  class space    used 13094K, committed 13440K, reserved 1048576K
}

Dll operation events (2 events):
Event: 0.020 Loaded shared library C:\Program Files (x86)\android-studio-2022.3.1.17-windows\android-studio\jbr\bin\java.dll
Event: 0.407 Loaded shared library C:\Program Files (x86)\android-studio-2022.3.1.17-windows\android-studio\jbr\bin\verify.dll

Deoptimization events (20 events):
Event: 13.641 Thread 0x0000022c42577350 DEOPT PACKING pc=0x0000022c2b0ded80 sp=0x0000003d05afe380
Event: 13.641 Thread 0x0000022c42577350 DEOPT UNPACKING pc=0x0000022c2a92a1a3 sp=0x0000003d05afe318 mode 2
Event: 13.642 Thread 0x0000022c42577350 Uncommon trap: trap_request=0xffffffde fr.pc=0x0000022c2afb1498 relative=0x0000000000000078
Event: 13.642 Thread 0x0000022c42577350 Uncommon trap: reason=class_check action=maybe_recompile pc=0x0000022c2afb1498 method=java.util.Collections$SetFromMap.remove(Ljava/lang/Object;)Z @ 5 c2
Event: 13.642 Thread 0x0000022c42577350 DEOPT PACKING pc=0x0000022c2afb1498 sp=0x0000003d05afeb60
Event: 13.642 Thread 0x0000022c42577350 DEOPT UNPACKING pc=0x0000022c2a92a1a3 sp=0x0000003d05afeaf8 mode 2
Event: 14.114 Thread 0x0000022c42579500 Uncommon trap: trap_request=0xffffff45 fr.pc=0x0000022c2b45d674 relative=0x0000000000000334
Event: 14.114 Thread 0x0000022c42579500 Uncommon trap: reason=unstable_if action=reinterpret pc=0x0000022c2b45d674 method=org.gradle.api.internal.artifacts.ivyservice.dependencysubstitution.DefaultDependencySubstitutions$ModuleMatchDependencySubstitutionAction.execute(Lorg/gradle/api/artifacts/
Event: 14.114 Thread 0x0000022c42579500 DEOPT PACKING pc=0x0000022c2b45d674 sp=0x0000003d05ffa240
Event: 14.114 Thread 0x0000022c42579500 DEOPT UNPACKING pc=0x0000022c2a92a1a3 sp=0x0000003d05ffa180 mode 2
Event: 14.438 Thread 0x0000022c42579500 Uncommon trap: trap_request=0xffffff45 fr.pc=0x0000022c2aeb8a7c relative=0x00000000000006bc
Event: 14.438 Thread 0x0000022c42579500 Uncommon trap: reason=unstable_if action=reinterpret pc=0x0000022c2aeb8a7c method=java.lang.ThreadLocal$ThreadLocalMap.set(Ljava/lang/ThreadLocal;Ljava/lang/Object;)V @ 125 c2
Event: 14.438 Thread 0x0000022c42579500 DEOPT PACKING pc=0x0000022c2aeb8a7c sp=0x0000003d05ffac70
Event: 14.438 Thread 0x0000022c42579500 DEOPT UNPACKING pc=0x0000022c2a92a1a3 sp=0x0000003d05ffac20 mode 2
Event: 14.439 Thread 0x0000022c42579500 Uncommon trap: trap_request=0xffffff45 fr.pc=0x0000022c2b2d8fe8 relative=0x00000000000007e8
Event: 14.439 Thread 0x0000022c42579500 Uncommon trap: reason=unstable_if action=reinterpret pc=0x0000022c2b2d8fe8 method=com.google.common.cache.LocalCache.isExpired(Lcom/google/common/cache/ReferenceEntry;J)Z @ 9 c2
Event: 14.439 Thread 0x0000022c42579500 DEOPT PACKING pc=0x0000022c2b2d8fe8 sp=0x0000003d05ffaf40
Event: 14.439 Thread 0x0000022c42579500 DEOPT UNPACKING pc=0x0000022c2a92a1a3 sp=0x0000003d05ffae98 mode 2
Event: 14.499 Thread 0x0000022c42579500 DEOPT PACKING pc=0x0000022c2453cde5 sp=0x0000003d05ffa310
Event: 14.500 Thread 0x0000022c42579500 DEOPT UNPACKING pc=0x0000022c2a92ace3 sp=0x0000003d05ff97a0 mode 0

Classes unloaded (0 events):
No events

Classes redefined (0 events):
No events

Internal exceptions (20 events):
Event: 13.234 Thread 0x0000022c3c022f60 Exception <a 'java/lang/ClassNotFoundException'{0x000000008dcbda58}: com/android/build/gradle/internal/tasks/ListingFileRedirectTask_DecoratedCustomizer> (0x000000008dcbda58) 
thrown [s\src\hotspot\share\classfile\systemDictionary.cpp, line 256]
Event: 13.387 Thread 0x0000022c3c022f60 Exception <a 'java/lang/NoSuchMethodError'{0x000000008d2296d0}: static Lcom/android/build/gradle/internal/profile/ProjectData;.<clinit>()V> (0x000000008d2296d0) 
thrown [s\src\hotspot\share\prims\jni.cpp, line 1108]
Event: 13.401 Thread 0x0000022c3c022f60 Exception <a 'java/lang/NoSuchMethodError'{0x000000008d2774b8}: static Lcom/android/build/gradle/internal/profile/TaskMetadata;.<clinit>()V> (0x000000008d2774b8) 
thrown [s\src\hotspot\share\prims\jni.cpp, line 1108]
Event: 13.404 Thread 0x0000022c3c022f60 Exception <a 'java/lang/NoSuchMethodError'{0x000000008d2aed30}: 'void java.lang.invoke.DirectMethodHandle$Holder.invokeSpecial(java.lang.Object, java.lang.Object, java.lang.Object, int)'> (0x000000008d2aed30) 
thrown [s\src\hotspot\share\interpreter\linkResolver.cpp, line 771]
Event: 13.450 Thread 0x0000022c3c022f60 Exception <a 'sun/nio/fs/WindowsException'{0x000000008d0def40}> (0x000000008d0def40) 
thrown [s\src\hotspot\share\prims\jni.cpp, line 517]
Event: 13.458 Thread 0x0000022c3c022f60 Exception <a 'java/lang/NoSuchMethodError'{0x000000008cf620a8}: 'java.lang.Object java.lang.invoke.DirectMethodHandle$Holder.newInvokeSpecial(java.lang.Object, java.lang.Object, java.lang.Object, java.lang.Object, int, java.lang.Object)'> (0x000000008cf620a8) 
thrown [s\src\hotspot\share\interpreter\linkResolver.cpp, line 771]
Event: 13.458 Thread 0x0000022c3c022f60 Exception <a 'java/lang/NoSuchMethodError'{0x000000008cf66e68}: 'java.lang.Object java.lang.invoke.Invokers$Holder.linkToTargetMethod(java.lang.Object, java.lang.Object, java.lang.Object, int, java.lang.Object, java.lang.Object)'> (0x000000008cf66e68) 
thrown [s\src\hotspot\share\interpreter\linkResolver.cpp, line 771]
Event: 13.524 Thread 0x0000022c42576e80 Exception <a 'java/lang/NoSuchMethodError'{0x000000008cba22b8}: 'void java.lang.invoke.DirectMethodHandle$Holder.invokeInterface(java.lang.Object, java.lang.Object, java.lang.Object, java.lang.Object)'> (0x000000008cba22b8) 
thrown [s\src\hotspot\share\interpreter\linkResolver.cpp, line 771]
Event: 13.565 Thread 0x0000022c3b3f8c40 Exception <a 'java/lang/NoSuchMethodError'{0x000000008caa5868}: static Lorg/gradle/internal/build/event/types/DefaultTaskStartedProgressEvent;.<clinit>()V> (0x000000008caa5868) 
thrown [s\src\hotspot\share\prims\jni.cpp, line 1108]
Event: 13.566 Thread 0x0000022c3b3f8c40 Exception <a 'java/lang/NoSuchMethodError'{0x000000008cab1e28}: static Lorg/gradle/internal/build/event/types/DefaultTaskDescriptor;.<clinit>()V> (0x000000008cab1e28) 
thrown [s\src\hotspot\share\prims\jni.cpp, line 1108]
Event: 13.640 Thread 0x0000022c3b3f8c40 Exception <a 'java/lang/NoSuchMethodError'{0x000000008c8a0d18}: static Lorg/gradle/internal/build/event/types/DefaultTaskFinishedProgressEvent;.<clinit>()V> (0x000000008c8a0d18) 
thrown [s\src\hotspot\share\prims\jni.cpp, line 1108]
Event: 13.643 Thread 0x0000022c3b3f8c40 Exception <a 'java/lang/NoSuchMethodError'{0x000000008c8b5b78}: static Lorg/gradle/internal/build/event/types/DefaultTaskSuccessResult;.<clinit>()V> (0x000000008c8b5b78) 
thrown [s\src\hotspot\share\prims\jni.cpp, line 1108]
Event: 13.643 Thread 0x0000022c3b3f8c40 Exception <a 'java/lang/NoSuchMethodError'{0x000000008c8b7270}: static Lorg/gradle/internal/build/event/types/AbstractTaskResult;.<clinit>()V> (0x000000008c8b7270) 
thrown [s\src\hotspot\share\prims\jni.cpp, line 1108]
Event: 13.664 Thread 0x0000022c42579500 Exception <a 'sun/nio/fs/WindowsException'{0x000000008ccac180}> (0x000000008ccac180) 
thrown [s\src\hotspot\share\prims\jni.cpp, line 517]
Event: 13.667 Thread 0x0000022c41a9eab0 Exception <a 'java/lang/NoSuchMethodError'{0x000000008c777428}: static Lcom/android/buildanalyzer/common/AndroidGradlePluginAttributionData$BuildInfo;.<clinit>()V> (0x000000008c777428) 
thrown [s\src\hotspot\share\prims\jni.cpp, line 1108]
Event: 13.669 Thread 0x0000022c41a9eab0 Exception <a 'java/lang/NoSuchMethodError'{0x000000008c7b5538}: static Lcom/android/buildanalyzer/common/AndroidGradlePluginAttributionData$JavaInfo;.<clinit>()V> (0x000000008c7b5538) 
thrown [s\src\hotspot\share\prims\jni.cpp, line 1108]
Event: 13.674 Thread 0x0000022c41a9eab0 Exception <a 'java/lang/NoSuchMethodError'{0x000000008c7d6ee0}: static [Ljava/lang/String;.<clinit>()V> (0x000000008c7d6ee0) 
thrown [s\src\hotspot\share\prims\jni.cpp, line 1108]
Event: 13.675 Thread 0x0000022c41a9eab0 Exception <a 'java/lang/NoSuchMethodError'{0x000000008c7e3580}: static Lcom/android/buildanalyzer/common/AndroidGradlePluginAttributionData$TaskInfo;.<clinit>()V> (0x000000008c7e3580) 
thrown [s\src\hotspot\share\prims\jni.cpp, line 1108]
Event: 13.677 Thread 0x0000022c3b3f8c40 Exception <a 'java/lang/NoSuchMethodError'{0x000000008c6050c8}: static Lorg/gradle/internal/build/event/types/DefaultTaskSkippedResult;.<clinit>()V> (0x000000008c6050c8) 
thrown [s\src\hotspot\share\prims\jni.cpp, line 1108]
Event: 13.677 Thread 0x0000022c41a9eab0 Exception <a 'java/lang/NoSuchMethodError'{0x000000008c7efc78}: static Lcom/android/buildanalyzer/common/AndroidGradlePluginAttributionData$TaskCategoryInfo;.<clinit>()V> (0x000000008c7efc78) 
thrown [s\src\hotspot\share\prims\jni.cpp, line 1108]

VM Operations (20 events):
Event: 12.404 Executing VM operation: ICBufferFull
Event: 12.404 Executing VM operation: ICBufferFull done
Event: 12.553 Executing VM operation: HandshakeAllThreads
Event: 12.553 Executing VM operation: HandshakeAllThreads done
Event: 12.868 Executing VM operation: G1CollectForAllocation
Event: 12.890 Executing VM operation: G1CollectForAllocation done
Event: 13.395 Executing VM operation: HandshakeAllThreads
Event: 13.396 Executing VM operation: HandshakeAllThreads done
Event: 13.514 Executing VM operation: ICBufferFull
Event: 13.514 Executing VM operation: ICBufferFull done
Event: 13.519 Executing VM operation: HandshakeAllThreads
Event: 13.519 Executing VM operation: HandshakeAllThreads done
Event: 13.638 Executing VM operation: HandshakeAllThreads
Event: 13.639 Executing VM operation: HandshakeAllThreads done
Event: 13.832 Executing VM operation: HandshakeAllThreads
Event: 13.834 Executing VM operation: HandshakeAllThreads done
Event: 13.859 Executing VM operation: ICBufferFull
Event: 13.859 Executing VM operation: ICBufferFull done
Event: 14.414 Executing VM operation: ICBufferFull
Event: 14.414 Executing VM operation: ICBufferFull done

Events (20 events):
Event: 13.453 Thread 0x0000022c425764e0 Thread added: 0x0000022c425764e0
Event: 13.487 Thread 0x0000022c42576e80 Thread added: 0x0000022c42576e80
Event: 13.496 Thread 0x0000022c42577350 Thread added: 0x0000022c42577350
Event: 13.496 Thread 0x0000022c42577cf0 Thread added: 0x0000022c42577cf0
Event: 13.496 Thread 0x0000022c425751a0 Thread added: 0x0000022c425751a0
Event: 13.496 Thread 0x0000022c425781c0 Thread added: 0x0000022c425781c0
Event: 13.496 Thread 0x0000022c42579ea0 Thread added: 0x0000022c42579ea0
Event: 13.497 Thread 0x0000022c42579500 Thread added: 0x0000022c42579500
Event: 13.497 Thread 0x0000022c42574330 Thread added: 0x0000022c42574330
Event: 13.533 Thread 0x0000022c42577820 Thread added: 0x0000022c42577820
Event: 13.559 loading class java/util/TreeMap$KeySpliterator
Event: 13.560 loading class java/util/TreeMap$KeySpliterator done
Event: 13.667 loading class java/time/Clock
Event: 13.667 loading class java/time/InstantSource
Event: 13.668 loading class java/time/InstantSource done
Event: 13.668 loading class java/time/Clock done
Event: 13.668 loading class java/time/Clock$SystemClock
Event: 13.669 loading class java/time/Clock$SystemClock done
Event: 13.673 loading class java/io/ObjectStreamClass$ExceptionInfo
Event: 13.673 loading class java/io/ObjectStreamClass$ExceptionInfo done


Dynamic libraries:
0x00007ff7a6820000 - 0x00007ff7a682a000 	C:\Program Files (x86)\android-studio-2022.3.1.17-windows\android-studio\jbr\bin\java.exe
0x00007ffd1f710000 - 0x00007ffd1f927000 	C:\WINDOWS\SYSTEM32\ntdll.dll
0x00007ffd1d780000 - 0x00007ffd1d844000 	C:\WINDOWS\System32\KERNEL32.DLL
0x00007ffd1cbd0000 - 0x00007ffd1cf76000 	C:\WINDOWS\System32\KERNELBASE.dll
0x00007ffd1d2d0000 - 0x00007ffd1d3e1000 	C:\WINDOWS\System32\ucrtbase.dll
0x00007ffd00f00000 - 0x00007ffd00f17000 	C:\Program Files (x86)\android-studio-2022.3.1.17-windows\android-studio\jbr\bin\jli.dll
0x00007ffd1f520000 - 0x00007ffd1f6cd000 	C:\WINDOWS\System32\USER32.dll
0x00007ffd1cba0000 - 0x00007ffd1cbc6000 	C:\WINDOWS\System32\win32u.dll
0x00007ffd1d750000 - 0x00007ffd1d779000 	C:\WINDOWS\System32\GDI32.dll
0x00007ffd1d040000 - 0x00007ffd1d158000 	C:\WINDOWS\System32\gdi32full.dll
0x00007ffd1cb00000 - 0x00007ffd1cb9a000 	C:\WINDOWS\System32\msvcp_win.dll
0x00007ffd111c0000 - 0x00007ffd111db000 	C:\Program Files (x86)\android-studio-2022.3.1.17-windows\android-studio\jbr\bin\VCRUNTIME140.dll
0x00007ffd12b90000 - 0x00007ffd12e23000 	C:\WINDOWS\WinSxS\amd64_microsoft.windows.common-controls_6595b64144ccf1df_6.0.22621.2361_none_2712ced57382f843\COMCTL32.dll
0x00007ffd1d5e0000 - 0x00007ffd1d687000 	C:\WINDOWS\System32\msvcrt.dll
0x00007ffd1d690000 - 0x00007ffd1d6c1000 	C:\WINDOWS\System32\IMM32.DLL
0x00007ffd15c90000 - 0x00007ffd15c9c000 	C:\Program Files (x86)\android-studio-2022.3.1.17-windows\android-studio\jbr\bin\vcruntime140_1.dll
0x00007ffd0db50000 - 0x00007ffd0dbdd000 	C:\Program Files (x86)\android-studio-2022.3.1.17-windows\android-studio\jbr\bin\msvcp140.dll
0x00007ffccae10000 - 0x00007ffccba7e000 	C:\Program Files (x86)\android-studio-2022.3.1.17-windows\android-studio\jbr\bin\server\jvm.dll
0x00007ffd1e5a0000 - 0x00007ffd1e650000 	C:\WINDOWS\System32\ADVAPI32.dll
0x00007ffd1e670000 - 0x00007ffd1e716000 	C:\WINDOWS\System32\sechost.dll
0x00007ffd1d470000 - 0x00007ffd1d587000 	C:\WINDOWS\System32\RPCRT4.dll
0x00007ffd13ee0000 - 0x00007ffd13f14000 	C:\WINDOWS\SYSTEM32\WINMM.dll
0x00007ffd0de00000 - 0x00007ffd0de0a000 	C:\WINDOWS\SYSTEM32\VERSION.dll
0x00007ffd00ee0000 - 0x00007ffd00ee9000 	C:\WINDOWS\SYSTEM32\WSOCK32.dll
0x00007ffd1e820000 - 0x00007ffd1e891000 	C:\WINDOWS\System32\WS2_32.dll
0x00007ffd1bbc0000 - 0x00007ffd1bbd8000 	C:\WINDOWS\SYSTEM32\kernel.appcore.dll
0x00007ffd10510000 - 0x00007ffd1051a000 	C:\Program Files (x86)\android-studio-2022.3.1.17-windows\android-studio\jbr\bin\jimage.dll
0x00007ffd1a4e0000 - 0x00007ffd1a70e000 	C:\WINDOWS\SYSTEM32\DBGHELP.DLL
0x00007ffd1d850000 - 0x00007ffd1dbda000 	C:\WINDOWS\System32\combase.dll
0x00007ffd1edf0000 - 0x00007ffd1eec7000 	C:\WINDOWS\System32\OLEAUT32.dll
0x00007ffd0ee50000 - 0x00007ffd0ee82000 	C:\WINDOWS\SYSTEM32\dbgcore.DLL
0x00007ffd1d3f0000 - 0x00007ffd1d46a000 	C:\WINDOWS\System32\bcryptPrimitives.dll
0x00007ffd07de0000 - 0x00007ffd07e05000 	C:\Program Files (x86)\android-studio-2022.3.1.17-windows\android-studio\jbr\bin\java.dll
0x00007ffd0fdd0000 - 0x00007ffd0fde8000 	C:\Program Files (x86)\android-studio-2022.3.1.17-windows\android-studio\jbr\bin\zip.dll
0x00007ffd1dc40000 - 0x00007ffd1e498000 	C:\WINDOWS\System32\SHELL32.dll
0x00007ffd1aa00000 - 0x00007ffd1b2f2000 	C:\WINDOWS\SYSTEM32\windows.storage.dll
0x00007ffd1a8c0000 - 0x00007ffd1a9fe000 	C:\WINDOWS\SYSTEM32\wintypes.dll
0x00007ffd1ef80000 - 0x00007ffd1f073000 	C:\WINDOWS\System32\SHCORE.dll
0x00007ffd1dbe0000 - 0x00007ffd1dc3e000 	C:\WINDOWS\System32\shlwapi.dll
0x00007ffd1c9c0000 - 0x00007ffd1c9e6000 	C:\WINDOWS\SYSTEM32\profapi.dll
0x00007ffd0d620000 - 0x00007ffd0d639000 	C:\Program Files (x86)\android-studio-2022.3.1.17-windows\android-studio\jbr\bin\net.dll
0x00007ffd16910000 - 0x00007ffd16a47000 	C:\WINDOWS\SYSTEM32\WINHTTP.dll
0x00007ffd1c040000 - 0x00007ffd1c0a9000 	C:\WINDOWS\system32\mswsock.dll
0x00007ffd081f0000 - 0x00007ffd08206000 	C:\Program Files (x86)\android-studio-2022.3.1.17-windows\android-studio\jbr\bin\nio.dll
0x00007ffd102a0000 - 0x00007ffd102b0000 	C:\Program Files (x86)\android-studio-2022.3.1.17-windows\android-studio\jbr\bin\verify.dll
0x00007ffd14020000 - 0x00007ffd14047000 	C:\Users\user\.gradle\native\68d5fa5c4cc2d200863cafc0d521ce42e7d3e7ee720ec0a83991735586a16f82\windows-amd64\native-platform.dll
0x00007ffcfd320000 - 0x00007ffcfd464000 	C:\Users\user\.gradle\native\e376f236ea51e6404a007f0833ffe2c6e607c4080706a723a18a27aeea778392\windows-amd64\native-platform-file-events.dll
0x00007ffd0fe00000 - 0x00007ffd0fe09000 	C:\Program Files (x86)\android-studio-2022.3.1.17-windows\android-studio\jbr\bin\management.dll
0x00007ffd0f900000 - 0x00007ffd0f90b000 	C:\Program Files (x86)\android-studio-2022.3.1.17-windows\android-studio\jbr\bin\management_ext.dll
0x00007ffd1e650000 - 0x00007ffd1e658000 	C:\WINDOWS\System32\PSAPI.DLL
0x00007ffd1c290000 - 0x00007ffd1c2ab000 	C:\WINDOWS\SYSTEM32\CRYPTSP.dll
0x00007ffd1bb20000 - 0x00007ffd1bb55000 	C:\WINDOWS\system32\rsaenh.dll
0x00007ffd1c130000 - 0x00007ffd1c15c000 	C:\WINDOWS\SYSTEM32\USERENV.dll
0x00007ffd1c450000 - 0x00007ffd1c478000 	C:\WINDOWS\SYSTEM32\bcrypt.dll
0x00007ffd1c2b0000 - 0x00007ffd1c2bc000 	C:\WINDOWS\SYSTEM32\CRYPTBASE.dll
0x00007ffd1b610000 - 0x00007ffd1b63d000 	C:\WINDOWS\SYSTEM32\IPHLPAPI.DLL
0x00007ffd1e660000 - 0x00007ffd1e669000 	C:\WINDOWS\System32\NSI.dll
0x00007ffd13e20000 - 0x00007ffd13e39000 	C:\WINDOWS\SYSTEM32\dhcpcsvc6.DLL
0x00007ffd13d50000 - 0x00007ffd13d6f000 	C:\WINDOWS\SYSTEM32\dhcpcsvc.DLL
0x00007ffd1b640000 - 0x00007ffd1b739000 	C:\WINDOWS\SYSTEM32\DNSAPI.dll
0x00007ffd0e030000 - 0x00007ffd0e038000 	C:\WINDOWS\system32\wshunix.dll
0x00007ffd03020000 - 0x00007ffd03037000 	C:\WINDOWS\system32\napinsp.dll
0x00007ffd03000000 - 0x00007ffd0301b000 	C:\WINDOWS\system32\pnrpnsp.dll
0x00007ffd023c0000 - 0x00007ffd023d1000 	C:\WINDOWS\System32\winrnr.dll
0x00007ffd13d70000 - 0x00007ffd13d85000 	C:\WINDOWS\system32\wshbth.dll
0x00007ffd02390000 - 0x00007ffd023b1000 	C:\WINDOWS\system32\nlansp_c.dll
0x00007ffd13e10000 - 0x00007ffd13e1a000 	C:\Windows\System32\rasadhlp.dll
0x00007ffd12e30000 - 0x00007ffd12eb4000 	C:\WINDOWS\System32\fwpuclnt.dll

dbghelp: loaded successfully - version: 4.0.5 - missing functions: none
symbol engine: initialized successfully - sym options: 0x614 - pdb path: .;C:\Program Files (x86)\android-studio-2022.3.1.17-windows\android-studio\jbr\bin;C:\WINDOWS\SYSTEM32;C:\WINDOWS\WinSxS\amd64_microsoft.windows.common-controls_6595b64144ccf1df_6.0.22621.2361_none_2712ced57382f843;C:\Program Files (x86)\android-studio-2022.3.1.17-windows\android-studio\jbr\bin\server;C:\Users\user\.gradle\native\68d5fa5c4cc2d200863cafc0d521ce42e7d3e7ee720ec0a83991735586a16f82\windows-amd64;C:\Users\user\.gradle\native\e376f236ea51e6404a007f0833ffe2c6e607c4080706a723a18a27aeea778392\windows-amd64

VM Arguments:
jvm_args: --add-opens=java.base/java.util=ALL-UNNAMED --add-opens=java.base/java.lang=ALL-UNNAMED --add-opens=java.base/java.lang.invoke=ALL-UNNAMED --add-opens=java.prefs/java.util.prefs=ALL-UNNAMED --add-opens=java.base/java.nio.charset=ALL-UNNAMED --add-opens=java.base/java.net=ALL-UNNAMED --add-opens=java.base/java.util.concurrent.atomic=ALL-UNNAMED -Xmx2048m -Dfile.encoding=UTF-8 -Duser.country=KR -Duser.language=ko -Duser.variant 
java_command: org.gradle.launcher.daemon.bootstrap.GradleDaemon 8.0
java_class_path (initial): C:\Users\user\.gradle\wrapper\dists\gradle-8.0-bin\ca5e32bp14vu59qr306oxotwh\gradle-8.0\lib\gradle-launcher-8.0.jar
Launcher Type: SUN_STANDARD

[Global flags]
     intx CICompilerCount                          = 4                                         {product} {ergonomic}
     uint ConcGCThreads                            = 2                                         {product} {ergonomic}
     uint G1ConcRefinementThreads                  = 8                                         {product} {ergonomic}
   size_t G1HeapRegionSize                         = 1048576                                   {product} {ergonomic}
    uintx GCDrainStackTargetSize                   = 64                                        {product} {ergonomic}
   size_t InitialHeapSize                          = 130023424                                 {product} {ergonomic}
   size_t MarkStackSize                            = 4194304                                   {product} {ergonomic}
   size_t MaxHeapSize                              = 2147483648                                {product} {command line}
   size_t MaxNewSize                               = 1287651328                                {product} {ergonomic}
   size_t MinHeapDeltaBytes                        = 1048576                                   {product} {ergonomic}
   size_t MinHeapSize                              = 8388608                                   {product} {ergonomic}
    uintx NonNMethodCodeHeapSize                   = 5839372                                {pd product} {ergonomic}
    uintx NonProfiledCodeHeapSize                  = 122909434                              {pd product} {ergonomic}
    uintx ProfiledCodeHeapSize                     = 122909434                              {pd product} {ergonomic}
    uintx ReservedCodeCacheSize                    = 251658240                              {pd product} {ergonomic}
     bool SegmentedCodeCache                       = true                                      {product} {ergonomic}
   size_t SoftMaxHeapSize                          = 2147483648                             {manageable} {ergonomic}
     bool UseCompressedClassPointers               = true                           {product lp64_product} {ergonomic}
     bool UseCompressedOops                        = true                           {product lp64_product} {ergonomic}
     bool UseG1GC                                  = true                                      {product} {ergonomic}
     bool UseLargePagesIndividualAllocation        = false                                  {pd product} {ergonomic}

Logging:
Log output configuration:
 #0: stdout all=warning uptime,level,tags
 #1: stderr all=off uptime,level,tags

Environment Variables:
PATH=C:\Program Files\Common Files\Oracle\Java\javapath;C:\WINDOWS\system32;C:\WINDOWS;C:\WINDOWS\System32\Wbem;C:\WINDOWS\System32\WindowsPowerShell\v1.0\;C:\WINDOWS\System32\OpenSSH\;C:\Program Files (x86)\Git\cmd;C:\Program Files\Java\jdk-18.0.2.1\bin;C:\Program Files\MATLAB\R2022a\bin;C:\Program Files\Java\openssl-0.9.8e_X64\bin;C:\Program Files\nodejs\;C:\ProgramData\chocolatey\bin;C:\Users\user\AppData\Local\Programs\Python\Python39\Scripts\;C:\Users\user\AppData\Local\Programs\Python\Python39\;C:\Users\user\AppData\Local\Microsoft\WindowsApps;C:\Users\user\AppData\Local\Programs\Microsoft VS Code\bin;C:\Program Files\JetBrains\PyCharm Community Edition 2021.2\bin;;C:\Users\user\flutter\bin;C:\Users\user\AppData\Roaming\npm;C:\Program Files\JetBrains\IntelliJ IDEA 2023.2.2\bin;;C:\Users\user\AppData\Local\afreeca
USERNAME=user
OS=Windows_NT
PROCESSOR_IDENTIFIER=Intel64 Family 6 Model 140 Stepping 1, GenuineIntel
TMP=C:\Users\user\AppData\Local\Temp
TEMP=C:\Users\user\AppData\Local\Temp


JNI global refs:
JNI global refs: 29, weak refs: 1

JNI global refs memory usage: 843, weak refs: 841


---------------  S Y S T E M  ---------------

OS:
 Windows 11 , 64 bit Build 22621 (10.0.22621.2428)
OS uptime: 0 days 22:54 hours

CPU: total 8 (initial active 8) (4 cores per cpu, 2 threads per core) family 6 model 140 stepping 1 microcode 0x9a, cx8, cmov, fxsr, ht, mmx, 3dnowpref, sse, sse2, sse3, ssse3, sse4.1, sse4.2, popcnt, lzcnt, tsc, tscinvbit, avx, avx2, aes, erms, clmul, bmi1, bmi2, adx, avx512f, avx512dq, avx512cd, avx512bw, avx512vl, sha, fma, vzeroupper, avx512_vpopcntdq, avx512_vpclmulqdq, avx512_vaes, avx512_vnni, clflush, clflushopt, clwb, avx512_vbmi2, avx512_vbmi

Memory: 4k page, system-wide physical 7865M (248M free)
TotalPageFile size 13030M (AvailPageFile size 5M)
current process WorkingSet (physical memory assigned to process): 506M, peak: 524M
current process commit charge ("private bytes"): 568M, peak: 572M

vm_info: OpenJDK 64-Bit Server VM (17.0.6+0-b2043.56-10027231) for windows-amd64 JRE (17.0.6+0-b2043.56-10027231), built on Apr 28 2023 00:43:19 by "androidbuild" with MS VC++ 16.10 / 16.11 (VS2019)

END.
