#
# There is insufficient memory for the Java Runtime Environment to continue.
# Native memory allocation (malloc) failed to allocate 1014896 bytes for Chunk::new
# Possible reasons:
#   The system is out of physical RAM or swap space
#   The process is running with CompressedOops enabled, and the Java Heap may be blocking the growth of the native heap
# Possible solutions:
#   Reduce memory load on the system
#   Increase physical memory or swap space
#   Check if swap backing store is full
#   Decrease Java heap size (-Xmx/-Xms)
#   Decrease number of Java threads
#   Decrease Java thread stack sizes (-Xss)
#   Set larger code cache with -XX:ReservedCodeCacheSize=
#   JVM is running with Unscaled Compressed Oops mode in which the Java heap is
#     placed in the first 4GB address space. The Java Heap base address is the
#     maximum limit for the native heap growth. Please use -XX:HeapBaseMinAddress
#     to set the Java Heap base and to place the Java Heap above 4GB virtual address.
# This output file may be truncated or incomplete.
#
#  Out of Memory Error (arena.cpp:189), pid=13624, tid=21516
#
# JRE version: OpenJDK Runtime Environment (17.0.6) (build 17.0.6+0-b2043.56-10027231)
# Java VM: OpenJDK 64-Bit Server VM (17.0.6+0-b2043.56-10027231, mixed mode, tiered, compressed oops, compressed class ptrs, g1 gc, windows-amd64)
# No core dump will be written. Minidumps are not enabled by default on client versions of Windows
#

---------------  S U M M A R Y ------------

Command Line: org.jetbrains.kotlin.cli.jvm.K2JVMCompiler @C:\workspace\Notelass\app\build\20231208_3443754205148442919.compiler.options

Host: 11th Gen Intel(R) Core(TM) i5-1135G7 @ 2.40GHz, 8 cores, 7G,  Windows 11 , 64 bit Build 22621 (10.0.22621.2506)
Time: Fri Dec  8 00:26:13 2023  Windows 11 , 64 bit Build 22621 (10.0.22621.2506) elapsed time: 24.602195 seconds (0d 0h 0m 24s)

---------------  T H R E A D  ---------------

Current thread (0x000001882c864f30):  JavaThread "C2 CompilerThread0" daemon [_thread_in_native, id=21516, stack(0x00000064da200000,0x00000064da300000)]


Current CompileTask:
C2:  24602 14032       4       org.jetbrains.kotlin.resolve.calls.smartcasts.IdentifierInfoKt::getIdForStableIdentifier (421 bytes)

Stack: [0x00000064da200000,0x00000064da300000]
Native frames: (J=compiled Java code, j=interpreted, Vv=VM code, C=native code)
V  [jvm.dll+0x683c9a]
V  [jvm.dll+0x8427a4]
V  [jvm.dll+0x843f9e]
V  [jvm.dll+0x844603]
V  [jvm.dll+0x249b75]
V  [jvm.dll+0xabcac]
V  [jvm.dll+0xac27c]
V  [jvm.dll+0x368802]
V  [jvm.dll+0x1bced2]
V  [jvm.dll+0x21c359]
V  [jvm.dll+0x21b621]
V  [jvm.dll+0x1a4fdd]
V  [jvm.dll+0x22b098]
V  [jvm.dll+0x229159]
V  [jvm.dll+0x7f81ec]
V  [jvm.dll+0x7f274a]
V  [jvm.dll+0x682ad5]
C  [ucrtbase.dll+0x29363]
C  [KERNEL32.DLL+0x1257d]
C  [ntdll.dll+0x5aa58]


---------------  P R O C E S S  ---------------

Threads class SMR info:
_java_thread_list=0x0000018833620a30, length=14, elements={
0x00000188120f8fe0, 0x000001882bc7a1d0, 0x000001882bc7b320, 0x000001882bc95360,
0x000001882c842ff0, 0x000001882c8434c0, 0x000001882c844610, 0x000001882c864f30,
0x000001882c88eb50, 0x000001882c8bb120, 0x000001882c9b2120, 0x000001882c9c6ae0,
0x00000188302cdb60, 0x00000188302cea90
}

Java Threads: ( => current thread )
  0x00000188120f8fe0 JavaThread "main" [_thread_in_Java, id=4196, stack(0x00000064d9500000,0x00000064d9600000)]
  0x000001882bc7a1d0 JavaThread "Reference Handler" daemon [_thread_blocked, id=23636, stack(0x00000064d9c00000,0x00000064d9d00000)]
  0x000001882bc7b320 JavaThread "Finalizer" daemon [_thread_blocked, id=20880, stack(0x00000064d9d00000,0x00000064d9e00000)]
  0x000001882bc95360 JavaThread "Signal Dispatcher" daemon [_thread_blocked, id=18600, stack(0x00000064d9e00000,0x00000064d9f00000)]
  0x000001882c842ff0 JavaThread "Attach Listener" daemon [_thread_blocked, id=20212, stack(0x00000064d9f00000,0x00000064da000000)]
  0x000001882c8434c0 JavaThread "Service Thread" daemon [_thread_blocked, id=1012, stack(0x00000064da000000,0x00000064da100000)]
  0x000001882c844610 JavaThread "Monitor Deflation Thread" daemon [_thread_blocked, id=3844, stack(0x00000064da100000,0x00000064da200000)]
=>0x000001882c864f30 JavaThread "C2 CompilerThread0" daemon [_thread_in_native, id=21516, stack(0x00000064da200000,0x00000064da300000)]
  0x000001882c88eb50 JavaThread "C1 CompilerThread0" daemon [_thread_blocked, id=14056, stack(0x00000064da300000,0x00000064da400000)]
  0x000001882c8bb120 JavaThread "Sweeper thread" daemon [_thread_blocked, id=9196, stack(0x00000064da400000,0x00000064da500000)]
  0x000001882c9b2120 JavaThread "Notification Thread" daemon [_thread_blocked, id=7528, stack(0x00000064da500000,0x00000064da600000)]
  0x000001882c9c6ae0 JavaThread "Common-Cleaner" daemon [_thread_blocked, id=14192, stack(0x00000064da700000,0x00000064da800000)]
  0x00000188302cdb60 JavaThread "C2 CompilerThread1" daemon [_thread_in_native, id=20744, stack(0x00000064db000000,0x00000064db100000)]
  0x00000188302cea90 JavaThread "C2 CompilerThread2" daemon [_thread_in_native, id=4916, stack(0x00000064db100000,0x00000064db200000)]

Other Threads:
  0x000001882bc76f80 VMThread "VM Thread" [stack: 0x00000064d9b00000,0x00000064d9c00000] [id=10408]
  0x000001882c9b5610 WatcherThread [stack: 0x00000064da600000,0x00000064da700000] [id=11348]
  0x0000018812154440 GCTaskThread "GC Thread#0" [stack: 0x00000064d9600000,0x00000064d9700000] [id=17968]
  0x000001882cf955d0 GCTaskThread "GC Thread#1" [stack: 0x00000064da800000,0x00000064da900000] [id=22772]
  0x000001882cfbf740 GCTaskThread "GC Thread#2" [stack: 0x00000064da900000,0x00000064daa00000] [id=21008]
  0x000001882cfbf9f0 GCTaskThread "GC Thread#3" [stack: 0x00000064daa00000,0x00000064dab00000] [id=22412]
  0x000001882cfbfca0 GCTaskThread "GC Thread#4" [stack: 0x00000064dab00000,0x00000064dac00000] [id=5260]
  0x000001882cff11f0 GCTaskThread "GC Thread#5" [stack: 0x00000064dac00000,0x00000064dad00000] [id=1940]
  0x000001882dc54030 GCTaskThread "GC Thread#6" [stack: 0x00000064dad00000,0x00000064dae00000] [id=7056]
  0x000001882dec2270 GCTaskThread "GC Thread#7" [stack: 0x00000064dae00000,0x00000064daf00000] [id=24420]
  0x0000018812164980 ConcurrentGCThread "G1 Main Marker" [stack: 0x00000064d9700000,0x00000064d9800000] [id=17860]
  0x0000018812165390 ConcurrentGCThread "G1 Conc#0" [stack: 0x00000064d9800000,0x00000064d9900000] [id=23716]
  0x000001882dec0790 ConcurrentGCThread "G1 Conc#1" [stack: 0x00000064daf00000,0x00000064db000000] [id=22704]
  0x000001882bad20b0 ConcurrentGCThread "G1 Refine#0" [stack: 0x00000064d9900000,0x00000064d9a00000] [id=23264]
  0x0000018831142280 ConcurrentGCThread "G1 Refine#1" [stack: 0x00000064db200000,0x00000064db300000] [id=1976]
  0x00000188311430e0 ConcurrentGCThread "G1 Refine#2" [stack: 0x00000064db300000,0x00000064db400000] [id=304]
  0x00000188311419e0 ConcurrentGCThread "G1 Refine#3" [stack: 0x00000064db400000,0x00000064db500000] [id=21836]
  0x000001882bad2ad0 ConcurrentGCThread "G1 Service" [stack: 0x00000064d9a00000,0x00000064d9b00000] [id=11660]

Threads with active compile tasks:
C2 CompilerThread0    24664 14032       4       org.jetbrains.kotlin.resolve.calls.smartcasts.IdentifierInfoKt::getIdForStableIdentifier (421 bytes)
C2 CompilerThread1    24664 14036       4       org.jetbrains.kotlin.resolve.calls.inference.model.NewConstraintSystemImpl::runTransaction (551 bytes)
C2 CompilerThread2    24665 14045       4       org.jetbrains.kotlin.resolve.calls.components.ResolutionPartsKt::resolveKotlinArgument (430 bytes)

VM state: not at safepoint (normal execution)

VM Mutex/Monitor currently owned by a thread: None

Heap address: 0x0000000085000000, size: 1968 MB, Compressed Oops mode: 32-bit

CDS archive(s) not mapped
Compressed class space mapped at: 0x0000000100000000-0x0000000140000000, reserved size: 1073741824
Narrow klass base: 0x0000000000000000, Narrow klass shift: 3, Narrow klass range: 0x140000000

GC Precious Log:
 CPUs: 8 total, 8 available
 Memory: 7865M
 Large Page Support: Disabled
 NUMA Support: Disabled
 Compressed Oops: Enabled (32-bit)
 Heap Region Size: 1M
 Heap Min Capacity: 8M
 Heap Initial Capacity: 124M
 Heap Max Capacity: 1968M
 Pre-touch: Disabled
 Parallel Workers: 8
 Concurrent Workers: 2
 Concurrent Refinement Workers: 8
 Periodic GC: Disabled

Heap:
 garbage-first heap   total 196608K, used 102328K [0x0000000085000000, 0x0000000100000000)
  region size 1024K, 6 young (6144K), 5 survivors (5120K)
 Metaspace       used 71557K, committed 71808K, reserved 1114112K
  class space    used 8089K, committed 8192K, reserved 1048576K

Heap Regions: E=young(eden), S=young(survivor), O=old, HS=humongous(starts), HC=humongous(continues), CS=collection set, F=free, OA=open archive, CA=closed archive, TAMS=top-at-mark-start (previous, next)
|   0|0x0000000085000000, 0x0000000085100000, 0x0000000085100000|100%|HS|  |TAMS 0x0000000085100000, 0x0000000085100000| Complete 
|   1|0x0000000085100000, 0x0000000085200000, 0x0000000085200000|100%|HC|  |TAMS 0x0000000085200000, 0x0000000085200000| Complete 
|   2|0x0000000085200000, 0x0000000085300000, 0x0000000085300000|100%|HC|  |TAMS 0x0000000085300000, 0x0000000085300000| Complete 
|   3|0x0000000085300000, 0x0000000085400000, 0x0000000085400000|100%|HC|  |TAMS 0x0000000085400000, 0x0000000085400000| Complete 
|   4|0x0000000085400000, 0x0000000085500000, 0x0000000085500000|100%| O|  |TAMS 0x0000000085500000, 0x0000000085500000| Untracked 
|   5|0x0000000085500000, 0x0000000085600000, 0x0000000085600000|100%| O|  |TAMS 0x0000000085600000, 0x0000000085600000| Untracked 
|   6|0x0000000085600000, 0x0000000085700000, 0x0000000085700000|100%| O|  |TAMS 0x0000000085700000, 0x0000000085700000| Untracked 
|   7|0x0000000085700000, 0x0000000085800000, 0x0000000085800000|100%|HS|  |TAMS 0x0000000085800000, 0x0000000085800000| Complete 
|   8|0x0000000085800000, 0x0000000085900000, 0x0000000085900000|100%|HC|  |TAMS 0x0000000085900000, 0x0000000085900000| Complete 
|   9|0x0000000085900000, 0x0000000085a00000, 0x0000000085a00000|100%|HC|  |TAMS 0x0000000085a00000, 0x0000000085a00000| Complete 
|  10|0x0000000085a00000, 0x0000000085b00000, 0x0000000085b00000|100%|HC|  |TAMS 0x0000000085b00000, 0x0000000085b00000| Complete 
|  11|0x0000000085b00000, 0x0000000085c00000, 0x0000000085c00000|100%| O|  |TAMS 0x0000000085c00000, 0x0000000085c00000| Untracked 
|  12|0x0000000085c00000, 0x0000000085d00000, 0x0000000085d00000|100%| O|  |TAMS 0x0000000085d00000, 0x0000000085d00000| Untracked 
|  13|0x0000000085d00000, 0x0000000085e00000, 0x0000000085e00000|100%| O|  |TAMS 0x0000000085e00000, 0x0000000085e00000| Untracked 
|  14|0x0000000085e00000, 0x0000000085f00000, 0x0000000085f00000|100%| O|  |TAMS 0x0000000085f00000, 0x0000000085f00000| Untracked 
|  15|0x0000000085f00000, 0x0000000086000000, 0x0000000086000000|100%| O|  |TAMS 0x0000000086000000, 0x0000000086000000| Untracked 
|  16|0x0000000086000000, 0x0000000086100000, 0x0000000086100000|100%| O|  |TAMS 0x0000000086100000, 0x0000000086100000| Untracked 
|  17|0x0000000086100000, 0x0000000086200000, 0x0000000086200000|100%| O|  |TAMS 0x0000000086200000, 0x0000000086200000| Untracked 
|  18|0x0000000086200000, 0x0000000086300000, 0x0000000086300000|100%| O|  |TAMS 0x0000000086300000, 0x0000000086300000| Untracked 
|  19|0x0000000086300000, 0x0000000086400000, 0x0000000086400000|100%| O|  |TAMS 0x0000000086400000, 0x0000000086400000| Untracked 
|  20|0x0000000086400000, 0x0000000086500000, 0x0000000086500000|100%| O|  |TAMS 0x0000000086500000, 0x0000000086500000| Untracked 
|  21|0x0000000086500000, 0x0000000086600000, 0x0000000086600000|100%| O|  |TAMS 0x0000000086600000, 0x0000000086600000| Untracked 
|  22|0x0000000086600000, 0x0000000086700000, 0x0000000086700000|100%| O|  |TAMS 0x0000000086700000, 0x0000000086700000| Untracked 
|  23|0x0000000086700000, 0x0000000086800000, 0x0000000086800000|100%| O|  |TAMS 0x0000000086800000, 0x0000000086800000| Untracked 
|  24|0x0000000086800000, 0x0000000086900000, 0x0000000086900000|100%| O|  |TAMS 0x0000000086900000, 0x0000000086900000| Untracked 
|  25|0x0000000086900000, 0x0000000086a00000, 0x0000000086a00000|100%| O|  |TAMS 0x0000000086a00000, 0x0000000086a00000| Untracked 
|  26|0x0000000086a00000, 0x0000000086b00000, 0x0000000086b00000|100%| O|  |TAMS 0x0000000086b00000, 0x0000000086b00000| Untracked 
|  27|0x0000000086b00000, 0x0000000086c00000, 0x0000000086c00000|100%| O|  |TAMS 0x0000000086c00000, 0x0000000086c00000| Untracked 
|  28|0x0000000086c00000, 0x0000000086d00000, 0x0000000086d00000|100%| O|  |TAMS 0x0000000086d00000, 0x0000000086d00000| Untracked 
|  29|0x0000000086d00000, 0x0000000086e00000, 0x0000000086e00000|100%| O|  |TAMS 0x0000000086e00000, 0x0000000086e00000| Untracked 
|  30|0x0000000086e00000, 0x0000000086f00000, 0x0000000086f00000|100%| O|  |TAMS 0x0000000086f00000, 0x0000000086f00000| Untracked 
|  31|0x0000000086f00000, 0x0000000087000000, 0x0000000087000000|100%|HS|  |TAMS 0x0000000087000000, 0x0000000087000000| Complete 
|  32|0x0000000087000000, 0x0000000087100000, 0x0000000087100000|100%|HC|  |TAMS 0x0000000087100000, 0x0000000087100000| Complete 
|  33|0x0000000087100000, 0x0000000087200000, 0x0000000087200000|100%| O|  |TAMS 0x0000000087200000, 0x0000000087200000| Untracked 
|  34|0x0000000087200000, 0x0000000087300000, 0x0000000087300000|100%| O|  |TAMS 0x0000000087300000, 0x0000000087300000| Untracked 
|  35|0x0000000087300000, 0x0000000087400000, 0x0000000087400000|100%| O|  |TAMS 0x0000000087400000, 0x0000000087400000| Untracked 
|  36|0x0000000087400000, 0x0000000087500000, 0x0000000087500000|100%| O|  |TAMS 0x0000000087500000, 0x0000000087500000| Untracked 
|  37|0x0000000087500000, 0x0000000087600000, 0x0000000087600000|100%| O|  |TAMS 0x0000000087600000, 0x0000000087600000| Untracked 
|  38|0x0000000087600000, 0x0000000087700000, 0x0000000087700000|100%| O|  |TAMS 0x0000000087600000, 0x0000000087700000| Untracked 
|  39|0x0000000087700000, 0x0000000087800000, 0x0000000087800000|100%| O|  |TAMS 0x0000000087800000, 0x0000000087800000| Untracked 
|  40|0x0000000087800000, 0x0000000087900000, 0x0000000087900000|100%| O|  |TAMS 0x0000000087900000, 0x0000000087900000| Untracked 
|  41|0x0000000087900000, 0x0000000087a00000, 0x0000000087a00000|100%| O|  |TAMS 0x000000008797da00, 0x0000000087a00000| Untracked 
|  42|0x0000000087a00000, 0x0000000087b00000, 0x0000000087b00000|100%|HS|  |TAMS 0x0000000087b00000, 0x0000000087b00000| Complete 
|  43|0x0000000087b00000, 0x0000000087c00000, 0x0000000087c00000|100%|HC|  |TAMS 0x0000000087c00000, 0x0000000087c00000| Complete 
|  44|0x0000000087c00000, 0x0000000087d00000, 0x0000000087d00000|100%| O|  |TAMS 0x0000000087c00000, 0x0000000087d00000| Untracked 
|  45|0x0000000087d00000, 0x0000000087e00000, 0x0000000087e00000|100%| O|  |TAMS 0x0000000087d00000, 0x0000000087e00000| Untracked 
|  46|0x0000000087e00000, 0x0000000087f00000, 0x0000000087f00000|100%| O|  |TAMS 0x0000000087e00000, 0x0000000087f00000| Untracked 
|  47|0x0000000087f00000, 0x0000000088000000, 0x0000000088000000|100%| O|  |TAMS 0x0000000087f00000, 0x0000000088000000| Untracked 
|  48|0x0000000088000000, 0x0000000088100000, 0x0000000088100000|100%| O|  |TAMS 0x0000000088000000, 0x0000000088100000| Untracked 
|  49|0x0000000088100000, 0x0000000088200000, 0x0000000088200000|100%| O|  |TAMS 0x0000000088100000, 0x0000000088200000| Untracked 
|  50|0x0000000088200000, 0x0000000088300000, 0x0000000088300000|100%| O|  |TAMS 0x0000000088200000, 0x0000000088300000| Untracked 
|  51|0x0000000088300000, 0x0000000088400000, 0x0000000088400000|100%| O|  |TAMS 0x0000000088300000, 0x0000000088400000| Untracked 
|  52|0x0000000088400000, 0x0000000088500000, 0x0000000088500000|100%| O|  |TAMS 0x0000000088400000, 0x0000000088500000| Untracked 
|  53|0x0000000088500000, 0x0000000088600000, 0x0000000088600000|100%| O|  |TAMS 0x0000000088500000, 0x0000000088600000| Untracked 
|  54|0x0000000088600000, 0x0000000088700000, 0x0000000088700000|100%| O|  |TAMS 0x0000000088600000, 0x0000000088700000| Untracked 
|  55|0x0000000088700000, 0x0000000088800000, 0x0000000088800000|100%| O|  |TAMS 0x0000000088700000, 0x0000000088800000| Untracked 
|  56|0x0000000088800000, 0x0000000088900000, 0x0000000088900000|100%| O|  |TAMS 0x0000000088800000, 0x0000000088900000| Untracked 
|  57|0x0000000088900000, 0x0000000088a00000, 0x0000000088a00000|100%| O|  |TAMS 0x0000000088900000, 0x0000000088a00000| Untracked 
|  58|0x0000000088a00000, 0x0000000088b00000, 0x0000000088b00000|100%| O|  |TAMS 0x0000000088a00000, 0x0000000088b00000| Untracked 
|  59|0x0000000088b00000, 0x0000000088c00000, 0x0000000088c00000|100%| O|  |TAMS 0x0000000088b00000, 0x0000000088c00000| Untracked 
|  60|0x0000000088c00000, 0x0000000088d00000, 0x0000000088d00000|100%| O|  |TAMS 0x0000000088c00000, 0x0000000088d00000| Untracked 
|  61|0x0000000088d00000, 0x0000000088e00000, 0x0000000088e00000|100%| O|  |TAMS 0x0000000088d00000, 0x0000000088e00000| Untracked 
|  62|0x0000000088e00000, 0x0000000088f00000, 0x0000000088f00000|100%| O|  |TAMS 0x0000000088e00000, 0x0000000088f00000| Untracked 
|  63|0x0000000088f00000, 0x0000000089000000, 0x0000000089000000|100%| O|  |TAMS 0x0000000088f00000, 0x0000000089000000| Untracked 
|  64|0x0000000089000000, 0x0000000089100000, 0x0000000089100000|100%| O|  |TAMS 0x0000000089000000, 0x0000000089100000| Untracked 
|  65|0x0000000089100000, 0x0000000089200000, 0x0000000089200000|100%| O|  |TAMS 0x0000000089100000, 0x0000000089200000| Untracked 
|  66|0x0000000089200000, 0x0000000089300000, 0x0000000089300000|100%| O|  |TAMS 0x0000000089200000, 0x0000000089300000| Untracked 
|  67|0x0000000089300000, 0x0000000089400000, 0x0000000089400000|100%| O|  |TAMS 0x0000000089300000, 0x0000000089400000| Untracked 
|  68|0x0000000089400000, 0x0000000089500000, 0x0000000089500000|100%| O|  |TAMS 0x0000000089400000, 0x0000000089500000| Untracked 
|  69|0x0000000089500000, 0x0000000089600000, 0x0000000089600000|100%| O|  |TAMS 0x0000000089500000, 0x0000000089600000| Untracked 
|  70|0x0000000089600000, 0x0000000089700000, 0x0000000089700000|100%| O|  |TAMS 0x0000000089600000, 0x0000000089700000| Untracked 
|  71|0x0000000089700000, 0x0000000089800000, 0x0000000089800000|100%| O|  |TAMS 0x0000000089700000, 0x0000000089800000| Untracked 
|  72|0x0000000089800000, 0x0000000089900000, 0x0000000089900000|100%| O|  |TAMS 0x0000000089800000, 0x0000000089900000| Untracked 
|  73|0x0000000089900000, 0x0000000089a00000, 0x0000000089a00000|100%| O|  |TAMS 0x0000000089900000, 0x0000000089a00000| Untracked 
|  74|0x0000000089a00000, 0x0000000089b00000, 0x0000000089b00000|100%| O|  |TAMS 0x0000000089a00000, 0x0000000089b00000| Untracked 
|  75|0x0000000089b00000, 0x0000000089c00000, 0x0000000089c00000|100%| O|  |TAMS 0x0000000089b00000, 0x0000000089c00000| Untracked 
|  76|0x0000000089c00000, 0x0000000089d00000, 0x0000000089d00000|100%| O|  |TAMS 0x0000000089c00000, 0x0000000089d00000| Untracked 
|  77|0x0000000089d00000, 0x0000000089e00000, 0x0000000089e00000|100%| O|  |TAMS 0x0000000089d00000, 0x0000000089e00000| Untracked 
|  78|0x0000000089e00000, 0x0000000089f00000, 0x0000000089f00000|100%| O|  |TAMS 0x0000000089e00000, 0x0000000089f00000| Untracked 
|  79|0x0000000089f00000, 0x000000008a000000, 0x000000008a000000|100%| O|  |TAMS 0x0000000089f00000, 0x000000008a000000| Untracked 
|  80|0x000000008a000000, 0x000000008a100000, 0x000000008a100000|100%| O|  |TAMS 0x000000008a000000, 0x000000008a100000| Untracked 
|  81|0x000000008a100000, 0x000000008a200000, 0x000000008a200000|100%| O|  |TAMS 0x000000008a100000, 0x000000008a200000| Untracked 
|  82|0x000000008a200000, 0x000000008a300000, 0x000000008a300000|100%| O|  |TAMS 0x000000008a200000, 0x000000008a300000| Untracked 
|  83|0x000000008a300000, 0x000000008a400000, 0x000000008a400000|100%| O|  |TAMS 0x000000008a300000, 0x000000008a400000| Untracked 
|  84|0x000000008a400000, 0x000000008a500000, 0x000000008a500000|100%| O|  |TAMS 0x000000008a400000, 0x000000008a500000| Untracked 
|  85|0x000000008a500000, 0x000000008a600000, 0x000000008a600000|100%| O|  |TAMS 0x000000008a500000, 0x000000008a600000| Untracked 
|  86|0x000000008a600000, 0x000000008a700000, 0x000000008a700000|100%| O|  |TAMS 0x000000008a600000, 0x000000008a700000| Untracked 
|  87|0x000000008a700000, 0x000000008a800000, 0x000000008a800000|100%| O|  |TAMS 0x000000008a700000, 0x000000008a800000| Untracked 
|  88|0x000000008a800000, 0x000000008a900000, 0x000000008a900000|100%| O|  |TAMS 0x000000008a800000, 0x000000008a900000| Untracked 
|  89|0x000000008a900000, 0x000000008aa00000, 0x000000008aa00000|100%| O|  |TAMS 0x000000008a900000, 0x000000008aa00000| Untracked 
|  90|0x000000008aa00000, 0x000000008ab00000, 0x000000008ab00000|100%| O|  |TAMS 0x000000008aa00000, 0x000000008aa46600| Untracked 
|  91|0x000000008ab00000, 0x000000008ac00000, 0x000000008ac00000|100%| O|  |TAMS 0x000000008ab00000, 0x000000008ab00000| Untracked 
|  92|0x000000008ac00000, 0x000000008ad00000, 0x000000008ad00000|100%| O|  |TAMS 0x000000008ac00000, 0x000000008ac00000| Untracked 
|  93|0x000000008ad00000, 0x000000008ae00000, 0x000000008ae00000|100%| O|  |TAMS 0x000000008ad00000, 0x000000008ad00000| Untracked 
|  94|0x000000008ae00000, 0x000000008af00000, 0x000000008af00000|100%| O|  |TAMS 0x000000008ae00000, 0x000000008ae00000| Untracked 
|  95|0x000000008af00000, 0x000000008afa7800, 0x000000008b000000| 65%| O|  |TAMS 0x000000008af00000, 0x000000008af00000| Untracked 
|  96|0x000000008b000000, 0x000000008b000000, 0x000000008b100000|  0%| F|  |TAMS 0x000000008b000000, 0x000000008b000000| Untracked 
|  97|0x000000008b100000, 0x000000008b100000, 0x000000008b200000|  0%| F|  |TAMS 0x000000008b100000, 0x000000008b100000| Untracked 
|  98|0x000000008b200000, 0x000000008b200000, 0x000000008b300000|  0%| F|  |TAMS 0x000000008b200000, 0x000000008b200000| Untracked 
|  99|0x000000008b300000, 0x000000008b300000, 0x000000008b400000|  0%| F|  |TAMS 0x000000008b300000, 0x000000008b300000| Untracked 
| 100|0x000000008b400000, 0x000000008b400000, 0x000000008b500000|  0%| F|  |TAMS 0x000000008b400000, 0x000000008b400000| Untracked 
| 101|0x000000008b500000, 0x000000008b500000, 0x000000008b600000|  0%| F|  |TAMS 0x000000008b500000, 0x000000008b500000| Untracked 
| 102|0x000000008b600000, 0x000000008b600000, 0x000000008b700000|  0%| F|  |TAMS 0x000000008b600000, 0x000000008b600000| Untracked 
| 103|0x000000008b700000, 0x000000008b700000, 0x000000008b800000|  0%| F|  |TAMS 0x000000008b700000, 0x000000008b700000| Untracked 
| 104|0x000000008b800000, 0x000000008b800000, 0x000000008b900000|  0%| F|  |TAMS 0x000000008b800000, 0x000000008b800000| Untracked 
| 105|0x000000008b900000, 0x000000008b900000, 0x000000008ba00000|  0%| F|  |TAMS 0x000000008b900000, 0x000000008b900000| Untracked 
| 106|0x000000008ba00000, 0x000000008ba00000, 0x000000008bb00000|  0%| F|  |TAMS 0x000000008ba00000, 0x000000008ba00000| Untracked 
| 107|0x000000008bb00000, 0x000000008bb00000, 0x000000008bc00000|  0%| F|  |TAMS 0x000000008bb00000, 0x000000008bb00000| Untracked 
| 108|0x000000008bc00000, 0x000000008bc00000, 0x000000008bd00000|  0%| F|  |TAMS 0x000000008bc00000, 0x000000008bc00000| Untracked 
| 109|0x000000008bd00000, 0x000000008bd00000, 0x000000008be00000|  0%| F|  |TAMS 0x000000008bd00000, 0x000000008bd00000| Untracked 
| 110|0x000000008be00000, 0x000000008be00000, 0x000000008bf00000|  0%| F|  |TAMS 0x000000008be00000, 0x000000008be00000| Untracked 
| 111|0x000000008bf00000, 0x000000008bf00000, 0x000000008c000000|  0%| F|  |TAMS 0x000000008bf00000, 0x000000008bf00000| Untracked 
| 112|0x000000008c000000, 0x000000008c000000, 0x000000008c100000|  0%| F|  |TAMS 0x000000008c000000, 0x000000008c000000| Untracked 
| 113|0x000000008c100000, 0x000000008c100000, 0x000000008c200000|  0%| F|  |TAMS 0x000000008c100000, 0x000000008c100000| Untracked 
| 114|0x000000008c200000, 0x000000008c200000, 0x000000008c300000|  0%| F|  |TAMS 0x000000008c200000, 0x000000008c200000| Untracked 
| 115|0x000000008c300000, 0x000000008c300000, 0x000000008c400000|  0%| F|  |TAMS 0x000000008c300000, 0x000000008c300000| Untracked 
| 116|0x000000008c400000, 0x000000008c400000, 0x000000008c500000|  0%| F|  |TAMS 0x000000008c400000, 0x000000008c400000| Untracked 
| 117|0x000000008c500000, 0x000000008c500000, 0x000000008c600000|  0%| F|  |TAMS 0x000000008c500000, 0x000000008c500000| Untracked 
| 118|0x000000008c600000, 0x000000008c600000, 0x000000008c700000|  0%| F|  |TAMS 0x000000008c600000, 0x000000008c600000| Untracked 
| 119|0x000000008c700000, 0x000000008c700000, 0x000000008c800000|  0%| F|  |TAMS 0x000000008c700000, 0x000000008c700000| Untracked 
| 120|0x000000008c800000, 0x000000008c800000, 0x000000008c900000|  0%| F|  |TAMS 0x000000008c800000, 0x000000008c800000| Untracked 
| 121|0x000000008c900000, 0x000000008c900000, 0x000000008ca00000|  0%| F|  |TAMS 0x000000008c900000, 0x000000008c900000| Untracked 
| 122|0x000000008ca00000, 0x000000008ca00000, 0x000000008cb00000|  0%| F|  |TAMS 0x000000008ca00000, 0x000000008ca00000| Untracked 
| 123|0x000000008cb00000, 0x000000008cb00000, 0x000000008cc00000|  0%| F|  |TAMS 0x000000008cb00000, 0x000000008cb00000| Untracked 
| 124|0x000000008cc00000, 0x000000008cc00000, 0x000000008cd00000|  0%| F|  |TAMS 0x000000008cc00000, 0x000000008cc00000| Untracked 
| 125|0x000000008cd00000, 0x000000008cd00000, 0x000000008ce00000|  0%| F|  |TAMS 0x000000008cd00000, 0x000000008cd00000| Untracked 
| 126|0x000000008ce00000, 0x000000008ce00000, 0x000000008cf00000|  0%| F|  |TAMS 0x000000008ce00000, 0x000000008ce00000| Untracked 
| 127|0x000000008cf00000, 0x000000008cf46a60, 0x000000008d000000| 27%| S|CS|TAMS 0x000000008cf00000, 0x000000008cf00000| Complete 
| 128|0x000000008d000000, 0x000000008d100000, 0x000000008d100000|100%| S|CS|TAMS 0x000000008d000000, 0x000000008d000000| Complete 
| 129|0x000000008d100000, 0x000000008d100000, 0x000000008d200000|  0%| F|  |TAMS 0x000000008d100000, 0x000000008d100000| Untracked 
| 130|0x000000008d200000, 0x000000008d200000, 0x000000008d300000|  0%| F|  |TAMS 0x000000008d200000, 0x000000008d200000| Untracked 
| 131|0x000000008d300000, 0x000000008d300000, 0x000000008d400000|  0%| F|  |TAMS 0x000000008d300000, 0x000000008d300000| Untracked 
| 132|0x000000008d400000, 0x000000008d400000, 0x000000008d500000|  0%| F|  |TAMS 0x000000008d400000, 0x000000008d400000| Untracked 
| 133|0x000000008d500000, 0x000000008d500000, 0x000000008d600000|  0%| F|  |TAMS 0x000000008d500000, 0x000000008d500000| Untracked 
| 134|0x000000008d600000, 0x000000008d700000, 0x000000008d700000|100%| S|CS|TAMS 0x000000008d600000, 0x000000008d600000| Complete 
| 135|0x000000008d700000, 0x000000008d800000, 0x000000008d800000|100%| S|CS|TAMS 0x000000008d700000, 0x000000008d700000| Complete 
| 136|0x000000008d800000, 0x000000008d900000, 0x000000008d900000|100%| S|CS|TAMS 0x000000008d800000, 0x000000008d800000| Complete 
| 137|0x000000008d900000, 0x000000008d900000, 0x000000008da00000|  0%| F|  |TAMS 0x000000008d900000, 0x000000008d900000| Untracked 
| 138|0x000000008da00000, 0x000000008da00000, 0x000000008db00000|  0%| F|  |TAMS 0x000000008da00000, 0x000000008da00000| Untracked 
| 139|0x000000008db00000, 0x000000008db00000, 0x000000008dc00000|  0%| F|  |TAMS 0x000000008db00000, 0x000000008db00000| Untracked 
| 140|0x000000008dc00000, 0x000000008dc00000, 0x000000008dd00000|  0%| F|  |TAMS 0x000000008dc00000, 0x000000008dc00000| Untracked 
| 141|0x000000008dd00000, 0x000000008dd00000, 0x000000008de00000|  0%| F|  |TAMS 0x000000008dd00000, 0x000000008dd00000| Untracked 
| 142|0x000000008de00000, 0x000000008de00000, 0x000000008df00000|  0%| F|  |TAMS 0x000000008de00000, 0x000000008de00000| Untracked 
| 143|0x000000008df00000, 0x000000008df00000, 0x000000008e000000|  0%| F|  |TAMS 0x000000008df00000, 0x000000008df00000| Untracked 
| 144|0x000000008e000000, 0x000000008e000000, 0x000000008e100000|  0%| F|  |TAMS 0x000000008e000000, 0x000000008e000000| Untracked 
| 145|0x000000008e100000, 0x000000008e100000, 0x000000008e200000|  0%| F|  |TAMS 0x000000008e100000, 0x000000008e100000| Untracked 
| 146|0x000000008e200000, 0x000000008e200000, 0x000000008e300000|  0%| F|  |TAMS 0x000000008e200000, 0x000000008e200000| Untracked 
| 147|0x000000008e300000, 0x000000008e300000, 0x000000008e400000|  0%| F|  |TAMS 0x000000008e300000, 0x000000008e300000| Untracked 
| 148|0x000000008e400000, 0x000000008e400000, 0x000000008e500000|  0%| F|  |TAMS 0x000000008e400000, 0x000000008e400000| Untracked 
| 149|0x000000008e500000, 0x000000008e500000, 0x000000008e600000|  0%| F|  |TAMS 0x000000008e500000, 0x000000008e500000| Untracked 
| 150|0x000000008e600000, 0x000000008e600000, 0x000000008e700000|  0%| F|  |TAMS 0x000000008e600000, 0x000000008e600000| Untracked 
| 151|0x000000008e700000, 0x000000008e700000, 0x000000008e800000|  0%| F|  |TAMS 0x000000008e700000, 0x000000008e700000| Untracked 
| 152|0x000000008e800000, 0x000000008e800000, 0x000000008e900000|  0%| F|  |TAMS 0x000000008e800000, 0x000000008e800000| Untracked 
| 153|0x000000008e900000, 0x000000008e900000, 0x000000008ea00000|  0%| F|  |TAMS 0x000000008e900000, 0x000000008e900000| Untracked 
| 154|0x000000008ea00000, 0x000000008ea00000, 0x000000008eb00000|  0%| F|  |TAMS 0x000000008ea00000, 0x000000008ea00000| Untracked 
| 155|0x000000008eb00000, 0x000000008eb00000, 0x000000008ec00000|  0%| F|  |TAMS 0x000000008eb00000, 0x000000008eb00000| Untracked 
| 156|0x000000008ec00000, 0x000000008ec00000, 0x000000008ed00000|  0%| F|  |TAMS 0x000000008ec00000, 0x000000008ec00000| Untracked 
| 157|0x000000008ed00000, 0x000000008ed00000, 0x000000008ee00000|  0%| F|  |TAMS 0x000000008ed00000, 0x000000008ed00000| Untracked 
| 158|0x000000008ee00000, 0x000000008ee00000, 0x000000008ef00000|  0%| F|  |TAMS 0x000000008ee00000, 0x000000008ee00000| Untracked 
| 159|0x000000008ef00000, 0x000000008ef00000, 0x000000008f000000|  0%| F|  |TAMS 0x000000008ef00000, 0x000000008ef00000| Untracked 
| 160|0x000000008f000000, 0x000000008f000000, 0x000000008f100000|  0%| F|  |TAMS 0x000000008f000000, 0x000000008f000000| Untracked 
| 161|0x000000008f100000, 0x000000008f100000, 0x000000008f200000|  0%| F|  |TAMS 0x000000008f100000, 0x000000008f100000| Untracked 
| 162|0x000000008f200000, 0x000000008f200000, 0x000000008f300000|  0%| F|  |TAMS 0x000000008f200000, 0x000000008f200000| Untracked 
| 163|0x000000008f300000, 0x000000008f300000, 0x000000008f400000|  0%| F|  |TAMS 0x000000008f300000, 0x000000008f300000| Untracked 
| 164|0x000000008f400000, 0x000000008f400000, 0x000000008f500000|  0%| F|  |TAMS 0x000000008f400000, 0x000000008f400000| Untracked 
| 165|0x000000008f500000, 0x000000008f500000, 0x000000008f600000|  0%| F|  |TAMS 0x000000008f500000, 0x000000008f500000| Untracked 
| 166|0x000000008f600000, 0x000000008f600000, 0x000000008f700000|  0%| F|  |TAMS 0x000000008f600000, 0x000000008f600000| Untracked 
| 167|0x000000008f700000, 0x000000008f700000, 0x000000008f800000|  0%| F|  |TAMS 0x000000008f700000, 0x000000008f700000| Untracked 
| 168|0x000000008f800000, 0x000000008f800000, 0x000000008f900000|  0%| F|  |TAMS 0x000000008f800000, 0x000000008f800000| Untracked 
| 169|0x000000008f900000, 0x000000008f900000, 0x000000008fa00000|  0%| F|  |TAMS 0x000000008f900000, 0x000000008f900000| Untracked 
| 170|0x000000008fa00000, 0x000000008fa00000, 0x000000008fb00000|  0%| F|  |TAMS 0x000000008fa00000, 0x000000008fa00000| Untracked 
| 171|0x000000008fb00000, 0x000000008fb00000, 0x000000008fc00000|  0%| F|  |TAMS 0x000000008fb00000, 0x000000008fb00000| Untracked 
| 172|0x000000008fc00000, 0x000000008fc00000, 0x000000008fd00000|  0%| F|  |TAMS 0x000000008fc00000, 0x000000008fc00000| Untracked 
| 173|0x000000008fd00000, 0x000000008fd00000, 0x000000008fe00000|  0%| F|  |TAMS 0x000000008fd00000, 0x000000008fd00000| Untracked 
| 174|0x000000008fe00000, 0x000000008fe00000, 0x000000008ff00000|  0%| F|  |TAMS 0x000000008fe00000, 0x000000008fe00000| Untracked 
| 175|0x000000008ff00000, 0x000000008ff00000, 0x0000000090000000|  0%| F|  |TAMS 0x000000008ff00000, 0x000000008ff00000| Untracked 
| 176|0x0000000090000000, 0x0000000090000000, 0x0000000090100000|  0%| F|  |TAMS 0x0000000090000000, 0x0000000090000000| Untracked 
| 177|0x0000000090100000, 0x0000000090100000, 0x0000000090200000|  0%| F|  |TAMS 0x0000000090100000, 0x0000000090100000| Untracked 
| 178|0x0000000090200000, 0x0000000090200000, 0x0000000090300000|  0%| F|  |TAMS 0x0000000090200000, 0x0000000090200000| Untracked 
| 179|0x0000000090300000, 0x0000000090300000, 0x0000000090400000|  0%| F|  |TAMS 0x0000000090300000, 0x0000000090300000| Untracked 
| 180|0x0000000090400000, 0x0000000090400000, 0x0000000090500000|  0%| F|  |TAMS 0x0000000090400000, 0x0000000090400000| Untracked 
| 181|0x0000000090500000, 0x0000000090500000, 0x0000000090600000|  0%| F|  |TAMS 0x0000000090500000, 0x0000000090500000| Untracked 
| 182|0x0000000090600000, 0x0000000090600000, 0x0000000090700000|  0%| F|  |TAMS 0x0000000090600000, 0x0000000090600000| Untracked 
| 183|0x0000000090700000, 0x0000000090700000, 0x0000000090800000|  0%| F|  |TAMS 0x0000000090700000, 0x0000000090700000| Untracked 
| 184|0x0000000090800000, 0x0000000090800000, 0x0000000090900000|  0%| F|  |TAMS 0x0000000090800000, 0x0000000090800000| Untracked 
| 185|0x0000000090900000, 0x0000000090900000, 0x0000000090a00000|  0%| F|  |TAMS 0x0000000090900000, 0x0000000090900000| Untracked 
| 186|0x0000000090a00000, 0x0000000090a00000, 0x0000000090b00000|  0%| F|  |TAMS 0x0000000090a00000, 0x0000000090a00000| Untracked 
| 187|0x0000000090b00000, 0x0000000090b00000, 0x0000000090c00000|  0%| F|  |TAMS 0x0000000090b00000, 0x0000000090b00000| Untracked 
| 188|0x0000000090c00000, 0x0000000090c00000, 0x0000000090d00000|  0%| F|  |TAMS 0x0000000090c00000, 0x0000000090c00000| Untracked 
| 189|0x0000000090d00000, 0x0000000090d00000, 0x0000000090e00000|  0%| F|  |TAMS 0x0000000090d00000, 0x0000000090d00000| Untracked 
| 190|0x0000000090e00000, 0x0000000090e00000, 0x0000000090f00000|  0%| F|  |TAMS 0x0000000090e00000, 0x0000000090e00000| Untracked 
| 191|0x0000000090f00000, 0x0000000091000000, 0x0000000091000000|100%| E|  |TAMS 0x0000000090f00000, 0x0000000090f00000| Complete 

Card table byte_map: [0x0000018824ce0000,0x00000188250c0000] _byte_map_base: 0x00000188248b8000

Marking Bits (Prev, Next): (CMBitMap*) 0x0000018812154a90, (CMBitMap*) 0x0000018812154a50
 Prev Bits: [0x0000018827360000, 0x0000018829220000)
 Next Bits: [0x00000188254a0000, 0x0000018827360000)

Polling page: 0x00000188118c0000

Metaspace:

Usage:
  Non-class:     61.98 MB used.
      Class:      7.90 MB used.
       Both:     69.88 MB used.

Virtual space:
  Non-class space:       64.00 MB reserved,      62.12 MB ( 97%) committed,  8 nodes.
      Class space:        1.00 GB reserved,       8.00 MB ( <1%) committed,  1 nodes.
             Both:        1.06 GB reserved,      70.12 MB (  6%) committed. 

Chunk freelists:
   Non-Class:  1.16 MB
       Class:  3.94 MB
        Both:  5.09 MB

MaxMetaspaceSize: unlimited
CompressedClassSpaceSize: 1.00 GB
Initial GC threshold: 21.00 MB
Current GC threshold: 98.25 MB
CDS: off
MetaspaceReclaimPolicy: balanced
 - commit_granule_bytes: 65536.
 - commit_granule_words: 8192.
 - virtual_space_node_default_size: 1048576.
 - enlarge_chunks_in_place: 1.
 - new_chunks_are_fully_committed: 0.
 - uncommit_free_chunks: 1.
 - use_allocation_guard: 0.
 - handle_deallocations: 1.


Internal statistics:

num_allocs_failed_limit: 9.
num_arena_births: 368.
num_arena_deaths: 0.
num_vsnodes_births: 9.
num_vsnodes_deaths: 0.
num_space_committed: 1120.
num_space_uncommitted: 0.
num_chunks_returned_to_freelist: 9.
num_chunks_taken_from_freelist: 2728.
num_chunk_merges: 9.
num_chunk_splits: 2087.
num_chunks_enlarged: 1762.
num_purges: 0.
num_inconsistent_stats: 0.

CodeHeap 'non-profiled nmethods': size=120000Kb used=8465Kb max_used=8465Kb free=111534Kb
 bounds [0x000001881d090000, 0x000001881d8e0000, 0x00000188245c0000]
CodeHeap 'profiled nmethods': size=120000Kb used=31865Kb max_used=32387Kb free=88134Kb
 bounds [0x00000188155c0000, 0x0000018817570000, 0x000001881caf0000]
CodeHeap 'non-nmethods': size=5760Kb used=1337Kb max_used=1411Kb free=4423Kb
 bounds [0x000001881caf0000, 0x000001881cd60000, 0x000001881d090000]
 total_blobs=11889 nmethods=11253 adapters=546
 compilation: enabled
              stopped_count=0, restarted_count=0
 full_count=0

Compilation events (20 events):
Event: 24.359 Thread 0x000001882c88eb50 14040       3       org.jetbrains.kotlin.com.google.common.collect.RegularImmutableSet::contains (56 bytes)
Event: 24.359 Thread 0x000001882c88eb50 nmethod 14040 0x0000018816860010 code [0x0000018816860200, 0x0000018816860788]
Event: 24.361 Thread 0x000001882c88eb50 14041       3       java.util.Collections::addAll (43 bytes)
Event: 24.362 Thread 0x000001882c88eb50 nmethod 14041 0x000001881685fa10 code [0x000001881685fbc0, 0x000001881685fe68]
Event: 24.362 Thread 0x000001882c88eb50 14042   !   3       org.jetbrains.kotlin.KtNodeType::createPsi (71 bytes)
Event: 24.363 Thread 0x000001882c88eb50 nmethod 14042 0x0000018816cc6c90 code [0x0000018816cc6f00, 0x0000018816cc7b28]
Event: 24.367 Thread 0x00000188302cea90 nmethod 14000 0x000001881d8c7e90 code [0x000001881d8c8400, 0x000001881d8cd2b0]
Event: 24.370 Thread 0x00000188302cea90 14038       4       org.jetbrains.kotlin.resolve.calls.components.ClassicTypeSystemContextForCS::getArgument (7 bytes)
Event: 24.374 Thread 0x00000188302cea90 nmethod 14038 0x000001881d8d1410 code [0x000001881d8d15a0, 0x000001881d8d17d8]
Event: 24.374 Thread 0x00000188302cea90 14035       4       org.jetbrains.kotlin.resolve.calls.tower.NewCallArgumentsKt::getPsiExpression (136 bytes)
Event: 24.397 Thread 0x00000188302cea90 nmethod 14035 0x000001881d8d1a90 code [0x000001881d8d1d00, 0x000001881d8d2660]
Event: 24.398 Thread 0x00000188302cea90 14044       4       org.jetbrains.kotlin.resolve.checkers.MissingDependencyClassChecker::collectDiagnostics$consider$2 (60 bytes)
Event: 24.410 Thread 0x00000188302cea90 nmethod 14044 0x000001881d8d3210 code [0x000001881d8d3480, 0x000001881d8d3d60]
Event: 24.411 Thread 0x00000188302cea90 14043       4       org.jetbrains.kotlin.resolve.lazy.FileScopeFactory$FilesScopesBuilder$lazyImportingScope$1::definitelyDoesNotContainName (15 bytes)
Event: 24.411 Thread 0x00000188302cea90 nmethod 14043 0x000001881d8d4490 code [0x000001881d8d4600, 0x000001881d8d46b8]
Event: 24.422 Thread 0x00000188302cea90 14045       4       org.jetbrains.kotlin.resolve.calls.components.ResolutionPartsKt::resolveKotlinArgument (430 bytes)
Event: 24.423 Thread 0x000001882c88eb50 14046       3       org.jetbrains.kotlin.com.google.common.collect.ImmutableMap::isEmpty (13 bytes)
Event: 24.424 Thread 0x000001882c88eb50 nmethod 14046 0x0000018816cc6610 code [0x0000018816cc67c0, 0x0000018816cc69e8]
Event: 24.444 Thread 0x000001882c88eb50 14048       3       org.jetbrains.kotlin.resolve.jvm.checkers.InlinePlatformCompatibilityChecker$Companion::getConcreteDeclarationForInline (138 bytes)
Event: 24.446 Thread 0x000001882c88eb50 nmethod 14048 0x0000018816da8b10 code [0x0000018816da8dc0, 0x0000018816da9b68]

GC Heap History (20 events):
Event: 6.721 GC heap before
{Heap before GC invocations=11 (full 0):
 garbage-first heap   total 81920K, used 61225K [0x0000000085000000, 0x0000000100000000)
  region size 1024K, 32 young (32768K), 1 survivors (1024K)
 Metaspace       used 47163K, committed 47424K, reserved 1097728K
  class space    used 5633K, committed 5760K, reserved 1048576K
}
Event: 6.740 GC heap after
{Heap after GC invocations=12 (full 0):
 garbage-first heap   total 81920K, used 35759K [0x0000000085000000, 0x0000000100000000)
  region size 1024K, 4 young (4096K), 4 survivors (4096K)
 Metaspace       used 47163K, committed 47424K, reserved 1097728K
  class space    used 5633K, committed 5760K, reserved 1048576K
}
Event: 7.415 GC heap before
{Heap before GC invocations=12 (full 0):
 garbage-first heap   total 81920K, used 62383K [0x0000000085000000, 0x0000000100000000)
  region size 1024K, 29 young (29696K), 4 survivors (4096K)
 Metaspace       used 51758K, committed 52032K, reserved 1097728K
  class space    used 6197K, committed 6336K, reserved 1048576K
}
Event: 7.429 GC heap after
{Heap after GC invocations=13 (full 0):
 garbage-first heap   total 163840K, used 42219K [0x0000000085000000, 0x0000000100000000)
  region size 1024K, 4 young (4096K), 4 survivors (4096K)
 Metaspace       used 51758K, committed 52032K, reserved 1097728K
  class space    used 6197K, committed 6336K, reserved 1048576K
}
Event: 8.755 GC heap before
{Heap before GC invocations=13 (full 0):
 garbage-first heap   total 163840K, used 112875K [0x0000000085000000, 0x0000000100000000)
  region size 1024K, 72 young (73728K), 4 survivors (4096K)
 Metaspace       used 58381K, committed 58688K, reserved 1105920K
  class space    used 6888K, committed 7040K, reserved 1048576K
}
Event: 8.778 GC heap after
{Heap after GC invocations=14 (full 0):
 garbage-first heap   total 163840K, used 50678K [0x0000000085000000, 0x0000000100000000)
  region size 1024K, 9 young (9216K), 9 survivors (9216K)
 Metaspace       used 58381K, committed 58688K, reserved 1105920K
  class space    used 6888K, committed 7040K, reserved 1048576K
}
Event: 10.028 GC heap before
{Heap before GC invocations=14 (full 0):
 garbage-first heap   total 163840K, used 99830K [0x0000000085000000, 0x0000000100000000)
  region size 1024K, 56 young (57344K), 9 survivors (9216K)
 Metaspace       used 60012K, committed 60288K, reserved 1105920K
  class space    used 6975K, committed 7104K, reserved 1048576K
}
Event: 10.048 GC heap after
{Heap after GC invocations=15 (full 0):
 garbage-first heap   total 163840K, used 62536K [0x0000000085000000, 0x0000000100000000)
  region size 1024K, 10 young (10240K), 10 survivors (10240K)
 Metaspace       used 60012K, committed 60288K, reserved 1105920K
  class space    used 6975K, committed 7104K, reserved 1048576K
}
Event: 11.216 GC heap before
{Heap before GC invocations=16 (full 0):
 garbage-first heap   total 163840K, used 119880K [0x0000000085000000, 0x0000000100000000)
  region size 1024K, 66 young (67584K), 10 survivors (10240K)
 Metaspace       used 62869K, committed 63232K, reserved 1105920K
  class space    used 7288K, committed 7424K, reserved 1048576K
}
Event: 11.238 GC heap after
{Heap after GC invocations=17 (full 0):
 garbage-first heap   total 163840K, used 72631K [0x0000000085000000, 0x0000000100000000)
  region size 1024K, 9 young (9216K), 9 survivors (9216K)
 Metaspace       used 62869K, committed 63232K, reserved 1105920K
  class space    used 7288K, committed 7424K, reserved 1048576K
}
Event: 12.280 GC heap before
{Heap before GC invocations=17 (full 0):
 garbage-first heap   total 163840K, used 122807K [0x0000000085000000, 0x0000000100000000)
  region size 1024K, 58 young (59392K), 9 survivors (9216K)
 Metaspace       used 66997K, committed 67264K, reserved 1114112K
  class space    used 7825K, committed 7936K, reserved 1048576K
}
Event: 12.301 GC heap after
{Heap after GC invocations=18 (full 0):
 garbage-first heap   total 163840K, used 79360K [0x0000000085000000, 0x0000000100000000)
  region size 1024K, 6 young (6144K), 6 survivors (6144K)
 Metaspace       used 66997K, committed 67264K, reserved 1114112K
  class space    used 7825K, committed 7936K, reserved 1048576K
}
Event: 13.753 GC heap before
{Heap before GC invocations=18 (full 0):
 garbage-first heap   total 163840K, used 126464K [0x0000000085000000, 0x0000000100000000)
  region size 1024K, 52 young (53248K), 6 survivors (6144K)
 Metaspace       used 68994K, committed 69312K, reserved 1114112K
  class space    used 7933K, committed 8064K, reserved 1048576K
}
Event: 13.778 GC heap after
{Heap after GC invocations=19 (full 0):
 garbage-first heap   total 196608K, used 84992K [0x0000000085000000, 0x0000000100000000)
  region size 1024K, 6 young (6144K), 6 survivors (6144K)
 Metaspace       used 68994K, committed 69312K, reserved 1114112K
  class space    used 7933K, committed 8064K, reserved 1048576K
}
Event: 16.245 GC heap before
{Heap before GC invocations=19 (full 0):
 garbage-first heap   total 196608K, used 149504K [0x0000000085000000, 0x0000000100000000)
  region size 1024K, 69 young (70656K), 6 survivors (6144K)
 Metaspace       used 70647K, committed 71040K, reserved 1114112K
  class space    used 8046K, committed 8192K, reserved 1048576K
}
Event: 16.265 GC heap after
{Heap after GC invocations=20 (full 0):
 garbage-first heap   total 196608K, used 92445K [0x0000000085000000, 0x0000000100000000)
  region size 1024K, 8 young (8192K), 8 survivors (8192K)
 Metaspace       used 70647K, committed 71040K, reserved 1114112K
  class space    used 8046K, committed 8192K, reserved 1048576K
}
Event: 20.457 GC heap before
{Heap before GC invocations=20 (full 0):
 garbage-first heap   total 196608K, used 151837K [0x0000000085000000, 0x0000000100000000)
  region size 1024K, 66 young (67584K), 8 survivors (8192K)
 Metaspace       used 71182K, committed 71424K, reserved 1114112K
  class space    used 8079K, committed 8192K, reserved 1048576K
}
Event: 20.482 GC heap after
{Heap after GC invocations=21 (full 0):
 garbage-first heap   total 196608K, used 98571K [0x0000000085000000, 0x0000000100000000)
  region size 1024K, 6 young (6144K), 6 survivors (6144K)
 Metaspace       used 71182K, committed 71424K, reserved 1114112K
  class space    used 8079K, committed 8192K, reserved 1048576K
}
Event: 24.449 GC heap before
{Heap before GC invocations=21 (full 0):
 garbage-first heap   total 196608K, used 154891K [0x0000000085000000, 0x0000000100000000)
  region size 1024K, 61 young (62464K), 6 survivors (6144K)
 Metaspace       used 71554K, committed 71808K, reserved 1114112K
  class space    used 8089K, committed 8192K, reserved 1048576K
}
Event: 24.473 GC heap after
{Heap after GC invocations=22 (full 0):
 garbage-first heap   total 196608K, used 102328K [0x0000000085000000, 0x0000000100000000)
  region size 1024K, 5 young (5120K), 5 survivors (5120K)
 Metaspace       used 71554K, committed 71808K, reserved 1114112K
  class space    used 8089K, committed 8192K, reserved 1048576K
}

Dll operation events (2 events):
Event: 0.031 Loaded shared library C:\Program Files (x86)\android-studio-2022.3.1.17-windows\android-studio\jbr\bin\java.dll
Event: 2.334 Loaded shared library C:\Program Files (x86)\android-studio-2022.3.1.17-windows\android-studio\jbr\bin\verify.dll

Deoptimization events (20 events):
Event: 24.166 Thread 0x00000188120f8fe0 Uncommon trap: trap_request=0xffffffbe fr.pc=0x000001881d8a2a9c relative=0x0000000000001f7c
Event: 24.166 Thread 0x00000188120f8fe0 Uncommon trap: reason=profile_predicate action=maybe_recompile pc=0x000001881d8a2a9c method=org.jetbrains.kotlin.resolve.calls.inference.components.NewTypeSubstitutor.substituteParametrizedType(Lorg/jetbrains/kotlin/types/SimpleType;ZZ)Lorg/jetbrains/kotl
Event: 24.166 Thread 0x00000188120f8fe0 DEOPT PACKING pc=0x000001881d8a2a9c sp=0x00000064d95f5310
Event: 24.166 Thread 0x00000188120f8fe0 DEOPT UNPACKING pc=0x000001881cb4a1a3 sp=0x00000064d95f5298 mode 2
Event: 24.171 Thread 0x00000188120f8fe0 Uncommon trap: trap_request=0xffffffbe fr.pc=0x000001881d8a2a9c relative=0x0000000000001f7c
Event: 24.171 Thread 0x00000188120f8fe0 Uncommon trap: reason=profile_predicate action=maybe_recompile pc=0x000001881d8a2a9c method=org.jetbrains.kotlin.resolve.calls.inference.components.NewTypeSubstitutor.substituteParametrizedType(Lorg/jetbrains/kotlin/types/SimpleType;ZZ)Lorg/jetbrains/kotl
Event: 24.171 Thread 0x00000188120f8fe0 DEOPT PACKING pc=0x000001881d8a2a9c sp=0x00000064d95f53b0
Event: 24.171 Thread 0x00000188120f8fe0 DEOPT UNPACKING pc=0x000001881cb4a1a3 sp=0x00000064d95f5338 mode 2
Event: 24.171 Thread 0x00000188120f8fe0 Uncommon trap: trap_request=0xffffffbe fr.pc=0x000001881d8a2a9c relative=0x0000000000001f7c
Event: 24.171 Thread 0x00000188120f8fe0 Uncommon trap: reason=profile_predicate action=maybe_recompile pc=0x000001881d8a2a9c method=org.jetbrains.kotlin.resolve.calls.inference.components.NewTypeSubstitutor.substituteParametrizedType(Lorg/jetbrains/kotlin/types/SimpleType;ZZ)Lorg/jetbrains/kotl
Event: 24.171 Thread 0x00000188120f8fe0 DEOPT PACKING pc=0x000001881d8a2a9c sp=0x00000064d95f5310
Event: 24.171 Thread 0x00000188120f8fe0 DEOPT UNPACKING pc=0x000001881cb4a1a3 sp=0x00000064d95f5298 mode 2
Event: 24.189 Thread 0x00000188120f8fe0 Uncommon trap: trap_request=0xffffffde fr.pc=0x000001881d772a3c relative=0x000000000000009c
Event: 24.189 Thread 0x00000188120f8fe0 Uncommon trap: reason=class_check action=maybe_recompile pc=0x000001881d772a3c method=org.jetbrains.kotlin.builtins.KotlinBuiltIns.isConstructedFromGivenClassAndNotNullable(Lorg/jetbrains/kotlin/types/KotlinType;Lorg/jetbrains/kotlin/name/FqNameUnsafe;)Z 
Event: 24.189 Thread 0x00000188120f8fe0 DEOPT PACKING pc=0x000001881d772a3c sp=0x00000064d95f2c50
Event: 24.189 Thread 0x00000188120f8fe0 DEOPT UNPACKING pc=0x000001881cb4a1a3 sp=0x00000064d95f2be0 mode 2
Event: 24.360 Thread 0x00000188120f8fe0 Uncommon trap: trap_request=0xffffffde fr.pc=0x000001881d772a3c relative=0x000000000000009c
Event: 24.360 Thread 0x00000188120f8fe0 Uncommon trap: reason=class_check action=maybe_recompile pc=0x000001881d772a3c method=org.jetbrains.kotlin.builtins.KotlinBuiltIns.isConstructedFromGivenClassAndNotNullable(Lorg/jetbrains/kotlin/types/KotlinType;Lorg/jetbrains/kotlin/name/FqNameUnsafe;)Z 
Event: 24.360 Thread 0x00000188120f8fe0 DEOPT PACKING pc=0x000001881d772a3c sp=0x00000064d95f2b80
Event: 24.360 Thread 0x00000188120f8fe0 DEOPT UNPACKING pc=0x000001881cb4a1a3 sp=0x00000064d95f2b10 mode 2

Classes unloaded (0 events):
No events

Classes redefined (0 events):
No events

Internal exceptions (20 events):
Event: 10.766 Thread 0x00000188120f8fe0 Exception <a 'java/lang/NoSuchMethodError'{0x000000008d0cac30}: 'int java.lang.invoke.DirectMethodHandle$Holder.invokeInterface(java.lang.Object, java.lang.Object)'> (0x000000008d0cac30) 
thrown [s\src\hotspot\share\interpreter\linkResolver.cpp, line 771]
Event: 10.775 Thread 0x00000188120f8fe0 Exception <a 'java/lang/NoSuchMethodError'{0x000000008cf02948}: 'java.lang.Object java.lang.invoke.DirectMethodHandle$Holder.newInvokeSpecial(java.lang.Object, int, java.lang.Object)'> (0x000000008cf02948) 
thrown [s\src\hotspot\share\interpreter\linkResolver.cpp, line 771]
Event: 10.790 Thread 0x00000188120f8fe0 Exception <a 'java/lang/NoSuchMethodError'{0x000000008cf731f8}: 'java.lang.Object java.lang.invoke.DirectMethodHandle$Holder.invokeStatic(java.lang.Object, int, java.lang.Object)'> (0x000000008cf731f8) 
thrown [s\src\hotspot\share\interpreter\linkResolver.cpp, line 771]
Event: 11.569 Thread 0x00000188120f8fe0 Implicit null exception at 0x000001881d4cc217 to 0x000001881d4cc703
Event: 11.752 Thread 0x00000188120f8fe0 Exception <a 'java/lang/NoSuchMethodError'{0x000000008d2c7f38}: 'int java.lang.invoke.DirectMethodHandle$Holder.invokeVirtual(java.lang.Object, java.lang.Object, java.lang.Object)'> (0x000000008d2c7f38) 
thrown [s\src\hotspot\share\interpreter\linkResolver.cpp, line 771]
Event: 11.777 Thread 0x00000188120f8fe0 Exception <a 'java/lang/NoSuchMethodError'{0x000000008d1a04e8}: 'void java.lang.invoke.DirectMethodHandle$Holder.invokeSpecial(java.lang.Object, java.lang.Object, int, java.lang.Object)'> (0x000000008d1a04e8) 
thrown [s\src\hotspot\share\interpreter\linkResolver.cpp, line 771]
Event: 11.831 Thread 0x00000188120f8fe0 Exception <a 'java/lang/NoSuchMethodError'{0x000000008cfc2ad0}: 'void java.lang.invoke.DirectMethodHandle$Holder.invokeInterface(java.lang.Object, java.lang.Object)'> (0x000000008cfc2ad0) 
thrown [s\src\hotspot\share\interpreter\linkResolver.cpp, line 771]
Event: 11.878 Thread 0x00000188120f8fe0 Exception <a 'java/lang/IncompatibleClassChangeError'{0x000000008cd236a8}: Found class java.lang.Object, but interface was expected> (0x000000008cd236a8) 
thrown [s\src\hotspot\share\interpreter\linkResolver.cpp, line 838]
Event: 12.071 Thread 0x00000188120f8fe0 Exception <a 'java/lang/NoSuchMethodError'{0x000000008c975cc8}: 'int java.lang.invoke.DirectMethodHandle$Holder.invokeStaticInit(java.lang.Object, int)'> (0x000000008c975cc8) 
thrown [s\src\hotspot\share\interpreter\linkResolver.cpp, line 771]
Event: 12.599 Thread 0x00000188120f8fe0 Implicit null exception at 0x000001881d0aa2f2 to 0x000001881d0aa934
Event: 12.612 Thread 0x00000188120f8fe0 Exception <a 'java/lang/NoSuchMethodError'{0x000000008e559f08}: 'java.lang.Object java.lang.invoke.DirectMethodHandle$Holder.invokeInterface(java.lang.Object, java.lang.Object, java.lang.Object)'> (0x000000008e559f08) 
thrown [s\src\hotspot\share\interpreter\linkResolver.cpp, line 771]
Event: 12.612 Thread 0x00000188120f8fe0 Exception <a 'java/lang/IncompatibleClassChangeError'{0x000000008e55d878}: Found class java.lang.Object, but interface was expected> (0x000000008e55d878) 
thrown [s\src\hotspot\share\interpreter\linkResolver.cpp, line 838]
Event: 12.619 Thread 0x00000188120f8fe0 Implicit null exception at 0x000001881d0acef2 to 0x000001881d0ad54c
Event: 12.813 Thread 0x00000188120f8fe0 Exception <a 'java/lang/NoSuchMethodError'{0x000000008e0aeca0}: 'java.lang.Object java.lang.invoke.DirectMethodHandle$Holder.newInvokeSpecial(java.lang.Object, java.lang.Object, java.lang.Object, java.lang.Object, java.lang.Object, java.lang.Object, java.lang.Object)'> (0x000000008e0aeca0) 
thrown [s\src\hotspot\share\interpreter\linkResolver.cpp, line 771]
Event: 12.813 Thread 0x00000188120f8fe0 Exception <a 'java/lang/NoSuchMethodError'{0x000000008e0b3b00}: 'java.lang.Object java.lang.invoke.Invokers$Holder.linkToTargetMethod(java.lang.Object, java.lang.Object, java.lang.Object, java.lang.Object, java.lang.Object, java.lang.Object, java.lang.Object)'> (0x000000008e0b3b00) 
thrown [s\src\hotspot\share\interpreter\linkResolver.cpp, line 771]
Event: 13.458 Thread 0x00000188120f8fe0 Implicit null exception at 0x000001881d0f64d8 to 0x000001881d0f656a
Event: 14.048 Thread 0x00000188120f8fe0 Exception <a 'java/lang/NoSuchMethodError'{0x00000000908da6f0}: 'void java.lang.invoke.DirectMethodHandle$Holder.invokeStatic(java.lang.Object, java.lang.Object, java.lang.Object)'> (0x00000000908da6f0) 
thrown [s\src\hotspot\share\interpreter\linkResolver.cpp, line 771]
Event: 14.086 Thread 0x00000188120f8fe0 Exception <a 'java/lang/NoSuchMethodError'{0x00000000907cf1a8}: 'java.lang.Object java.lang.invoke.DirectMethodHandle$Holder.newInvokeSpecial(java.lang.Object, int, java.lang.Object, java.lang.Object)'> (0x00000000907cf1a8) 
thrown [s\src\hotspot\share\interpreter\linkResolver.cpp, line 771]
Event: 14.767 Thread 0x00000188120f8fe0 Implicit null exception at 0x000001881d39232c to 0x000001881d3923e8
Event: 14.895 Thread 0x00000188120f8fe0 Implicit null exception at 0x000001881d384155 to 0x000001881d3846d4

VM Operations (20 events):
Event: 19.904 Executing VM operation: HandshakeAllThreads
Event: 19.904 Executing VM operation: HandshakeAllThreads done
Event: 20.339 Executing VM operation: ICBufferFull
Event: 20.339 Executing VM operation: ICBufferFull done
Event: 20.349 Executing VM operation: HandshakeAllThreads
Event: 20.349 Executing VM operation: HandshakeAllThreads done
Event: 20.457 Executing VM operation: G1CollectForAllocation
Event: 20.482 Executing VM operation: G1CollectForAllocation done
Event: 21.319 Executing VM operation: HandshakeAllThreads
Event: 21.330 Executing VM operation: HandshakeAllThreads done
Event: 21.909 Executing VM operation: ICBufferFull
Event: 21.910 Executing VM operation: ICBufferFull done
Event: 22.424 Executing VM operation: ICBufferFull
Event: 22.425 Executing VM operation: ICBufferFull done
Event: 23.301 Executing VM operation: ICBufferFull
Event: 23.302 Executing VM operation: ICBufferFull done
Event: 24.307 Executing VM operation: Cleanup
Event: 24.324 Executing VM operation: Cleanup done
Event: 24.448 Executing VM operation: G1CollectForAllocation
Event: 24.478 Executing VM operation: G1CollectForAllocation done

Events (20 events):
Event: 21.361 Thread 0x000001882c8bb120 flushing nmethod 0x0000018816d73e10
Event: 21.361 Thread 0x000001882c8bb120 flushing nmethod 0x0000018816da0a10
Event: 21.361 Thread 0x000001882c8bb120 flushing nmethod 0x0000018816db0b90
Event: 21.361 Thread 0x000001882c8bb120 flushing nmethod 0x0000018816db7b90
Event: 21.361 Thread 0x000001882c8bb120 flushing nmethod 0x0000018816e31b90
Event: 21.361 Thread 0x000001882c8bb120 flushing nmethod 0x0000018816e87e10
Event: 21.362 Thread 0x000001882c8bb120 flushing nmethod 0x0000018816ea9710
Event: 21.362 Thread 0x000001882c8bb120 flushing nmethod 0x0000018816f2f190
Event: 21.362 Thread 0x000001882c8bb120 flushing nmethod 0x0000018816f3cd10
Event: 21.362 Thread 0x000001882c8bb120 flushing nmethod 0x0000018816f7d490
Event: 21.362 Thread 0x000001882c8bb120 flushing nmethod 0x0000018816f7f210
Event: 21.362 Thread 0x000001882c8bb120 flushing nmethod 0x0000018816f84490
Event: 21.363 Thread 0x000001882c8bb120 flushing nmethod 0x0000018816fd8c90
Event: 21.363 Thread 0x000001882c8bb120 flushing nmethod 0x0000018816ff5010
Event: 21.363 Thread 0x000001882c8bb120 flushing nmethod 0x0000018817015110
Event: 21.363 Thread 0x000001882c8bb120 flushing nmethod 0x000001881708af10
Event: 21.364 Thread 0x000001882c8bb120 flushing nmethod 0x0000018817190290
Event: 21.598 Thread 0x00000188302ca8c0 Thread exited: 0x00000188302ca8c0
Event: 22.078 Thread 0x00000188302cdb60 Thread added: 0x00000188302cdb60
Event: 22.946 Thread 0x00000188302cea90 Thread added: 0x00000188302cea90


Dynamic libraries:
0x00007ff6a0860000 - 0x00007ff6a086a000 	C:\Program Files (x86)\android-studio-2022.3.1.17-windows\android-studio\jbr\bin\java.exe
0x00007ffc1cd90000 - 0x00007ffc1cfa7000 	C:\WINDOWS\SYSTEM32\ntdll.dll
0x00007ffc1bde0000 - 0x00007ffc1bea4000 	C:\WINDOWS\System32\KERNEL32.DLL
0x00007ffc1a220000 - 0x00007ffc1a5c5000 	C:\WINDOWS\System32\KERNELBASE.dll
0x00007ffc1a5d0000 - 0x00007ffc1a6e1000 	C:\WINDOWS\System32\ucrtbase.dll
0x00007ffbd14c0000 - 0x00007ffbd14d7000 	C:\Program Files (x86)\android-studio-2022.3.1.17-windows\android-studio\jbr\bin\jli.dll
0x00007ffc1c930000 - 0x00007ffc1cade000 	C:\WINDOWS\System32\USER32.dll
0x00007ffc1a1f0000 - 0x00007ffc1a216000 	C:\WINDOWS\System32\win32u.dll
0x00007ffc1c3b0000 - 0x00007ffc1c3d9000 	C:\WINDOWS\System32\GDI32.dll
0x00007ffc1a6f0000 - 0x00007ffc1a809000 	C:\WINDOWS\System32\gdi32full.dll
0x00007ffc1aa40000 - 0x00007ffc1aada000 	C:\WINDOWS\System32\msvcp_win.dll
0x00007ffc0ec60000 - 0x00007ffc0eef3000 	C:\WINDOWS\WinSxS\amd64_microsoft.windows.common-controls_6595b64144ccf1df_6.0.22621.2506_none_270c5ae97388e100\COMCTL32.dll
0x00007ffc1b500000 - 0x00007ffc1b5a7000 	C:\WINDOWS\System32\msvcrt.dll
0x00007ffbc9d50000 - 0x00007ffbc9d6b000 	C:\Program Files (x86)\android-studio-2022.3.1.17-windows\android-studio\jbr\bin\VCRUNTIME140.dll
0x00007ffc1c7f0000 - 0x00007ffc1c821000 	C:\WINDOWS\System32\IMM32.DLL
0x00007ffbf3720000 - 0x00007ffbf372c000 	C:\Program Files (x86)\android-studio-2022.3.1.17-windows\android-studio\jbr\bin\vcruntime140_1.dll
0x00007ffb94230000 - 0x00007ffb942bd000 	C:\Program Files (x86)\android-studio-2022.3.1.17-windows\android-studio\jbr\bin\msvcp140.dll
0x00007ffb7f4f0000 - 0x00007ffb8015e000 	C:\Program Files (x86)\android-studio-2022.3.1.17-windows\android-studio\jbr\bin\server\jvm.dll
0x00007ffc1bbc0000 - 0x00007ffc1bc71000 	C:\WINDOWS\System32\ADVAPI32.dll
0x00007ffc1cca0000 - 0x00007ffc1cd46000 	C:\WINDOWS\System32\sechost.dll
0x00007ffc1c670000 - 0x00007ffc1c787000 	C:\WINDOWS\System32\RPCRT4.dll
0x00007ffbf4070000 - 0x00007ffbf4079000 	C:\WINDOWS\SYSTEM32\WSOCK32.dll
0x00007ffc1b480000 - 0x00007ffc1b4f1000 	C:\WINDOWS\System32\WS2_32.dll
0x00007ffc0e060000 - 0x00007ffc0e06a000 	C:\WINDOWS\SYSTEM32\VERSION.dll
0x00007ffc11520000 - 0x00007ffc11554000 	C:\WINDOWS\SYSTEM32\WINMM.dll
0x00007ffc191f0000 - 0x00007ffc19208000 	C:\WINDOWS\SYSTEM32\kernel.appcore.dll
0x00007ffc0e9f0000 - 0x00007ffc0e9fa000 	C:\Program Files (x86)\android-studio-2022.3.1.17-windows\android-studio\jbr\bin\jimage.dll
0x00007ffc17650000 - 0x00007ffc17883000 	C:\WINDOWS\SYSTEM32\DBGHELP.DLL
0x00007ffc1bed0000 - 0x00007ffc1c259000 	C:\WINDOWS\System32\combase.dll
0x00007ffc1b650000 - 0x00007ffc1b727000 	C:\WINDOWS\System32\OLEAUT32.dll
0x00007ffc124f0000 - 0x00007ffc12522000 	C:\WINDOWS\SYSTEM32\dbgcore.DLL
0x00007ffc1a170000 - 0x00007ffc1a1ea000 	C:\WINDOWS\System32\bcryptPrimitives.dll
0x00007ffbe1d00000 - 0x00007ffbe1d25000 	C:\Program Files (x86)\android-studio-2022.3.1.17-windows\android-studio\jbr\bin\java.dll
0x00007ffbf1e10000 - 0x00007ffbf1e28000 	C:\Program Files (x86)\android-studio-2022.3.1.17-windows\android-studio\jbr\bin\zip.dll
0x00007ffc1ac20000 - 0x00007ffc1b479000 	C:\WINDOWS\System32\SHELL32.dll
0x00007ffc18030000 - 0x00007ffc18924000 	C:\WINDOWS\SYSTEM32\windows.storage.dll
0x00007ffc17ef0000 - 0x00007ffc1802e000 	C:\WINDOWS\SYSTEM32\wintypes.dll
0x00007ffc1bc80000 - 0x00007ffc1bd73000 	C:\WINDOWS\System32\SHCORE.dll
0x00007ffc1c790000 - 0x00007ffc1c7ee000 	C:\WINDOWS\System32\shlwapi.dll
0x00007ffc1a030000 - 0x00007ffc1a056000 	C:\WINDOWS\SYSTEM32\profapi.dll
0x00007ffbe73d0000 - 0x00007ffbe73e9000 	C:\Program Files (x86)\android-studio-2022.3.1.17-windows\android-studio\jbr\bin\net.dll
0x00007ffc13d00000 - 0x00007ffc13e37000 	C:\WINDOWS\SYSTEM32\WINHTTP.dll
0x00007ffc19670000 - 0x00007ffc196d9000 	C:\WINDOWS\system32\mswsock.dll
0x00007ffbd4970000 - 0x00007ffbd4986000 	C:\Program Files (x86)\android-studio-2022.3.1.17-windows\android-studio\jbr\bin\nio.dll
0x00007ffc07e70000 - 0x00007ffc07e80000 	C:\Program Files (x86)\android-studio-2022.3.1.17-windows\android-studio\jbr\bin\verify.dll

dbghelp: loaded successfully - version: 4.0.5 - missing functions: none
symbol engine: initialized successfully - sym options: 0x614 - pdb path: .;C:\Program Files (x86)\android-studio-2022.3.1.17-windows\android-studio\jbr\bin;C:\WINDOWS\SYSTEM32;C:\WINDOWS\WinSxS\amd64_microsoft.windows.common-controls_6595b64144ccf1df_6.0.22621.2506_none_270c5ae97388e100;C:\Program Files (x86)\android-studio-2022.3.1.17-windows\android-studio\jbr\bin\server

VM Arguments:
java_command: org.jetbrains.kotlin.cli.jvm.K2JVMCompiler @C:\workspace\Notelass\app\build\20231208_3443754205148442919.compiler.options
java_class_path (initial): C:\Users\user\.gradle\caches\modules-2\files-2.1\org.jetbrains.kotlin\kotlin-compiler-embeddable\1.8.10\b0757fd774344d54ce93f5ad6c30ba1c1731c8ff\kotlin-compiler-embeddable-1.8.10.jar;C:\Users\user\.gradle\caches\modules-2\files-2.1\org.jetbrains.kotlin\kotlin-stdlib\1.8.10\6d5560a229477df9406943d5feda5618e98eb64c\kotlin-stdlib-1.8.10.jar;C:\Users\user\.gradle\caches\modules-2\files-2.1\org.jetbrains.kotlin\kotlin-script-runtime\1.8.10\b13ea9c7e46d589139e56086a878763290e20bd5\kotlin-script-runtime-1.8.10.jar;C:\Users\user\.gradle\caches\modules-2\files-2.1\org.jetbrains.kotlin\kotlin-reflect\1.6.10\1cbe9c92c12a94eea200d23c2bbaedaf3daf5132\kotlin-reflect-1.6.10.jar;C:\Users\user\.gradle\caches\modules-2\files-2.1\org.jetbrains.kotlin\kotlin-daemon-embeddable\1.8.10\ad8541d9bc1cf9e52c3204161247910c2cf601d4\kotlin-daemon-embeddable-1.8.10.jar;C:\Users\user\.gradle\caches\modules-2\files-2.1\org.jetbrains.intellij.deps\trove4j\1.0.20200330\3afb14d5f9ceb459d724e907a21145e8ff394f02\trove4j-1.0.20200330.jar;C:\Users\user\.gradle\caches\modules-2\files-2.1\net.java.dev.jna\jna\5.6.0\330f2244e9030119ab3030fc3fededc86713d9cc\jna-5.6.0.jar;C:\Users\user\.gradle\caches\modules-2\files-2.1\org.jetbrains.kotlin\kotlin-stdlib-common\1.8.10\a61b182458550492c12aee66157d7b524a63a5ec\kotlin-stdlib-common-1.8.10.jar;C:\Users\user\.gradle\caches\modules-2\files-2.1\org.jetbrains\annotations\13.0\919f0dfe192fb4e063e7dacadee7f8bb9a2672a9\annotations-13.0.jar
Launcher Type: SUN_STANDARD

[Global flags]
     intx CICompilerCount                          = 4                                         {product} {ergonomic}
     uint ConcGCThreads                            = 2                                         {product} {ergonomic}
     uint G1ConcRefinementThreads                  = 8                                         {product} {ergonomic}
   size_t G1HeapRegionSize                         = 1048576                                   {product} {ergonomic}
    uintx GCDrainStackTargetSize                   = 64                                        {product} {ergonomic}
   size_t InitialHeapSize                          = 130023424                                 {product} {ergonomic}
   size_t MarkStackSize                            = 4194304                                   {product} {ergonomic}
   size_t MaxHeapSize                              = 2063597568                                {product} {ergonomic}
   size_t MaxNewSize                               = 1237319680                                {product} {ergonomic}
   size_t MinHeapDeltaBytes                        = 1048576                                   {product} {ergonomic}
   size_t MinHeapSize                              = 8388608                                   {product} {ergonomic}
    uintx NonNMethodCodeHeapSize                   = 5839372                                {pd product} {ergonomic}
    uintx NonProfiledCodeHeapSize                  = 122909434                              {pd product} {ergonomic}
    uintx ProfiledCodeHeapSize                     = 122909434                              {pd product} {ergonomic}
    uintx ReservedCodeCacheSize                    = 251658240                              {pd product} {ergonomic}
     bool SegmentedCodeCache                       = true                                      {product} {ergonomic}
   size_t SoftMaxHeapSize                          = 2063597568                             {manageable} {ergonomic}
     bool UseCompressedClassPointers               = true                           {product lp64_product} {ergonomic}
     bool UseCompressedOops                        = true                           {product lp64_product} {ergonomic}
     bool UseG1GC                                  = true                                      {product} {ergonomic}
     bool UseLargePagesIndividualAllocation        = false                                  {pd product} {ergonomic}

Logging:
Log output configuration:
 #0: stdout all=warning uptime,level,tags
 #1: stderr all=off uptime,level,tags

Environment Variables:
PATH=C:\Program Files\Common Files\Oracle\Java\javapath;C:\WINDOWS\system32;C:\WINDOWS;C:\WINDOWS\System32\Wbem;C:\WINDOWS\System32\WindowsPowerShell\v1.0\;C:\WINDOWS\System32\OpenSSH\;C:\Program Files (x86)\Git\cmd;C:\Program Files\Java\jdk-18.0.2.1\bin;C:\Program Files\MATLAB\R2022a\bin;C:\Program Files\Java\openssl-0.9.8e_X64\bin;C:\Program Files\nodejs\;C:\ProgramData\chocolatey\bin;C:\Users\user\AppData\Local\Programs\Python\Python39\Scripts\;C:\Users\user\AppData\Local\Programs\Python\Python39\;C:\Users\user\AppData\Local\Microsoft\WindowsApps;C:\Users\user\AppData\Local\Programs\Microsoft VS Code\bin;C:\Program Files\JetBrains\PyCharm Community Edition 2021.2\bin;;C:\Users\user\flutter\bin;C:\Users\user\AppData\Roaming\npm;C:\Program Files\JetBrains\IntelliJ IDEA 2023.2.2\bin;;C:\Users\user\AppData\Local\afreeca;C:\Program Files (x86)\ESTsoft\ALSee\x64
USERNAME=user
OS=Windows_NT
PROCESSOR_IDENTIFIER=Intel64 Family 6 Model 140 Stepping 1, GenuineIntel
TMP=C:\Users\user\AppData\Local\Temp
TEMP=C:\Users\user\AppData\Local\Temp


JNI global refs:
JNI global refs: 13, weak refs: 2

JNI global refs memory usage: 843, weak refs: 841


---------------  S Y S T E M  ---------------

OS:
 Windows 11 , 64 bit Build 22621 (10.0.22621.2506)
OS uptime: 0 days 8:44 hours

CPU: total 8 (initial active 8) (4 cores per cpu, 2 threads per core) family 6 model 140 stepping 1 microcode 0x9a, cx8, cmov, fxsr, ht, mmx, 3dnowpref, sse, sse2, sse3, ssse3, sse4.1, sse4.2, popcnt, lzcnt, tsc, tscinvbit, avx, avx2, aes, erms, clmul, bmi1, bmi2, adx, avx512f, avx512dq, avx512cd, avx512bw, avx512vl, sha, fma, vzeroupper, avx512_vpopcntdq, avx512_vpclmulqdq, avx512_vaes, avx512_vnni, clflush, clflushopt, clwb, avx512_vbmi2, avx512_vbmi

Memory: 4k page, system-wide physical 7865M (524M free)
TotalPageFile size 14960M (AvailPageFile size 12M)
current process WorkingSet (physical memory assigned to process): 427M, peak: 436M
current process commit charge ("private bytes"): 466M, peak: 475M

vm_info: OpenJDK 64-Bit Server VM (17.0.6+0-b2043.56-10027231) for windows-amd64 JRE (17.0.6+0-b2043.56-10027231), built on Apr 28 2023 00:43:19 by "androidbuild" with MS VC++ 16.10 / 16.11 (VS2019)

END.
