#
# There is insufficient memory for the Java Runtime Environment to continue.
# Native memory allocation (mmap) failed to map 55574528 bytes for G1 virtual space
# Possible reasons:
#   The system is out of physical RAM or swap space
#   The process is running with CompressedOops enabled, and the Java Heap may be blocking the growth of the native heap
# Possible solutions:
#   Reduce memory load on the system
#   Increase physical memory or swap space
#   Check if swap backing store is full
#   Decrease Java heap size (-Xmx/-Xms)
#   Decrease number of Java threads
#   Decrease Java thread stack sizes (-Xss)
#   Set larger code cache with -XX:ReservedCodeCacheSize=
#   JVM is running with Unscaled Compressed Oops mode in which the Java heap is
#     placed in the first 4GB address space. The Java Heap base address is the
#     maximum limit for the native heap growth. Please use -XX:HeapBaseMinAddress
#     to set the Java Heap base and to place the Java Heap above 4GB virtual address.
# This output file may be truncated or incomplete.
#
#  Out of Memory Error (os_windows.cpp:3769), pid=3916, tid=19968
#
# JRE version: OpenJDK Runtime Environment (17.0.6) (build 17.0.6+0-b2043.56-10027231)
# Java VM: OpenJDK 64-Bit Server VM (17.0.6+0-b2043.56-10027231, mixed mode, tiered, compressed oops, compressed class ptrs, g1 gc, windows-amd64)
# No core dump will be written. Minidumps are not enabled by default on client versions of Windows
#

---------------  S U M M A R Y ------------

Command Line: org.jetbrains.kotlin.cli.jvm.K2JVMCompiler @C:\workspace\Notelass\app\build\20240107_4980188987879183677.compiler.options

Host: 11th Gen Intel(R) Core(TM) i5-1135G7 @ 2.40GHz, 8 cores, 7G,  Windows 11 , 64 bit Build 22621 (10.0.22621.2506)
Time: Sun Jan  7 15:34:22 2024  Windows 11 , 64 bit Build 22621 (10.0.22621.2506) elapsed time: 32.233227 seconds (0d 0h 0m 32s)

---------------  T H R E A D  ---------------

Current thread (0x0000026a4da0c060):  VMThread "VM Thread" [stack: 0x000000ca83400000,0x000000ca83500000] [id=19968]

Stack: [0x000000ca83400000,0x000000ca83500000]
Native frames: (J=compiled Java code, j=interpreted, Vv=VM code, C=native code)
V  [jvm.dll+0x683c9a]
V  [jvm.dll+0x8427a4]
V  [jvm.dll+0x843f9e]
V  [jvm.dll+0x844603]
V  [jvm.dll+0x249b75]
V  [jvm.dll+0x680b69]
V  [jvm.dll+0x67505a]
V  [jvm.dll+0x309acb]
V  [jvm.dll+0x310f86]
V  [jvm.dll+0x3608ee]
V  [jvm.dll+0x360b1f]
V  [jvm.dll+0x2dfbf8]
V  [jvm.dll+0x2ddec4]
V  [jvm.dll+0x2dd4cc]
V  [jvm.dll+0x321f3b]
V  [jvm.dll+0x848ccb]
V  [jvm.dll+0x849a04]
V  [jvm.dll+0x849f1d]
V  [jvm.dll+0x84a2f4]
V  [jvm.dll+0x84a3c0]
V  [jvm.dll+0x7f274a]
V  [jvm.dll+0x682ad5]
C  [ucrtbase.dll+0x29363]
C  [KERNEL32.DLL+0x1257d]
C  [ntdll.dll+0x5aa58]

VM_Operation (0x000000ca82efb740): G1CollectForAllocation, mode: safepoint, requested by thread 0x0000026a31d2bf70


---------------  P R O C E S S  ---------------

Threads class SMR info:
_java_thread_list=0x0000026a546180a0, length=14, elements={
0x0000026a31d2bf70, 0x0000026a4e413260, 0x0000026a4e413c10, 0x0000026a4da1a210,
0x0000026a4da1abc0, 0x0000026a4da1d580, 0x0000026a4da1df30, 0x0000026a4da1ecc0,
0x0000026a4da1f760, 0x0000026a4da20150, 0x0000026a4e5b71f0, 0x0000026a4e5c9b50,
0x0000026a4e620fe0, 0x0000026a55140430
}

Java Threads: ( => current thread )
  0x0000026a31d2bf70 JavaThread "main" [_thread_blocked, id=8768, stack(0x000000ca82e00000,0x000000ca82f00000)]
  0x0000026a4e413260 JavaThread "Reference Handler" daemon [_thread_blocked, id=20260, stack(0x000000ca83500000,0x000000ca83600000)]
  0x0000026a4e413c10 JavaThread "Finalizer" daemon [_thread_blocked, id=17768, stack(0x000000ca83600000,0x000000ca83700000)]
  0x0000026a4da1a210 JavaThread "Signal Dispatcher" daemon [_thread_blocked, id=18836, stack(0x000000ca83700000,0x000000ca83800000)]
  0x0000026a4da1abc0 JavaThread "Attach Listener" daemon [_thread_blocked, id=9108, stack(0x000000ca83800000,0x000000ca83900000)]
  0x0000026a4da1d580 JavaThread "Service Thread" daemon [_thread_blocked, id=5752, stack(0x000000ca83900000,0x000000ca83a00000)]
  0x0000026a4da1df30 JavaThread "Monitor Deflation Thread" daemon [_thread_blocked, id=18200, stack(0x000000ca83a00000,0x000000ca83b00000)]
  0x0000026a4da1ecc0 JavaThread "C2 CompilerThread0" daemon [_thread_in_native, id=19096, stack(0x000000ca83b00000,0x000000ca83c00000)]
  0x0000026a4da1f760 JavaThread "C1 CompilerThread0" daemon [_thread_blocked, id=21360, stack(0x000000ca83c00000,0x000000ca83d00000)]
  0x0000026a4da20150 JavaThread "Sweeper thread" daemon [_thread_blocked, id=17632, stack(0x000000ca83d00000,0x000000ca83e00000)]
  0x0000026a4e5b71f0 JavaThread "Notification Thread" daemon [_thread_blocked, id=4872, stack(0x000000ca83e00000,0x000000ca83f00000)]
  0x0000026a4e5c9b50 JavaThread "Common-Cleaner" daemon [_thread_blocked, id=18720, stack(0x000000ca84000000,0x000000ca84100000)]
  0x0000026a4e620fe0 JavaThread "C2 CompilerThread1" daemon [_thread_blocked, id=17880, stack(0x000000ca84100000,0x000000ca84200000)]
  0x0000026a55140430 JavaThread "C2 CompilerThread2" daemon [_thread_blocked, id=1940, stack(0x000000ca84a00000,0x000000ca84b00000)]

Other Threads:
=>0x0000026a4da0c060 VMThread "VM Thread" [stack: 0x000000ca83400000,0x000000ca83500000] [id=19968]
  0x0000026a33f0d7f0 WatcherThread [stack: 0x000000ca83f00000,0x000000ca84000000] [id=12764]
  0x0000026a33ee4f20 GCTaskThread "GC Thread#0" [stack: 0x000000ca82f00000,0x000000ca83000000] [id=14008]
  0x0000026a4eaf9190 GCTaskThread "GC Thread#1" [stack: 0x000000ca84200000,0x000000ca84300000] [id=5136]
  0x0000026a4eae7f20 GCTaskThread "GC Thread#2" [stack: 0x000000ca84300000,0x000000ca84400000] [id=5572]
  0x0000026a4ebb2f20 GCTaskThread "GC Thread#3" [stack: 0x000000ca84400000,0x000000ca84500000] [id=9316]
  0x0000026a4ebb31d0 GCTaskThread "GC Thread#4" [stack: 0x000000ca84500000,0x000000ca84600000] [id=16748]
  0x0000026a4fbb0c00 GCTaskThread "GC Thread#5" [stack: 0x000000ca84600000,0x000000ca84700000] [id=13292]
  0x0000026a4fd3ef80 GCTaskThread "GC Thread#6" [stack: 0x000000ca84700000,0x000000ca84800000] [id=18140]
  0x0000026a4fb90b40 GCTaskThread "GC Thread#7" [stack: 0x000000ca84800000,0x000000ca84900000] [id=3924]
  0x0000026a33ef5460 ConcurrentGCThread "G1 Main Marker" [stack: 0x000000ca83000000,0x000000ca83100000] [id=2984]
  0x0000026a33ef5e70 ConcurrentGCThread "G1 Conc#0" [stack: 0x000000ca83100000,0x000000ca83200000] [id=8068]
  0x0000026a4fb90080 ConcurrentGCThread "G1 Conc#1" [stack: 0x000000ca84900000,0x000000ca84a00000] [id=17944]
  0x0000026a33f4d6a0 ConcurrentGCThread "G1 Refine#0" [stack: 0x000000ca83200000,0x000000ca83300000] [id=8176]
  0x0000026a52f5e760 ConcurrentGCThread "G1 Refine#1" [stack: 0x000000ca84b00000,0x000000ca84c00000] [id=13676]
  0x0000026a52f60700 ConcurrentGCThread "G1 Refine#2" [stack: 0x000000ca84c00000,0x000000ca84d00000] [id=18676]
  0x0000026a52f5ea40 ConcurrentGCThread "G1 Refine#3" [stack: 0x000000ca84d00000,0x000000ca84e00000] [id=19324]
  0x0000026a553ea010 ConcurrentGCThread "G1 Refine#4" [stack: 0x000000ca84e00000,0x000000ca84f00000] [id=21124]
  0x0000026a553e9770 ConcurrentGCThread "G1 Refine#5" [stack: 0x000000ca84f00000,0x000000ca85000000] [id=10000]
  0x0000026a33f4e0c0 ConcurrentGCThread "G1 Service" [stack: 0x000000ca83300000,0x000000ca83400000] [id=21384]

Threads with active compile tasks:
C2 CompilerThread0    32272 20223       4       androidx.compose.compiler.plugins.kotlin.lower.DurableKeyTransformer::signatureString (152 bytes)
C2 CompilerThread1    32272 20237       4       java.lang.StringConcatHelper::prepend (22 bytes)
C2 CompilerThread2    32272 20252       4       androidx.compose.compiler.plugins.kotlin.lower.DurableKeyVisitor::buildPath (90 bytes)

VM state: at safepoint (normal execution)

VM Mutex/Monitor currently owned by a thread:  ([mutex/lock_event])
[0x0000026a33e8ac10] Threads_lock - owner thread: 0x0000026a4da0c060
[0x0000026a33e89980] Heap_lock - owner thread: 0x0000026a31d2bf70

Heap address: 0x0000000085000000, size: 1968 MB, Compressed Oops mode: 32-bit

CDS archive(s) not mapped
Compressed class space mapped at: 0x0000000100000000-0x0000000140000000, reserved size: 1073741824
Narrow klass base: 0x0000000000000000, Narrow klass shift: 3, Narrow klass range: 0x140000000

GC Precious Log:
 CPUs: 8 total, 8 available
 Memory: 7865M
 Large Page Support: Disabled
 NUMA Support: Disabled
 Compressed Oops: Enabled (32-bit)
 Heap Region Size: 1M
 Heap Min Capacity: 8M
 Heap Initial Capacity: 124M
 Heap Max Capacity: 1968M
 Pre-touch: Disabled
 Parallel Workers: 8
 Concurrent Workers: 2
 Concurrent Refinement Workers: 8
 Periodic GC: Disabled

Heap:
 garbage-first heap   total 270336K, used 200653K [0x0000000085000000, 0x0000000100000000)
  region size 1024K, 4 young (4096K), 4 survivors (4096K)
 Metaspace       used 83571K, committed 83904K, reserved 1130496K
  class space    used 9135K, committed 9280K, reserved 1048576K

Heap Regions: E=young(eden), S=young(survivor), O=old, HS=humongous(starts), HC=humongous(continues), CS=collection set, F=free, OA=open archive, CA=closed archive, TAMS=top-at-mark-start (previous, next)
|   0|0x0000000085000000, 0x0000000085100000, 0x0000000085100000|100%|HS|  |TAMS 0x0000000085100000, 0x0000000085000000| Complete 
|   1|0x0000000085100000, 0x0000000085200000, 0x0000000085200000|100%|HC|  |TAMS 0x0000000085200000, 0x0000000085100000| Complete 
|   2|0x0000000085200000, 0x0000000085300000, 0x0000000085300000|100%|HC|  |TAMS 0x0000000085300000, 0x0000000085200000| Complete 
|   3|0x0000000085300000, 0x0000000085400000, 0x0000000085400000|100%|HC|  |TAMS 0x0000000085400000, 0x0000000085300000| Complete 
|   4|0x0000000085400000, 0x0000000085500000, 0x0000000085500000|100%| O|  |TAMS 0x0000000085500000, 0x0000000085400000| Untracked 
|   5|0x0000000085500000, 0x0000000085600000, 0x0000000085600000|100%| O|  |TAMS 0x0000000085600000, 0x0000000085500000| Untracked 
|   6|0x0000000085600000, 0x00000000856f0a00, 0x0000000085700000| 93%| O|  |TAMS 0x00000000856f0a00, 0x0000000085600000| Untracked 
|   7|0x0000000085700000, 0x0000000085800000, 0x0000000085800000|100%|HS|  |TAMS 0x0000000085800000, 0x0000000085700000| Complete 
|   8|0x0000000085800000, 0x0000000085900000, 0x0000000085900000|100%|HC|  |TAMS 0x0000000085900000, 0x0000000085800000| Complete 
|   9|0x0000000085900000, 0x0000000085a00000, 0x0000000085a00000|100%|HC|  |TAMS 0x0000000085a00000, 0x0000000085900000| Complete 
|  10|0x0000000085a00000, 0x0000000085b00000, 0x0000000085b00000|100%|HC|  |TAMS 0x0000000085b00000, 0x0000000085a00000| Complete 
|  11|0x0000000085b00000, 0x0000000085c00000, 0x0000000085c00000|100%| O|  |TAMS 0x0000000085c00000, 0x0000000085b00000| Untracked 
|  12|0x0000000085c00000, 0x0000000085d00000, 0x0000000085d00000|100%| O|  |TAMS 0x0000000085d00000, 0x0000000085c00000| Untracked 
|  13|0x0000000085d00000, 0x0000000085e00000, 0x0000000085e00000|100%| O|  |TAMS 0x0000000085e00000, 0x0000000085d00000| Untracked 
|  14|0x0000000085e00000, 0x0000000085f00000, 0x0000000085f00000|100%| O|  |TAMS 0x0000000085f00000, 0x0000000085e00000| Untracked 
|  15|0x0000000085f00000, 0x0000000086000000, 0x0000000086000000|100%| O|  |TAMS 0x0000000086000000, 0x0000000085f00000| Untracked 
|  16|0x0000000086000000, 0x0000000086100000, 0x0000000086100000|100%| O|  |TAMS 0x0000000086100000, 0x0000000086000000| Untracked 
|  17|0x0000000086100000, 0x0000000086200000, 0x0000000086200000|100%| O|  |TAMS 0x0000000086200000, 0x0000000086100000| Untracked 
|  18|0x0000000086200000, 0x0000000086300000, 0x0000000086300000|100%| O|  |TAMS 0x0000000086300000, 0x0000000086200000| Untracked 
|  19|0x0000000086300000, 0x0000000086400000, 0x0000000086400000|100%| O|  |TAMS 0x0000000086400000, 0x0000000086300000| Untracked 
|  20|0x0000000086400000, 0x0000000086500000, 0x0000000086500000|100%| O|  |TAMS 0x0000000086500000, 0x0000000086400000| Untracked 
|  21|0x0000000086500000, 0x0000000086600000, 0x0000000086600000|100%| O|  |TAMS 0x0000000086600000, 0x0000000086500000| Untracked 
|  22|0x0000000086600000, 0x0000000086700000, 0x0000000086700000|100%| O|  |TAMS 0x0000000086700000, 0x0000000086600000| Untracked 
|  23|0x0000000086700000, 0x0000000086800000, 0x0000000086800000|100%| O|  |TAMS 0x0000000086800000, 0x0000000086700000| Untracked 
|  24|0x0000000086800000, 0x0000000086900000, 0x0000000086900000|100%| O|  |TAMS 0x0000000086900000, 0x0000000086800000| Untracked 
|  25|0x0000000086900000, 0x0000000086a00000, 0x0000000086a00000|100%| O|  |TAMS 0x0000000086a00000, 0x0000000086900000| Untracked 
|  26|0x0000000086a00000, 0x0000000086b00000, 0x0000000086b00000|100%| O|  |TAMS 0x0000000086b00000, 0x0000000086a00000| Untracked 
|  27|0x0000000086b00000, 0x0000000086c00000, 0x0000000086c00000|100%| O|  |TAMS 0x0000000086c00000, 0x0000000086b00000| Untracked 
|  28|0x0000000086c00000, 0x0000000086d00000, 0x0000000086d00000|100%| O|  |TAMS 0x0000000086d00000, 0x0000000086c00000| Untracked 
|  29|0x0000000086d00000, 0x0000000086e00000, 0x0000000086e00000|100%|HS|  |TAMS 0x0000000086e00000, 0x0000000086d00000| Complete 
|  30|0x0000000086e00000, 0x0000000086f00000, 0x0000000086f00000|100%|HC|  |TAMS 0x0000000086f00000, 0x0000000086e00000| Complete 
|  31|0x0000000086f00000, 0x0000000087000000, 0x0000000087000000|100%| O|  |TAMS 0x0000000087000000, 0x0000000086f00000| Untracked 
|  32|0x0000000087000000, 0x0000000087100000, 0x0000000087100000|100%| O|  |TAMS 0x0000000087100000, 0x0000000087000000| Untracked 
|  33|0x0000000087100000, 0x0000000087200000, 0x0000000087200000|100%| O|  |TAMS 0x0000000087200000, 0x0000000087100000| Untracked 
|  34|0x0000000087200000, 0x0000000087300000, 0x0000000087300000|100%| O|  |TAMS 0x0000000087300000, 0x0000000087200000| Untracked 
|  35|0x0000000087300000, 0x0000000087400000, 0x0000000087400000|100%| O|  |TAMS 0x0000000087400000, 0x0000000087300000| Untracked 
|  36|0x0000000087400000, 0x0000000087500000, 0x0000000087500000|100%| O|  |TAMS 0x0000000087500000, 0x0000000087400000| Untracked 
|  37|0x0000000087500000, 0x0000000087600000, 0x0000000087600000|100%| O|  |TAMS 0x0000000087600000, 0x0000000087500000| Untracked 
|  38|0x0000000087600000, 0x0000000087700000, 0x0000000087700000|100%| O|  |TAMS 0x0000000087700000, 0x0000000087600000| Untracked 
|  39|0x0000000087700000, 0x0000000087800000, 0x0000000087800000|100%| O|  |TAMS 0x0000000087800000, 0x0000000087700000| Untracked 
|  40|0x0000000087800000, 0x0000000087900000, 0x0000000087900000|100%| O|  |TAMS 0x0000000087900000, 0x0000000087800000| Untracked 
|  41|0x0000000087900000, 0x0000000087a00000, 0x0000000087a00000|100%| O|  |TAMS 0x0000000087a00000, 0x0000000087900000| Untracked 
|  42|0x0000000087a00000, 0x0000000087b00000, 0x0000000087b00000|100%| O|  |TAMS 0x0000000087b00000, 0x0000000087a00000| Untracked 
|  43|0x0000000087b00000, 0x0000000087c00000, 0x0000000087c00000|100%| O|  |TAMS 0x0000000087c00000, 0x0000000087b00000| Untracked 
|  44|0x0000000087c00000, 0x0000000087d00000, 0x0000000087d00000|100%| O|  |TAMS 0x0000000087d00000, 0x0000000087c00000| Untracked 
|  45|0x0000000087d00000, 0x0000000087e00000, 0x0000000087e00000|100%| O|  |TAMS 0x0000000087e00000, 0x0000000087d00000| Untracked 
|  46|0x0000000087e00000, 0x0000000087f00000, 0x0000000087f00000|100%| O|  |TAMS 0x0000000087f00000, 0x0000000087e00000| Untracked 
|  47|0x0000000087f00000, 0x0000000088000000, 0x0000000088000000|100%| O|  |TAMS 0x0000000088000000, 0x0000000087f00000| Untracked 
|  48|0x0000000088000000, 0x0000000088100000, 0x0000000088100000|100%| O|  |TAMS 0x0000000088100000, 0x0000000088000000| Untracked 
|  49|0x0000000088100000, 0x0000000088200000, 0x0000000088200000|100%| O|  |TAMS 0x0000000088100000, 0x0000000088100000| Untracked 
|  50|0x0000000088200000, 0x0000000088300000, 0x0000000088300000|100%| O|  |TAMS 0x0000000088200000, 0x0000000088200000| Untracked 
|  51|0x0000000088300000, 0x0000000088400000, 0x0000000088400000|100%| O|  |TAMS 0x0000000088400000, 0x0000000088300000| Untracked 
|  52|0x0000000088400000, 0x0000000088500000, 0x0000000088500000|100%| O|  |TAMS 0x0000000088500000, 0x0000000088400000| Untracked 
|  53|0x0000000088500000, 0x0000000088600000, 0x0000000088600000|100%| O|  |TAMS 0x0000000088600000, 0x0000000088500000| Untracked 
|  54|0x0000000088600000, 0x0000000088700000, 0x0000000088700000|100%| O|  |TAMS 0x0000000088700000, 0x0000000088600000| Untracked 
|  55|0x0000000088700000, 0x0000000088800000, 0x0000000088800000|100%| O|  |TAMS 0x0000000088800000, 0x0000000088700000| Untracked 
|  56|0x0000000088800000, 0x0000000088900000, 0x0000000088900000|100%| O|  |TAMS 0x0000000088900000, 0x0000000088800000| Untracked 
|  57|0x0000000088900000, 0x0000000088a00000, 0x0000000088a00000|100%| O|  |TAMS 0x0000000088a00000, 0x0000000088900000| Untracked 
|  58|0x0000000088a00000, 0x0000000088b00000, 0x0000000088b00000|100%| O|  |TAMS 0x0000000088b00000, 0x0000000088a00000| Untracked 
|  59|0x0000000088b00000, 0x0000000088c00000, 0x0000000088c00000|100%| O|  |TAMS 0x0000000088c00000, 0x0000000088b00000| Untracked 
|  60|0x0000000088c00000, 0x0000000088d00000, 0x0000000088d00000|100%| O|  |TAMS 0x0000000088d00000, 0x0000000088c00000| Untracked 
|  61|0x0000000088d00000, 0x0000000088e00000, 0x0000000088e00000|100%| O|  |TAMS 0x0000000088e00000, 0x0000000088d00000| Untracked 
|  62|0x0000000088e00000, 0x0000000088f00000, 0x0000000088f00000|100%| O|  |TAMS 0x0000000088f00000, 0x0000000088e00000| Untracked 
|  63|0x0000000088f00000, 0x0000000089000000, 0x0000000089000000|100%| O|  |TAMS 0x0000000089000000, 0x0000000088f00000| Untracked 
|  64|0x0000000089000000, 0x0000000089100000, 0x0000000089100000|100%| O|  |TAMS 0x0000000089100000, 0x0000000089000000| Untracked 
|  65|0x0000000089100000, 0x0000000089200000, 0x0000000089200000|100%| O|  |TAMS 0x0000000089200000, 0x0000000089100000| Untracked 
|  66|0x0000000089200000, 0x0000000089300000, 0x0000000089300000|100%| O|  |TAMS 0x0000000089300000, 0x0000000089200000| Untracked 
|  67|0x0000000089300000, 0x0000000089400000, 0x0000000089400000|100%| O|  |TAMS 0x0000000089400000, 0x0000000089300000| Untracked 
|  68|0x0000000089400000, 0x0000000089500000, 0x0000000089500000|100%| O|  |TAMS 0x0000000089500000, 0x0000000089400000| Untracked 
|  69|0x0000000089500000, 0x0000000089600000, 0x0000000089600000|100%| O|  |TAMS 0x0000000089600000, 0x0000000089500000| Untracked 
|  70|0x0000000089600000, 0x0000000089700000, 0x0000000089700000|100%| O|  |TAMS 0x0000000089700000, 0x0000000089600000| Untracked 
|  71|0x0000000089700000, 0x0000000089800000, 0x0000000089800000|100%| O|  |TAMS 0x0000000089800000, 0x0000000089700000| Untracked 
|  72|0x0000000089800000, 0x0000000089900000, 0x0000000089900000|100%| O|  |TAMS 0x0000000089900000, 0x0000000089800000| Untracked 
|  73|0x0000000089900000, 0x0000000089a00000, 0x0000000089a00000|100%| O|  |TAMS 0x0000000089a00000, 0x0000000089900000| Untracked 
|  74|0x0000000089a00000, 0x0000000089b00000, 0x0000000089b00000|100%| O|  |TAMS 0x0000000089b00000, 0x0000000089a00000| Untracked 
|  75|0x0000000089b00000, 0x0000000089c00000, 0x0000000089c00000|100%| O|  |TAMS 0x0000000089c00000, 0x0000000089b00000| Untracked 
|  76|0x0000000089c00000, 0x0000000089d00000, 0x0000000089d00000|100%| O|  |TAMS 0x0000000089d00000, 0x0000000089c00000| Untracked 
|  77|0x0000000089d00000, 0x0000000089e00000, 0x0000000089e00000|100%| O|  |TAMS 0x0000000089e00000, 0x0000000089d00000| Untracked 
|  78|0x0000000089e00000, 0x0000000089f00000, 0x0000000089f00000|100%| O|  |TAMS 0x0000000089f00000, 0x0000000089e00000| Untracked 
|  79|0x0000000089f00000, 0x000000008a000000, 0x000000008a000000|100%| O|  |TAMS 0x000000008a000000, 0x0000000089f00000| Untracked 
|  80|0x000000008a000000, 0x000000008a100000, 0x000000008a100000|100%| O|  |TAMS 0x000000008a100000, 0x000000008a000000| Untracked 
|  81|0x000000008a100000, 0x000000008a200000, 0x000000008a200000|100%| O|  |TAMS 0x000000008a200000, 0x000000008a100000| Untracked 
|  82|0x000000008a200000, 0x000000008a300000, 0x000000008a300000|100%| O|  |TAMS 0x000000008a300000, 0x000000008a200000| Untracked 
|  83|0x000000008a300000, 0x000000008a400000, 0x000000008a400000|100%| O|  |TAMS 0x000000008a400000, 0x000000008a300000| Untracked 
|  84|0x000000008a400000, 0x000000008a500000, 0x000000008a500000|100%| O|  |TAMS 0x000000008a500000, 0x000000008a400000| Untracked 
|  85|0x000000008a500000, 0x000000008a600000, 0x000000008a600000|100%| O|  |TAMS 0x000000008a600000, 0x000000008a500000| Untracked 
|  86|0x000000008a600000, 0x000000008a700000, 0x000000008a700000|100%| O|  |TAMS 0x000000008a700000, 0x000000008a600000| Untracked 
|  87|0x000000008a700000, 0x000000008a800000, 0x000000008a800000|100%| O|  |TAMS 0x000000008a800000, 0x000000008a700000| Untracked 
|  88|0x000000008a800000, 0x000000008a900000, 0x000000008a900000|100%| O|  |TAMS 0x000000008a900000, 0x000000008a800000| Untracked 
|  89|0x000000008a900000, 0x000000008aa00000, 0x000000008aa00000|100%| O|  |TAMS 0x000000008aa00000, 0x000000008a900000| Untracked 
|  90|0x000000008aa00000, 0x000000008ab00000, 0x000000008ab00000|100%| O|  |TAMS 0x000000008ab00000, 0x000000008aa00000| Untracked 
|  91|0x000000008ab00000, 0x000000008ac00000, 0x000000008ac00000|100%| O|  |TAMS 0x000000008ac00000, 0x000000008ab00000| Untracked 
|  92|0x000000008ac00000, 0x000000008ad00000, 0x000000008ad00000|100%| O|  |TAMS 0x000000008ad00000, 0x000000008ac00000| Untracked 
|  93|0x000000008ad00000, 0x000000008ae00000, 0x000000008ae00000|100%| O|  |TAMS 0x000000008ae00000, 0x000000008ad00000| Untracked 
|  94|0x000000008ae00000, 0x000000008af00000, 0x000000008af00000|100%| O|  |TAMS 0x000000008af00000, 0x000000008ae00000| Untracked 
|  95|0x000000008af00000, 0x000000008b000000, 0x000000008b000000|100%| O|  |TAMS 0x000000008b000000, 0x000000008af00000| Untracked 
|  96|0x000000008b000000, 0x000000008b100000, 0x000000008b100000|100%| O|  |TAMS 0x000000008b100000, 0x000000008b000000| Untracked 
|  97|0x000000008b100000, 0x000000008b200000, 0x000000008b200000|100%| O|  |TAMS 0x000000008b200000, 0x000000008b100000| Untracked 
|  98|0x000000008b200000, 0x000000008b300000, 0x000000008b300000|100%| O|  |TAMS 0x000000008b200000, 0x000000008b200000| Untracked 
|  99|0x000000008b300000, 0x000000008b400000, 0x000000008b400000|100%| O|  |TAMS 0x000000008b400000, 0x000000008b300000| Untracked 
| 100|0x000000008b400000, 0x000000008b500000, 0x000000008b500000|100%| O|  |TAMS 0x000000008b500000, 0x000000008b400000| Untracked 
| 101|0x000000008b500000, 0x000000008b600000, 0x000000008b600000|100%| O|  |TAMS 0x000000008b600000, 0x000000008b500000| Untracked 
| 102|0x000000008b600000, 0x000000008b700000, 0x000000008b700000|100%| O|  |TAMS 0x000000008b700000, 0x000000008b600000| Untracked 
| 103|0x000000008b700000, 0x000000008b800000, 0x000000008b800000|100%| O|  |TAMS 0x000000008b800000, 0x000000008b700000| Untracked 
| 104|0x000000008b800000, 0x000000008b900000, 0x000000008b900000|100%| O|  |TAMS 0x000000008b900000, 0x000000008b800000| Untracked 
| 105|0x000000008b900000, 0x000000008ba00000, 0x000000008ba00000|100%| O|  |TAMS 0x000000008ba00000, 0x000000008b900000| Untracked 
| 106|0x000000008ba00000, 0x000000008bb00000, 0x000000008bb00000|100%| O|  |TAMS 0x000000008bb00000, 0x000000008ba00000| Untracked 
| 107|0x000000008bb00000, 0x000000008bc00000, 0x000000008bc00000|100%| O|  |TAMS 0x000000008bc00000, 0x000000008bb00000| Untracked 
| 108|0x000000008bc00000, 0x000000008bd00000, 0x000000008bd00000|100%| O|  |TAMS 0x000000008bd00000, 0x000000008bc00000| Untracked 
| 109|0x000000008bd00000, 0x000000008be00000, 0x000000008be00000|100%| O|  |TAMS 0x000000008be00000, 0x000000008bd00000| Untracked 
| 110|0x000000008be00000, 0x000000008bf00000, 0x000000008bf00000|100%| O|  |TAMS 0x000000008bf00000, 0x000000008be00000| Untracked 
| 111|0x000000008bf00000, 0x000000008c000000, 0x000000008c000000|100%| O|  |TAMS 0x000000008c000000, 0x000000008bf00000| Untracked 
| 112|0x000000008c000000, 0x000000008c100000, 0x000000008c100000|100%| O|  |TAMS 0x000000008c100000, 0x000000008c000000| Untracked 
| 113|0x000000008c100000, 0x000000008c200000, 0x000000008c200000|100%| O|  |TAMS 0x000000008c200000, 0x000000008c100000| Untracked 
| 114|0x000000008c200000, 0x000000008c300000, 0x000000008c300000|100%| O|  |TAMS 0x000000008c200000, 0x000000008c200000| Untracked 
| 115|0x000000008c300000, 0x000000008c400000, 0x000000008c400000|100%| O|  |TAMS 0x000000008c400000, 0x000000008c300000| Untracked 
| 116|0x000000008c400000, 0x000000008c500000, 0x000000008c500000|100%| O|  |TAMS 0x000000008c500000, 0x000000008c400000| Untracked 
| 117|0x000000008c500000, 0x000000008c600000, 0x000000008c600000|100%| O|  |TAMS 0x000000008c600000, 0x000000008c500000| Untracked 
| 118|0x000000008c600000, 0x000000008c700000, 0x000000008c700000|100%| O|  |TAMS 0x000000008c700000, 0x000000008c600000| Untracked 
| 119|0x000000008c700000, 0x000000008c800000, 0x000000008c800000|100%| O|  |TAMS 0x000000008c800000, 0x000000008c700000| Untracked 
| 120|0x000000008c800000, 0x000000008c900000, 0x000000008c900000|100%| O|  |TAMS 0x000000008c900000, 0x000000008c800000| Untracked 
| 121|0x000000008c900000, 0x000000008ca00000, 0x000000008ca00000|100%| O|  |TAMS 0x000000008ca00000, 0x000000008c900000| Untracked 
| 122|0x000000008ca00000, 0x000000008cb00000, 0x000000008cb00000|100%| O|  |TAMS 0x000000008cb00000, 0x000000008ca00000| Untracked 
| 123|0x000000008cb00000, 0x000000008cc00000, 0x000000008cc00000|100%| O|  |TAMS 0x000000008cc00000, 0x000000008cb00000| Untracked 
| 124|0x000000008cc00000, 0x000000008cd00000, 0x000000008cd00000|100%| O|  |TAMS 0x000000008cd00000, 0x000000008cc00000| Untracked 
| 125|0x000000008cd00000, 0x000000008ce00000, 0x000000008ce00000|100%| O|  |TAMS 0x000000008ce00000, 0x000000008cd00000| Untracked 
| 126|0x000000008ce00000, 0x000000008cf00000, 0x000000008cf00000|100%| O|  |TAMS 0x000000008cf00000, 0x000000008ce00000| Untracked 
| 127|0x000000008cf00000, 0x000000008d000000, 0x000000008d000000|100%| O|  |TAMS 0x000000008d000000, 0x000000008cf00000| Untracked 
| 128|0x000000008d000000, 0x000000008d100000, 0x000000008d100000|100%| O|  |TAMS 0x000000008d100000, 0x000000008d000000| Untracked 
| 129|0x000000008d100000, 0x000000008d200000, 0x000000008d200000|100%| O|  |TAMS 0x000000008d200000, 0x000000008d100000| Untracked 
| 130|0x000000008d200000, 0x000000008d300000, 0x000000008d300000|100%|HS|  |TAMS 0x000000008d300000, 0x000000008d200000| Complete 
| 131|0x000000008d300000, 0x000000008d400000, 0x000000008d400000|100%|HC|  |TAMS 0x000000008d400000, 0x000000008d300000| Complete 
| 132|0x000000008d400000, 0x000000008d500000, 0x000000008d500000|100%|HC|  |TAMS 0x000000008d500000, 0x000000008d400000| Complete 
| 133|0x000000008d500000, 0x000000008d600000, 0x000000008d600000|100%|HC|  |TAMS 0x000000008d600000, 0x000000008d500000| Complete 
| 134|0x000000008d600000, 0x000000008d700000, 0x000000008d700000|100%|HC|  |TAMS 0x000000008d700000, 0x000000008d600000| Complete 
| 135|0x000000008d700000, 0x000000008d800000, 0x000000008d800000|100%|HC|  |TAMS 0x000000008d800000, 0x000000008d700000| Complete 
| 136|0x000000008d800000, 0x000000008d900000, 0x000000008d900000|100%|HC|  |TAMS 0x000000008d900000, 0x000000008d800000| Complete 
| 137|0x000000008d900000, 0x000000008da00000, 0x000000008da00000|100%|HC|  |TAMS 0x000000008da00000, 0x000000008d900000| Complete 
| 138|0x000000008da00000, 0x000000008db00000, 0x000000008db00000|100%|HC|  |TAMS 0x000000008db00000, 0x000000008da00000| Complete 
| 139|0x000000008db00000, 0x000000008dc00000, 0x000000008dc00000|100%| O|  |TAMS 0x000000008dc00000, 0x000000008db00000| Untracked 
| 140|0x000000008dc00000, 0x000000008dd00000, 0x000000008dd00000|100%| O|  |TAMS 0x000000008dd00000, 0x000000008dc00000| Untracked 
| 141|0x000000008dd00000, 0x000000008de00000, 0x000000008de00000|100%| O|  |TAMS 0x000000008de00000, 0x000000008dd00000| Untracked 
| 142|0x000000008de00000, 0x000000008df00000, 0x000000008df00000|100%| O|  |TAMS 0x000000008df00000, 0x000000008de00000| Untracked 
| 143|0x000000008df00000, 0x000000008e000000, 0x000000008e000000|100%| O|  |TAMS 0x000000008dff7000, 0x000000008df00000| Untracked 
| 144|0x000000008e000000, 0x000000008e100000, 0x000000008e100000|100%| O|  |TAMS 0x000000008e000000, 0x000000008e000000| Untracked 
| 145|0x000000008e100000, 0x000000008e200000, 0x000000008e200000|100%| O|  |TAMS 0x000000008e100000, 0x000000008e100000| Untracked 
| 146|0x000000008e200000, 0x000000008e300000, 0x000000008e300000|100%| O|  |TAMS 0x000000008e200000, 0x000000008e200000| Untracked 
| 147|0x000000008e300000, 0x000000008e400000, 0x000000008e400000|100%| O|  |TAMS 0x000000008e300000, 0x000000008e300000| Untracked 
| 148|0x000000008e400000, 0x000000008e500000, 0x000000008e500000|100%| O|  |TAMS 0x000000008e400000, 0x000000008e400000| Untracked 
| 149|0x000000008e500000, 0x000000008e600000, 0x000000008e600000|100%| O|  |TAMS 0x000000008e500000, 0x000000008e500000| Untracked 
| 150|0x000000008e600000, 0x000000008e700000, 0x000000008e700000|100%| O|  |TAMS 0x000000008e600000, 0x000000008e600000| Untracked 
| 151|0x000000008e700000, 0x000000008e800000, 0x000000008e800000|100%| O|  |TAMS 0x000000008e700000, 0x000000008e700000| Untracked 
| 152|0x000000008e800000, 0x000000008e900000, 0x000000008e900000|100%| O|  |TAMS 0x000000008e800000, 0x000000008e800000| Untracked 
| 153|0x000000008e900000, 0x000000008ea00000, 0x000000008ea00000|100%| O|  |TAMS 0x000000008e900000, 0x000000008e900000| Untracked 
| 154|0x000000008ea00000, 0x000000008eb00000, 0x000000008eb00000|100%| O|  |TAMS 0x000000008ea00000, 0x000000008ea00000| Untracked 
| 155|0x000000008eb00000, 0x000000008ec00000, 0x000000008ec00000|100%| O|  |TAMS 0x000000008eb00000, 0x000000008eb00000| Untracked 
| 156|0x000000008ec00000, 0x000000008ed00000, 0x000000008ed00000|100%| O|  |TAMS 0x000000008ec00000, 0x000000008ec00000| Untracked 
| 157|0x000000008ed00000, 0x000000008ee00000, 0x000000008ee00000|100%| O|  |TAMS 0x000000008ed00000, 0x000000008ed00000| Untracked 
| 158|0x000000008ee00000, 0x000000008ef00000, 0x000000008ef00000|100%| O|  |TAMS 0x000000008ee00000, 0x000000008ee00000| Untracked 
| 159|0x000000008ef00000, 0x000000008f000000, 0x000000008f000000|100%| O|  |TAMS 0x000000008ef00000, 0x000000008ef00000| Untracked 
| 160|0x000000008f000000, 0x000000008f100000, 0x000000008f100000|100%| O|  |TAMS 0x000000008f000000, 0x000000008f000000| Untracked 
| 161|0x000000008f100000, 0x000000008f200000, 0x000000008f200000|100%| O|  |TAMS 0x000000008f100000, 0x000000008f100000| Untracked 
| 162|0x000000008f200000, 0x000000008f300000, 0x000000008f300000|100%| O|  |TAMS 0x000000008f200000, 0x000000008f200000| Untracked 
| 163|0x000000008f300000, 0x000000008f400000, 0x000000008f400000|100%| O|  |TAMS 0x000000008f300000, 0x000000008f300000| Untracked 
| 164|0x000000008f400000, 0x000000008f500000, 0x000000008f500000|100%| O|  |TAMS 0x000000008f400000, 0x000000008f400000| Untracked 
| 165|0x000000008f500000, 0x000000008f600000, 0x000000008f600000|100%| O|  |TAMS 0x000000008f500000, 0x000000008f500000| Untracked 
| 166|0x000000008f600000, 0x000000008f700000, 0x000000008f700000|100%| O|  |TAMS 0x000000008f600000, 0x000000008f600000| Untracked 
| 167|0x000000008f700000, 0x000000008f800000, 0x000000008f800000|100%| O|  |TAMS 0x000000008f700000, 0x000000008f700000| Untracked 
| 168|0x000000008f800000, 0x000000008f900000, 0x000000008f900000|100%| O|  |TAMS 0x000000008f800000, 0x000000008f800000| Untracked 
| 169|0x000000008f900000, 0x000000008fa00000, 0x000000008fa00000|100%| O|  |TAMS 0x000000008f900000, 0x000000008f900000| Untracked 
| 170|0x000000008fa00000, 0x000000008fb00000, 0x000000008fb00000|100%| O|  |TAMS 0x000000008fa00000, 0x000000008fa00000| Untracked 
| 171|0x000000008fb00000, 0x000000008fc00000, 0x000000008fc00000|100%| O|  |TAMS 0x000000008fb00000, 0x000000008fb00000| Untracked 
| 172|0x000000008fc00000, 0x000000008fd00000, 0x000000008fd00000|100%| O|  |TAMS 0x000000008fc00000, 0x000000008fc00000| Untracked 
| 173|0x000000008fd00000, 0x000000008fe00000, 0x000000008fe00000|100%| O|  |TAMS 0x000000008fd00000, 0x000000008fd00000| Untracked 
| 174|0x000000008fe00000, 0x000000008ff00000, 0x000000008ff00000|100%| O|  |TAMS 0x000000008fe00000, 0x000000008fe00000| Untracked 
| 175|0x000000008ff00000, 0x0000000090000000, 0x0000000090000000|100%| O|  |TAMS 0x000000008ff00000, 0x000000008ff00000| Untracked 
| 176|0x0000000090000000, 0x0000000090100000, 0x0000000090100000|100%| O|  |TAMS 0x0000000090000000, 0x0000000090000000| Untracked 
| 177|0x0000000090100000, 0x0000000090200000, 0x0000000090200000|100%| O|  |TAMS 0x0000000090100000, 0x0000000090100000| Untracked 
| 178|0x0000000090200000, 0x0000000090300000, 0x0000000090300000|100%| O|  |TAMS 0x0000000090200000, 0x0000000090200000| Untracked 
| 179|0x0000000090300000, 0x0000000090400000, 0x0000000090400000|100%| O|  |TAMS 0x0000000090300000, 0x0000000090300000| Untracked 
| 180|0x0000000090400000, 0x0000000090500000, 0x0000000090500000|100%| O|  |TAMS 0x0000000090400000, 0x0000000090400000| Untracked 
| 181|0x0000000090500000, 0x0000000090600000, 0x0000000090600000|100%| O|  |TAMS 0x0000000090500000, 0x0000000090500000| Untracked 
| 182|0x0000000090600000, 0x0000000090700000, 0x0000000090700000|100%| O|  |TAMS 0x0000000090600000, 0x0000000090600000| Untracked 
| 183|0x0000000090700000, 0x0000000090800000, 0x0000000090800000|100%| O|  |TAMS 0x0000000090700000, 0x0000000090700000| Untracked 
| 184|0x0000000090800000, 0x0000000090900000, 0x0000000090900000|100%| O|  |TAMS 0x0000000090800000, 0x0000000090800000| Untracked 
| 185|0x0000000090900000, 0x0000000090a00000, 0x0000000090a00000|100%| O|  |TAMS 0x0000000090900000, 0x0000000090900000| Untracked 
| 186|0x0000000090a00000, 0x0000000090b00000, 0x0000000090b00000|100%| O|  |TAMS 0x0000000090a00000, 0x0000000090a00000| Untracked 
| 187|0x0000000090b00000, 0x0000000090c00000, 0x0000000090c00000|100%| O|  |TAMS 0x0000000090b00000, 0x0000000090b00000| Untracked 
| 188|0x0000000090c00000, 0x0000000090d00000, 0x0000000090d00000|100%| O|  |TAMS 0x0000000090c00000, 0x0000000090c00000| Untracked 
| 189|0x0000000090d00000, 0x0000000090e00000, 0x0000000090e00000|100%| O|  |TAMS 0x0000000090d00000, 0x0000000090d00000| Untracked 
| 190|0x0000000090e00000, 0x0000000090f00000, 0x0000000090f00000|100%| O|  |TAMS 0x0000000090e00000, 0x0000000090e00000| Untracked 
| 191|0x0000000090f00000, 0x0000000091000000, 0x0000000091000000|100%| O|  |TAMS 0x0000000090f00000, 0x0000000090f00000| Untracked 
| 192|0x0000000091000000, 0x0000000091080000, 0x0000000091100000| 50%| O|  |TAMS 0x0000000091000000, 0x0000000091000000| Untracked 
| 193|0x0000000091100000, 0x0000000091100000, 0x0000000091200000|  0%| F|  |TAMS 0x0000000091100000, 0x0000000091100000| Untracked 
| 194|0x0000000091200000, 0x0000000091200000, 0x0000000091300000|  0%| F|  |TAMS 0x0000000091200000, 0x0000000091200000| Untracked 
| 195|0x0000000091300000, 0x0000000091300000, 0x0000000091400000|  0%| F|  |TAMS 0x0000000091300000, 0x0000000091300000| Untracked 
| 196|0x0000000091400000, 0x0000000091400000, 0x0000000091500000|  0%| F|  |TAMS 0x0000000091400000, 0x0000000091400000| Untracked 
| 197|0x0000000091500000, 0x0000000091500000, 0x0000000091600000|  0%| F|  |TAMS 0x0000000091500000, 0x0000000091500000| Untracked 
| 198|0x0000000091600000, 0x0000000091600000, 0x0000000091700000|  0%| F|  |TAMS 0x0000000091600000, 0x0000000091600000| Untracked 
| 199|0x0000000091700000, 0x0000000091700000, 0x0000000091800000|  0%| F|  |TAMS 0x0000000091700000, 0x0000000091700000| Untracked 
| 200|0x0000000091800000, 0x0000000091800000, 0x0000000091900000|  0%| F|  |TAMS 0x0000000091800000, 0x0000000091800000| Untracked 
| 201|0x0000000091900000, 0x0000000091900000, 0x0000000091a00000|  0%| F|  |TAMS 0x0000000091900000, 0x0000000091900000| Untracked 
| 202|0x0000000091a00000, 0x0000000091a00000, 0x0000000091b00000|  0%| F|  |TAMS 0x0000000091a00000, 0x0000000091a00000| Untracked 
| 203|0x0000000091b00000, 0x0000000091b00000, 0x0000000091c00000|  0%| F|  |TAMS 0x0000000091b00000, 0x0000000091b00000| Untracked 
| 204|0x0000000091c00000, 0x0000000091c00000, 0x0000000091d00000|  0%| F|  |TAMS 0x0000000091c00000, 0x0000000091c00000| Untracked 
| 205|0x0000000091d00000, 0x0000000091d00000, 0x0000000091e00000|  0%| F|  |TAMS 0x0000000091d00000, 0x0000000091d00000| Untracked 
| 206|0x0000000091e00000, 0x0000000091e00000, 0x0000000091f00000|  0%| F|  |TAMS 0x0000000091e00000, 0x0000000091e00000| Untracked 
| 207|0x0000000091f00000, 0x0000000091f00000, 0x0000000092000000|  0%| F|  |TAMS 0x0000000091f00000, 0x0000000091f00000| Untracked 
| 208|0x0000000092000000, 0x0000000092000000, 0x0000000092100000|  0%| F|  |TAMS 0x0000000092000000, 0x0000000092000000| Untracked 
| 209|0x0000000092100000, 0x0000000092100000, 0x0000000092200000|  0%| F|  |TAMS 0x0000000092100000, 0x0000000092100000| Untracked 
| 210|0x0000000092200000, 0x0000000092200000, 0x0000000092300000|  0%| F|  |TAMS 0x0000000092200000, 0x0000000092200000| Untracked 
| 211|0x0000000092300000, 0x0000000092300000, 0x0000000092400000|  0%| F|  |TAMS 0x0000000092300000, 0x0000000092300000| Untracked 
| 212|0x0000000092400000, 0x0000000092400000, 0x0000000092500000|  0%| F|  |TAMS 0x0000000092400000, 0x0000000092400000| Untracked 
| 213|0x0000000092500000, 0x0000000092500000, 0x0000000092600000|  0%| F|  |TAMS 0x0000000092500000, 0x0000000092500000| Untracked 
| 214|0x0000000092600000, 0x0000000092600000, 0x0000000092700000|  0%| F|  |TAMS 0x0000000092600000, 0x0000000092600000| Untracked 
| 215|0x0000000092700000, 0x0000000092700000, 0x0000000092800000|  0%| F|  |TAMS 0x0000000092700000, 0x0000000092700000| Untracked 
| 216|0x0000000092800000, 0x0000000092800000, 0x0000000092900000|  0%| F|  |TAMS 0x0000000092800000, 0x0000000092800000| Untracked 
| 217|0x0000000092900000, 0x0000000092900000, 0x0000000092a00000|  0%| F|  |TAMS 0x0000000092900000, 0x0000000092900000| Untracked 
| 218|0x0000000092a00000, 0x0000000092a00000, 0x0000000092b00000|  0%| F|  |TAMS 0x0000000092a00000, 0x0000000092a00000| Untracked 
| 219|0x0000000092b00000, 0x0000000092b00000, 0x0000000092c00000|  0%| F|  |TAMS 0x0000000092b00000, 0x0000000092b00000| Untracked 
| 220|0x0000000092c00000, 0x0000000092c00000, 0x0000000092d00000|  0%| F|  |TAMS 0x0000000092c00000, 0x0000000092c00000| Untracked 
| 221|0x0000000092d00000, 0x0000000092d00000, 0x0000000092e00000|  0%| F|  |TAMS 0x0000000092d00000, 0x0000000092d00000| Untracked 
| 222|0x0000000092e00000, 0x0000000092e00000, 0x0000000092f00000|  0%| F|  |TAMS 0x0000000092e00000, 0x0000000092e00000| Untracked 
| 223|0x0000000092f00000, 0x0000000092f00000, 0x0000000093000000|  0%| F|  |TAMS 0x0000000092f00000, 0x0000000092f00000| Untracked 
| 224|0x0000000093000000, 0x0000000093000000, 0x0000000093100000|  0%| F|  |TAMS 0x0000000093000000, 0x0000000093000000| Untracked 
| 225|0x0000000093100000, 0x0000000093100000, 0x0000000093200000|  0%| F|  |TAMS 0x0000000093100000, 0x0000000093100000| Untracked 
| 226|0x0000000093200000, 0x0000000093200000, 0x0000000093300000|  0%| F|  |TAMS 0x0000000093200000, 0x0000000093200000| Untracked 
| 227|0x0000000093300000, 0x0000000093300000, 0x0000000093400000|  0%| F|  |TAMS 0x0000000093300000, 0x0000000093300000| Untracked 
| 228|0x0000000093400000, 0x0000000093400000, 0x0000000093500000|  0%| F|  |TAMS 0x0000000093400000, 0x0000000093400000| Untracked 
| 229|0x0000000093500000, 0x0000000093500000, 0x0000000093600000|  0%| F|  |TAMS 0x0000000093500000, 0x0000000093500000| Untracked 
| 230|0x0000000093600000, 0x0000000093600000, 0x0000000093700000|  0%| F|  |TAMS 0x0000000093600000, 0x0000000093600000| Untracked 
| 231|0x0000000093700000, 0x0000000093700000, 0x0000000093800000|  0%| F|  |TAMS 0x0000000093700000, 0x0000000093700000| Untracked 
| 232|0x0000000093800000, 0x0000000093800000, 0x0000000093900000|  0%| F|  |TAMS 0x0000000093800000, 0x0000000093800000| Untracked 
| 233|0x0000000093900000, 0x0000000093900000, 0x0000000093a00000|  0%| F|  |TAMS 0x0000000093900000, 0x0000000093900000| Untracked 
| 234|0x0000000093a00000, 0x0000000093a82ae0, 0x0000000093b00000| 51%| S|CS|TAMS 0x0000000093a00000, 0x0000000093a00000| Complete 
| 235|0x0000000093b00000, 0x0000000093c00000, 0x0000000093c00000|100%| S|CS|TAMS 0x0000000093b00000, 0x0000000093b00000| Complete 
| 236|0x0000000093c00000, 0x0000000093d00000, 0x0000000093d00000|100%| S|CS|TAMS 0x0000000093c00000, 0x0000000093c00000| Complete 
| 237|0x0000000093d00000, 0x0000000093e00000, 0x0000000093e00000|100%| S|CS|TAMS 0x0000000093d00000, 0x0000000093d00000| Complete 
| 238|0x0000000093e00000, 0x0000000093e00000, 0x0000000093f00000|  0%| F|  |TAMS 0x0000000093e00000, 0x0000000093e00000| Untracked 
| 239|0x0000000093f00000, 0x0000000093f00000, 0x0000000094000000|  0%| F|  |TAMS 0x0000000093f00000, 0x0000000093f00000| Untracked 
| 240|0x0000000094000000, 0x0000000094000000, 0x0000000094100000|  0%| F|  |TAMS 0x0000000094000000, 0x0000000094000000| Untracked 
| 241|0x0000000094100000, 0x0000000094100000, 0x0000000094200000|  0%| F|  |TAMS 0x0000000094100000, 0x0000000094100000| Untracked 
| 242|0x0000000094200000, 0x0000000094200000, 0x0000000094300000|  0%| F|  |TAMS 0x0000000094200000, 0x0000000094200000| Untracked 
| 243|0x0000000094300000, 0x0000000094300000, 0x0000000094400000|  0%| F|  |TAMS 0x0000000094300000, 0x0000000094300000| Untracked 
| 244|0x0000000094400000, 0x0000000094400000, 0x0000000094500000|  0%| F|  |TAMS 0x0000000094400000, 0x0000000094400000| Untracked 
| 245|0x0000000094500000, 0x0000000094500000, 0x0000000094600000|  0%| F|  |TAMS 0x0000000094500000, 0x0000000094500000| Untracked 
| 246|0x0000000094600000, 0x0000000094600000, 0x0000000094700000|  0%| F|  |TAMS 0x0000000094600000, 0x0000000094600000| Untracked 
| 247|0x0000000094700000, 0x0000000094700000, 0x0000000094800000|  0%| F|  |TAMS 0x0000000094700000, 0x0000000094700000| Untracked 
| 248|0x0000000094800000, 0x0000000094800000, 0x0000000094900000|  0%| F|  |TAMS 0x0000000094800000, 0x0000000094800000| Untracked 
| 249|0x0000000094900000, 0x0000000094900000, 0x0000000094a00000|  0%| F|  |TAMS 0x0000000094900000, 0x0000000094900000| Untracked 
| 250|0x0000000094a00000, 0x0000000094a00000, 0x0000000094b00000|  0%| F|  |TAMS 0x0000000094a00000, 0x0000000094a00000| Untracked 
| 251|0x0000000094b00000, 0x0000000094b00000, 0x0000000094c00000|  0%| F|  |TAMS 0x0000000094b00000, 0x0000000094b00000| Untracked 
| 252|0x0000000094c00000, 0x0000000094c00000, 0x0000000094d00000|  0%| F|  |TAMS 0x0000000094c00000, 0x0000000094c00000| Untracked 
| 253|0x0000000094d00000, 0x0000000094d00000, 0x0000000094e00000|  0%| F|  |TAMS 0x0000000094d00000, 0x0000000094d00000| Untracked 
| 254|0x0000000094e00000, 0x0000000094e00000, 0x0000000094f00000|  0%| F|  |TAMS 0x0000000094e00000, 0x0000000094e00000| Untracked 
| 255|0x0000000094f00000, 0x0000000094f00000, 0x0000000095000000|  0%| F|  |TAMS 0x0000000094f00000, 0x0000000094f00000| Untracked 
| 256|0x0000000095000000, 0x0000000095000000, 0x0000000095100000|  0%| F|  |TAMS 0x0000000095000000, 0x0000000095000000| Untracked 
| 257|0x0000000095100000, 0x0000000095100000, 0x0000000095200000|  0%| F|  |TAMS 0x0000000095100000, 0x0000000095100000| Untracked 
| 258|0x0000000095200000, 0x0000000095200000, 0x0000000095300000|  0%| F|  |TAMS 0x0000000095200000, 0x0000000095200000| Untracked 
| 259|0x0000000095300000, 0x0000000095300000, 0x0000000095400000|  0%| F|  |TAMS 0x0000000095300000, 0x0000000095300000| Untracked 
| 260|0x0000000095400000, 0x0000000095400000, 0x0000000095500000|  0%| F|  |TAMS 0x0000000095400000, 0x0000000095400000| Untracked 
| 261|0x0000000095500000, 0x0000000095500000, 0x0000000095600000|  0%| F|  |TAMS 0x0000000095500000, 0x0000000095500000| Untracked 
| 262|0x0000000095600000, 0x0000000095600000, 0x0000000095700000|  0%| F|  |TAMS 0x0000000095600000, 0x0000000095600000| Untracked 
| 263|0x0000000095700000, 0x0000000095700000, 0x0000000095800000|  0%| F|  |TAMS 0x0000000095700000, 0x0000000095700000| Untracked 

Card table byte_map: [0x0000026a46a60000,0x0000026a46e40000] _byte_map_base: 0x0000026a46638000

Marking Bits (Prev, Next): (CMBitMap*) 0x0000026a33ee5570, (CMBitMap*) 0x0000026a33ee5530
 Prev Bits: [0x0000026a490e0000, 0x0000026a4afa0000)
 Next Bits: [0x0000026a47220000, 0x0000026a490e0000)

Polling page: 0x0000026a31e40000

Metaspace:

Usage:
  Non-class:     72.69 MB used.
      Class:      8.92 MB used.
       Both:     81.61 MB used.

Virtual space:
  Non-class space:       80.00 MB reserved,      72.88 MB ( 91%) committed,  10 nodes.
      Class space:        1.00 GB reserved,       9.06 MB ( <1%) committed,  1 nodes.
             Both:        1.08 GB reserved,      81.94 MB (  7%) committed. 

Chunk freelists:
   Non-Class:  2.58 MB
       Class:  2.91 MB
        Both:  5.49 MB

MaxMetaspaceSize: unlimited
CompressedClassSpaceSize: 1.00 GB
Initial GC threshold: 21.00 MB
Current GC threshold: 120.56 MB
CDS: off
MetaspaceReclaimPolicy: balanced
 - commit_granule_bytes: 65536.
 - commit_granule_words: 8192.
 - virtual_space_node_default_size: 1048576.
 - enlarge_chunks_in_place: 1.
 - new_chunks_are_fully_committed: 0.
 - uncommit_free_chunks: 1.
 - use_allocation_guard: 0.
 - handle_deallocations: 1.


Internal statistics:

num_allocs_failed_limit: 6.
num_arena_births: 452.
num_arena_deaths: 0.
num_vsnodes_births: 11.
num_vsnodes_deaths: 0.
num_space_committed: 1309.
num_space_uncommitted: 0.
num_chunks_returned_to_freelist: 6.
num_chunks_taken_from_freelist: 3295.
num_chunk_merges: 6.
num_chunk_splits: 2516.
num_chunks_enlarged: 2106.
num_purges: 0.
num_inconsistent_stats: 0.

CodeHeap 'non-profiled nmethods': size=120000Kb used=14929Kb max_used=14929Kb free=105070Kb
 bounds [0x0000026a3ee20000, 0x0000026a3fcc0000, 0x0000026a46350000]
CodeHeap 'profiled nmethods': size=120000Kb used=41416Kb max_used=41416Kb free=78583Kb
 bounds [0x0000026a37350000, 0x0000026a39bd0000, 0x0000026a3e880000]
CodeHeap 'non-nmethods': size=5760Kb used=1417Kb max_used=1501Kb free=4342Kb
 bounds [0x0000026a3e880000, 0x0000026a3eaf0000, 0x0000026a3ee20000]
 total_blobs=16295 nmethods=15558 adapters=646
 compilation: enabled
              stopped_count=0, restarted_count=0
 full_count=0

Compilation events (20 events):
Event: 32.191 Thread 0x0000026a4da1f760 20247       3       org.jetbrains.kotlin.name.NameUtils::capitalizeAsJavaClassName (87 bytes)
Event: 32.191 Thread 0x0000026a55140430 nmethod 20242 0x0000026a3f5dba10 code [0x0000026a3f5dbba0, 0x0000026a3f5dc1f8]
Event: 32.191 Thread 0x0000026a55140430 20243       4       androidx.compose.compiler.plugins.kotlin.lower.DurableKeyTransformer::visitValueParameter (40 bytes)
Event: 32.193 Thread 0x0000026a4da1f760 nmethod 20247 0x0000026a39bc0f10 code [0x0000026a39bc13a0, 0x0000026a39bc30c8]
Event: 32.193 Thread 0x0000026a4da1f760 20248       3       org.jetbrains.kotlin.ir.visitors.IrElementVisitor$DefaultImpls::visitClass (18 bytes)
Event: 32.194 Thread 0x0000026a4da1f760 nmethod 20248 0x0000026a39bc3b10 code [0x0000026a39bc3d20, 0x0000026a39bc4368]
Event: 32.194 Thread 0x0000026a4da1f760 20249       3       org.jetbrains.kotlin.ir.util.IrUtilsKt::addChild (43 bytes)
Event: 32.195 Thread 0x0000026a4da1f760 nmethod 20249 0x0000026a39bc4610 code [0x0000026a39bc49e0, 0x0000026a39bc62c8]
Event: 32.196 Thread 0x0000026a4e620fe0 nmethod 20069 0x0000026a3fcab990 code [0x0000026a3fcabec0, 0x0000026a3fcb17e8]
Event: 32.196 Thread 0x0000026a4e620fe0 20250       4       androidx.compose.compiler.plugins.kotlin.lower.DurableKeyTransformer$visitCall$1$3::invoke (27 bytes)
Event: 32.197 Thread 0x0000026a4da1f760 20251       3       org.jetbrains.kotlin.ir.declarations.lazy.IrLazyClass::getThisReceiver (19 bytes)
Event: 32.197 Thread 0x0000026a4da1f760 nmethod 20251 0x0000026a39bc6a90 code [0x0000026a39bc6c40, 0x0000026a39bc6f08]
Event: 32.199 Thread 0x0000026a4e620fe0 nmethod 20250 0x0000026a3f5db310 code [0x0000026a3f5db4a0, 0x0000026a3f5db738]
Event: 32.199 Thread 0x0000026a4e620fe0 20244       4       androidx.compose.compiler.plugins.kotlin.lower.DurableKeyTransformer$visitCall$1$3::invoke (8 bytes)
Event: 32.203 Thread 0x0000026a55140430 nmethod 20243 0x0000026a3f5da210 code [0x0000026a3f5da400, 0x0000026a3f5dacb0]
Event: 32.203 Thread 0x0000026a55140430 20252       4       androidx.compose.compiler.plugins.kotlin.lower.DurableKeyVisitor::buildPath (90 bytes)
Event: 32.203 Thread 0x0000026a4e620fe0 nmethod 20244 0x0000026a3fcb4010 code [0x0000026a3fcb41a0, 0x0000026a3fcb4458]
Event: 32.203 Thread 0x0000026a4e620fe0 20224       4       org.jetbrains.kotlin.ir.declarations.IrVariable::transformChildren (29 bytes)
Event: 32.206 Thread 0x0000026a4e620fe0 nmethod 20224 0x0000026a3f5d9c10 code [0x0000026a3f5d9da0, 0x0000026a3f5da038]
Event: 32.207 Thread 0x0000026a4e620fe0 20237       4       java.lang.StringConcatHelper::prepend (22 bytes)

GC Heap History (20 events):
Event: 23.044 GC heap after
{Heap after GC invocations=39 (full 0):
 garbage-first heap   total 199680K, used 137952K [0x0000000085000000, 0x0000000100000000)
  region size 1024K, 5 young (5120K), 5 survivors (5120K)
 Metaspace       used 73647K, committed 73984K, reserved 1122304K
  class space    used 8232K, committed 8384K, reserved 1048576K
}
Event: 23.687 GC heap before
{Heap before GC invocations=39 (full 0):
 garbage-first heap   total 199680K, used 179936K [0x0000000085000000, 0x0000000100000000)
  region size 1024K, 37 young (37888K), 5 survivors (5120K)
 Metaspace       used 73657K, committed 73984K, reserved 1122304K
  class space    used 8232K, committed 8384K, reserved 1048576K
}
Event: 23.701 GC heap after
{Heap after GC invocations=40 (full 0):
 garbage-first heap   total 199680K, used 150339K [0x0000000085000000, 0x0000000100000000)
  region size 1024K, 3 young (3072K), 3 survivors (3072K)
 Metaspace       used 73657K, committed 73984K, reserved 1122304K
  class space    used 8232K, committed 8384K, reserved 1048576K
}
Event: 24.112 GC heap before
{Heap before GC invocations=40 (full 0):
 garbage-first heap   total 199680K, used 172867K [0x0000000085000000, 0x0000000100000000)
  region size 1024K, 25 young (25600K), 3 survivors (3072K)
 Metaspace       used 73683K, committed 74048K, reserved 1122304K
  class space    used 8232K, committed 8384K, reserved 1048576K
}
Event: 24.119 GC heap after
{Heap after GC invocations=41 (full 0):
 garbage-first heap   total 199680K, used 152024K [0x0000000085000000, 0x0000000100000000)
  region size 1024K, 2 young (2048K), 2 survivors (2048K)
 Metaspace       used 73683K, committed 74048K, reserved 1122304K
  class space    used 8232K, committed 8384K, reserved 1048576K
}
Event: 24.710 GC heap before
{Heap before GC invocations=42 (full 0):
 garbage-first heap   total 270336K, used 171480K [0x0000000085000000, 0x0000000100000000)
  region size 1024K, 23 young (23552K), 2 survivors (2048K)
 Metaspace       used 73699K, committed 74048K, reserved 1122304K
  class space    used 8232K, committed 8384K, reserved 1048576K
}
Event: 24.716 GC heap after
{Heap after GC invocations=43 (full 0):
 garbage-first heap   total 270336K, used 151242K [0x0000000085000000, 0x0000000100000000)
  region size 1024K, 3 young (3072K), 3 survivors (3072K)
 Metaspace       used 73699K, committed 74048K, reserved 1122304K
  class space    used 8232K, committed 8384K, reserved 1048576K
}
Event: 24.996 GC heap before
{Heap before GC invocations=43 (full 0):
 garbage-first heap   total 270336K, used 161482K [0x0000000085000000, 0x0000000100000000)
  region size 1024K, 13 young (13312K), 3 survivors (3072K)
 Metaspace       used 73782K, committed 74112K, reserved 1122304K
  class space    used 8235K, committed 8384K, reserved 1048576K
}
Event: 25.002 GC heap after
{Heap after GC invocations=44 (full 0):
 garbage-first heap   total 270336K, used 150807K [0x0000000085000000, 0x0000000100000000)
  region size 1024K, 2 young (2048K), 2 survivors (2048K)
 Metaspace       used 73782K, committed 74112K, reserved 1122304K
  class space    used 8235K, committed 8384K, reserved 1048576K
}
Event: 26.328 GC heap before
{Heap before GC invocations=44 (full 0):
 garbage-first heap   total 270336K, used 225559K [0x0000000085000000, 0x0000000100000000)
  region size 1024K, 75 young (76800K), 2 survivors (2048K)
 Metaspace       used 74480K, committed 74752K, reserved 1122304K
  class space    used 8276K, committed 8384K, reserved 1048576K
}
Event: 26.337 GC heap after
{Heap after GC invocations=45 (full 0):
 garbage-first heap   total 270336K, used 155315K [0x0000000085000000, 0x0000000100000000)
  region size 1024K, 6 young (6144K), 6 survivors (6144K)
 Metaspace       used 74480K, committed 74752K, reserved 1122304K
  class space    used 8276K, committed 8384K, reserved 1048576K
}
Event: 27.060 GC heap before
{Heap before GC invocations=45 (full 0):
 garbage-first heap   total 270336K, used 225971K [0x0000000085000000, 0x0000000100000000)
  region size 1024K, 75 young (76800K), 6 survivors (6144K)
 Metaspace       used 75169K, committed 75456K, reserved 1122304K
  class space    used 8313K, committed 8448K, reserved 1048576K
}
Event: 27.070 GC heap after
{Heap after GC invocations=46 (full 0):
 garbage-first heap   total 270336K, used 155953K [0x0000000085000000, 0x0000000100000000)
  region size 1024K, 6 young (6144K), 6 survivors (6144K)
 Metaspace       used 75169K, committed 75456K, reserved 1122304K
  class space    used 8313K, committed 8448K, reserved 1048576K
}
Event: 29.662 GC heap before
{Heap before GC invocations=46 (full 0):
 garbage-first heap   total 270336K, used 227633K [0x0000000085000000, 0x0000000100000000)
  region size 1024K, 76 young (77824K), 6 survivors (6144K)
 Metaspace       used 81501K, committed 81856K, reserved 1122304K
  class space    used 8924K, committed 9088K, reserved 1048576K
}
Event: 29.681 GC heap after
{Heap after GC invocations=47 (full 0):
 garbage-first heap   total 270336K, used 163468K [0x0000000085000000, 0x0000000100000000)
  region size 1024K, 10 young (10240K), 10 survivors (10240K)
 Metaspace       used 81501K, committed 81856K, reserved 1122304K
  class space    used 8924K, committed 9088K, reserved 1048576K
}
Event: 31.544 GC heap before
{Heap before GC invocations=47 (full 0):
 garbage-first heap   total 270336K, used 227980K [0x0000000085000000, 0x0000000100000000)
  region size 1024K, 73 young (74752K), 10 survivors (10240K)
 Metaspace       used 83237K, committed 83584K, reserved 1130496K
  class space    used 9087K, committed 9216K, reserved 1048576K
}
Event: 31.573 GC heap after
{Heap after GC invocations=48 (full 0):
 garbage-first heap   total 270336K, used 180451K [0x0000000085000000, 0x0000000100000000)
  region size 1024K, 10 young (10240K), 10 survivors (10240K)
 Metaspace       used 83237K, committed 83584K, reserved 1130496K
  class space    used 9087K, committed 9216K, reserved 1048576K
}
Event: 32.100 GC heap before
{Heap before GC invocations=48 (full 0):
 garbage-first heap   total 270336K, used 221411K [0x0000000085000000, 0x0000000100000000)
  region size 1024K, 50 young (51200K), 10 survivors (10240K)
 Metaspace       used 83552K, committed 83904K, reserved 1130496K
  class space    used 9133K, committed 9280K, reserved 1048576K
}
Event: 32.121 GC heap after
{Heap after GC invocations=49 (full 0):
 garbage-first heap   total 270336K, used 195364K [0x0000000085000000, 0x0000000100000000)
  region size 1024K, 7 young (7168K), 7 survivors (7168K)
 Metaspace       used 83552K, committed 83904K, reserved 1130496K
  class space    used 9133K, committed 9280K, reserved 1048576K
}
Event: 32.213 GC heap before
{Heap before GC invocations=49 (full 0):
 garbage-first heap   total 270336K, used 221988K [0x0000000085000000, 0x0000000100000000)
  region size 1024K, 33 young (33792K), 7 survivors (7168K)
 Metaspace       used 83571K, committed 83904K, reserved 1130496K
  class space    used 9135K, committed 9280K, reserved 1048576K
}

Dll operation events (2 events):
Event: 0.010 Loaded shared library C:\Program Files (x86)\android-studio-2022.3.1.17-windows\android-studio\jbr\bin\java.dll
Event: 0.770 Loaded shared library C:\Program Files (x86)\android-studio-2022.3.1.17-windows\android-studio\jbr\bin\verify.dll

Deoptimization events (20 events):
Event: 31.977 Thread 0x0000026a31d2bf70 Uncommon trap: trap_request=0xffffffc6 fr.pc=0x0000026a3f3aeabc relative=0x000000000000125c
Event: 31.977 Thread 0x0000026a31d2bf70 Uncommon trap: reason=bimorphic_or_optimized_type_check action=maybe_recompile pc=0x0000026a3f3aeabc method=kotlin.text.StringsKt__AppendableKt.appendElement(Ljava/lang/Appendable;Ljava/lang/Object;Lkotlin/jvm/functions/Function1;)V @ 15 c2
Event: 31.977 Thread 0x0000026a31d2bf70 DEOPT PACKING pc=0x0000026a3f3aeabc sp=0x000000ca82efccf0
Event: 31.977 Thread 0x0000026a31d2bf70 DEOPT UNPACKING pc=0x0000026a3e8da1a3 sp=0x000000ca82efccc8 mode 2
Event: 31.977 Thread 0x0000026a31d2bf70 Uncommon trap: trap_request=0xffffffc6 fr.pc=0x0000026a3f3aeabc relative=0x000000000000125c
Event: 31.977 Thread 0x0000026a31d2bf70 Uncommon trap: reason=bimorphic_or_optimized_type_check action=maybe_recompile pc=0x0000026a3f3aeabc method=kotlin.text.StringsKt__AppendableKt.appendElement(Ljava/lang/Appendable;Ljava/lang/Object;Lkotlin/jvm/functions/Function1;)V @ 15 c2
Event: 31.977 Thread 0x0000026a31d2bf70 DEOPT PACKING pc=0x0000026a3f3aeabc sp=0x000000ca82efcc80
Event: 31.977 Thread 0x0000026a31d2bf70 DEOPT UNPACKING pc=0x0000026a3e8da1a3 sp=0x000000ca82efcc58 mode 2
Event: 31.982 Thread 0x0000026a31d2bf70 Uncommon trap: trap_request=0xffffffc6 fr.pc=0x0000026a3f3aeabc relative=0x000000000000125c
Event: 31.982 Thread 0x0000026a31d2bf70 Uncommon trap: reason=bimorphic_or_optimized_type_check action=maybe_recompile pc=0x0000026a3f3aeabc method=kotlin.text.StringsKt__AppendableKt.appendElement(Ljava/lang/Appendable;Ljava/lang/Object;Lkotlin/jvm/functions/Function1;)V @ 15 c2
Event: 31.982 Thread 0x0000026a31d2bf70 DEOPT PACKING pc=0x0000026a3f3aeabc sp=0x000000ca82efccf0
Event: 31.982 Thread 0x0000026a31d2bf70 DEOPT UNPACKING pc=0x0000026a3e8da1a3 sp=0x000000ca82efccc8 mode 2
Event: 31.982 Thread 0x0000026a31d2bf70 Uncommon trap: trap_request=0xffffffc6 fr.pc=0x0000026a3f3aeabc relative=0x000000000000125c
Event: 31.982 Thread 0x0000026a31d2bf70 Uncommon trap: reason=bimorphic_or_optimized_type_check action=maybe_recompile pc=0x0000026a3f3aeabc method=kotlin.text.StringsKt__AppendableKt.appendElement(Ljava/lang/Appendable;Ljava/lang/Object;Lkotlin/jvm/functions/Function1;)V @ 15 c2
Event: 31.982 Thread 0x0000026a31d2bf70 DEOPT PACKING pc=0x0000026a3f3aeabc sp=0x000000ca82efcc80
Event: 31.982 Thread 0x0000026a31d2bf70 DEOPT UNPACKING pc=0x0000026a3e8da1a3 sp=0x000000ca82efcc58 mode 2
Event: 31.999 Thread 0x0000026a31d2bf70 Uncommon trap: trap_request=0xffffff66 fr.pc=0x0000026a3fc7fed0 relative=0x00000000000006f0
Event: 31.999 Thread 0x0000026a31d2bf70 Uncommon trap: reason=speculate_class_check action=maybe_recompile pc=0x0000026a3fc7fed0 method=org.jetbrains.kotlin.ir.expressions.IrWhen.transformChildren(Lorg/jetbrains/kotlin/ir/visitors/IrElementTransformer;Ljava/lang/Object;)V @ 7 c2
Event: 31.999 Thread 0x0000026a31d2bf70 DEOPT PACKING pc=0x0000026a3fc7fed0 sp=0x000000ca82efbaa0
Event: 31.999 Thread 0x0000026a31d2bf70 DEOPT UNPACKING pc=0x0000026a3e8da1a3 sp=0x000000ca82efb9b8 mode 2

Classes unloaded (0 events):
No events

Classes redefined (0 events):
No events

Internal exceptions (20 events):
Event: 9.306 Thread 0x0000026a31d2bf70 Implicit null exception at 0x0000026a3ee878d8 to 0x0000026a3ee8796a
Event: 9.732 Thread 0x0000026a31d2bf70 Exception <a 'java/lang/NoSuchMethodError'{0x000000008cd84838}: 'void java.lang.invoke.DirectMethodHandle$Holder.invokeStatic(java.lang.Object, java.lang.Object, java.lang.Object)'> (0x000000008cd84838) 
thrown [s\src\hotspot\share\interpreter\linkResolver.cpp, line 771]
Event: 9.769 Thread 0x0000026a31d2bf70 Implicit null exception at 0x0000026a3f37cc78 to 0x0000026a3f37e3c0
Event: 9.791 Thread 0x0000026a31d2bf70 Exception <a 'java/lang/NoSuchMethodError'{0x000000008cc75e68}: 'java.lang.Object java.lang.invoke.DirectMethodHandle$Holder.newInvokeSpecial(java.lang.Object, int, java.lang.Object, java.lang.Object)'> (0x000000008cc75e68) 
thrown [s\src\hotspot\share\interpreter\linkResolver.cpp, line 771]
Event: 10.422 Thread 0x0000026a31d2bf70 Implicit null exception at 0x0000026a3f2c682c to 0x0000026a3f2c68e8
Event: 10.481 Thread 0x0000026a31d2bf70 Implicit null exception at 0x0000026a3efcc7f7 to 0x0000026a3efccd84
Event: 11.946 Thread 0x0000026a31d2bf70 Implicit null exception at 0x0000026a3f302a34 to 0x0000026a3f302ac1
Event: 17.869 Thread 0x0000026a31d2bf70 Implicit null exception at 0x0000026a3f19edbd to 0x0000026a3f19f714
Event: 25.633 Thread 0x0000026a31d2bf70 Implicit null exception at 0x0000026a3eecb98c to 0x0000026a3eecbb98
Event: 27.538 Thread 0x0000026a31d2bf70 Exception <a 'java/lang/NoSuchMethodError'{0x00000000944caa28}: 'java.lang.Object java.lang.invoke.DirectMethodHandle$Holder.invokeStaticInit(java.lang.Object, java.lang.Object, java.lang.Object, java.lang.Object)'> (0x00000000944caa28) 
thrown [s\src\hotspot\share\interpreter\linkResolver.cpp, line 771]
Event: 27.983 Thread 0x0000026a31d2bf70 Exception <a 'java/lang/NoSuchMethodError'{0x0000000093570cf8}: 'java.lang.Object java.lang.invoke.DirectMethodHandle$Holder.invokeSpecial(java.lang.Object, java.lang.Object, int, int, java.lang.Object, java.lang.Object, java.lang.Object, java.lang.Object, java.lang.Object)'> (0x0000000093570cf8) 
thrown [s\src\hotspot\share\interpreter\linkResolver.cpp, line 771]
Event: 28.010 Thread 0x0000026a31d2bf70 Implicit null exception at 0x0000026a3ee8d912 to 0x0000026a3ee8db68
Event: 28.121 Thread 0x0000026a31d2bf70 Exception <a 'java/lang/NoSuchMethodError'{0x0000000093147318}: 'java.lang.Object java.lang.invoke.DirectMethodHandle$Holder.newInvokeSpecial(java.lang.Object, java.lang.Object, java.lang.Object, int, int)'> (0x0000000093147318) 
thrown [s\src\hotspot\share\interpreter\linkResolver.cpp, line 771]
Event: 28.122 Thread 0x0000026a31d2bf70 Exception <a 'java/lang/NoSuchMethodError'{0x000000009314b158}: 'java.lang.Object java.lang.invoke.DirectMethodHandle$Holder.invokeSpecial(java.lang.Object, java.lang.Object, java.lang.Object, java.lang.Object, int, int)'> (0x000000009314b158) 
thrown [s\src\hotspot\share\interpreter\linkResolver.cpp, line 771]
Event: 28.338 Thread 0x0000026a31d2bf70 Exception <a 'java/lang/NoSuchMethodError'{0x0000000092c29990}: 'java.lang.Object java.lang.invoke.DirectMethodHandle$Holder.invokeStatic(java.lang.Object, java.lang.Object, java.lang.Object, int, int, java.lang.Object, java.lang.Object, java.lang.Object, java.lang.Object)'> (0x0000000092c29990) 
thrown [s\src\hotspot\share\interpreter\linkResolver.cpp, line 771]
Event: 28.339 Thread 0x0000026a31d2bf70 Exception <a 'java/lang/NoSuchMethodError'{0x0000000092c33c58}: 'java.lang.Object java.lang.invoke.DirectMethodHandle$Holder.newInvokeSpecial(java.lang.Object, java.lang.Object, java.lang.Object, int, int, java.lang.Object)'> (0x0000000092c33c58) 
thrown [s\src\hotspot\share\interpreter\linkResolver.cpp, line 771]
Event: 28.340 Thread 0x0000026a31d2bf70 Exception <a 'java/lang/NoSuchMethodError'{0x0000000092c3b5f8}: 'java.lang.Object java.lang.invoke.Invokers$Holder.linkToTargetMethod(java.lang.Object, java.lang.Object, int, int, java.lang.Object, java.lang.Object)'> (0x0000000092c3b5f8) 
thrown [s\src\hotspot\share\interpreter\linkResolver.cpp, line 771]
Event: 28.970 Thread 0x0000026a31d2bf70 Exception <a 'java/lang/NoSuchMethodError'{0x00000000924f31a8}: 'java.lang.Object java.lang.invoke.DirectMethodHandle$Holder.newInvokeSpecial(java.lang.Object, java.lang.Object, int, int, java.lang.Object, java.lang.Object, java.lang.Object)'> (0x00000000924f31a8) 
thrown [s\src\hotspot\share\interpreter\linkResolver.cpp, line 771]
Event: 28.970 Thread 0x0000026a31d2bf70 Exception <a 'java/lang/NoSuchMethodError'{0x00000000924f7a50}: 'java.lang.Object java.lang.invoke.DirectMethodHandle$Holder.invokeSpecial(java.lang.Object, java.lang.Object, java.lang.Object, int, int, java.lang.Object, java.lang.Object, java.lang.Object)'> (0x00000000924f7a50) 
thrown [s\src\hotspot\share\interpreter\linkResolver.cpp, line 771]
Event: 29.724 Thread 0x0000026a31d2bf70 Implicit null exception at 0x0000026a3fc0f549 to 0x0000026a3fc0fef0

VM Operations (20 events):
Event: 31.077 Executing VM operation: HandshakeAllThreads done
Event: 31.098 Executing VM operation: ICBufferFull
Event: 31.099 Executing VM operation: ICBufferFull done
Event: 31.195 Executing VM operation: HandshakeAllThreads
Event: 31.195 Executing VM operation: HandshakeAllThreads done
Event: 31.239 Executing VM operation: HandshakeAllThreads
Event: 31.239 Executing VM operation: HandshakeAllThreads done
Event: 31.255 Executing VM operation: HandshakeAllThreads
Event: 31.255 Executing VM operation: HandshakeAllThreads done
Event: 31.258 Executing VM operation: HandshakeAllThreads
Event: 31.258 Executing VM operation: HandshakeAllThreads done
Event: 31.544 Executing VM operation: G1CollectForAllocation
Event: 31.573 Executing VM operation: G1CollectForAllocation done
Event: 31.921 Executing VM operation: ICBufferFull
Event: 31.921 Executing VM operation: ICBufferFull done
Event: 31.941 Executing VM operation: HandshakeAllThreads
Event: 31.941 Executing VM operation: HandshakeAllThreads done
Event: 32.100 Executing VM operation: G1CollectForAllocation
Event: 32.121 Executing VM operation: G1CollectForAllocation done
Event: 32.213 Executing VM operation: G1CollectForAllocation

Events (20 events):
Event: 31.134 Thread 0x0000026a4da20150 flushing nmethod 0x0000026a39974610
Event: 31.134 Thread 0x0000026a4da20150 flushing nmethod 0x0000026a39979010
Event: 31.135 Thread 0x0000026a4da20150 flushing nmethod 0x0000026a3998d810
Event: 31.135 Thread 0x0000026a4da20150 flushing nmethod 0x0000026a399a8710
Event: 31.135 Thread 0x0000026a4da20150 flushing nmethod 0x0000026a39a0d990
Event: 31.135 Thread 0x0000026a4da20150 flushing nmethod 0x0000026a39a35190
Event: 31.135 Thread 0x0000026a4da20150 flushing nmethod 0x0000026a39a82a90
Event: 31.135 Thread 0x0000026a4da20150 flushing nmethod 0x0000026a39a84910
Event: 31.135 Thread 0x0000026a4da20150 flushing nmethod 0x0000026a39a86d10
Event: 31.135 Thread 0x0000026a4da20150 flushing nmethod 0x0000026a39a89210
Event: 31.135 Thread 0x0000026a4da20150 flushing nmethod 0x0000026a39ab2a90
Event: 31.135 Thread 0x0000026a4da20150 flushing nmethod 0x0000026a39aba610
Event: 31.135 Thread 0x0000026a4da20150 flushing nmethod 0x0000026a39ac6990
Event: 31.135 Thread 0x0000026a4da20150 flushing nmethod 0x0000026a39ae2d10
Event: 31.136 Thread 0x0000026a4da20150 flushing nmethod 0x0000026a39aee990
Event: 31.136 Thread 0x0000026a4da20150 flushing nmethod 0x0000026a39b12110
Event: 31.136 Thread 0x0000026a4da20150 flushing nmethod 0x0000026a39b21510
Event: 31.136 Thread 0x0000026a4da20150 flushing nmethod 0x0000026a39b32110
Event: 31.136 Thread 0x0000026a4da20150 flushing nmethod 0x0000026a39b37310
Event: 31.136 Thread 0x0000026a4da20150 flushing nmethod 0x0000026a39b3aa10


Dynamic libraries:
0x00007ff673620000 - 0x00007ff67362a000 	C:\Program Files (x86)\android-studio-2022.3.1.17-windows\android-studio\jbr\bin\java.exe
0x00007ffb00e50000 - 0x00007ffb01067000 	C:\WINDOWS\SYSTEM32\ntdll.dll
0x00007ffaff0b0000 - 0x00007ffaff174000 	C:\WINDOWS\System32\KERNEL32.DLL
0x00007ffafe5b0000 - 0x00007ffafe956000 	C:\WINDOWS\System32\KERNELBASE.dll
0x00007ffafea80000 - 0x00007ffafeb91000 	C:\WINDOWS\System32\ucrtbase.dll
0x00007ffaf0810000 - 0x00007ffaf082b000 	C:\Program Files (x86)\android-studio-2022.3.1.17-windows\android-studio\jbr\bin\VCRUNTIME140.dll
0x00007ffa81170000 - 0x00007ffa81187000 	C:\Program Files (x86)\android-studio-2022.3.1.17-windows\android-studio\jbr\bin\jli.dll
0x00007ffb00c20000 - 0x00007ffb00dce000 	C:\WINDOWS\System32\USER32.dll
0x00007ffafe2d0000 - 0x00007ffafe2f6000 	C:\WINDOWS\System32\win32u.dll
0x00007ffaff4e0000 - 0x00007ffaff509000 	C:\WINDOWS\System32\GDI32.dll
0x00007ffafe960000 - 0x00007ffafea78000 	C:\WINDOWS\System32\gdi32full.dll
0x00007ffafe1c0000 - 0x00007ffafe25a000 	C:\WINDOWS\System32\msvcp_win.dll
0x00007ffaf2800000 - 0x00007ffaf2a93000 	C:\WINDOWS\WinSxS\amd64_microsoft.windows.common-controls_6595b64144ccf1df_6.0.22621.2506_none_270c5ae97388e100\COMCTL32.dll
0x00007ffaff9c0000 - 0x00007ffaffa67000 	C:\WINDOWS\System32\msvcrt.dll
0x00007ffb00dd0000 - 0x00007ffb00e01000 	C:\WINDOWS\System32\IMM32.DLL
0x00007ffaf0800000 - 0x00007ffaf080c000 	C:\Program Files (x86)\android-studio-2022.3.1.17-windows\android-studio\jbr\bin\vcruntime140_1.dll
0x00007ffae35a0000 - 0x00007ffae362d000 	C:\Program Files (x86)\android-studio-2022.3.1.17-windows\android-studio\jbr\bin\msvcp140.dll
0x00007ffa60520000 - 0x00007ffa6118e000 	C:\Program Files (x86)\android-studio-2022.3.1.17-windows\android-studio\jbr\bin\server\jvm.dll
0x00007ffaff5f0000 - 0x00007ffaff6a1000 	C:\WINDOWS\System32\ADVAPI32.dll
0x00007ffb007c0000 - 0x00007ffb00865000 	C:\WINDOWS\System32\sechost.dll
0x00007ffaff2b0000 - 0x00007ffaff3c7000 	C:\WINDOWS\System32\RPCRT4.dll
0x00007ffaf5500000 - 0x00007ffaf5534000 	C:\WINDOWS\SYSTEM32\WINMM.dll
0x00007ffadbf30000 - 0x00007ffadbf39000 	C:\WINDOWS\SYSTEM32\WSOCK32.dll
0x00007ffaf2b50000 - 0x00007ffaf2b5a000 	C:\WINDOWS\SYSTEM32\VERSION.dll
0x00007ffaff180000 - 0x00007ffaff1f1000 	C:\WINDOWS\System32\WS2_32.dll
0x00007ffafd2b0000 - 0x00007ffafd2c8000 	C:\WINDOWS\SYSTEM32\kernel.appcore.dll
0x00007ffaf62d0000 - 0x00007ffaf62da000 	C:\Program Files (x86)\android-studio-2022.3.1.17-windows\android-studio\jbr\bin\jimage.dll
0x00007ffafb710000 - 0x00007ffafb943000 	C:\WINDOWS\SYSTEM32\DBGHELP.DLL
0x00007ffb00870000 - 0x00007ffb00bf9000 	C:\WINDOWS\System32\combase.dll
0x00007ffb00470000 - 0x00007ffb00547000 	C:\WINDOWS\System32\OLEAUT32.dll
0x00007ffaf5890000 - 0x00007ffaf58c2000 	C:\WINDOWS\SYSTEM32\dbgcore.DLL
0x00007ffafe300000 - 0x00007ffafe37a000 	C:\WINDOWS\System32\bcryptPrimitives.dll
0x00007ffacadf0000 - 0x00007ffacae15000 	C:\Program Files (x86)\android-studio-2022.3.1.17-windows\android-studio\jbr\bin\java.dll
0x00007ffab0260000 - 0x00007ffab0278000 	C:\Program Files (x86)\android-studio-2022.3.1.17-windows\android-studio\jbr\bin\zip.dll
0x00007ffaffc10000 - 0x00007ffb0046a000 	C:\WINDOWS\System32\SHELL32.dll
0x00007ffafc0f0000 - 0x00007ffafc9e6000 	C:\WINDOWS\SYSTEM32\windows.storage.dll
0x00007ffafbfb0000 - 0x00007ffafc0ee000 	C:\WINDOWS\SYSTEM32\wintypes.dll
0x00007ffaff3e0000 - 0x00007ffaff4d3000 	C:\WINDOWS\System32\SHCORE.dll
0x00007ffaff510000 - 0x00007ffaff56e000 	C:\WINDOWS\System32\shlwapi.dll
0x00007ffafe0f0000 - 0x00007ffafe116000 	C:\WINDOWS\SYSTEM32\profapi.dll
0x00007ffaaff40000 - 0x00007ffaaff59000 	C:\Program Files (x86)\android-studio-2022.3.1.17-windows\android-studio\jbr\bin\net.dll
0x00007ffaf8220000 - 0x00007ffaf8357000 	C:\WINDOWS\SYSTEM32\WINHTTP.dll
0x00007ffafd730000 - 0x00007ffafd799000 	C:\WINDOWS\system32\mswsock.dll
0x00007ffaaff20000 - 0x00007ffaaff36000 	C:\Program Files (x86)\android-studio-2022.3.1.17-windows\android-studio\jbr\bin\nio.dll
0x00007ffacdf60000 - 0x00007ffacdf70000 	C:\Program Files (x86)\android-studio-2022.3.1.17-windows\android-studio\jbr\bin\verify.dll

dbghelp: loaded successfully - version: 4.0.5 - missing functions: none
symbol engine: initialized successfully - sym options: 0x614 - pdb path: .;C:\Program Files (x86)\android-studio-2022.3.1.17-windows\android-studio\jbr\bin;C:\WINDOWS\SYSTEM32;C:\WINDOWS\WinSxS\amd64_microsoft.windows.common-controls_6595b64144ccf1df_6.0.22621.2506_none_270c5ae97388e100;C:\Program Files (x86)\android-studio-2022.3.1.17-windows\android-studio\jbr\bin\server

VM Arguments:
java_command: org.jetbrains.kotlin.cli.jvm.K2JVMCompiler @C:\workspace\Notelass\app\build\20240107_4980188987879183677.compiler.options
java_class_path (initial): C:\Users\user\.gradle\caches\modules-2\files-2.1\org.jetbrains.kotlin\kotlin-compiler-embeddable\1.8.10\b0757fd774344d54ce93f5ad6c30ba1c1731c8ff\kotlin-compiler-embeddable-1.8.10.jar;C:\Users\user\.gradle\caches\modules-2\files-2.1\org.jetbrains.kotlin\kotlin-stdlib\1.8.10\6d5560a229477df9406943d5feda5618e98eb64c\kotlin-stdlib-1.8.10.jar;C:\Users\user\.gradle\caches\modules-2\files-2.1\org.jetbrains.kotlin\kotlin-script-runtime\1.8.10\b13ea9c7e46d589139e56086a878763290e20bd5\kotlin-script-runtime-1.8.10.jar;C:\Users\user\.gradle\caches\modules-2\files-2.1\org.jetbrains.kotlin\kotlin-reflect\1.6.10\1cbe9c92c12a94eea200d23c2bbaedaf3daf5132\kotlin-reflect-1.6.10.jar;C:\Users\user\.gradle\caches\modules-2\files-2.1\org.jetbrains.kotlin\kotlin-daemon-embeddable\1.8.10\ad8541d9bc1cf9e52c3204161247910c2cf601d4\kotlin-daemon-embeddable-1.8.10.jar;C:\Users\user\.gradle\caches\modules-2\files-2.1\org.jetbrains.intellij.deps\trove4j\1.0.20200330\3afb14d5f9ceb459d724e907a21145e8ff394f02\trove4j-1.0.20200330.jar;C:\Users\user\.gradle\caches\modules-2\files-2.1\net.java.dev.jna\jna\5.6.0\330f2244e9030119ab3030fc3fededc86713d9cc\jna-5.6.0.jar;C:\Users\user\.gradle\caches\modules-2\files-2.1\org.jetbrains.kotlin\kotlin-stdlib-common\1.8.10\a61b182458550492c12aee66157d7b524a63a5ec\kotlin-stdlib-common-1.8.10.jar;C:\Users\user\.gradle\caches\modules-2\files-2.1\org.jetbrains\annotations\13.0\919f0dfe192fb4e063e7dacadee7f8bb9a2672a9\annotations-13.0.jar
Launcher Type: SUN_STANDARD

[Global flags]
     intx CICompilerCount                          = 4                                         {product} {ergonomic}
     uint ConcGCThreads                            = 2                                         {product} {ergonomic}
     uint G1ConcRefinementThreads                  = 8                                         {product} {ergonomic}
   size_t G1HeapRegionSize                         = 1048576                                   {product} {ergonomic}
    uintx GCDrainStackTargetSize                   = 64                                        {product} {ergonomic}
   size_t InitialHeapSize                          = 130023424                                 {product} {ergonomic}
   size_t MarkStackSize                            = 4194304                                   {product} {ergonomic}
   size_t MaxHeapSize                              = 2063597568                                {product} {ergonomic}
   size_t MaxNewSize                               = 1237319680                                {product} {ergonomic}
   size_t MinHeapDeltaBytes                        = 1048576                                   {product} {ergonomic}
   size_t MinHeapSize                              = 8388608                                   {product} {ergonomic}
    uintx NonNMethodCodeHeapSize                   = 5839372                                {pd product} {ergonomic}
    uintx NonProfiledCodeHeapSize                  = 122909434                              {pd product} {ergonomic}
    uintx ProfiledCodeHeapSize                     = 122909434                              {pd product} {ergonomic}
    uintx ReservedCodeCacheSize                    = 251658240                              {pd product} {ergonomic}
     bool SegmentedCodeCache                       = true                                      {product} {ergonomic}
   size_t SoftMaxHeapSize                          = 2063597568                             {manageable} {ergonomic}
     bool UseCompressedClassPointers               = true                           {product lp64_product} {ergonomic}
     bool UseCompressedOops                        = true                           {product lp64_product} {ergonomic}
     bool UseG1GC                                  = true                                      {product} {ergonomic}
     bool UseLargePagesIndividualAllocation        = false                                  {pd product} {ergonomic}

Logging:
Log output configuration:
 #0: stdout all=warning uptime,level,tags
 #1: stderr all=off uptime,level,tags

Environment Variables:
PATH=C:\Program Files\Common Files\Oracle\Java\javapath;C:\WINDOWS\system32;C:\WINDOWS;C:\WINDOWS\System32\Wbem;C:\WINDOWS\System32\WindowsPowerShell\v1.0\;C:\WINDOWS\System32\OpenSSH\;C:\Program Files (x86)\Git\cmd;C:\Program Files\Java\jdk-18.0.2.1\bin;C:\Program Files\MATLAB\R2022a\bin;C:\Program Files\Java\openssl-0.9.8e_X64\bin;C:\Program Files\nodejs\;C:\ProgramData\chocolatey\bin;C:\Users\user\AppData\Local\Programs\Python\Python39\Scripts\;C:\Users\user\AppData\Local\Programs\Python\Python39\;C:\Users\user\AppData\Local\Microsoft\WindowsApps;C:\Users\user\AppData\Local\Programs\Microsoft VS Code\bin;C:\Program Files\JetBrains\PyCharm Community Edition 2021.2\bin;;C:\Users\user\flutter\bin;C:\Users\user\AppData\Roaming\npm;C:\Program Files\JetBrains\IntelliJ IDEA 2023.2.2\bin;;C:\Users\user\AppData\Local\afreeca
USERNAME=user
OS=Windows_NT
PROCESSOR_IDENTIFIER=Intel64 Family 6 Model 140 Stepping 1, GenuineIntel
TMP=C:\Users\user\AppData\Local\Temp
TEMP=C:\Users\user\AppData\Local\Temp


JNI global refs:
JNI global refs: 12, weak refs: 2

JNI global refs memory usage: 843, weak refs: 841


---------------  S Y S T E M  ---------------

OS:
 Windows 11 , 64 bit Build 22621 (10.0.22621.2506)
OS uptime: 0 days 1:09 hours

CPU: total 8 (initial active 8) (4 cores per cpu, 2 threads per core) family 6 model 140 stepping 1 microcode 0x9a, cx8, cmov, fxsr, ht, mmx, 3dnowpref, sse, sse2, sse3, ssse3, sse4.1, sse4.2, popcnt, lzcnt, tsc, tscinvbit, avx, avx2, aes, erms, clmul, bmi1, bmi2, adx, avx512f, avx512dq, avx512cd, avx512bw, avx512vl, sha, fma, vzeroupper, avx512_vpopcntdq, avx512_vpclmulqdq, avx512_vaes, avx512_vnni, clflush, clflushopt, clwb, avx512_vbmi2, avx512_vbmi

Memory: 4k page, system-wide physical 7865M (611M free)
TotalPageFile size 11817M (AvailPageFile size 26M)
current process WorkingSet (physical memory assigned to process): 537M, peak: 544M
current process commit charge ("private bytes"): 574M, peak: 627M

vm_info: OpenJDK 64-Bit Server VM (17.0.6+0-b2043.56-10027231) for windows-amd64 JRE (17.0.6+0-b2043.56-10027231), built on Apr 28 2023 00:43:19 by "androidbuild" with MS VC++ 16.10 / 16.11 (VS2019)

END.
